38.0 APEX_CODE,FINEST;APEX_PROFILING,INFO;CALLOUT,INFO;DB,INFO;SYSTEM,DEBUG;VALIDATION,INFO;VISUALFORCE,INFO;WORKFLOW,INFO
07:03:28.0 (93144)|USER_INFO|[EXTERNAL]|005m0000002GNhO|dscruggs@salesforce.com.rfadev13|Pacific Standard Time|GMT-07:00
07:03:28.0 (129416)|EXECUTION_STARTED
07:03:28.0 (136188)|CODE_UNIT_STARTED|[EXTERNAL]|01pm0000000EXDD|StreamerCtrl.sessionId
07:03:28.0 (382412)|HEAP_ALLOCATE|[72]|Bytes:3
07:03:28.0 (450771)|HEAP_ALLOCATE|[77]|Bytes:152
07:03:28.0 (471832)|HEAP_ALLOCATE|[342]|Bytes:408
07:03:28.0 (490335)|HEAP_ALLOCATE|[355]|Bytes:408
07:03:28.0 (507189)|HEAP_ALLOCATE|[467]|Bytes:48
07:03:28.0 (542958)|HEAP_ALLOCATE|[139]|Bytes:6
07:03:28.0 (585794)|HEAP_ALLOCATE|[EXTERNAL]|Bytes:1
07:03:28.0 (596919)|METHOD_ENTRY|[1]|01pm0000000EXDD|StreamerCtrl.StreamerCtrl()
07:03:28.0 (600463)|STATEMENT_EXECUTE|[1]
07:03:28.0 (605835)|STATEMENT_EXECUTE|[1]
07:03:28.0 (611156)|METHOD_EXIT|[1]|StreamerCtrl
07:03:28.0 (623513)|SYSTEM_MODE_ENTER|false
07:03:28.0 (638848)|STATEMENT_EXECUTE|[4]
07:03:28.0 (640311)|STATEMENT_EXECUTE|[5]
07:03:28.0 (677421)|HEAP_ALLOCATE|[5]|Bytes:85
07:03:28.0 (700906)|SYSTEM_METHOD_ENTRY|[1]|UserInfo.UserInfo()
07:03:28.0 (703499)|STATEMENT_EXECUTE|[1]
07:03:28.0 (709230)|SYSTEM_METHOD_EXIT|[1]|UserInfo
07:03:28.0 (722346)|METHOD_ENTRY|[5]||System.UserInfo.getSessionId()
07:03:28.0 (23006000)|METHOD_EXIT|[5]||System.UserInfo.getSessionId()
07:03:28.0 (23038380)|SYSTEM_MODE_EXIT|false
07:03:28.23 (23114241)|CUMULATIVE_LIMIT_USAGE
07:03:28.23 (23114241)|LIMIT_USAGE_FOR_NS|(default)|
  Number of SOQL queries: 0 out of 100
  Number of query rows: 0 out of 50000
  Number of SOSL queries: 0 out of 20
  Number of DML statements: 0 out of 150
  Number of DML rows: 0 out of 10000
  Maximum CPU time: 0 out of 10000
  Maximum heap size: 0 out of 6000000
  Number of callouts: 0 out of 100
  Number of Email Invocations: 0 out of 10
  Number of future calls: 0 out of 50
  Number of queueable jobs added to the queue: 0 out of 50
  Number of Mobile Apex push calls: 0 out of 10

07:03:28.23 (23114241)|CUMULATIVE_LIMIT_USAGE_END

07:03:28.0 (23179704)|CODE_UNIT_FINISHED|StreamerCtrl.sessionId
07:03:28.0 (26014836)|EXECUTION_FINISHED
