38.0 APEX_CODE,FINEST;APEX_PROFILING,INFO;CALLOUT,INFO;DB,INFO;SYSTEM,DEBUG;VALIDATION,INFO;VISUALFORCE,INFO;WORKFLOW,INFO
07:25:43.0 (433976)|USER_INFO|[EXTERNAL]|005m0000002GNhO|dscruggs@salesforce.com.rfadev13|Pacific Standard Time|GMT-07:00
07:25:43.0 (469602)|EXECUTION_STARTED
07:25:43.0 (475596)|CODE_UNIT_STARTED|[EXTERNAL]|aura
07:25:43.0 (955445)|HEAP_ALLOCATE|[72]|Bytes:3
07:25:43.0 (1009948)|HEAP_ALLOCATE|[77]|Bytes:152
07:25:43.0 (1025377)|HEAP_ALLOCATE|[342]|Bytes:408
07:25:43.0 (1040160)|HEAP_ALLOCATE|[355]|Bytes:408
07:25:43.0 (1053506)|HEAP_ALLOCATE|[467]|Bytes:48
07:25:43.0 (1079680)|HEAP_ALLOCATE|[139]|Bytes:6
07:25:43.0 (1105215)|HEAP_ALLOCATE|[EXTERNAL]|Bytes:18
07:25:43.0 (1120663)|HEAP_ALLOCATE|[EXTERNAL]|Bytes:18
07:25:43.0 (1189676)|HEAP_ALLOCATE|[EXTERNAL]|Bytes:9
07:25:43.0 (1199504)|HEAP_ALLOCATE|[EXTERNAL]|Bytes:9
07:25:43.0 (1247484)|HEAP_ALLOCATE|[EXTERNAL]|Bytes:7
07:25:43.0 (1261126)|HEAP_ALLOCATE|[EXTERNAL]|Bytes:7
07:25:43.0 (4245348)|CODE_UNIT_STARTED|[EXTERNAL]|01pm0000000EXDB|AnythingPath.getCurrentValue
07:25:43.0 (4337944)|HEAP_ALLOCATE|[EXTERNAL]|Bytes:15
07:25:43.0 (4343589)|HEAP_ALLOCATE|[EXTERNAL]|Bytes:8
07:25:43.0 (4352738)|METHOD_ENTRY|[1]|01pm0000000EXDB|AnythingPath.AnythingPath()
07:25:43.0 (4356663)|STATEMENT_EXECUTE|[1]
07:25:43.0 (4361036)|STATEMENT_EXECUTE|[1]
07:25:43.0 (4365356)|METHOD_EXIT|[1]|AnythingPath
07:25:43.0 (4368744)|HEAP_ALLOCATE|[EXTERNAL]|Bytes:18
07:25:43.0 (4370540)|HEAP_ALLOCATE|[EXTERNAL]|Bytes:9
07:25:43.0 (4371892)|HEAP_ALLOCATE|[EXTERNAL]|Bytes:7
07:25:43.0 (4382742)|SYSTEM_MODE_ENTER|false
07:25:43.0 (4395624)|VARIABLE_SCOPE_BEGIN|[21]|recordId|String|false|false
07:25:43.0 (4423730)|VARIABLE_ASSIGNMENT|[21]|recordId|"a1Nm00000011q90EAA"
07:25:43.0 (4428461)|VARIABLE_SCOPE_BEGIN|[21]|picklistField|String|false|false
07:25:43.0 (4432212)|VARIABLE_ASSIGNMENT|[21]|picklistField|"Status__c"
07:25:43.0 (4434743)|VARIABLE_SCOPE_BEGIN|[21]|sObjectName|String|false|false
07:25:43.0 (4437695)|VARIABLE_ASSIGNMENT|[21]|sObjectName|"ITPR__c"
07:25:43.0 (4448869)|STATEMENT_EXECUTE|[21]
07:25:43.0 (4450476)|STATEMENT_EXECUTE|[22]
07:25:43.0 (4454513)|HEAP_ALLOCATE|[22]|Bytes:11
07:25:43.0 (4459344)|HEAP_ALLOCATE|[22]|Bytes:6
07:25:43.0 (4461667)|HEAP_ALLOCATE|[22]|Bytes:13
07:25:43.0 (4477301)|HEAP_ALLOCATE|[22]|Bytes:64
07:25:43.0 (4480956)|HEAP_ALLOCATE|[22]|Bytes:1
07:25:43.0 (4487151)|HEAP_ALLOCATE|[22]|Bytes:65
07:25:43.0 (4491150)|VARIABLE_SCOPE_BEGIN|[22]|soql|String|false|false
07:25:43.0 (4500443)|VARIABLE_ASSIGNMENT|[22]|soql|"select Id, Status__c (45 more) ..."
07:25:43.0 (4502400)|STATEMENT_EXECUTE|[23]
07:25:43.0 (4542016)|HEAP_ALLOCATE|[50]|Bytes:5
07:25:43.0 (4582499)|HEAP_ALLOCATE|[56]|Bytes:5
07:25:43.0 (4599229)|HEAP_ALLOCATE|[64]|Bytes:7
07:25:43.0 (5432990)|SOQL_EXECUTE_BEGIN|[23]|Aggregations:0|select Id, Status__c from ITPR__c where id = 'a1Nm00000011q90EAA'
07:25:43.0 (9541589)|SOQL_EXECUTE_END|[23]|Rows:1
07:25:43.0 (9562839)|HEAP_ALLOCATE|[23]|Bytes:8
07:25:43.0 (9577856)|HEAP_ALLOCATE|[23]|Bytes:50
07:25:43.0 (9675084)|HEAP_ALLOCATE|[23]|Bytes:8
07:25:43.0 (9689510)|VARIABLE_SCOPE_BEGIN|[23]|records|List<SObject>|true|false
07:25:43.0 (9721981)|VARIABLE_ASSIGNMENT|[23]|records|{"s":1,"v":[{"s":2,"v":{"Id":"a1Nm00000011q90EAA","Status__c":"Assigned"}}]}|0x154eea08
07:25:43.0 (9725173)|STATEMENT_EXECUTE|[24]
07:25:43.0 (9793176)|HEAP_ALLOCATE|[24]|Bytes:12
07:25:43.0 (9865461)|HEAP_ALLOCATE|[24]|Bytes:8
07:25:43.0 (9883003)|SYSTEM_MODE_EXIT|false
07:25:43.9 (9922188)|CUMULATIVE_LIMIT_USAGE
07:25:43.9 (9922188)|LIMIT_USAGE_FOR_NS|(default)|
  Number of SOQL queries: 1 out of 100
  Number of query rows: 1 out of 50000
  Number of SOSL queries: 0 out of 20
  Number of DML statements: 0 out of 150
  Number of DML rows: 0 out of 10000
  Maximum CPU time: 0 out of 10000
  Maximum heap size: 0 out of 6000000
  Number of callouts: 0 out of 100
  Number of Email Invocations: 0 out of 10
  Number of future calls: 0 out of 50
  Number of queueable jobs added to the queue: 0 out of 50
  Number of Mobile Apex push calls: 0 out of 10

07:25:43.9 (9922188)|CUMULATIVE_LIMIT_USAGE_END

07:25:43.0 (9989900)|CODE_UNIT_FINISHED|AnythingPath.getCurrentValue
07:25:43.0 (10230332)|HEAP_ALLOCATE|[EXTERNAL]|Bytes:18
07:25:43.0 (10242846)|HEAP_ALLOCATE|[EXTERNAL]|Bytes:18
07:25:43.0 (10290649)|HEAP_ALLOCATE|[EXTERNAL]|Bytes:9
07:25:43.0 (10300064)|HEAP_ALLOCATE|[EXTERNAL]|Bytes:9
07:25:43.0 (10344633)|HEAP_ALLOCATE|[EXTERNAL]|Bytes:7
07:25:43.0 (10353680)|HEAP_ALLOCATE|[EXTERNAL]|Bytes:7
07:25:43.0 (14285771)|CODE_UNIT_STARTED|[EXTERNAL]|01pm0000000EXDB|AnythingPath.getPicklistOptions
07:25:43.0 (14330708)|HEAP_ALLOCATE|[EXTERNAL]|Bytes:18
07:25:43.0 (14334334)|HEAP_ALLOCATE|[EXTERNAL]|Bytes:9
07:25:43.0 (14335744)|HEAP_ALLOCATE|[EXTERNAL]|Bytes:7
07:25:43.0 (14341949)|SYSTEM_MODE_ENTER|false
07:25:43.0 (14349004)|VARIABLE_SCOPE_BEGIN|[37]|recordId|String|false|false
07:25:43.0 (14356685)|VARIABLE_ASSIGNMENT|[37]|recordId|"a1Nm00000011q90EAA"
07:25:43.0 (14360030)|VARIABLE_SCOPE_BEGIN|[37]|picklistField|String|false|false
07:25:43.0 (14364244)|VARIABLE_ASSIGNMENT|[37]|picklistField|"Status__c"
07:25:43.0 (14366810)|VARIABLE_SCOPE_BEGIN|[37]|sObjectName|String|false|false
07:25:43.0 (14370013)|VARIABLE_ASSIGNMENT|[37]|sObjectName|"ITPR__c"
07:25:43.0 (14375534)|STATEMENT_EXECUTE|[37]
07:25:43.0 (14376853)|STATEMENT_EXECUTE|[38]
07:25:43.0 (14386560)|HEAP_ALLOCATE|[38]|Bytes:4
07:25:43.0 (14399163)|VARIABLE_SCOPE_BEGIN|[38]|output|Map<String,String>|true|false
07:25:43.0 (14417329)|VARIABLE_ASSIGNMENT|[38]|output|{"s":1,"v":{}}|0x1310bff9
07:25:43.0 (14420086)|STATEMENT_EXECUTE|[39]
07:25:43.0 (14427030)|VARIABLE_SCOPE_BEGIN|[39]|objType|Schema.SObjectType|true|false
07:25:43.0 (14432544)|VARIABLE_ASSIGNMENT|[39]|objType|null|
07:25:43.0 (14434887)|STATEMENT_EXECUTE|[42]
07:25:43.0 (14435890)|STATEMENT_EXECUTE|[49]
07:25:43.0 (14475459)|HEAP_ALLOCATE|[49]|Bytes:4
07:25:43.0 (14630068)|VARIABLE_ASSIGNMENT|[49]|objType|"common.apex.runtime.impl.ApexSObjectTypeToken@7202dc1"|0x7202dc1
07:25:43.0 (14634968)|STATEMENT_EXECUTE|[50]
07:25:43.0 (14931186)|HEAP_ALLOCATE|[50]|Bytes:4
07:25:43.0 (14976468)|VARIABLE_SCOPE_BEGIN|[50]|dsr|Schema.DescribeSObjectResult|true|false
07:25:43.0 (15050738)|VARIABLE_ASSIGNMENT|[50]|dsr|"common.api.soap.wsdl.DescribeSObjectResult@d9bce2b6"|0x1f365be7
07:25:43.0 (15056120)|STATEMENT_EXECUTE|[51]
07:25:43.0 (16580544)|HEAP_ALLOCATE|[51]|Bytes:804
07:25:43.0 (16591073)|VARIABLE_SCOPE_BEGIN|[51]|fieldMap|Map<String,Schema.SObjectField>|true|false
07:25:43.0 (16815230)|VARIABLE_ASSIGNMENT|[51]|fieldMap|"{acceptance_time__c=Acceptance_Time__c, actionable_request__c=Actionable_Request__c, actual_finance_assignee__c=Actual_Finance_Assignee__c, actual_legal_assignee__c=Actual_Legal_Assignee__c, actual_procurement_assignee__c=Actual_Procurement_Assignee__c, actual_requestor__c=Actual_Requestor__c, actual_vendor_governance_assignee__c=Actual_Vendor_Governance_Assignee__c, additional_approval_complete__c=Additional_Approval_Complete__c, additional_approver_1__c=Additional_Approver_1__c, additional_approver_2__c=Additional_Approver_2__c, ...}"|0xe022ce9
07:25:43.0 (16824325)|STATEMENT_EXECUTE|[52]
07:25:43.0 (17453104)|HEAP_ALLOCATE|[52]|Bytes:8
07:25:43.0 (17486126)|VARIABLE_SCOPE_BEGIN|[52]|dfr|Schema.DescribeFieldResult|true|false
07:25:43.0 (17611649)|VARIABLE_ASSIGNMENT|[52]|dfr|"common.api.soap.wsdl.Field@6d496207"|0x52a44dae
07:25:43.0 (17616037)|STATEMENT_EXECUTE|[53]
07:25:43.0 (17645290)|HEAP_ALLOCATE|[EXTERNAL]|Bytes:60
07:25:43.0 (17700177)|HEAP_ALLOCATE|[53]|Bytes:60
07:25:43.0 (17710142)|VARIABLE_SCOPE_BEGIN|[53]|results|List<Schema.PicklistEntry>|true|false
07:25:43.0 (17725860)|VARIABLE_ASSIGNMENT|[53]|results|{"s":1,"v":"List of size 14 too large to display"}|0x4d5e4677
07:25:43.0 (17900390)|HEAP_ALLOCATE|[55]|Bytes:5
07:25:43.0 (17979955)|HEAP_ALLOCATE|[55]|Bytes:4
07:25:43.0 (18007031)|VARIABLE_SCOPE_BEGIN|[55]|pe|Schema.PicklistEntry|true|false
07:25:43.0 (18020765)|VARIABLE_ASSIGNMENT|[55]|pe|Draft|0x1e1e3839
07:25:43.0 (18024102)|STATEMENT_EXECUTE|[55]
07:25:43.0 (18042975)|STATEMENT_EXECUTE|[56]
07:25:43.0 (18054269)|HEAP_ALLOCATE|[56]|Bytes:5
07:25:43.0 (18064741)|HEAP_ALLOCATE|[56]|Bytes:5
07:25:43.0 (18100389)|HEAP_ALLOCATE|[EXTERNAL]|Bytes:-4
07:25:43.0 (18116391)|HEAP_ALLOCATE|[55]|Bytes:5
07:25:43.0 (18127604)|HEAP_ALLOCATE|[55]|Bytes:4
07:25:43.0 (18140808)|VARIABLE_SCOPE_BEGIN|[55]|pe|Schema.PicklistEntry|true|false
07:25:43.0 (18151009)|VARIABLE_ASSIGNMENT|[55]|pe|Submitted|0x214cb873
07:25:43.0 (18153840)|STATEMENT_EXECUTE|[55]
07:25:43.0 (18161273)|STATEMENT_EXECUTE|[56]
07:25:43.0 (18168562)|HEAP_ALLOCATE|[56]|Bytes:9
07:25:43.0 (18174788)|HEAP_ALLOCATE|[56]|Bytes:9
07:25:43.0 (18183713)|HEAP_ALLOCATE|[EXTERNAL]|Bytes:-4
07:25:43.0 (18195238)|HEAP_ALLOCATE|[55]|Bytes:5
07:25:43.0 (18204891)|HEAP_ALLOCATE|[55]|Bytes:4
07:25:43.0 (18217316)|VARIABLE_SCOPE_BEGIN|[55]|pe|Schema.PicklistEntry|true|false
07:25:43.0 (18226929)|VARIABLE_ASSIGNMENT|[55]|pe|Pending More Info Needed|0x720ed890
07:25:43.0 (18229518)|STATEMENT_EXECUTE|[55]
07:25:43.0 (18236131)|STATEMENT_EXECUTE|[56]
07:25:43.0 (18240809)|HEAP_ALLOCATE|[56]|Bytes:24
07:25:43.0 (18245805)|HEAP_ALLOCATE|[56]|Bytes:24
07:25:43.0 (18253943)|HEAP_ALLOCATE|[EXTERNAL]|Bytes:-4
07:25:43.0 (18264516)|HEAP_ALLOCATE|[55]|Bytes:5
07:25:43.0 (18273996)|HEAP_ALLOCATE|[55]|Bytes:4
07:25:43.0 (18285485)|VARIABLE_SCOPE_BEGIN|[55]|pe|Schema.PicklistEntry|true|false
07:25:43.0 (18294397)|VARIABLE_ASSIGNMENT|[55]|pe|Assigned|0x22f2db8e
07:25:43.0 (18296754)|STATEMENT_EXECUTE|[55]
07:25:43.0 (18302242)|STATEMENT_EXECUTE|[56]
07:25:43.0 (18306824)|HEAP_ALLOCATE|[56]|Bytes:8
07:25:43.0 (18311448)|HEAP_ALLOCATE|[56]|Bytes:8
07:25:43.0 (18319388)|HEAP_ALLOCATE|[EXTERNAL]|Bytes:-4
07:25:43.0 (18329865)|HEAP_ALLOCATE|[55]|Bytes:5
07:25:43.0 (18339055)|HEAP_ALLOCATE|[55]|Bytes:4
07:25:43.0 (18350404)|VARIABLE_SCOPE_BEGIN|[55]|pe|Schema.PicklistEntry|true|false
07:25:43.0 (18359006)|VARIABLE_ASSIGNMENT|[55]|pe|In Process|0x4d42e019
07:25:43.0 (18361356)|STATEMENT_EXECUTE|[55]
07:25:43.0 (18366767)|STATEMENT_EXECUTE|[56]
07:25:43.0 (18371847)|HEAP_ALLOCATE|[56]|Bytes:10
07:25:43.0 (18376737)|HEAP_ALLOCATE|[56]|Bytes:10
07:25:43.0 (18384791)|HEAP_ALLOCATE|[EXTERNAL]|Bytes:-4
07:25:43.0 (18395224)|HEAP_ALLOCATE|[55]|Bytes:5
07:25:43.0 (18404338)|HEAP_ALLOCATE|[55]|Bytes:4
07:25:43.0 (18415835)|VARIABLE_SCOPE_BEGIN|[55]|pe|Schema.PicklistEntry|true|false
07:25:43.0 (18424479)|VARIABLE_ASSIGNMENT|[55]|pe|Pending Project Final Budget|0x90956e2
07:25:43.0 (18427093)|STATEMENT_EXECUTE|[55]
07:25:43.0 (18432473)|STATEMENT_EXECUTE|[56]
07:25:43.0 (18436835)|HEAP_ALLOCATE|[56]|Bytes:28
07:25:43.0 (18441459)|HEAP_ALLOCATE|[56]|Bytes:28
07:25:43.0 (18449349)|HEAP_ALLOCATE|[EXTERNAL]|Bytes:-4
07:25:43.0 (18459470)|HEAP_ALLOCATE|[55]|Bytes:5
07:25:43.0 (18468485)|HEAP_ALLOCATE|[55]|Bytes:4
07:25:43.0 (18479786)|VARIABLE_SCOPE_BEGIN|[55]|pe|Schema.PicklistEntry|true|false
07:25:43.0 (18488281)|VARIABLE_ASSIGNMENT|[55]|pe|In Approvals|0xdc7c50b
07:25:43.0 (18490653)|STATEMENT_EXECUTE|[55]
07:25:43.0 (18495926)|STATEMENT_EXECUTE|[56]
07:25:43.0 (18500925)|HEAP_ALLOCATE|[56]|Bytes:12
07:25:43.0 (18505693)|HEAP_ALLOCATE|[56]|Bytes:12
07:25:43.0 (18513673)|HEAP_ALLOCATE|[EXTERNAL]|Bytes:-4
07:25:43.0 (18523838)|HEAP_ALLOCATE|[55]|Bytes:5
07:25:43.0 (18533002)|HEAP_ALLOCATE|[55]|Bytes:4
07:25:43.0 (18544411)|VARIABLE_SCOPE_BEGIN|[55]|pe|Schema.PicklistEntry|true|false
07:25:43.0 (18553241)|VARIABLE_ASSIGNMENT|[55]|pe|All Digital Initials Obtained|0x39dd4196
07:25:43.0 (18555731)|STATEMENT_EXECUTE|[55]
07:25:43.0 (18561148)|STATEMENT_EXECUTE|[56]
07:25:43.0 (18565720)|HEAP_ALLOCATE|[56]|Bytes:29
07:25:43.0 (18570360)|HEAP_ALLOCATE|[56]|Bytes:29
07:25:43.0 (18578259)|HEAP_ALLOCATE|[EXTERNAL]|Bytes:-4
07:25:43.0 (18588654)|HEAP_ALLOCATE|[55]|Bytes:5
07:25:43.0 (18597852)|HEAP_ALLOCATE|[55]|Bytes:4
07:25:43.0 (18609221)|VARIABLE_SCOPE_BEGIN|[55]|pe|Schema.PicklistEntry|true|false
07:25:43.0 (18617646)|VARIABLE_ASSIGNMENT|[55]|pe|On Hold|0x63452c9c
07:25:43.0 (18619968)|STATEMENT_EXECUTE|[55]
07:25:43.0 (18625263)|STATEMENT_EXECUTE|[56]
07:25:43.0 (18630290)|HEAP_ALLOCATE|[56]|Bytes:7
07:25:43.0 (18635049)|HEAP_ALLOCATE|[56]|Bytes:7
07:25:43.0 (18642847)|HEAP_ALLOCATE|[EXTERNAL]|Bytes:-4
07:25:43.0 (18653163)|HEAP_ALLOCATE|[55]|Bytes:5
07:25:43.0 (18662239)|HEAP_ALLOCATE|[55]|Bytes:4
07:25:43.0 (18673615)|VARIABLE_SCOPE_BEGIN|[55]|pe|Schema.PicklistEntry|true|false
07:25:43.0 (18682156)|VARIABLE_ASSIGNMENT|[55]|pe|Cancelled|0x20b8c850
07:25:43.0 (18684449)|STATEMENT_EXECUTE|[55]
07:25:43.0 (18689705)|STATEMENT_EXECUTE|[56]
07:25:43.0 (18694207)|HEAP_ALLOCATE|[56]|Bytes:9
07:25:43.0 (18698834)|HEAP_ALLOCATE|[56]|Bytes:9
07:25:43.0 (18706953)|HEAP_ALLOCATE|[EXTERNAL]|Bytes:-4
07:25:43.0 (18717173)|HEAP_ALLOCATE|[55]|Bytes:5
07:25:43.0 (18726483)|HEAP_ALLOCATE|[55]|Bytes:4
07:25:43.0 (18737940)|VARIABLE_SCOPE_BEGIN|[55]|pe|Schema.PicklistEntry|true|false
07:25:43.0 (18746298)|VARIABLE_ASSIGNMENT|[55]|pe|Reactivate|0x1364aed1
07:25:43.0 (18748689)|STATEMENT_EXECUTE|[55]
07:25:43.0 (18753998)|STATEMENT_EXECUTE|[56]
07:25:43.0 (18758576)|HEAP_ALLOCATE|[56]|Bytes:10
07:25:43.0 (18763821)|HEAP_ALLOCATE|[56]|Bytes:10
07:25:43.0 (18771721)|HEAP_ALLOCATE|[EXTERNAL]|Bytes:-4
07:25:43.0 (18781974)|HEAP_ALLOCATE|[55]|Bytes:5
07:25:43.0 (18790926)|HEAP_ALLOCATE|[55]|Bytes:4
07:25:43.0 (18802196)|VARIABLE_SCOPE_BEGIN|[55]|pe|Schema.PicklistEntry|true|false
07:25:43.0 (18810690)|VARIABLE_ASSIGNMENT|[55]|pe|Executed and Filed|0x40669cda
07:25:43.0 (18813060)|STATEMENT_EXECUTE|[55]
07:25:43.0 (18818320)|STATEMENT_EXECUTE|[56]
07:25:43.0 (18822861)|HEAP_ALLOCATE|[56]|Bytes:18
07:25:43.0 (18827371)|HEAP_ALLOCATE|[56]|Bytes:18
07:25:43.0 (18835093)|HEAP_ALLOCATE|[EXTERNAL]|Bytes:-4
07:25:43.0 (18845163)|HEAP_ALLOCATE|[55]|Bytes:5
07:25:43.0 (18854219)|HEAP_ALLOCATE|[55]|Bytes:4
07:25:43.0 (18865340)|VARIABLE_SCOPE_BEGIN|[55]|pe|Schema.PicklistEntry|true|false
07:25:43.0 (18873624)|VARIABLE_ASSIGNMENT|[55]|pe|Not Executed and Closed|0xa8d7986
07:25:43.0 (18876016)|STATEMENT_EXECUTE|[55]
07:25:43.0 (18881325)|STATEMENT_EXECUTE|[56]
07:25:43.0 (18885747)|HEAP_ALLOCATE|[56]|Bytes:23
07:25:43.0 (18890870)|HEAP_ALLOCATE|[56]|Bytes:23
07:25:43.0 (18899213)|HEAP_ALLOCATE|[EXTERNAL]|Bytes:-4
07:25:43.0 (18909627)|HEAP_ALLOCATE|[55]|Bytes:5
07:25:43.0 (18918810)|HEAP_ALLOCATE|[55]|Bytes:4
07:25:43.0 (18930089)|VARIABLE_SCOPE_BEGIN|[55]|pe|Schema.PicklistEntry|true|false
07:25:43.0 (18938627)|VARIABLE_ASSIGNMENT|[55]|pe|Complete|0x6c11dacf
07:25:43.0 (18940890)|STATEMENT_EXECUTE|[55]
07:25:43.0 (18946207)|STATEMENT_EXECUTE|[56]
07:25:43.0 (18957968)|HEAP_ALLOCATE|[56]|Bytes:8
07:25:43.0 (18967732)|HEAP_ALLOCATE|[56]|Bytes:8
07:25:43.0 (18979774)|HEAP_ALLOCATE|[EXTERNAL]|Bytes:-4
07:25:43.0 (18992451)|HEAP_ALLOCATE|[55]|Bytes:5
07:25:43.0 (19002909)|VARIABLE_ASSIGNMENT|[55]|pe|null|
07:25:43.0 (19006655)|STATEMENT_EXECUTE|[58]
07:25:43.0 (19012897)|SYSTEM_MODE_EXIT|false
07:25:43.19 (19039164)|CUMULATIVE_LIMIT_USAGE
07:25:43.19 (19039164)|LIMIT_USAGE_FOR_NS|(default)|
  Number of SOQL queries: 1 out of 100
  Number of query rows: 1 out of 50000
  Number of SOSL queries: 0 out of 20
  Number of DML statements: 0 out of 150
  Number of DML rows: 0 out of 10000
  Maximum CPU time: 0 out of 10000
  Maximum heap size: 0 out of 6000000
  Number of callouts: 0 out of 100
  Number of Email Invocations: 0 out of 10
  Number of future calls: 0 out of 50
  Number of queueable jobs added to the queue: 0 out of 50
  Number of Mobile Apex push calls: 0 out of 10

07:25:43.19 (19039164)|CUMULATIVE_LIMIT_USAGE_END

07:25:43.0 (19067011)|CODE_UNIT_FINISHED|AnythingPath.getPicklistOptions
07:25:43.0 (19273000)|HEAP_ALLOCATE|[EXTERNAL]|Bytes:7
07:25:43.0 (19284391)|HEAP_ALLOCATE|[EXTERNAL]|Bytes:7
07:25:43.0 (19332417)|HEAP_ALLOCATE|[EXTERNAL]|Bytes:9
07:25:43.0 (19341743)|HEAP_ALLOCATE|[EXTERNAL]|Bytes:9
07:25:43.0 (21141231)|CODE_UNIT_STARTED|[EXTERNAL]|01pm0000000EXDB|AnythingPath.dynamicTopic
07:25:43.0 (21176607)|HEAP_ALLOCATE|[EXTERNAL]|Bytes:7
07:25:43.0 (21179966)|HEAP_ALLOCATE|[EXTERNAL]|Bytes:9
07:25:43.0 (21186621)|SYSTEM_MODE_ENTER|false
07:25:43.0 (21191507)|VARIABLE_SCOPE_BEGIN|[65]|WhichObject|String|false|false
07:25:43.0 (21198022)|VARIABLE_ASSIGNMENT|[65]|WhichObject|"ITPR__c"
07:25:43.0 (21200179)|VARIABLE_SCOPE_BEGIN|[65]|Field|String|false|false
07:25:43.0 (21203235)|VARIABLE_ASSIGNMENT|[65]|Field|"Status__c"
07:25:43.0 (21208595)|STATEMENT_EXECUTE|[65]
07:25:43.0 (21209794)|STATEMENT_EXECUTE|[67]
07:25:43.0 (21212573)|HEAP_ALLOCATE|[67]|Bytes:11
07:25:43.0 (21224711)|HEAP_ALLOCATE|[67]|Bytes:33
07:25:43.0 (21229191)|VARIABLE_SCOPE_BEGIN|[67]|DynamicQuery|String|false|false
07:25:43.0 (21236301)|VARIABLE_ASSIGNMENT|[67]|DynamicQuery|"Select Id, Status__c (13 more) ..."
07:25:43.0 (21238361)|STATEMENT_EXECUTE|[70]
07:25:43.0 (21240569)|HEAP_ALLOCATE|[70]|Bytes:85
07:25:43.0 (21247549)|HEAP_ALLOCATE|[70]|Bytes:4
07:25:43.0 (21255108)|HEAP_ALLOCATE|[70]|Bytes:7
07:25:43.0 (21544691)|SOQL_EXECUTE_BEGIN|[70]|Aggregations:0|SELECT Id, ApiVersion, Name, Description, Query FROM Pushtopic WHERE Query = :tmpVar1
07:25:43.0 (25062180)|SOQL_EXECUTE_END|[70]|Rows:1
07:25:43.0 (25078846)|HEAP_ALLOCATE|[70]|Bytes:8
07:25:43.0 (25090876)|HEAP_ALLOCATE|[70]|Bytes:199
07:25:43.0 (25141010)|HEAP_ALLOCATE|[70]|Bytes:8
07:25:43.0 (25149931)|VARIABLE_SCOPE_BEGIN|[70]|topicList|List<PushTopic>|true|false
07:25:43.0 (25179555)|VARIABLE_ASSIGNMENT|[70]|topicList|{"s":1,"v":[{"s":2,"v":{"Id":"0IFm00000004E6HGAU","ApiVersion":36.0,"Name":"ITPR__cStatus__c","Description":"Autogenerated by Any (19 more) ...","Query":"Select Id, Status__c (13 more) ..."}}]}|0x3af72f8
07:25:43.0 (25226065)|STATEMENT_EXECUTE|[85]
07:25:43.0 (25228308)|STATEMENT_EXECUTE|[86]
07:25:43.0 (25254388)|HEAP_ALLOCATE|[86]|Bytes:24
07:25:43.0 (25284559)|SYSTEM_MODE_EXIT|false
07:25:43.25 (25308460)|CUMULATIVE_LIMIT_USAGE
07:25:43.25 (25308460)|LIMIT_USAGE_FOR_NS|(default)|
  Number of SOQL queries: 2 out of 100
  Number of query rows: 2 out of 50000
  Number of SOSL queries: 0 out of 20
  Number of DML statements: 0 out of 150
  Number of DML rows: 0 out of 10000
  Maximum CPU time: 0 out of 10000
  Maximum heap size: 0 out of 6000000
  Number of callouts: 0 out of 100
  Number of Email Invocations: 0 out of 10
  Number of future calls: 0 out of 50
  Number of queueable jobs added to the queue: 0 out of 50
  Number of Mobile Apex push calls: 0 out of 10

07:25:43.25 (25308460)|CUMULATIVE_LIMIT_USAGE_END

07:25:43.0 (25336401)|CODE_UNIT_FINISHED|AnythingPath.dynamicTopic
07:25:43.0 (49743636)|HEAP_ALLOCATE|[EXTERNAL]|Bytes:18
07:25:43.0 (49759633)|HEAP_ALLOCATE|[EXTERNAL]|Bytes:18
07:25:43.0 (51616800)|CODE_UNIT_STARTED|[EXTERNAL]|01pm0000000EbLn|ITPR_QuickActions.retrieveITPRWithStatus
07:25:43.0 (51746173)|VARIABLE_SCOPE_BEGIN|[7]|ITPR_QuickActions.rtDictionary|Map<String,RecordType>|true|true
07:25:43.0 (51772025)|HEAP_ALLOCATE|[EXTERNAL]|Bytes:136
07:25:43.0 (51779621)|HEAP_ALLOCATE|[EXTERNAL]|Bytes:25
07:25:43.0 (51783202)|HEAP_ALLOCATE|[EXTERNAL]|Bytes:52
07:25:43.0 (51793375)|METHOD_ENTRY|[1]|01pm0000000EbLn|ITPR_QuickActions.ITPR_QuickActions()
07:25:43.0 (51795998)|STATEMENT_EXECUTE|[1]
07:25:43.0 (51799364)|STATEMENT_EXECUTE|[1]
07:25:43.0 (51800565)|STATEMENT_EXECUTE|[9]
07:25:43.0 (51801502)|STATEMENT_EXECUTE|[10]
07:25:43.0 (51804645)|HEAP_ALLOCATE|[11]|Bytes:70
07:25:43.0 (51811478)|HEAP_ALLOCATE|[11]|Bytes:4
07:25:43.0 (52055592)|SOQL_EXECUTE_BEGIN|[11]|Aggregations:0|SELECT Id, DeveloperName FROM RecordType WHERE SObjectType = 'ITPR__c'
07:25:43.0 (61882716)|SOQL_EXECUTE_END|[11]|Rows:17
07:25:43.0 (61901335)|HEAP_ALLOCATE|[11]|Bytes:72
07:25:43.0 (61926557)|HEAP_ALLOCATE|[11]|Bytes:992
07:25:43.0 (61971061)|HEAP_ALLOCATE|[11]|Bytes:72
07:25:43.0 (61982328)|VARIABLE_SCOPE_BEGIN|[10]|typeList|List<RecordType>|true|false
07:25:43.0 (62000973)|VARIABLE_ASSIGNMENT|[10]|typeList|{"s":1,"v":"List of size 17 too large to display"}|0x79d8b3b7
07:25:43.0 (62004879)|STATEMENT_EXECUTE|[13]
07:25:43.0 (62009701)|HEAP_ALLOCATE|[13]|Bytes:4
07:25:43.0 (62057421)|VARIABLE_ASSIGNMENT|[13]|ITPR_QuickActions.rtDictionary|{"s":1,"v":{}}|0x420e41ca
07:25:43.0 (62112486)|STATEMENT_EXECUTE|[15]
07:25:43.0 (62223061)|HEAP_ALLOCATE|[16]|Bytes:5
07:25:43.0 (62262083)|HEAP_ALLOCATE|[16]|Bytes:12
07:25:43.0 (62271702)|VARIABLE_SCOPE_BEGIN|[16]|rt|RecordType|true|false
07:25:43.0 (62291617)|VARIABLE_ASSIGNMENT|[16]|rt|{"s":1,"v":{"Id":"012m00000008iTlAAI","DeveloperName":"All_Digital_Initials (9 more) ..."}}|0x246b9df5
07:25:43.0 (62294988)|STATEMENT_EXECUTE|[17]
07:25:43.0 (62296088)|STATEMENT_EXECUTE|[18]
07:25:43.0 (62360347)|HEAP_ALLOCATE|[EXTERNAL]|Bytes:-4
07:25:43.0 (62376263)|HEAP_ALLOCATE|[16]|Bytes:5
07:25:43.0 (62400252)|HEAP_ALLOCATE|[16]|Bytes:12
07:25:43.0 (62407753)|VARIABLE_SCOPE_BEGIN|[16]|rt|RecordType|true|false
07:25:43.0 (62422105)|VARIABLE_ASSIGNMENT|[16]|rt|{"s":1,"v":{"Id":"012m00000008iTbAAI","DeveloperName":"Assigned"}}|0x7c2f09dc
07:25:43.0 (62425073)|STATEMENT_EXECUTE|[17]
07:25:43.0 (62426189)|STATEMENT_EXECUTE|[18]
07:25:43.0 (62442247)|HEAP_ALLOCATE|[EXTERNAL]|Bytes:-4
07:25:43.0 (62455053)|HEAP_ALLOCATE|[16]|Bytes:5
07:25:43.0 (62475556)|HEAP_ALLOCATE|[16]|Bytes:12
07:25:43.0 (62482295)|VARIABLE_SCOPE_BEGIN|[16]|rt|RecordType|true|false
07:25:43.0 (62495295)|VARIABLE_ASSIGNMENT|[16]|rt|{"s":1,"v":{"Id":"012m00000008iU0AAI","DeveloperName":"Cancelled"}}|0x74aa5eaa
07:25:43.0 (62498023)|STATEMENT_EXECUTE|[17]
07:25:43.0 (62498941)|STATEMENT_EXECUTE|[18]
07:25:43.0 (62513304)|HEAP_ALLOCATE|[EXTERNAL]|Bytes:-4
07:25:43.0 (62525018)|HEAP_ALLOCATE|[16]|Bytes:5
07:25:43.0 (62544859)|HEAP_ALLOCATE|[16]|Bytes:12
07:25:43.0 (62551353)|VARIABLE_SCOPE_BEGIN|[16]|rt|RecordType|true|false
07:25:43.0 (62563703)|VARIABLE_ASSIGNMENT|[16]|rt|{"s":1,"v":{"Id":"012m00000008iUKAAY","DeveloperName":"Complete"}}|0xf52158f
07:25:43.0 (62566465)|STATEMENT_EXECUTE|[17]
07:25:43.0 (62567463)|STATEMENT_EXECUTE|[18]
07:25:43.0 (62581574)|HEAP_ALLOCATE|[EXTERNAL]|Bytes:-4
07:25:43.0 (62593275)|HEAP_ALLOCATE|[16]|Bytes:5
07:25:43.0 (62612908)|HEAP_ALLOCATE|[16]|Bytes:12
07:25:43.0 (62619779)|VARIABLE_SCOPE_BEGIN|[16]|rt|RecordType|true|false
07:25:43.0 (62631943)|VARIABLE_ASSIGNMENT|[16]|rt|{"s":1,"v":{"Id":"012m00000008iTMAAY","DeveloperName":"Draft"}}|0x772ea5a5
07:25:43.0 (62634641)|STATEMENT_EXECUTE|[17]
07:25:43.0 (62635574)|STATEMENT_EXECUTE|[18]
07:25:43.0 (62649791)|HEAP_ALLOCATE|[EXTERNAL]|Bytes:-4
07:25:43.0 (62661550)|HEAP_ALLOCATE|[16]|Bytes:5
07:25:43.0 (62681077)|HEAP_ALLOCATE|[16]|Bytes:12
07:25:43.0 (62687791)|VARIABLE_SCOPE_BEGIN|[16]|rt|RecordType|true|false
07:25:43.0 (62699907)|VARIABLE_ASSIGNMENT|[16]|rt|{"s":1,"v":{"Id":"012m00000008iUAAAY","DeveloperName":"Executed"}}|0x73cb3375
07:25:43.0 (62702436)|STATEMENT_EXECUTE|[17]
07:25:43.0 (62703318)|STATEMENT_EXECUTE|[18]
07:25:43.0 (62717281)|HEAP_ALLOCATE|[EXTERNAL]|Bytes:-4
07:25:43.0 (62729091)|HEAP_ALLOCATE|[16]|Bytes:5
07:25:43.0 (62748594)|HEAP_ALLOCATE|[16]|Bytes:12
07:25:43.0 (62755065)|VARIABLE_SCOPE_BEGIN|[16]|rt|RecordType|true|false
07:25:43.0 (62767154)|VARIABLE_ASSIGNMENT|[16]|rt|{"s":1,"v":{"Id":"012m00000008iTgAAI","DeveloperName":"In_Approvals"}}|0x55b26ca8
07:25:43.0 (62770133)|STATEMENT_EXECUTE|[17]
07:25:43.0 (62771031)|STATEMENT_EXECUTE|[18]
07:25:43.0 (62784875)|HEAP_ALLOCATE|[EXTERNAL]|Bytes:-4
07:25:43.0 (62796333)|HEAP_ALLOCATE|[16]|Bytes:5
07:25:43.0 (62815862)|HEAP_ALLOCATE|[16]|Bytes:12
07:25:43.0 (62822504)|VARIABLE_SCOPE_BEGIN|[16]|rt|RecordType|true|false
07:25:43.0 (62834641)|VARIABLE_ASSIGNMENT|[16]|rt|{"s":1,"v":{"Id":"012d0000000x2ACAAY","DeveloperName":"In_Process"}}|0x4ad3f5fc
07:25:43.0 (62837360)|STATEMENT_EXECUTE|[17]
07:25:43.0 (62838242)|STATEMENT_EXECUTE|[18]
07:25:43.0 (62852110)|HEAP_ALLOCATE|[EXTERNAL]|Bytes:-4
07:25:43.0 (62863587)|HEAP_ALLOCATE|[16]|Bytes:5
07:25:43.0 (62882997)|HEAP_ALLOCATE|[16]|Bytes:12
07:25:43.0 (62889697)|VARIABLE_SCOPE_BEGIN|[16]|rt|RecordType|true|false
07:25:43.0 (62901941)|VARIABLE_ASSIGNMENT|[16]|rt|{"s":1,"v":{"Id":"012m00000008iUFAAY","DeveloperName":"Not_Executed"}}|0x4852628e
07:25:43.0 (62904737)|STATEMENT_EXECUTE|[17]
07:25:43.0 (62905617)|STATEMENT_EXECUTE|[18]
07:25:43.0 (62919884)|HEAP_ALLOCATE|[EXTERNAL]|Bytes:-4
07:25:43.0 (62931383)|HEAP_ALLOCATE|[16]|Bytes:5
07:25:43.0 (62955141)|HEAP_ALLOCATE|[16]|Bytes:12
07:25:43.0 (62962658)|VARIABLE_SCOPE_BEGIN|[16]|rt|RecordType|true|false
07:25:43.0 (62975338)|VARIABLE_ASSIGNMENT|[16]|rt|{"s":1,"v":{"Id":"012m00000008iTqAAI","DeveloperName":"On_Hold"}}|0x6228a06a
07:25:43.0 (62978102)|STATEMENT_EXECUTE|[17]
07:25:43.0 (62979012)|STATEMENT_EXECUTE|[18]
07:25:43.0 (62997908)|HEAP_ALLOCATE|[EXTERNAL]|Bytes:-4
07:25:43.0 (63015239)|HEAP_ALLOCATE|[16]|Bytes:5
07:25:43.0 (63049528)|HEAP_ALLOCATE|[16]|Bytes:12
07:25:43.0 (63061202)|VARIABLE_SCOPE_BEGIN|[16]|rt|RecordType|true|false
07:25:43.0 (63080964)|VARIABLE_ASSIGNMENT|[16]|rt|{"s":1,"v":{"Id":"012d0000000x3F8AAI","DeveloperName":"Pending_Budget"}}|0x243957ab
07:25:43.0 (63085372)|STATEMENT_EXECUTE|[17]
07:25:43.0 (63086869)|STATEMENT_EXECUTE|[18]
07:25:43.0 (63108609)|HEAP_ALLOCATE|[EXTERNAL]|Bytes:-4
07:25:43.0 (63127552)|HEAP_ALLOCATE|[16]|Bytes:5
07:25:43.0 (63161402)|HEAP_ALLOCATE|[16]|Bytes:12
07:25:43.0 (63173157)|VARIABLE_SCOPE_BEGIN|[16]|rt|RecordType|true|false
07:25:43.0 (63193675)|VARIABLE_ASSIGNMENT|[16]|rt|{"s":1,"v":{"Id":"012m00000008iTWAAY","DeveloperName":"Pending_More_Info_Ne (4 more) ..."}}|0x71102ac5
07:25:43.0 (63198338)|STATEMENT_EXECUTE|[17]
07:25:43.0 (63199763)|STATEMENT_EXECUTE|[18]
07:25:43.0 (63221323)|HEAP_ALLOCATE|[EXTERNAL]|Bytes:-4
07:25:43.0 (63239969)|HEAP_ALLOCATE|[16]|Bytes:5
07:25:43.0 (63274950)|HEAP_ALLOCATE|[16]|Bytes:12
07:25:43.0 (63286212)|VARIABLE_SCOPE_BEGIN|[16]|rt|RecordType|true|false
07:25:43.0 (63306490)|VARIABLE_ASSIGNMENT|[16]|rt|{"s":1,"v":{"Id":"012m00000008iU5AAI","DeveloperName":"Reactivate"}}|0x2a8d607b
07:25:43.0 (63311751)|STATEMENT_EXECUTE|[17]
07:25:43.0 (63313833)|STATEMENT_EXECUTE|[18]
07:25:43.0 (63337410)|HEAP_ALLOCATE|[EXTERNAL]|Bytes:-4
07:25:43.0 (63355142)|HEAP_ALLOCATE|[16]|Bytes:5
07:25:43.0 (63385559)|HEAP_ALLOCATE|[16]|Bytes:12
07:25:43.0 (63398898)|VARIABLE_SCOPE_BEGIN|[16]|rt|RecordType|true|false
07:25:43.0 (63420392)|VARIABLE_ASSIGNMENT|[16]|rt|{"s":1,"v":{"Id":"012m00000008iTRAAY","DeveloperName":"Submitted"}}|0xd81beb0
07:25:43.0 (63425144)|STATEMENT_EXECUTE|[17]
07:25:43.0 (63426831)|STATEMENT_EXECUTE|[18]
07:25:43.0 (63446235)|HEAP_ALLOCATE|[EXTERNAL]|Bytes:-4
07:25:43.0 (63463343)|HEAP_ALLOCATE|[16]|Bytes:5
07:25:43.0 (63493912)|HEAP_ALLOCATE|[16]|Bytes:12
07:25:43.0 (63504093)|VARIABLE_SCOPE_BEGIN|[16]|rt|RecordType|true|false
07:25:43.0 (63522298)|VARIABLE_ASSIGNMENT|[16]|rt|{"s":1,"v":{"Id":"012d0000000x2ADAAY","DeveloperName":"Wave1_Approvals"}}|0x636b34a4
07:25:43.0 (63526103)|STATEMENT_EXECUTE|[17]
07:25:43.0 (63527441)|STATEMENT_EXECUTE|[18]
07:25:43.0 (63545095)|HEAP_ALLOCATE|[EXTERNAL]|Bytes:-4
07:25:43.0 (63560188)|HEAP_ALLOCATE|[16]|Bytes:5
07:25:43.0 (63586116)|HEAP_ALLOCATE|[16]|Bytes:12
07:25:43.0 (63594218)|VARIABLE_SCOPE_BEGIN|[16]|rt|RecordType|true|false
07:25:43.0 (63609341)|VARIABLE_ASSIGNMENT|[16]|rt|{"s":1,"v":{"Id":"012d0000000x2AEAAY","DeveloperName":"Wave2_Approvals"}}|0x135d7c0e
07:25:43.0 (63613285)|STATEMENT_EXECUTE|[17]
07:25:43.0 (63614730)|STATEMENT_EXECUTE|[18]
07:25:43.0 (63632842)|HEAP_ALLOCATE|[EXTERNAL]|Bytes:-4
07:25:43.0 (63645574)|HEAP_ALLOCATE|[16]|Bytes:5
07:25:43.0 (63666339)|HEAP_ALLOCATE|[16]|Bytes:12
07:25:43.0 (63673241)|VARIABLE_SCOPE_BEGIN|[16]|rt|RecordType|true|false
07:25:43.0 (63686108)|VARIABLE_ASSIGNMENT|[16]|rt|{"s":1,"v":{"Id":"012d0000000x2AFAAY","DeveloperName":"Wave3_Approvals"}}|0x529248a6
07:25:43.0 (63688626)|STATEMENT_EXECUTE|[17]
07:25:43.0 (63689520)|STATEMENT_EXECUTE|[18]
07:25:43.0 (63703799)|HEAP_ALLOCATE|[EXTERNAL]|Bytes:-4
07:25:43.0 (63715727)|HEAP_ALLOCATE|[16]|Bytes:5
07:25:43.0 (63726175)|VARIABLE_ASSIGNMENT|[16]|rt|null|
07:25:43.0 (63734525)|METHOD_EXIT|[1]|ITPR_QuickActions
07:25:43.0 (63739133)|HEAP_ALLOCATE|[EXTERNAL]|Bytes:18
07:25:43.0 (63746152)|SYSTEM_MODE_ENTER|false
07:25:43.0 (63755671)|VARIABLE_SCOPE_BEGIN|[119]|recordId|String|false|false
07:25:43.0 (63761225)|VARIABLE_ASSIGNMENT|[119]|recordId|"a1Nm00000011q90EAA"
07:25:43.0 (63767040)|STATEMENT_EXECUTE|[119]
07:25:43.0 (63768603)|STATEMENT_EXECUTE|[120]
07:25:43.0 (63771659)|HEAP_ALLOCATE|[120]|Bytes:63
07:25:43.0 (63777504)|HEAP_ALLOCATE|[120]|Bytes:4
07:25:43.0 (63994953)|SOQL_EXECUTE_BEGIN|[120]|Aggregations:0|SELECT Name, Status__c FROM ITPR__c WHERE Id = :tmpVar1 LIMIT 1
07:25:43.0 (67821896)|SOQL_EXECUTE_END|[120]|Rows:1
07:25:43.0 (67838845)|HEAP_ALLOCATE|[120]|Bytes:8
07:25:43.0 (67849846)|HEAP_ALLOCATE|[120]|Bytes:70
07:25:43.0 (67865022)|HEAP_ALLOCATE|[120]|Bytes:8
07:25:43.0 (67873204)|HEAP_ALLOCATE|[120]|Bytes:33
07:25:43.0 (67905799)|HEAP_ALLOCATE|[120]|Bytes:16
07:25:43.0 (67914037)|VARIABLE_SCOPE_BEGIN|[120]|itsesRequest|ITPR__c|true|false
07:25:43.0 (67932042)|VARIABLE_ASSIGNMENT|[120]|itsesRequest|{"s":1,"v":{"Name":"201609-04573","Status__c":"Assigned","Id":"a1Nm00000011q90EAA"}}|0xe05ca2c
07:25:43.0 (67935522)|STATEMENT_EXECUTE|[121]
07:25:43.0 (67942473)|SYSTEM_MODE_EXIT|false
07:25:43.67 (67980897)|CUMULATIVE_LIMIT_USAGE
07:25:43.67 (67980897)|LIMIT_USAGE_FOR_NS|(default)|
  Number of SOQL queries: 4 out of 100
  Number of query rows: 20 out of 50000
  Number of SOSL queries: 0 out of 20
  Number of DML statements: 0 out of 150
  Number of DML rows: 0 out of 10000
  Maximum CPU time: 0 out of 10000
  Maximum heap size: 0 out of 6000000
  Number of callouts: 0 out of 100
  Number of Email Invocations: 0 out of 10
  Number of future calls: 0 out of 50
  Number of queueable jobs added to the queue: 0 out of 50
  Number of Mobile Apex push calls: 0 out of 10

07:25:43.67 (67980897)|CUMULATIVE_LIMIT_USAGE_END

07:25:43.0 (68021449)|CODE_UNIT_FINISHED|ITPR_QuickActions.retrieveITPRWithStatus
07:25:43.0 (97435234)|HEAP_ALLOCATE|[EXTERNAL]|Bytes:18
07:25:43.0 (97456145)|HEAP_ALLOCATE|[EXTERNAL]|Bytes:18
07:25:43.0 (97508365)|HEAP_ALLOCATE|[EXTERNAL]|Bytes:7
07:25:43.0 (97517810)|HEAP_ALLOCATE|[EXTERNAL]|Bytes:7
07:25:43.0 (97562217)|HEAP_ALLOCATE|[EXTERNAL]|Bytes:9
07:25:43.0 (97571196)|HEAP_ALLOCATE|[EXTERNAL]|Bytes:9
07:25:43.0 (100097012)|CODE_UNIT_STARTED|[EXTERNAL]|01pm0000000EZxV|GuidanceBox.getGuidance
07:25:43.0 (100150405)|HEAP_ALLOCATE|[EXTERNAL]|Bytes:4
07:25:43.0 (100157367)|HEAP_ALLOCATE|[EXTERNAL]|Bytes:2
07:25:43.0 (100167462)|METHOD_ENTRY|[1]|01pm0000000EZxV|GuidanceBox.GuidanceBox()
07:25:43.0 (100170376)|STATEMENT_EXECUTE|[1]
07:25:43.0 (100174119)|STATEMENT_EXECUTE|[1]
07:25:43.0 (100179684)|METHOD_EXIT|[1]|GuidanceBox
07:25:43.0 (100183712)|HEAP_ALLOCATE|[EXTERNAL]|Bytes:18
07:25:43.0 (100185578)|HEAP_ALLOCATE|[EXTERNAL]|Bytes:7
07:25:43.0 (100186954)|HEAP_ALLOCATE|[EXTERNAL]|Bytes:9
07:25:43.0 (100192640)|HEAP_ALLOCATE|[EXTERNAL]|Bytes:5
07:25:43.0 (100200481)|SYSTEM_MODE_ENTER|false
07:25:43.0 (100207207)|VARIABLE_SCOPE_BEGIN|[4]|recordId|String|false|false
07:25:43.0 (100216289)|VARIABLE_ASSIGNMENT|[4]|recordId|"a1Nm00000011q90EAA"
07:25:43.0 (100218744)|VARIABLE_SCOPE_BEGIN|[4]|sobjectname|String|false|false
07:25:43.0 (100221795)|VARIABLE_ASSIGNMENT|[4]|sobjectname|"ITPR__c"
07:25:43.0 (100223361)|VARIABLE_SCOPE_BEGIN|[4]|field|String|false|false
07:25:43.0 (100225910)|VARIABLE_ASSIGNMENT|[4]|field|"Status__c"
07:25:43.0 (100227724)|VARIABLE_SCOPE_BEGIN|[4]|useRecordTypes|Boolean|false|false
07:25:43.0 (100231287)|VARIABLE_ASSIGNMENT|[4]|useRecordTypes|false
07:25:43.0 (100237182)|STATEMENT_EXECUTE|[4]
07:25:43.0 (100239863)|STATEMENT_EXECUTE|[6]
07:25:43.0 (100241221)|STATEMENT_EXECUTE|[20]
07:25:43.0 (100244982)|HEAP_ALLOCATE|[20]|Bytes:7
07:25:43.0 (100249984)|HEAP_ALLOCATE|[20]|Bytes:12
07:25:43.0 (100262597)|HEAP_ALLOCATE|[20]|Bytes:59
07:25:43.0 (100270556)|HEAP_ALLOCATE|[20]|Bytes:60
07:25:43.0 (100487478)|SOQL_EXECUTE_BEGIN|[20]|Aggregations:0|select Status__c from ITPR__c where Id ='a1Nm00000011q90EAA'
07:25:43.0 (103755751)|SOQL_EXECUTE_END|[20]|Rows:1
07:25:43.0 (103774048)|HEAP_ALLOCATE|[20]|Bytes:8
07:25:43.0 (103787132)|HEAP_ALLOCATE|[20]|Bytes:50
07:25:43.0 (103805985)|HEAP_ALLOCATE|[20]|Bytes:8
07:25:43.0 (103817183)|HEAP_ALLOCATE|[20]|Bytes:33
07:25:43.0 (103854843)|HEAP_ALLOCATE|[20]|Bytes:12
07:25:43.0 (103862578)|VARIABLE_SCOPE_BEGIN|[20]|sobj|SObject|true|false
07:25:43.0 (103881798)|VARIABLE_ASSIGNMENT|[20]|sobj|{"s":1,"v":{"Status__c":"Assigned","Id":"a1Nm00000011q90EAA"}}|0x151d2ba2
07:25:43.0 (103885132)|STATEMENT_EXECUTE|[21]
07:25:43.0 (103947288)|HEAP_ALLOCATE|[21]|Bytes:8
07:25:43.0 (103967464)|VARIABLE_SCOPE_BEGIN|[21]|fieldValue|String|false|false
07:25:43.0 (103975172)|VARIABLE_ASSIGNMENT|[21]|fieldValue|"Assigned"
07:25:43.0 (103977608)|STATEMENT_EXECUTE|[23]
07:25:43.0 (103980782)|HEAP_ALLOCATE|[23]|Bytes:121
07:25:43.0 (103989361)|HEAP_ALLOCATE|[23]|Bytes:4
07:25:43.0 (104007545)|HEAP_ALLOCATE|[23]|Bytes:7
07:25:43.0 (104014879)|HEAP_ALLOCATE|[23]|Bytes:7
07:25:43.0 (105146576)|SOQL_EXECUTE_BEGIN|[23]|Aggregations:0|SELECT Guidance__c FROM GuidanceBox__c WHERE (object__c = :tmpVar1 AND field__c = :tmpVar2 AND Field_Value__c = :tmpVar3)
07:25:43.0 (111643991)|SOQL_EXECUTE_END|[23]|Rows:1
07:25:43.0 (111663251)|HEAP_ALLOCATE|[23]|Bytes:8
07:25:43.0 (111673173)|HEAP_ALLOCATE|[23]|Bytes:194
07:25:43.0 (111737078)|HEAP_ALLOCATE|[23]|Bytes:8
07:25:43.0 (111749505)|SYSTEM_MODE_EXIT|false
07:25:43.111 (111787642)|CUMULATIVE_LIMIT_USAGE
07:25:43.111 (111787642)|LIMIT_USAGE_FOR_NS|(default)|
  Number of SOQL queries: 6 out of 100
  Number of query rows: 22 out of 50000
  Number of SOSL queries: 0 out of 20
  Number of DML statements: 0 out of 150
  Number of DML rows: 0 out of 10000
  Maximum CPU time: 0 out of 10000
  Maximum heap size: 0 out of 6000000
  Number of callouts: 0 out of 100
  Number of Email Invocations: 0 out of 10
  Number of future calls: 0 out of 50
  Number of queueable jobs added to the queue: 0 out of 50
  Number of Mobile Apex push calls: 0 out of 10

07:25:43.111 (111787642)|CUMULATIVE_LIMIT_USAGE_END

07:25:43.0 (111833379)|CODE_UNIT_FINISHED|GuidanceBox.getGuidance
