38.0 APEX_CODE,FINEST;APEX_PROFILING,INFO;CALLOUT,INFO;DB,INFO;SYSTEM,DEBUG;VALIDATION,INFO;VISUALFORCE,INFO;WORKFLOW,INFO
07:03:23.0 (284555)|USER_INFO|[EXTERNAL]|005m0000002GNhO|dscruggs@salesforce.com.rfadev13|Pacific Standard Time|GMT-07:00
07:03:23.0 (320458)|EXECUTION_STARTED
07:03:23.0 (327242)|CODE_UNIT_STARTED|[EXTERNAL]|aura
07:03:23.0 (782873)|HEAP_ALLOCATE|[72]|Bytes:3
07:03:23.0 (852073)|HEAP_ALLOCATE|[77]|Bytes:152
07:03:23.0 (873597)|HEAP_ALLOCATE|[342]|Bytes:408
07:03:23.0 (891433)|HEAP_ALLOCATE|[355]|Bytes:408
07:03:23.0 (908460)|HEAP_ALLOCATE|[467]|Bytes:48
07:03:23.0 (941049)|HEAP_ALLOCATE|[139]|Bytes:6
07:03:23.0 (969744)|HEAP_ALLOCATE|[EXTERNAL]|Bytes:18
07:03:23.0 (987294)|HEAP_ALLOCATE|[EXTERNAL]|Bytes:18
07:03:23.0 (1045864)|HEAP_ALLOCATE|[EXTERNAL]|Bytes:9
07:03:23.0 (1057171)|HEAP_ALLOCATE|[EXTERNAL]|Bytes:9
07:03:23.0 (1105269)|HEAP_ALLOCATE|[EXTERNAL]|Bytes:7
07:03:23.0 (1115124)|HEAP_ALLOCATE|[EXTERNAL]|Bytes:7
07:03:23.0 (4745071)|CODE_UNIT_STARTED|[EXTERNAL]|01pm0000000EXDB|AnythingPath.getCurrentValue
07:03:23.0 (4848310)|HEAP_ALLOCATE|[EXTERNAL]|Bytes:15
07:03:23.0 (4854076)|HEAP_ALLOCATE|[EXTERNAL]|Bytes:8
07:03:23.0 (4863564)|METHOD_ENTRY|[1]|01pm0000000EXDB|AnythingPath.AnythingPath()
07:03:23.0 (4867015)|STATEMENT_EXECUTE|[1]
07:03:23.0 (4872820)|STATEMENT_EXECUTE|[1]
07:03:23.0 (4878222)|METHOD_EXIT|[1]|AnythingPath
07:03:23.0 (4882697)|HEAP_ALLOCATE|[EXTERNAL]|Bytes:18
07:03:23.0 (4884402)|HEAP_ALLOCATE|[EXTERNAL]|Bytes:9
07:03:23.0 (4885637)|HEAP_ALLOCATE|[EXTERNAL]|Bytes:7
07:03:23.0 (4895873)|SYSTEM_MODE_ENTER|false
07:03:23.0 (4909838)|VARIABLE_SCOPE_BEGIN|[21]|recordId|String|false|false
07:03:23.0 (4936410)|VARIABLE_ASSIGNMENT|[21]|recordId|"a1Nm00000011q90EAA"
07:03:23.0 (4941201)|VARIABLE_SCOPE_BEGIN|[21]|picklistField|String|false|false
07:03:23.0 (4944784)|VARIABLE_ASSIGNMENT|[21]|picklistField|"Status__c"
07:03:23.0 (4947398)|VARIABLE_SCOPE_BEGIN|[21]|sObjectName|String|false|false
07:03:23.0 (4950222)|VARIABLE_ASSIGNMENT|[21]|sObjectName|"ITPR__c"
07:03:23.0 (4963011)|STATEMENT_EXECUTE|[21]
07:03:23.0 (4964466)|STATEMENT_EXECUTE|[22]
07:03:23.0 (4968860)|HEAP_ALLOCATE|[22]|Bytes:11
07:03:23.0 (4973857)|HEAP_ALLOCATE|[22]|Bytes:6
07:03:23.0 (4976544)|HEAP_ALLOCATE|[22]|Bytes:13
07:03:23.0 (4992666)|HEAP_ALLOCATE|[22]|Bytes:64
07:03:23.0 (4996519)|HEAP_ALLOCATE|[22]|Bytes:1
07:03:23.0 (5003017)|HEAP_ALLOCATE|[22]|Bytes:65
07:03:23.0 (5007649)|VARIABLE_SCOPE_BEGIN|[22]|soql|String|false|false
07:03:23.0 (5016625)|VARIABLE_ASSIGNMENT|[22]|soql|"select Id, Status__c (45 more) ..."
07:03:23.0 (5018678)|STATEMENT_EXECUTE|[23]
07:03:23.0 (5059081)|HEAP_ALLOCATE|[50]|Bytes:5
07:03:23.0 (5084999)|HEAP_ALLOCATE|[56]|Bytes:5
07:03:23.0 (5093489)|HEAP_ALLOCATE|[64]|Bytes:7
07:03:23.0 (6008252)|SOQL_EXECUTE_BEGIN|[23]|Aggregations:0|select Id, Status__c from ITPR__c where id = 'a1Nm00000011q90EAA'
07:03:23.0 (10674479)|SOQL_EXECUTE_END|[23]|Rows:1
07:03:23.0 (10696790)|HEAP_ALLOCATE|[23]|Bytes:8
07:03:23.0 (10712550)|HEAP_ALLOCATE|[23]|Bytes:50
07:03:23.0 (10817683)|HEAP_ALLOCATE|[23]|Bytes:8
07:03:23.0 (10833917)|VARIABLE_SCOPE_BEGIN|[23]|records|List<SObject>|true|false
07:03:23.0 (10869833)|VARIABLE_ASSIGNMENT|[23]|records|{"s":1,"v":[{"s":2,"v":{"Id":"a1Nm00000011q90EAA","Status__c":"Assigned"}}]}|0x1ba41147
07:03:23.0 (10873049)|STATEMENT_EXECUTE|[24]
07:03:23.0 (10949939)|HEAP_ALLOCATE|[24]|Bytes:12
07:03:23.0 (11026181)|HEAP_ALLOCATE|[24]|Bytes:8
07:03:23.0 (11046333)|SYSTEM_MODE_EXIT|false
07:03:23.11 (11092328)|CUMULATIVE_LIMIT_USAGE
07:03:23.11 (11092328)|LIMIT_USAGE_FOR_NS|(default)|
  Number of SOQL queries: 1 out of 100
  Number of query rows: 1 out of 50000
  Number of SOSL queries: 0 out of 20
  Number of DML statements: 0 out of 150
  Number of DML rows: 0 out of 10000
  Maximum CPU time: 0 out of 10000
  Maximum heap size: 0 out of 6000000
  Number of callouts: 0 out of 100
  Number of Email Invocations: 0 out of 10
  Number of future calls: 0 out of 50
  Number of queueable jobs added to the queue: 0 out of 50
  Number of Mobile Apex push calls: 0 out of 10

07:03:23.11 (11092328)|CUMULATIVE_LIMIT_USAGE_END

07:03:23.0 (11133610)|CODE_UNIT_FINISHED|AnythingPath.getCurrentValue
07:03:23.0 (11362098)|HEAP_ALLOCATE|[EXTERNAL]|Bytes:18
07:03:23.0 (11374051)|HEAP_ALLOCATE|[EXTERNAL]|Bytes:18
07:03:23.0 (11422407)|HEAP_ALLOCATE|[EXTERNAL]|Bytes:9
07:03:23.0 (11432486)|HEAP_ALLOCATE|[EXTERNAL]|Bytes:9
07:03:23.0 (11483423)|HEAP_ALLOCATE|[EXTERNAL]|Bytes:7
07:03:23.0 (11493613)|HEAP_ALLOCATE|[EXTERNAL]|Bytes:7
07:03:23.0 (15805381)|CODE_UNIT_STARTED|[EXTERNAL]|01pm0000000EXDB|AnythingPath.getPicklistOptions
07:03:23.0 (15853375)|HEAP_ALLOCATE|[EXTERNAL]|Bytes:18
07:03:23.0 (15856986)|HEAP_ALLOCATE|[EXTERNAL]|Bytes:9
07:03:23.0 (15858437)|HEAP_ALLOCATE|[EXTERNAL]|Bytes:7
07:03:23.0 (15864152)|SYSTEM_MODE_ENTER|false
07:03:23.0 (15871757)|VARIABLE_SCOPE_BEGIN|[37]|recordId|String|false|false
07:03:23.0 (15878795)|VARIABLE_ASSIGNMENT|[37]|recordId|"a1Nm00000011q90EAA"
07:03:23.0 (15881987)|VARIABLE_SCOPE_BEGIN|[37]|picklistField|String|false|false
07:03:23.0 (15885577)|VARIABLE_ASSIGNMENT|[37]|picklistField|"Status__c"
07:03:23.0 (15888191)|VARIABLE_SCOPE_BEGIN|[37]|sObjectName|String|false|false
07:03:23.0 (15891372)|VARIABLE_ASSIGNMENT|[37]|sObjectName|"ITPR__c"
07:03:23.0 (15897258)|STATEMENT_EXECUTE|[37]
07:03:23.0 (15898701)|STATEMENT_EXECUTE|[38]
07:03:23.0 (15906183)|HEAP_ALLOCATE|[38]|Bytes:4
07:03:23.0 (15919515)|VARIABLE_SCOPE_BEGIN|[38]|output|Map<String,String>|true|false
07:03:23.0 (15936328)|VARIABLE_ASSIGNMENT|[38]|output|{"s":1,"v":{}}|0x30ee6992
07:03:23.0 (15939234)|STATEMENT_EXECUTE|[39]
07:03:23.0 (15945921)|VARIABLE_SCOPE_BEGIN|[39]|objType|Schema.SObjectType|true|false
07:03:23.0 (15951622)|VARIABLE_ASSIGNMENT|[39]|objType|null|
07:03:23.0 (15954050)|STATEMENT_EXECUTE|[42]
07:03:23.0 (15955146)|STATEMENT_EXECUTE|[49]
07:03:23.0 (15997408)|HEAP_ALLOCATE|[49]|Bytes:4
07:03:23.0 (16146482)|VARIABLE_ASSIGNMENT|[49]|objType|"common.apex.runtime.impl.ApexSObjectTypeToken@8e4364a"|0x8e4364a
07:03:23.0 (16151820)|STATEMENT_EXECUTE|[50]
07:03:23.0 (16800156)|HEAP_ALLOCATE|[50]|Bytes:4
07:03:23.0 (16840731)|VARIABLE_SCOPE_BEGIN|[50]|dsr|Schema.DescribeSObjectResult|true|false
07:03:23.0 (16917025)|VARIABLE_ASSIGNMENT|[50]|dsr|"common.api.soap.wsdl.DescribeSObjectResult@d9bce2b6"|0x1b52875f
07:03:23.0 (16921455)|STATEMENT_EXECUTE|[51]
07:03:23.0 (18527692)|HEAP_ALLOCATE|[51]|Bytes:804
07:03:23.0 (18538223)|VARIABLE_SCOPE_BEGIN|[51]|fieldMap|Map<String,Schema.SObjectField>|true|false
07:03:23.0 (18775048)|VARIABLE_ASSIGNMENT|[51]|fieldMap|"{acceptance_time__c=Acceptance_Time__c, actionable_request__c=Actionable_Request__c, actual_finance_assignee__c=Actual_Finance_Assignee__c, actual_legal_assignee__c=Actual_Legal_Assignee__c, actual_procurement_assignee__c=Actual_Procurement_Assignee__c, actual_requestor__c=Actual_Requestor__c, actual_vendor_governance_assignee__c=Actual_Vendor_Governance_Assignee__c, additional_approval_complete__c=Additional_Approval_Complete__c, additional_approver_1__c=Additional_Approver_1__c, additional_approver_2__c=Additional_Approver_2__c, ...}"|0x78615ed7
07:03:23.0 (18783529)|STATEMENT_EXECUTE|[52]
07:03:23.0 (20091662)|HEAP_ALLOCATE|[52]|Bytes:8
07:03:23.0 (20123542)|VARIABLE_SCOPE_BEGIN|[52]|dfr|Schema.DescribeFieldResult|true|false
07:03:23.0 (20254581)|VARIABLE_ASSIGNMENT|[52]|dfr|"common.api.soap.wsdl.Field@6d496207"|0x18b5a36b
07:03:23.0 (20259255)|STATEMENT_EXECUTE|[53]
07:03:23.0 (20289259)|HEAP_ALLOCATE|[EXTERNAL]|Bytes:60
07:03:23.0 (20343417)|HEAP_ALLOCATE|[53]|Bytes:60
07:03:23.0 (20353508)|VARIABLE_SCOPE_BEGIN|[53]|results|List<Schema.PicklistEntry>|true|false
07:03:23.0 (20369859)|VARIABLE_ASSIGNMENT|[53]|results|{"s":1,"v":"List of size 14 too large to display"}|0x6a50d14c
07:03:23.0 (20562859)|HEAP_ALLOCATE|[55]|Bytes:5
07:03:23.0 (20619273)|HEAP_ALLOCATE|[55]|Bytes:4
07:03:23.0 (20646452)|VARIABLE_SCOPE_BEGIN|[55]|pe|Schema.PicklistEntry|true|false
07:03:23.0 (20659549)|VARIABLE_ASSIGNMENT|[55]|pe|Draft|0x7f1d886b
07:03:23.0 (20662884)|STATEMENT_EXECUTE|[55]
07:03:23.0 (20683391)|STATEMENT_EXECUTE|[56]
07:03:23.0 (20699738)|HEAP_ALLOCATE|[56]|Bytes:5
07:03:23.0 (20710228)|HEAP_ALLOCATE|[56]|Bytes:5
07:03:23.0 (20745263)|HEAP_ALLOCATE|[EXTERNAL]|Bytes:-4
07:03:23.0 (20761523)|HEAP_ALLOCATE|[55]|Bytes:5
07:03:23.0 (20772498)|HEAP_ALLOCATE|[55]|Bytes:4
07:03:23.0 (20785874)|VARIABLE_SCOPE_BEGIN|[55]|pe|Schema.PicklistEntry|true|false
07:03:23.0 (20795548)|VARIABLE_ASSIGNMENT|[55]|pe|Submitted|0x132bec75
07:03:23.0 (20798270)|STATEMENT_EXECUTE|[55]
07:03:23.0 (20804983)|STATEMENT_EXECUTE|[56]
07:03:23.0 (20809849)|HEAP_ALLOCATE|[56]|Bytes:9
07:03:23.0 (20814678)|HEAP_ALLOCATE|[56]|Bytes:9
07:03:23.0 (20823297)|HEAP_ALLOCATE|[EXTERNAL]|Bytes:-4
07:03:23.0 (20834556)|HEAP_ALLOCATE|[55]|Bytes:5
07:03:23.0 (20844029)|HEAP_ALLOCATE|[55]|Bytes:4
07:03:23.0 (20855459)|VARIABLE_SCOPE_BEGIN|[55]|pe|Schema.PicklistEntry|true|false
07:03:23.0 (20864099)|VARIABLE_ASSIGNMENT|[55]|pe|Pending More Info Needed|0x473d68ec
07:03:23.0 (20866889)|STATEMENT_EXECUTE|[55]
07:03:23.0 (20873426)|STATEMENT_EXECUTE|[56]
07:03:23.0 (20878085)|HEAP_ALLOCATE|[56]|Bytes:24
07:03:23.0 (20882965)|HEAP_ALLOCATE|[56]|Bytes:24
07:03:23.0 (20891342)|HEAP_ALLOCATE|[EXTERNAL]|Bytes:-4
07:03:23.0 (20901999)|HEAP_ALLOCATE|[55]|Bytes:5
07:03:23.0 (20911242)|HEAP_ALLOCATE|[55]|Bytes:4
07:03:23.0 (20922366)|VARIABLE_SCOPE_BEGIN|[55]|pe|Schema.PicklistEntry|true|false
07:03:23.0 (20930678)|VARIABLE_ASSIGNMENT|[55]|pe|Assigned|0x3be24fac
07:03:23.0 (20933199)|STATEMENT_EXECUTE|[55]
07:03:23.0 (20939143)|STATEMENT_EXECUTE|[56]
07:03:23.0 (20943672)|HEAP_ALLOCATE|[56]|Bytes:8
07:03:23.0 (20948357)|HEAP_ALLOCATE|[56]|Bytes:8
07:03:23.0 (20956353)|HEAP_ALLOCATE|[EXTERNAL]|Bytes:-4
07:03:23.0 (20966995)|HEAP_ALLOCATE|[55]|Bytes:5
07:03:23.0 (20976236)|HEAP_ALLOCATE|[55]|Bytes:4
07:03:23.0 (20987327)|VARIABLE_SCOPE_BEGIN|[55]|pe|Schema.PicklistEntry|true|false
07:03:23.0 (20995310)|VARIABLE_ASSIGNMENT|[55]|pe|In Process|0x282fc66b
07:03:23.0 (20997757)|STATEMENT_EXECUTE|[55]
07:03:23.0 (21003600)|STATEMENT_EXECUTE|[56]
07:03:23.0 (21009814)|HEAP_ALLOCATE|[56]|Bytes:10
07:03:23.0 (21014543)|HEAP_ALLOCATE|[56]|Bytes:10
07:03:23.0 (21022678)|HEAP_ALLOCATE|[EXTERNAL]|Bytes:-4
07:03:23.0 (21033414)|HEAP_ALLOCATE|[55]|Bytes:5
07:03:23.0 (21042630)|HEAP_ALLOCATE|[55]|Bytes:4
07:03:23.0 (21053654)|VARIABLE_SCOPE_BEGIN|[55]|pe|Schema.PicklistEntry|true|false
07:03:23.0 (21061802)|VARIABLE_ASSIGNMENT|[55]|pe|Pending Project Final Budget|0x64abdf5f
07:03:23.0 (21064488)|STATEMENT_EXECUTE|[55]
07:03:23.0 (21070675)|STATEMENT_EXECUTE|[56]
07:03:23.0 (21075207)|HEAP_ALLOCATE|[56]|Bytes:28
07:03:23.0 (21079886)|HEAP_ALLOCATE|[56]|Bytes:28
07:03:23.0 (21087839)|HEAP_ALLOCATE|[EXTERNAL]|Bytes:-4
07:03:23.0 (21098316)|HEAP_ALLOCATE|[55]|Bytes:5
07:03:23.0 (21107479)|HEAP_ALLOCATE|[55]|Bytes:4
07:03:23.0 (21118426)|VARIABLE_SCOPE_BEGIN|[55]|pe|Schema.PicklistEntry|true|false
07:03:23.0 (21126671)|VARIABLE_ASSIGNMENT|[55]|pe|In Approvals|0x48fda12e
07:03:23.0 (21129391)|STATEMENT_EXECUTE|[55]
07:03:23.0 (21135387)|STATEMENT_EXECUTE|[56]
07:03:23.0 (21140556)|HEAP_ALLOCATE|[56]|Bytes:12
07:03:23.0 (21145208)|HEAP_ALLOCATE|[56]|Bytes:12
07:03:23.0 (21153137)|HEAP_ALLOCATE|[EXTERNAL]|Bytes:-4
07:03:23.0 (21163473)|HEAP_ALLOCATE|[55]|Bytes:5
07:03:23.0 (21172638)|HEAP_ALLOCATE|[55]|Bytes:4
07:03:23.0 (21183773)|VARIABLE_SCOPE_BEGIN|[55]|pe|Schema.PicklistEntry|true|false
07:03:23.0 (21191777)|VARIABLE_ASSIGNMENT|[55]|pe|All Digital Initials Obtained|0x614b18b2
07:03:23.0 (21194414)|STATEMENT_EXECUTE|[55]
07:03:23.0 (21200476)|STATEMENT_EXECUTE|[56]
07:03:23.0 (21204947)|HEAP_ALLOCATE|[56]|Bytes:29
07:03:23.0 (21209564)|HEAP_ALLOCATE|[56]|Bytes:29
07:03:23.0 (21217461)|HEAP_ALLOCATE|[EXTERNAL]|Bytes:-4
07:03:23.0 (21227897)|HEAP_ALLOCATE|[55]|Bytes:5
07:03:23.0 (21236968)|HEAP_ALLOCATE|[55]|Bytes:4
07:03:23.0 (21247758)|VARIABLE_SCOPE_BEGIN|[55]|pe|Schema.PicklistEntry|true|false
07:03:23.0 (21255712)|VARIABLE_ASSIGNMENT|[55]|pe|On Hold|0x3781966e
07:03:23.0 (21258101)|STATEMENT_EXECUTE|[55]
07:03:23.0 (21264118)|STATEMENT_EXECUTE|[56]
07:03:23.0 (21269262)|HEAP_ALLOCATE|[56]|Bytes:7
07:03:23.0 (21273882)|HEAP_ALLOCATE|[56]|Bytes:7
07:03:23.0 (21281888)|HEAP_ALLOCATE|[EXTERNAL]|Bytes:-4
07:03:23.0 (21292556)|HEAP_ALLOCATE|[55]|Bytes:5
07:03:23.0 (21301691)|HEAP_ALLOCATE|[55]|Bytes:4
07:03:23.0 (21312558)|VARIABLE_SCOPE_BEGIN|[55]|pe|Schema.PicklistEntry|true|false
07:03:23.0 (21320683)|VARIABLE_ASSIGNMENT|[55]|pe|Cancelled|0xdeaf6e6
07:03:23.0 (21323311)|STATEMENT_EXECUTE|[55]
07:03:23.0 (21329168)|STATEMENT_EXECUTE|[56]
07:03:23.0 (21333599)|HEAP_ALLOCATE|[56]|Bytes:9
07:03:23.0 (21338352)|HEAP_ALLOCATE|[56]|Bytes:9
07:03:23.0 (21346463)|HEAP_ALLOCATE|[EXTERNAL]|Bytes:-4
07:03:23.0 (21356895)|HEAP_ALLOCATE|[55]|Bytes:5
07:03:23.0 (21365957)|HEAP_ALLOCATE|[55]|Bytes:4
07:03:23.0 (21376768)|VARIABLE_SCOPE_BEGIN|[55]|pe|Schema.PicklistEntry|true|false
07:03:23.0 (21384560)|VARIABLE_ASSIGNMENT|[55]|pe|Reactivate|0x28bbc2a4
07:03:23.0 (21386904)|STATEMENT_EXECUTE|[55]
07:03:23.0 (21392782)|STATEMENT_EXECUTE|[56]
07:03:23.0 (21397184)|HEAP_ALLOCATE|[56]|Bytes:10
07:03:23.0 (21402240)|HEAP_ALLOCATE|[56]|Bytes:10
07:03:23.0 (21410220)|HEAP_ALLOCATE|[EXTERNAL]|Bytes:-4
07:03:23.0 (21420675)|HEAP_ALLOCATE|[55]|Bytes:5
07:03:23.0 (21429673)|HEAP_ALLOCATE|[55]|Bytes:4
07:03:23.0 (21440635)|VARIABLE_SCOPE_BEGIN|[55]|pe|Schema.PicklistEntry|true|false
07:03:23.0 (21448450)|VARIABLE_ASSIGNMENT|[55]|pe|Executed and Filed|0x110cc189
07:03:23.0 (21450993)|STATEMENT_EXECUTE|[55]
07:03:23.0 (21456890)|STATEMENT_EXECUTE|[56]
07:03:23.0 (21461456)|HEAP_ALLOCATE|[56]|Bytes:18
07:03:23.0 (21465996)|HEAP_ALLOCATE|[56]|Bytes:18
07:03:23.0 (21473755)|HEAP_ALLOCATE|[EXTERNAL]|Bytes:-4
07:03:23.0 (21484176)|HEAP_ALLOCATE|[55]|Bytes:5
07:03:23.0 (21493409)|HEAP_ALLOCATE|[55]|Bytes:4
07:03:23.0 (21504136)|VARIABLE_SCOPE_BEGIN|[55]|pe|Schema.PicklistEntry|true|false
07:03:23.0 (21512133)|VARIABLE_ASSIGNMENT|[55]|pe|Not Executed and Closed|0x2a851720
07:03:23.0 (21514784)|STATEMENT_EXECUTE|[55]
07:03:23.0 (21520681)|STATEMENT_EXECUTE|[56]
07:03:23.0 (21525140)|HEAP_ALLOCATE|[56]|Bytes:23
07:03:23.0 (21530319)|HEAP_ALLOCATE|[56]|Bytes:23
07:03:23.0 (21538841)|HEAP_ALLOCATE|[EXTERNAL]|Bytes:-4
07:03:23.0 (21549256)|HEAP_ALLOCATE|[55]|Bytes:5
07:03:23.0 (21558534)|HEAP_ALLOCATE|[55]|Bytes:4
07:03:23.0 (21569520)|VARIABLE_SCOPE_BEGIN|[55]|pe|Schema.PicklistEntry|true|false
07:03:23.0 (21577629)|VARIABLE_ASSIGNMENT|[55]|pe|Complete|0x70029950
07:03:23.0 (21580070)|STATEMENT_EXECUTE|[55]
07:03:23.0 (21586004)|STATEMENT_EXECUTE|[56]
07:03:23.0 (21590466)|HEAP_ALLOCATE|[56]|Bytes:8
07:03:23.0 (21595022)|HEAP_ALLOCATE|[56]|Bytes:8
07:03:23.0 (21602898)|HEAP_ALLOCATE|[EXTERNAL]|Bytes:-4
07:03:23.0 (21613350)|HEAP_ALLOCATE|[55]|Bytes:5
07:03:23.0 (21622492)|VARIABLE_ASSIGNMENT|[55]|pe|null|
07:03:23.0 (21625524)|STATEMENT_EXECUTE|[58]
07:03:23.0 (21631807)|SYSTEM_MODE_EXIT|false
07:03:23.21 (21656143)|CUMULATIVE_LIMIT_USAGE
07:03:23.21 (21656143)|LIMIT_USAGE_FOR_NS|(default)|
  Number of SOQL queries: 1 out of 100
  Number of query rows: 1 out of 50000
  Number of SOSL queries: 0 out of 20
  Number of DML statements: 0 out of 150
  Number of DML rows: 0 out of 10000
  Maximum CPU time: 0 out of 10000
  Maximum heap size: 0 out of 6000000
  Number of callouts: 0 out of 100
  Number of Email Invocations: 0 out of 10
  Number of future calls: 0 out of 50
  Number of queueable jobs added to the queue: 0 out of 50
  Number of Mobile Apex push calls: 0 out of 10

07:03:23.21 (21656143)|CUMULATIVE_LIMIT_USAGE_END

07:03:23.0 (21682296)|CODE_UNIT_FINISHED|AnythingPath.getPicklistOptions
07:03:23.0 (21911857)|HEAP_ALLOCATE|[EXTERNAL]|Bytes:7
07:03:23.0 (21923906)|HEAP_ALLOCATE|[EXTERNAL]|Bytes:7
07:03:23.0 (21972585)|HEAP_ALLOCATE|[EXTERNAL]|Bytes:9
07:03:23.0 (21982482)|HEAP_ALLOCATE|[EXTERNAL]|Bytes:9
07:03:23.0 (25287450)|CODE_UNIT_STARTED|[EXTERNAL]|01pm0000000EXDB|AnythingPath.dynamicTopic
07:03:23.0 (25322581)|HEAP_ALLOCATE|[EXTERNAL]|Bytes:7
07:03:23.0 (25325944)|HEAP_ALLOCATE|[EXTERNAL]|Bytes:9
07:03:23.0 (25331522)|SYSTEM_MODE_ENTER|false
07:03:23.0 (25335723)|VARIABLE_SCOPE_BEGIN|[65]|WhichObject|String|false|false
07:03:23.0 (25342201)|VARIABLE_ASSIGNMENT|[65]|WhichObject|"ITPR__c"
07:03:23.0 (25344279)|VARIABLE_SCOPE_BEGIN|[65]|Field|String|false|false
07:03:23.0 (25347222)|VARIABLE_ASSIGNMENT|[65]|Field|"Status__c"
07:03:23.0 (25352739)|STATEMENT_EXECUTE|[65]
07:03:23.0 (25354205)|STATEMENT_EXECUTE|[67]
07:03:23.0 (25357032)|HEAP_ALLOCATE|[67]|Bytes:11
07:03:23.0 (25370063)|HEAP_ALLOCATE|[67]|Bytes:33
07:03:23.0 (25374528)|VARIABLE_SCOPE_BEGIN|[67]|DynamicQuery|String|false|false
07:03:23.0 (25381718)|VARIABLE_ASSIGNMENT|[67]|DynamicQuery|"Select Id, Status__c (13 more) ..."
07:03:23.0 (25383902)|STATEMENT_EXECUTE|[70]
07:03:23.0 (25386397)|HEAP_ALLOCATE|[70]|Bytes:85
07:03:23.0 (25393754)|HEAP_ALLOCATE|[70]|Bytes:4
07:03:23.0 (25401325)|HEAP_ALLOCATE|[70]|Bytes:7
07:03:23.0 (25669270)|SOQL_EXECUTE_BEGIN|[70]|Aggregations:0|SELECT Id, ApiVersion, Name, Description, Query FROM Pushtopic WHERE Query = :tmpVar1
07:03:23.0 (29765716)|SOQL_EXECUTE_END|[70]|Rows:1
07:03:23.0 (29780308)|HEAP_ALLOCATE|[70]|Bytes:8
07:03:23.0 (29792076)|HEAP_ALLOCATE|[70]|Bytes:199
07:03:23.0 (29841652)|HEAP_ALLOCATE|[70]|Bytes:8
07:03:23.0 (29850990)|VARIABLE_SCOPE_BEGIN|[70]|topicList|List<PushTopic>|true|false
07:03:23.0 (29878481)|VARIABLE_ASSIGNMENT|[70]|topicList|{"s":1,"v":[{"s":2,"v":{"Id":"0IFm00000004E6HGAU","ApiVersion":36.0,"Name":"ITPR__cStatus__c","Description":"Autogenerated by Any (19 more) ...","Query":"Select Id, Status__c (13 more) ..."}}]}|0x64297a6a
07:03:23.0 (29924666)|STATEMENT_EXECUTE|[85]
07:03:23.0 (29926929)|STATEMENT_EXECUTE|[86]
07:03:23.0 (29952282)|HEAP_ALLOCATE|[86]|Bytes:24
07:03:23.0 (29981678)|SYSTEM_MODE_EXIT|false
07:03:23.30 (30006029)|CUMULATIVE_LIMIT_USAGE
07:03:23.30 (30006029)|LIMIT_USAGE_FOR_NS|(default)|
  Number of SOQL queries: 2 out of 100
  Number of query rows: 2 out of 50000
  Number of SOSL queries: 0 out of 20
  Number of DML statements: 0 out of 150
  Number of DML rows: 0 out of 10000
  Maximum CPU time: 0 out of 10000
  Maximum heap size: 0 out of 6000000
  Number of callouts: 0 out of 100
  Number of Email Invocations: 0 out of 10
  Number of future calls: 0 out of 50
  Number of queueable jobs added to the queue: 0 out of 50
  Number of Mobile Apex push calls: 0 out of 10

07:03:23.30 (30006029)|CUMULATIVE_LIMIT_USAGE_END

07:03:23.0 (30032674)|CODE_UNIT_FINISHED|AnythingPath.dynamicTopic
07:03:23.0 (76179923)|HEAP_ALLOCATE|[EXTERNAL]|Bytes:18
07:03:23.0 (76212141)|HEAP_ALLOCATE|[EXTERNAL]|Bytes:18
07:03:23.0 (80507578)|CODE_UNIT_STARTED|[EXTERNAL]|01pm0000000EbLn|ITPR_QuickActions.retrieveITPRWithStatus
07:03:23.0 (80672918)|VARIABLE_SCOPE_BEGIN|[7]|ITPR_QuickActions.rtDictionary|Map<String,RecordType>|true|true
07:03:23.0 (80719523)|HEAP_ALLOCATE|[EXTERNAL]|Bytes:136
07:03:23.0 (80728105)|HEAP_ALLOCATE|[EXTERNAL]|Bytes:25
07:03:23.0 (80731307)|HEAP_ALLOCATE|[EXTERNAL]|Bytes:52
07:03:23.0 (80748045)|METHOD_ENTRY|[1]|01pm0000000EbLn|ITPR_QuickActions.ITPR_QuickActions()
07:03:23.0 (80752120)|STATEMENT_EXECUTE|[1]
07:03:23.0 (80759127)|STATEMENT_EXECUTE|[1]
07:03:23.0 (80760567)|STATEMENT_EXECUTE|[9]
07:03:23.0 (80761611)|STATEMENT_EXECUTE|[10]
07:03:23.0 (80766896)|HEAP_ALLOCATE|[11]|Bytes:70
07:03:23.0 (80782321)|HEAP_ALLOCATE|[11]|Bytes:4
07:03:23.0 (81167975)|SOQL_EXECUTE_BEGIN|[11]|Aggregations:0|SELECT Id, DeveloperName FROM RecordType WHERE SObjectType = 'ITPR__c'
07:03:23.0 (99223424)|SOQL_EXECUTE_END|[11]|Rows:17
07:03:23.0 (99244466)|HEAP_ALLOCATE|[11]|Bytes:72
07:03:23.0 (99275123)|HEAP_ALLOCATE|[11]|Bytes:992
07:03:23.0 (99325488)|HEAP_ALLOCATE|[11]|Bytes:72
07:03:23.0 (99339023)|VARIABLE_SCOPE_BEGIN|[10]|typeList|List<RecordType>|true|false
07:03:23.0 (99371832)|VARIABLE_ASSIGNMENT|[10]|typeList|{"s":1,"v":"List of size 17 too large to display"}|0x17808334
07:03:23.0 (99375147)|STATEMENT_EXECUTE|[13]
07:03:23.0 (99380212)|HEAP_ALLOCATE|[13]|Bytes:4
07:03:23.0 (99464507)|VARIABLE_ASSIGNMENT|[13]|ITPR_QuickActions.rtDictionary|{"s":1,"v":{}}|0x69e94e65
07:03:23.0 (99550607)|STATEMENT_EXECUTE|[15]
07:03:23.0 (99689756)|HEAP_ALLOCATE|[16]|Bytes:5
07:03:23.0 (99737539)|HEAP_ALLOCATE|[16]|Bytes:12
07:03:23.0 (99748583)|VARIABLE_SCOPE_BEGIN|[16]|rt|RecordType|true|false
07:03:23.0 (99771599)|VARIABLE_ASSIGNMENT|[16]|rt|{"s":1,"v":{"Id":"012m00000008iTlAAI","DeveloperName":"All_Digital_Initials (9 more) ..."}}|0x31c804e5
07:03:23.0 (99775117)|STATEMENT_EXECUTE|[17]
07:03:23.0 (99776354)|STATEMENT_EXECUTE|[18]
07:03:23.0 (99845802)|HEAP_ALLOCATE|[EXTERNAL]|Bytes:-4
07:03:23.0 (99862816)|HEAP_ALLOCATE|[16]|Bytes:5
07:03:23.0 (99885826)|HEAP_ALLOCATE|[16]|Bytes:12
07:03:23.0 (99893590)|VARIABLE_SCOPE_BEGIN|[16]|rt|RecordType|true|false
07:03:23.0 (99907448)|VARIABLE_ASSIGNMENT|[16]|rt|{"s":1,"v":{"Id":"012m00000008iTbAAI","DeveloperName":"Assigned"}}|0x632e91ed
07:03:23.0 (99910500)|STATEMENT_EXECUTE|[17]
07:03:23.0 (99911646)|STATEMENT_EXECUTE|[18]
07:03:23.0 (99927497)|HEAP_ALLOCATE|[EXTERNAL]|Bytes:-4
07:03:23.0 (99940188)|HEAP_ALLOCATE|[16]|Bytes:5
07:03:23.0 (99960130)|HEAP_ALLOCATE|[16]|Bytes:12
07:03:23.0 (99966811)|VARIABLE_SCOPE_BEGIN|[16]|rt|RecordType|true|false
07:03:23.0 (99978918)|VARIABLE_ASSIGNMENT|[16]|rt|{"s":1,"v":{"Id":"012m00000008iU0AAI","DeveloperName":"Cancelled"}}|0x3efa8ea9
07:03:23.0 (99981909)|STATEMENT_EXECUTE|[17]
07:03:23.0 (99982929)|STATEMENT_EXECUTE|[18]
07:03:23.0 (99996931)|HEAP_ALLOCATE|[EXTERNAL]|Bytes:-4
07:03:23.0 (100008740)|HEAP_ALLOCATE|[16]|Bytes:5
07:03:23.0 (100028899)|HEAP_ALLOCATE|[16]|Bytes:12
07:03:23.0 (100035624)|VARIABLE_SCOPE_BEGIN|[16]|rt|RecordType|true|false
07:03:23.0 (100047839)|VARIABLE_ASSIGNMENT|[16]|rt|{"s":1,"v":{"Id":"012m00000008iUKAAY","DeveloperName":"Complete"}}|0x9e44169
07:03:23.0 (100050583)|STATEMENT_EXECUTE|[17]
07:03:23.0 (100051787)|STATEMENT_EXECUTE|[18]
07:03:23.0 (100065565)|HEAP_ALLOCATE|[EXTERNAL]|Bytes:-4
07:03:23.0 (100077303)|HEAP_ALLOCATE|[16]|Bytes:5
07:03:23.0 (100096072)|HEAP_ALLOCATE|[16]|Bytes:12
07:03:23.0 (100102837)|VARIABLE_SCOPE_BEGIN|[16]|rt|RecordType|true|false
07:03:23.0 (100114707)|VARIABLE_ASSIGNMENT|[16]|rt|{"s":1,"v":{"Id":"012m00000008iTMAAY","DeveloperName":"Draft"}}|0x787a839c
07:03:23.0 (100117642)|STATEMENT_EXECUTE|[17]
07:03:23.0 (100118730)|STATEMENT_EXECUTE|[18]
07:03:23.0 (100132154)|HEAP_ALLOCATE|[EXTERNAL]|Bytes:-4
07:03:23.0 (100143721)|HEAP_ALLOCATE|[16]|Bytes:5
07:03:23.0 (100162065)|HEAP_ALLOCATE|[16]|Bytes:12
07:03:23.0 (100168394)|VARIABLE_SCOPE_BEGIN|[16]|rt|RecordType|true|false
07:03:23.0 (100179791)|VARIABLE_ASSIGNMENT|[16]|rt|{"s":1,"v":{"Id":"012m00000008iUAAAY","DeveloperName":"Executed"}}|0x6fccd487
07:03:23.0 (100182566)|STATEMENT_EXECUTE|[17]
07:03:23.0 (100183570)|STATEMENT_EXECUTE|[18]
07:03:23.0 (100196884)|HEAP_ALLOCATE|[EXTERNAL]|Bytes:-4
07:03:23.0 (100208347)|HEAP_ALLOCATE|[16]|Bytes:5
07:03:23.0 (100226794)|HEAP_ALLOCATE|[16]|Bytes:12
07:03:23.0 (100233473)|VARIABLE_SCOPE_BEGIN|[16]|rt|RecordType|true|false
07:03:23.0 (100245067)|VARIABLE_ASSIGNMENT|[16]|rt|{"s":1,"v":{"Id":"012m00000008iTgAAI","DeveloperName":"In_Approvals"}}|0x5a99011
07:03:23.0 (100248252)|STATEMENT_EXECUTE|[17]
07:03:23.0 (100249297)|STATEMENT_EXECUTE|[18]
07:03:23.0 (100262923)|HEAP_ALLOCATE|[EXTERNAL]|Bytes:-4
07:03:23.0 (100274212)|HEAP_ALLOCATE|[16]|Bytes:5
07:03:23.0 (100292490)|HEAP_ALLOCATE|[16]|Bytes:12
07:03:23.0 (100298798)|VARIABLE_SCOPE_BEGIN|[16]|rt|RecordType|true|false
07:03:23.0 (100310280)|VARIABLE_ASSIGNMENT|[16]|rt|{"s":1,"v":{"Id":"012d0000000x2ACAAY","DeveloperName":"In_Process"}}|0x2e6d66c4
07:03:23.0 (100313058)|STATEMENT_EXECUTE|[17]
07:03:23.0 (100314073)|STATEMENT_EXECUTE|[18]
07:03:23.0 (100327347)|HEAP_ALLOCATE|[EXTERNAL]|Bytes:-4
07:03:23.0 (100338630)|HEAP_ALLOCATE|[16]|Bytes:5
07:03:23.0 (100356806)|HEAP_ALLOCATE|[16]|Bytes:12
07:03:23.0 (100363160)|VARIABLE_SCOPE_BEGIN|[16]|rt|RecordType|true|false
07:03:23.0 (100374542)|VARIABLE_ASSIGNMENT|[16]|rt|{"s":1,"v":{"Id":"012m00000008iUFAAY","DeveloperName":"Not_Executed"}}|0x2a776f6
07:03:23.0 (100377113)|STATEMENT_EXECUTE|[17]
07:03:23.0 (100378388)|STATEMENT_EXECUTE|[18]
07:03:23.0 (100391811)|HEAP_ALLOCATE|[EXTERNAL]|Bytes:-4
07:03:23.0 (100403247)|HEAP_ALLOCATE|[16]|Bytes:5
07:03:23.0 (100421520)|HEAP_ALLOCATE|[16]|Bytes:12
07:03:23.0 (100427766)|VARIABLE_SCOPE_BEGIN|[16]|rt|RecordType|true|false
07:03:23.0 (100438970)|VARIABLE_ASSIGNMENT|[16]|rt|{"s":1,"v":{"Id":"012m00000008iTqAAI","DeveloperName":"On_Hold"}}|0xbc6f2c9
07:03:23.0 (100441678)|STATEMENT_EXECUTE|[17]
07:03:23.0 (100442685)|STATEMENT_EXECUTE|[18]
07:03:23.0 (100456124)|HEAP_ALLOCATE|[EXTERNAL]|Bytes:-4
07:03:23.0 (100467248)|HEAP_ALLOCATE|[16]|Bytes:5
07:03:23.0 (100490356)|HEAP_ALLOCATE|[16]|Bytes:12
07:03:23.0 (100497239)|VARIABLE_SCOPE_BEGIN|[16]|rt|RecordType|true|false
07:03:23.0 (100509257)|VARIABLE_ASSIGNMENT|[16]|rt|{"s":1,"v":{"Id":"012d0000000x3F8AAI","DeveloperName":"Pending_Budget"}}|0x4226c2b8
07:03:23.0 (100512282)|STATEMENT_EXECUTE|[17]
07:03:23.0 (100513323)|STATEMENT_EXECUTE|[18]
07:03:23.0 (100527385)|HEAP_ALLOCATE|[EXTERNAL]|Bytes:-4
07:03:23.0 (100539131)|HEAP_ALLOCATE|[16]|Bytes:5
07:03:23.0 (100557676)|HEAP_ALLOCATE|[16]|Bytes:12
07:03:23.0 (100564169)|VARIABLE_SCOPE_BEGIN|[16]|rt|RecordType|true|false
07:03:23.0 (100576740)|VARIABLE_ASSIGNMENT|[16]|rt|{"s":1,"v":{"Id":"012m00000008iTWAAY","DeveloperName":"Pending_More_Info_Ne (4 more) ..."}}|0x7b8c77e
07:03:23.0 (100579506)|STATEMENT_EXECUTE|[17]
07:03:23.0 (100580690)|STATEMENT_EXECUTE|[18]
07:03:23.0 (100594184)|HEAP_ALLOCATE|[EXTERNAL]|Bytes:-4
07:03:23.0 (100605651)|HEAP_ALLOCATE|[16]|Bytes:5
07:03:23.0 (100623926)|HEAP_ALLOCATE|[16]|Bytes:12
07:03:23.0 (100630423)|VARIABLE_SCOPE_BEGIN|[16]|rt|RecordType|true|false
07:03:23.0 (100641747)|VARIABLE_ASSIGNMENT|[16]|rt|{"s":1,"v":{"Id":"012m00000008iU5AAI","DeveloperName":"Reactivate"}}|0x3e9111b9
07:03:23.0 (100644565)|STATEMENT_EXECUTE|[17]
07:03:23.0 (100645576)|STATEMENT_EXECUTE|[18]
07:03:23.0 (100659620)|HEAP_ALLOCATE|[EXTERNAL]|Bytes:-4
07:03:23.0 (100671028)|HEAP_ALLOCATE|[16]|Bytes:5
07:03:23.0 (100692261)|HEAP_ALLOCATE|[16]|Bytes:12
07:03:23.0 (100700105)|VARIABLE_SCOPE_BEGIN|[16]|rt|RecordType|true|false
07:03:23.0 (100712138)|VARIABLE_ASSIGNMENT|[16]|rt|{"s":1,"v":{"Id":"012m00000008iTRAAY","DeveloperName":"Submitted"}}|0x2fdfc18
07:03:23.0 (100714847)|STATEMENT_EXECUTE|[17]
07:03:23.0 (100715831)|STATEMENT_EXECUTE|[18]
07:03:23.0 (100729802)|HEAP_ALLOCATE|[EXTERNAL]|Bytes:-4
07:03:23.0 (100741329)|HEAP_ALLOCATE|[16]|Bytes:5
07:03:23.0 (100760018)|HEAP_ALLOCATE|[16]|Bytes:12
07:03:23.0 (100766388)|VARIABLE_SCOPE_BEGIN|[16]|rt|RecordType|true|false
07:03:23.0 (100777783)|VARIABLE_ASSIGNMENT|[16]|rt|{"s":1,"v":{"Id":"012d0000000x2ADAAY","DeveloperName":"Wave1_Approvals"}}|0x763acdfd
07:03:23.0 (100780389)|STATEMENT_EXECUTE|[17]
07:03:23.0 (100781344)|STATEMENT_EXECUTE|[18]
07:03:23.0 (100794750)|HEAP_ALLOCATE|[EXTERNAL]|Bytes:-4
07:03:23.0 (100806024)|HEAP_ALLOCATE|[16]|Bytes:5
07:03:23.0 (100824285)|HEAP_ALLOCATE|[16]|Bytes:12
07:03:23.0 (100830543)|VARIABLE_SCOPE_BEGIN|[16]|rt|RecordType|true|false
07:03:23.0 (100841854)|VARIABLE_ASSIGNMENT|[16]|rt|{"s":1,"v":{"Id":"012d0000000x2AEAAY","DeveloperName":"Wave2_Approvals"}}|0x37786773
07:03:23.0 (100844453)|STATEMENT_EXECUTE|[17]
07:03:23.0 (100845414)|STATEMENT_EXECUTE|[18]
07:03:23.0 (100858418)|HEAP_ALLOCATE|[EXTERNAL]|Bytes:-4
07:03:23.0 (100869630)|HEAP_ALLOCATE|[16]|Bytes:5
07:03:23.0 (100887818)|HEAP_ALLOCATE|[16]|Bytes:12
07:03:23.0 (100894045)|VARIABLE_SCOPE_BEGIN|[16]|rt|RecordType|true|false
07:03:23.0 (100905379)|VARIABLE_ASSIGNMENT|[16]|rt|{"s":1,"v":{"Id":"012d0000000x2AFAAY","DeveloperName":"Wave3_Approvals"}}|0x1d2a4fc
07:03:23.0 (100907847)|STATEMENT_EXECUTE|[17]
07:03:23.0 (100908916)|STATEMENT_EXECUTE|[18]
07:03:23.0 (100922211)|HEAP_ALLOCATE|[EXTERNAL]|Bytes:-4
07:03:23.0 (100933615)|HEAP_ALLOCATE|[16]|Bytes:5
07:03:23.0 (100944167)|VARIABLE_ASSIGNMENT|[16]|rt|null|
07:03:23.0 (100954870)|METHOD_EXIT|[1]|ITPR_QuickActions
07:03:23.0 (100961090)|HEAP_ALLOCATE|[EXTERNAL]|Bytes:18
07:03:23.0 (100968140)|SYSTEM_MODE_ENTER|false
07:03:23.0 (100979397)|VARIABLE_SCOPE_BEGIN|[119]|recordId|String|false|false
07:03:23.0 (100985652)|VARIABLE_ASSIGNMENT|[119]|recordId|"a1Nm00000011q90EAA"
07:03:23.0 (100993268)|STATEMENT_EXECUTE|[119]
07:03:23.0 (100994540)|STATEMENT_EXECUTE|[120]
07:03:23.0 (100997456)|HEAP_ALLOCATE|[120]|Bytes:63
07:03:23.0 (101002889)|HEAP_ALLOCATE|[120]|Bytes:4
07:03:23.0 (101219177)|SOQL_EXECUTE_BEGIN|[120]|Aggregations:0|SELECT Name, Status__c FROM ITPR__c WHERE Id = :tmpVar1 LIMIT 1
07:03:23.0 (105293406)|SOQL_EXECUTE_END|[120]|Rows:1
07:03:23.0 (105312184)|HEAP_ALLOCATE|[120]|Bytes:8
07:03:23.0 (105326107)|HEAP_ALLOCATE|[120]|Bytes:70
07:03:23.0 (105345860)|HEAP_ALLOCATE|[120]|Bytes:8
07:03:23.0 (105358215)|HEAP_ALLOCATE|[120]|Bytes:33
07:03:23.0 (105402627)|HEAP_ALLOCATE|[120]|Bytes:16
07:03:23.0 (105414381)|VARIABLE_SCOPE_BEGIN|[120]|itsesRequest|ITPR__c|true|false
07:03:23.0 (105434727)|VARIABLE_ASSIGNMENT|[120]|itsesRequest|{"s":1,"v":{"Name":"201609-04573","Status__c":"Assigned","Id":"a1Nm00000011q90EAA"}}|0x7a85cecb
07:03:23.0 (105438219)|STATEMENT_EXECUTE|[121]
07:03:23.0 (105445819)|SYSTEM_MODE_EXIT|false
07:03:23.105 (105498575)|CUMULATIVE_LIMIT_USAGE
07:03:23.105 (105498575)|LIMIT_USAGE_FOR_NS|(default)|
  Number of SOQL queries: 4 out of 100
  Number of query rows: 20 out of 50000
  Number of SOSL queries: 0 out of 20
  Number of DML statements: 0 out of 150
  Number of DML rows: 0 out of 10000
  Maximum CPU time: 0 out of 10000
  Maximum heap size: 0 out of 6000000
  Number of callouts: 0 out of 100
  Number of Email Invocations: 0 out of 10
  Number of future calls: 0 out of 50
  Number of queueable jobs added to the queue: 0 out of 50
  Number of Mobile Apex push calls: 0 out of 10

07:03:23.105 (105498575)|CUMULATIVE_LIMIT_USAGE_END

07:03:23.0 (105551384)|CODE_UNIT_FINISHED|ITPR_QuickActions.retrieveITPRWithStatus
07:03:23.0 (136845753)|HEAP_ALLOCATE|[EXTERNAL]|Bytes:18
07:03:23.0 (136866016)|HEAP_ALLOCATE|[EXTERNAL]|Bytes:18
07:03:23.0 (136916612)|HEAP_ALLOCATE|[EXTERNAL]|Bytes:7
07:03:23.0 (136926790)|HEAP_ALLOCATE|[EXTERNAL]|Bytes:7
07:03:23.0 (136972848)|HEAP_ALLOCATE|[EXTERNAL]|Bytes:9
07:03:23.0 (136982609)|HEAP_ALLOCATE|[EXTERNAL]|Bytes:9
07:03:23.0 (141395334)|CODE_UNIT_STARTED|[EXTERNAL]|01pm0000000EZxV|GuidanceBox.getGuidance
07:03:23.0 (141501474)|HEAP_ALLOCATE|[EXTERNAL]|Bytes:4
07:03:23.0 (141507556)|HEAP_ALLOCATE|[EXTERNAL]|Bytes:2
07:03:23.0 (141515599)|METHOD_ENTRY|[1]|01pm0000000EZxV|GuidanceBox.GuidanceBox()
07:03:23.0 (141518214)|STATEMENT_EXECUTE|[1]
07:03:23.0 (141521583)|STATEMENT_EXECUTE|[1]
07:03:23.0 (141526390)|METHOD_EXIT|[1]|GuidanceBox
07:03:23.0 (141530560)|HEAP_ALLOCATE|[EXTERNAL]|Bytes:18
07:03:23.0 (141532243)|HEAP_ALLOCATE|[EXTERNAL]|Bytes:7
07:03:23.0 (141533524)|HEAP_ALLOCATE|[EXTERNAL]|Bytes:9
07:03:23.0 (141537024)|HEAP_ALLOCATE|[EXTERNAL]|Bytes:5
07:03:23.0 (141543392)|SYSTEM_MODE_ENTER|false
07:03:23.0 (141551920)|VARIABLE_SCOPE_BEGIN|[4]|recordId|String|false|false
07:03:23.0 (141559093)|VARIABLE_ASSIGNMENT|[4]|recordId|"a1Nm00000011q90EAA"
07:03:23.0 (141562429)|VARIABLE_SCOPE_BEGIN|[4]|sobjectname|String|false|false
07:03:23.0 (141565708)|VARIABLE_ASSIGNMENT|[4]|sobjectname|"ITPR__c"
07:03:23.0 (141568265)|VARIABLE_SCOPE_BEGIN|[4]|field|String|false|false
07:03:23.0 (141571083)|VARIABLE_ASSIGNMENT|[4]|field|"Status__c"
07:03:23.0 (141573999)|VARIABLE_SCOPE_BEGIN|[4]|useRecordTypes|Boolean|false|false
07:03:23.0 (141577311)|VARIABLE_ASSIGNMENT|[4]|useRecordTypes|false
07:03:23.0 (141583015)|STATEMENT_EXECUTE|[4]
07:03:23.0 (141585394)|STATEMENT_EXECUTE|[6]
07:03:23.0 (141586481)|STATEMENT_EXECUTE|[20]
07:03:23.0 (141589845)|HEAP_ALLOCATE|[20]|Bytes:7
07:03:23.0 (141595118)|HEAP_ALLOCATE|[20]|Bytes:12
07:03:23.0 (141608357)|HEAP_ALLOCATE|[20]|Bytes:59
07:03:23.0 (141615711)|HEAP_ALLOCATE|[20]|Bytes:60
07:03:23.0 (141804801)|SOQL_EXECUTE_BEGIN|[20]|Aggregations:0|select Status__c from ITPR__c where Id ='a1Nm00000011q90EAA'
07:03:23.0 (145374778)|SOQL_EXECUTE_END|[20]|Rows:1
07:03:23.0 (145389767)|HEAP_ALLOCATE|[20]|Bytes:8
07:03:23.0 (145400300)|HEAP_ALLOCATE|[20]|Bytes:50
07:03:23.0 (145414586)|HEAP_ALLOCATE|[20]|Bytes:8
07:03:23.0 (145425533)|HEAP_ALLOCATE|[20]|Bytes:33
07:03:23.0 (145459218)|HEAP_ALLOCATE|[20]|Bytes:12
07:03:23.0 (145469262)|VARIABLE_SCOPE_BEGIN|[20]|sobj|SObject|true|false
07:03:23.0 (145493547)|VARIABLE_ASSIGNMENT|[20]|sobj|{"s":1,"v":{"Status__c":"Assigned","Id":"a1Nm00000011q90EAA"}}|0x7b208dac
07:03:23.0 (145496991)|STATEMENT_EXECUTE|[21]
07:03:23.0 (145557494)|HEAP_ALLOCATE|[21]|Bytes:8
07:03:23.0 (145572699)|VARIABLE_SCOPE_BEGIN|[21]|fieldValue|String|false|false
07:03:23.0 (145580042)|VARIABLE_ASSIGNMENT|[21]|fieldValue|"Assigned"
07:03:23.0 (145582271)|STATEMENT_EXECUTE|[23]
07:03:23.0 (145586181)|HEAP_ALLOCATE|[23]|Bytes:121
07:03:23.0 (145594459)|HEAP_ALLOCATE|[23]|Bytes:4
07:03:23.0 (145614213)|HEAP_ALLOCATE|[23]|Bytes:7
07:03:23.0 (145626291)|HEAP_ALLOCATE|[23]|Bytes:7
07:03:23.0 (146736167)|SOQL_EXECUTE_BEGIN|[23]|Aggregations:0|SELECT Guidance__c FROM GuidanceBox__c WHERE (object__c = :tmpVar1 AND field__c = :tmpVar2 AND Field_Value__c = :tmpVar3)
07:03:23.0 (152971177)|SOQL_EXECUTE_END|[23]|Rows:1
07:03:23.0 (152988066)|HEAP_ALLOCATE|[23]|Bytes:8
07:03:23.0 (152996733)|HEAP_ALLOCATE|[23]|Bytes:194
07:03:23.0 (153019178)|HEAP_ALLOCATE|[23]|Bytes:8
07:03:23.0 (153031142)|SYSTEM_MODE_EXIT|false
07:03:23.153 (153058670)|CUMULATIVE_LIMIT_USAGE
07:03:23.153 (153058670)|LIMIT_USAGE_FOR_NS|(default)|
  Number of SOQL queries: 6 out of 100
  Number of query rows: 22 out of 50000
  Number of SOSL queries: 0 out of 20
  Number of DML statements: 0 out of 150
  Number of DML rows: 0 out of 10000
  Maximum CPU time: 0 out of 10000
  Maximum heap size: 0 out of 6000000
  Number of callouts: 0 out of 100
  Number of Email Invocations: 0 out of 10
  Number of future calls: 0 out of 50
  Number of queueable jobs added to the queue: 0 out of 50
  Number of Mobile Apex push calls: 0 out of 10

07:03:23.153 (153058670)|CUMULATIVE_LIMIT_USAGE_END

07:03:23.0 (153089883)|CODE_UNIT_FINISHED|GuidanceBox.getGuidance
