38.0 APEX_CODE,FINEST;APEX_PROFILING,INFO;CALLOUT,INFO;DB,INFO;SYSTEM,DEBUG;VALIDATION,INFO;VISUALFORCE,INFO;WORKFLOW,INFO
07:02:43.0 (428843)|USER_INFO|[EXTERNAL]|005m0000002GNhO|dscruggs@salesforce.com.rfadev13|Pacific Standard Time|GMT-07:00
07:02:43.0 (468039)|EXECUTION_STARTED
07:02:43.0 (474984)|CODE_UNIT_STARTED|[EXTERNAL]|aura
07:02:43.0 (1088214)|HEAP_ALLOCATE|[72]|Bytes:3
07:02:43.0 (1155217)|HEAP_ALLOCATE|[77]|Bytes:152
07:02:43.0 (1175445)|HEAP_ALLOCATE|[342]|Bytes:408
07:02:43.0 (1193006)|HEAP_ALLOCATE|[355]|Bytes:408
07:02:43.0 (1210876)|HEAP_ALLOCATE|[467]|Bytes:48
07:02:43.0 (1251965)|HEAP_ALLOCATE|[139]|Bytes:6
07:02:43.0 (1287077)|HEAP_ALLOCATE|[EXTERNAL]|Bytes:7
07:02:43.0 (1305212)|HEAP_ALLOCATE|[EXTERNAL]|Bytes:7
07:02:43.0 (1383305)|HEAP_ALLOCATE|[EXTERNAL]|Bytes:9
07:02:43.0 (1393039)|HEAP_ALLOCATE|[EXTERNAL]|Bytes:9
07:02:43.0 (3580699)|CODE_UNIT_STARTED|[EXTERNAL]|01pm0000000EZxV|GuidanceBox.dynamicTopic
07:02:43.0 (3675949)|HEAP_ALLOCATE|[EXTERNAL]|Bytes:4
07:02:43.0 (3681712)|HEAP_ALLOCATE|[EXTERNAL]|Bytes:2
07:02:43.0 (3690322)|METHOD_ENTRY|[1]|01pm0000000EZxV|GuidanceBox.GuidanceBox()
07:02:43.0 (3694749)|STATEMENT_EXECUTE|[1]
07:02:43.0 (3699704)|STATEMENT_EXECUTE|[1]
07:02:43.0 (3704429)|METHOD_EXIT|[1]|GuidanceBox
07:02:43.0 (3708129)|HEAP_ALLOCATE|[EXTERNAL]|Bytes:7
07:02:43.0 (3709835)|HEAP_ALLOCATE|[EXTERNAL]|Bytes:9
07:02:43.0 (3719368)|SYSTEM_MODE_ENTER|false
07:02:43.0 (3728296)|VARIABLE_SCOPE_BEGIN|[30]|WhichObject|String|false|false
07:02:43.0 (3761377)|VARIABLE_ASSIGNMENT|[30]|WhichObject|"ITPR__c"
07:02:43.0 (3765192)|VARIABLE_SCOPE_BEGIN|[30]|Field|String|false|false
07:02:43.0 (3769355)|VARIABLE_ASSIGNMENT|[30]|Field|"Status__c"
07:02:43.0 (3780843)|STATEMENT_EXECUTE|[30]
07:02:43.0 (3782569)|STATEMENT_EXECUTE|[31]
07:02:43.0 (4621096)|HEAP_ALLOCATE|[31]|Bytes:15
07:02:43.0 (4629220)|HEAP_ALLOCATE|[31]|Bytes:8
07:02:43.0 (4653369)|METHOD_ENTRY|[1]|01pm0000000EXDB|AnythingPath.AnythingPath()
07:02:43.0 (4656042)|STATEMENT_EXECUTE|[1]
07:02:43.0 (4659211)|STATEMENT_EXECUTE|[1]
07:02:43.0 (4662746)|METHOD_EXIT|[1]|AnythingPath
07:02:43.0 (4676864)|METHOD_ENTRY|[31]|01pm0000000EXDB|AnythingPath.dynamicTopic(String, String)
07:02:43.0 (4694542)|VARIABLE_SCOPE_BEGIN|[65]|WhichObject|String|false|false
07:02:43.0 (4701828)|VARIABLE_ASSIGNMENT|[65]|WhichObject|"ITPR__c"
07:02:43.0 (4704115)|VARIABLE_SCOPE_BEGIN|[65]|Field|String|false|false
07:02:43.0 (4707134)|VARIABLE_ASSIGNMENT|[65]|Field|"Status__c"
07:02:43.0 (4711069)|STATEMENT_EXECUTE|[65]
07:02:43.0 (4712450)|STATEMENT_EXECUTE|[67]
07:02:43.0 (4715634)|HEAP_ALLOCATE|[67]|Bytes:11
07:02:43.0 (4720312)|HEAP_ALLOCATE|[67]|Bytes:6
07:02:43.0 (4737053)|HEAP_ALLOCATE|[67]|Bytes:33
07:02:43.0 (4742334)|VARIABLE_SCOPE_BEGIN|[67]|DynamicQuery|String|false|false
07:02:43.0 (4752118)|VARIABLE_ASSIGNMENT|[67]|DynamicQuery|"Select Id, Status__c (13 more) ..."
07:02:43.0 (4754757)|STATEMENT_EXECUTE|[70]
07:02:43.0 (4757421)|HEAP_ALLOCATE|[70]|Bytes:85
07:02:43.0 (4769473)|HEAP_ALLOCATE|[70]|Bytes:4
07:02:43.0 (4780686)|HEAP_ALLOCATE|[70]|Bytes:7
07:02:43.0 (4818340)|HEAP_ALLOCATE|[50]|Bytes:5
07:02:43.0 (4842989)|HEAP_ALLOCATE|[56]|Bytes:5
07:02:43.0 (4850901)|HEAP_ALLOCATE|[64]|Bytes:7
07:02:43.0 (5250992)|SOQL_EXECUTE_BEGIN|[70]|Aggregations:0|SELECT Id, ApiVersion, Name, Description, Query FROM Pushtopic WHERE Query = :tmpVar1
07:02:43.0 (9885161)|SOQL_EXECUTE_END|[70]|Rows:1
07:02:43.0 (9905958)|HEAP_ALLOCATE|[70]|Bytes:8
07:02:43.0 (9927576)|HEAP_ALLOCATE|[70]|Bytes:199
07:02:43.0 (10040568)|HEAP_ALLOCATE|[70]|Bytes:8
07:02:43.0 (10054721)|VARIABLE_SCOPE_BEGIN|[70]|topicList|List<PushTopic>|true|false
07:02:43.0 (10103188)|VARIABLE_ASSIGNMENT|[70]|topicList|{"s":1,"v":[{"s":2,"v":{"Id":"0IFm00000004E6HGAU","ApiVersion":36.0,"Name":"ITPR__cStatus__c","Description":"Autogenerated by Any (19 more) ...","Query":"Select Id, Status__c (13 more) ..."}}]}|0x5442edaa
07:02:43.0 (10181627)|STATEMENT_EXECUTE|[85]
07:02:43.0 (10184197)|STATEMENT_EXECUTE|[86]
07:02:43.0 (10218623)|HEAP_ALLOCATE|[86]|Bytes:24
07:02:43.0 (10256961)|METHOD_EXIT|[31]|01pm0000000EXDB|AnythingPath.dynamicTopic(String, String)
07:02:43.0 (10272579)|SYSTEM_MODE_EXIT|false
07:02:43.10 (10326177)|CUMULATIVE_LIMIT_USAGE
07:02:43.10 (10326177)|LIMIT_USAGE_FOR_NS|(default)|
  Number of SOQL queries: 1 out of 100
  Number of query rows: 1 out of 50000
  Number of SOSL queries: 0 out of 20
  Number of DML statements: 0 out of 150
  Number of DML rows: 0 out of 10000
  Maximum CPU time: 0 out of 10000
  Maximum heap size: 0 out of 6000000
  Number of callouts: 0 out of 100
  Number of Email Invocations: 0 out of 10
  Number of future calls: 0 out of 50
  Number of queueable jobs added to the queue: 0 out of 50
  Number of Mobile Apex push calls: 0 out of 10

07:02:43.10 (10326177)|CUMULATIVE_LIMIT_USAGE_END

07:02:43.0 (10375944)|CODE_UNIT_FINISHED|GuidanceBox.dynamicTopic
