38.0 APEX_CODE,FINEST;APEX_PROFILING,INFO;CALLOUT,INFO;DB,INFO;SYSTEM,DEBUG;VALIDATION,INFO;VISUALFORCE,INFO;WORKFLOW,INFO
06:57:23.0 (486628)|USER_INFO|[EXTERNAL]|005m0000002GNhO|dscruggs@salesforce.com.rfadev13|Pacific Standard Time|GMT-07:00
06:57:23.0 (524666)|EXECUTION_STARTED
06:57:23.0 (529984)|CODE_UNIT_STARTED|[EXTERNAL]|aura
06:57:23.0 (926277)|HEAP_ALLOCATE|[72]|Bytes:3
06:57:23.0 (987362)|HEAP_ALLOCATE|[77]|Bytes:152
06:57:23.0 (1003599)|HEAP_ALLOCATE|[342]|Bytes:408
06:57:23.0 (1022475)|HEAP_ALLOCATE|[355]|Bytes:408
06:57:23.0 (1039308)|HEAP_ALLOCATE|[467]|Bytes:48
06:57:23.0 (1067189)|HEAP_ALLOCATE|[139]|Bytes:6
06:57:23.0 (1092912)|HEAP_ALLOCATE|[EXTERNAL]|Bytes:7
06:57:23.0 (1110573)|HEAP_ALLOCATE|[EXTERNAL]|Bytes:7
06:57:23.0 (1225684)|HEAP_ALLOCATE|[EXTERNAL]|Bytes:9
06:57:23.0 (1236087)|HEAP_ALLOCATE|[EXTERNAL]|Bytes:9
06:57:23.0 (3070101)|CODE_UNIT_STARTED|[EXTERNAL]|01pm0000000EZxV|GuidanceBox.dynamicTopic
06:57:23.0 (3175248)|HEAP_ALLOCATE|[EXTERNAL]|Bytes:4
06:57:23.0 (3180919)|HEAP_ALLOCATE|[EXTERNAL]|Bytes:2
06:57:23.0 (3191151)|METHOD_ENTRY|[1]|01pm0000000EZxV|GuidanceBox.GuidanceBox()
06:57:23.0 (3194946)|STATEMENT_EXECUTE|[1]
06:57:23.0 (3200001)|STATEMENT_EXECUTE|[1]
06:57:23.0 (3204247)|METHOD_EXIT|[1]|GuidanceBox
06:57:23.0 (3207840)|HEAP_ALLOCATE|[EXTERNAL]|Bytes:7
06:57:23.0 (3209588)|HEAP_ALLOCATE|[EXTERNAL]|Bytes:9
06:57:23.0 (3216791)|SYSTEM_MODE_ENTER|false
06:57:23.0 (3226028)|VARIABLE_SCOPE_BEGIN|[30]|WhichObject|String|false|false
06:57:23.0 (3256436)|VARIABLE_ASSIGNMENT|[30]|WhichObject|"ITPR__c"
06:57:23.0 (3260321)|VARIABLE_SCOPE_BEGIN|[30]|Field|String|false|false
06:57:23.0 (3264117)|VARIABLE_ASSIGNMENT|[30]|Field|"Status__c"
06:57:23.0 (3275893)|STATEMENT_EXECUTE|[30]
06:57:23.0 (3277353)|STATEMENT_EXECUTE|[31]
06:57:23.0 (3373632)|HEAP_ALLOCATE|[31]|Bytes:15
06:57:23.0 (3380113)|HEAP_ALLOCATE|[31]|Bytes:8
06:57:23.0 (3416320)|METHOD_ENTRY|[1]|01pm0000000EXDB|AnythingPath.AnythingPath()
06:57:23.0 (3419334)|STATEMENT_EXECUTE|[1]
06:57:23.0 (3421911)|STATEMENT_EXECUTE|[1]
06:57:23.0 (3425534)|METHOD_EXIT|[1]|AnythingPath
06:57:23.0 (3445832)|METHOD_ENTRY|[31]|01pm0000000EXDB|AnythingPath.dynamicTopic(String, String)
06:57:23.0 (3468458)|VARIABLE_SCOPE_BEGIN|[65]|WhichObject|String|false|false
06:57:23.0 (3475671)|VARIABLE_ASSIGNMENT|[65]|WhichObject|"ITPR__c"
06:57:23.0 (3478077)|VARIABLE_SCOPE_BEGIN|[65]|Field|String|false|false
06:57:23.0 (3481364)|VARIABLE_ASSIGNMENT|[65]|Field|"Status__c"
06:57:23.0 (3485291)|STATEMENT_EXECUTE|[65]
06:57:23.0 (3486565)|STATEMENT_EXECUTE|[67]
06:57:23.0 (3490298)|HEAP_ALLOCATE|[67]|Bytes:11
06:57:23.0 (3495210)|HEAP_ALLOCATE|[67]|Bytes:6
06:57:23.0 (3511635)|HEAP_ALLOCATE|[67]|Bytes:33
06:57:23.0 (3515926)|VARIABLE_SCOPE_BEGIN|[67]|DynamicQuery|String|false|false
06:57:23.0 (3525671)|VARIABLE_ASSIGNMENT|[67]|DynamicQuery|"Select Id, Status__c (13 more) ..."
06:57:23.0 (3528148)|STATEMENT_EXECUTE|[70]
06:57:23.0 (3530554)|HEAP_ALLOCATE|[70]|Bytes:85
06:57:23.0 (3542835)|HEAP_ALLOCATE|[70]|Bytes:4
06:57:23.0 (3553892)|HEAP_ALLOCATE|[70]|Bytes:7
06:57:23.0 (3589731)|HEAP_ALLOCATE|[50]|Bytes:5
06:57:23.0 (3612540)|HEAP_ALLOCATE|[56]|Bytes:5
06:57:23.0 (3621198)|HEAP_ALLOCATE|[64]|Bytes:7
06:57:23.0 (3967138)|SOQL_EXECUTE_BEGIN|[70]|Aggregations:0|SELECT Id, ApiVersion, Name, Description, Query FROM Pushtopic WHERE Query = :tmpVar1
06:57:23.0 (7167734)|SOQL_EXECUTE_END|[70]|Rows:1
06:57:23.0 (7187430)|HEAP_ALLOCATE|[70]|Bytes:8
06:57:23.0 (7205336)|HEAP_ALLOCATE|[70]|Bytes:199
06:57:23.0 (7308053)|HEAP_ALLOCATE|[70]|Bytes:8
06:57:23.0 (7320472)|VARIABLE_SCOPE_BEGIN|[70]|topicList|List<PushTopic>|true|false
06:57:23.0 (7361487)|VARIABLE_ASSIGNMENT|[70]|topicList|{"s":1,"v":[{"s":2,"v":{"Id":"0IFm00000004E6HGAU","ApiVersion":36.0,"Name":"ITPR__cStatus__c","Description":"Autogenerated by Any (19 more) ...","Query":"Select Id, Status__c (13 more) ..."}}]}|0x35754262
06:57:23.0 (7437262)|STATEMENT_EXECUTE|[85]
06:57:23.0 (7439766)|STATEMENT_EXECUTE|[86]
06:57:23.0 (7474458)|HEAP_ALLOCATE|[86]|Bytes:24
06:57:23.0 (7510123)|METHOD_EXIT|[31]|01pm0000000EXDB|AnythingPath.dynamicTopic(String, String)
06:57:23.0 (7518150)|SYSTEM_MODE_EXIT|false
06:57:23.7 (7563591)|CUMULATIVE_LIMIT_USAGE
06:57:23.7 (7563591)|LIMIT_USAGE_FOR_NS|(default)|
  Number of SOQL queries: 1 out of 100
  Number of query rows: 1 out of 50000
  Number of SOSL queries: 0 out of 20
  Number of DML statements: 0 out of 150
  Number of DML rows: 0 out of 10000
  Maximum CPU time: 0 out of 10000
  Maximum heap size: 0 out of 6000000
  Number of callouts: 0 out of 100
  Number of Email Invocations: 0 out of 10
  Number of future calls: 0 out of 50
  Number of queueable jobs added to the queue: 0 out of 50
  Number of Mobile Apex push calls: 0 out of 10

06:57:23.7 (7563591)|CUMULATIVE_LIMIT_USAGE_END

06:57:23.0 (7605407)|CODE_UNIT_FINISHED|GuidanceBox.dynamicTopic
