38.0 APEX_CODE,FINEST;APEX_PROFILING,INFO;CALLOUT,INFO;DB,INFO;SYSTEM,DEBUG;VALIDATION,INFO;VISUALFORCE,INFO;WORKFLOW,INFO
07:08:16.0 (294494)|USER_INFO|[EXTERNAL]|005m0000002GNhO|dscruggs@salesforce.com.rfadev13|Pacific Standard Time|GMT-07:00
07:08:16.0 (329282)|EXECUTION_STARTED
07:08:16.0 (336496)|CODE_UNIT_STARTED|[EXTERNAL]|aura
07:08:16.0 (839176)|HEAP_ALLOCATE|[72]|Bytes:3
07:08:16.0 (910981)|HEAP_ALLOCATE|[77]|Bytes:152
07:08:16.0 (934365)|HEAP_ALLOCATE|[342]|Bytes:408
07:08:16.0 (952277)|HEAP_ALLOCATE|[355]|Bytes:408
07:08:16.0 (969201)|HEAP_ALLOCATE|[467]|Bytes:48
07:08:16.0 (1002578)|HEAP_ALLOCATE|[139]|Bytes:6
07:08:16.0 (1033260)|HEAP_ALLOCATE|[EXTERNAL]|Bytes:18
07:08:16.0 (1051606)|HEAP_ALLOCATE|[EXTERNAL]|Bytes:18
07:08:16.0 (1115842)|HEAP_ALLOCATE|[EXTERNAL]|Bytes:7
07:08:16.0 (1126307)|HEAP_ALLOCATE|[EXTERNAL]|Bytes:7
07:08:16.0 (1175508)|HEAP_ALLOCATE|[EXTERNAL]|Bytes:9
07:08:16.0 (1185321)|HEAP_ALLOCATE|[EXTERNAL]|Bytes:9
07:08:16.0 (4137326)|CODE_UNIT_STARTED|[EXTERNAL]|01pm0000000EZxV|GuidanceBox.getGuidance
07:08:16.0 (4238027)|HEAP_ALLOCATE|[EXTERNAL]|Bytes:4
07:08:16.0 (4243329)|HEAP_ALLOCATE|[EXTERNAL]|Bytes:2
07:08:16.0 (4253267)|METHOD_ENTRY|[1]|01pm0000000EZxV|GuidanceBox.GuidanceBox()
07:08:16.0 (4256874)|STATEMENT_EXECUTE|[1]
07:08:16.0 (4262726)|STATEMENT_EXECUTE|[1]
07:08:16.0 (4268391)|METHOD_EXIT|[1]|GuidanceBox
07:08:16.0 (4272711)|HEAP_ALLOCATE|[EXTERNAL]|Bytes:18
07:08:16.0 (4274410)|HEAP_ALLOCATE|[EXTERNAL]|Bytes:7
07:08:16.0 (4275825)|HEAP_ALLOCATE|[EXTERNAL]|Bytes:9
07:08:16.0 (4315146)|HEAP_ALLOCATE|[50]|Bytes:5
07:08:16.0 (4344167)|HEAP_ALLOCATE|[56]|Bytes:5
07:08:16.0 (4352635)|HEAP_ALLOCATE|[64]|Bytes:7
07:08:16.0 (4371238)|HEAP_ALLOCATE|[EXTERNAL]|Bytes:5
07:08:16.0 (4384154)|SYSTEM_MODE_ENTER|false
07:08:16.0 (4393430)|VARIABLE_SCOPE_BEGIN|[4]|recordId|String|false|false
07:08:16.0 (4423691)|VARIABLE_ASSIGNMENT|[4]|recordId|"a1Nm00000011q90EAA"
07:08:16.0 (4426888)|VARIABLE_SCOPE_BEGIN|[4]|sobjectname|String|false|false
07:08:16.0 (4430290)|VARIABLE_ASSIGNMENT|[4]|sobjectname|"ITPR__c"
07:08:16.0 (4432108)|VARIABLE_SCOPE_BEGIN|[4]|field|String|false|false
07:08:16.0 (4434445)|VARIABLE_ASSIGNMENT|[4]|field|"Status__c"
07:08:16.0 (4436097)|VARIABLE_SCOPE_BEGIN|[4]|useRecordTypes|Boolean|false|false
07:08:16.0 (4440811)|VARIABLE_ASSIGNMENT|[4]|useRecordTypes|false
07:08:16.0 (4454199)|STATEMENT_EXECUTE|[4]
07:08:16.0 (4461322)|STATEMENT_EXECUTE|[6]
07:08:16.0 (4463148)|STATEMENT_EXECUTE|[20]
07:08:16.0 (4466599)|HEAP_ALLOCATE|[20]|Bytes:7
07:08:16.0 (4470471)|HEAP_ALLOCATE|[20]|Bytes:6
07:08:16.0 (4472555)|HEAP_ALLOCATE|[20]|Bytes:12
07:08:16.0 (4488893)|HEAP_ALLOCATE|[20]|Bytes:59
07:08:16.0 (4492800)|HEAP_ALLOCATE|[20]|Bytes:1
07:08:16.0 (4499451)|HEAP_ALLOCATE|[20]|Bytes:60
07:08:16.0 (5303914)|SOQL_EXECUTE_BEGIN|[20]|Aggregations:0|select Status__c from ITPR__c where Id ='a1Nm00000011q90EAA'
07:08:16.0 (9047398)|SOQL_EXECUTE_END|[20]|Rows:1
07:08:16.0 (9068336)|HEAP_ALLOCATE|[20]|Bytes:8
07:08:16.0 (9084158)|HEAP_ALLOCATE|[20]|Bytes:50
07:08:16.0 (9191777)|HEAP_ALLOCATE|[20]|Bytes:8
07:08:16.0 (9207653)|HEAP_ALLOCATE|[20]|Bytes:33
07:08:16.0 (9294901)|HEAP_ALLOCATE|[20]|Bytes:12
07:08:16.0 (9304603)|VARIABLE_SCOPE_BEGIN|[20]|sobj|SObject|true|false
07:08:16.0 (9333581)|VARIABLE_ASSIGNMENT|[20]|sobj|{"s":1,"v":{"Status__c":"Assigned","Id":"a1Nm00000011q90EAA"}}|0x142e08e5
07:08:16.0 (9336688)|STATEMENT_EXECUTE|[21]
07:08:16.0 (9411387)|HEAP_ALLOCATE|[21]|Bytes:8
07:08:16.0 (9427692)|VARIABLE_SCOPE_BEGIN|[21]|fieldValue|String|false|false
07:08:16.0 (9435243)|VARIABLE_ASSIGNMENT|[21]|fieldValue|"Assigned"
07:08:16.0 (9437585)|STATEMENT_EXECUTE|[23]
07:08:16.0 (9440752)|HEAP_ALLOCATE|[23]|Bytes:121
07:08:16.0 (9453565)|HEAP_ALLOCATE|[23]|Bytes:4
07:08:16.0 (9464968)|HEAP_ALLOCATE|[23]|Bytes:7
07:08:16.0 (9481826)|HEAP_ALLOCATE|[23]|Bytes:7
07:08:16.0 (9487868)|HEAP_ALLOCATE|[23]|Bytes:7
07:08:16.0 (10718490)|SOQL_EXECUTE_BEGIN|[23]|Aggregations:0|SELECT Guidance__c FROM GuidanceBox__c WHERE (object__c = :tmpVar1 AND field__c = :tmpVar2 AND Field_Value__c = :tmpVar3)
07:08:16.0 (16594743)|SOQL_EXECUTE_END|[23]|Rows:1
07:08:16.0 (16611835)|HEAP_ALLOCATE|[23]|Bytes:8
07:08:16.0 (16620906)|HEAP_ALLOCATE|[23]|Bytes:194
07:08:16.0 (16673909)|HEAP_ALLOCATE|[23]|Bytes:8
07:08:16.0 (16688370)|SYSTEM_MODE_EXIT|false
07:08:16.16 (16736039)|CUMULATIVE_LIMIT_USAGE
07:08:16.16 (16736039)|LIMIT_USAGE_FOR_NS|(default)|
  Number of SOQL queries: 2 out of 100
  Number of query rows: 2 out of 50000
  Number of SOSL queries: 0 out of 20
  Number of DML statements: 0 out of 150
  Number of DML rows: 0 out of 10000
  Maximum CPU time: 0 out of 10000
  Maximum heap size: 0 out of 6000000
  Number of callouts: 0 out of 100
  Number of Email Invocations: 0 out of 10
  Number of future calls: 0 out of 50
  Number of queueable jobs added to the queue: 0 out of 50
  Number of Mobile Apex push calls: 0 out of 10

07:08:16.16 (16736039)|CUMULATIVE_LIMIT_USAGE_END

07:08:16.0 (16781455)|CODE_UNIT_FINISHED|GuidanceBox.getGuidance
