38.0 APEX_CODE,FINEST;APEX_PROFILING,INFO;CALLOUT,INFO;DB,INFO;SYSTEM,DEBUG;VALIDATION,INFO;VISUALFORCE,INFO;WORKFLOW,INFO
07:25:03.6 (6095448)|USER_INFO|[EXTERNAL]|005m0000002GNhO|dscruggs@salesforce.com.rfadev13|Pacific Standard Time|GMT-07:00
07:25:03.6 (6130340)|EXECUTION_STARTED
07:25:03.6 (6136826)|CODE_UNIT_STARTED|[EXTERNAL]|aura
07:25:03.6 (6518082)|HEAP_ALLOCATE|[72]|Bytes:3
07:25:03.6 (6576383)|HEAP_ALLOCATE|[77]|Bytes:152
07:25:03.6 (6595223)|HEAP_ALLOCATE|[342]|Bytes:408
07:25:03.6 (6613489)|HEAP_ALLOCATE|[355]|Bytes:408
07:25:03.6 (6630480)|HEAP_ALLOCATE|[467]|Bytes:48
07:25:03.6 (6664091)|HEAP_ALLOCATE|[139]|Bytes:6
07:25:03.6 (6690561)|HEAP_ALLOCATE|[EXTERNAL]|Bytes:18
07:25:03.6 (6709086)|HEAP_ALLOCATE|[EXTERNAL]|Bytes:18
07:25:03.6 (6775200)|HEAP_ALLOCATE|[EXTERNAL]|Bytes:7
07:25:03.6 (6786168)|HEAP_ALLOCATE|[EXTERNAL]|Bytes:7
07:25:03.6 (6832205)|HEAP_ALLOCATE|[EXTERNAL]|Bytes:9
07:25:03.6 (6842366)|HEAP_ALLOCATE|[EXTERNAL]|Bytes:9
07:25:03.6 (11152664)|CODE_UNIT_STARTED|[EXTERNAL]|01pm0000000EZxV|GuidanceBox.getGuidance
07:25:03.6 (11243839)|HEAP_ALLOCATE|[EXTERNAL]|Bytes:4
07:25:03.6 (11249096)|HEAP_ALLOCATE|[EXTERNAL]|Bytes:2
07:25:03.6 (11259577)|METHOD_ENTRY|[1]|01pm0000000EZxV|GuidanceBox.GuidanceBox()
07:25:03.6 (11262896)|STATEMENT_EXECUTE|[1]
07:25:03.6 (11267487)|STATEMENT_EXECUTE|[1]
07:25:03.6 (11272275)|METHOD_EXIT|[1]|GuidanceBox
07:25:03.6 (11276601)|HEAP_ALLOCATE|[EXTERNAL]|Bytes:18
07:25:03.6 (11278469)|HEAP_ALLOCATE|[EXTERNAL]|Bytes:7
07:25:03.6 (11279836)|HEAP_ALLOCATE|[EXTERNAL]|Bytes:9
07:25:03.6 (11314872)|HEAP_ALLOCATE|[50]|Bytes:5
07:25:03.6 (11339997)|HEAP_ALLOCATE|[56]|Bytes:5
07:25:03.6 (11349882)|HEAP_ALLOCATE|[64]|Bytes:7
07:25:03.6 (11369097)|HEAP_ALLOCATE|[EXTERNAL]|Bytes:5
07:25:03.6 (11381860)|SYSTEM_MODE_ENTER|false
07:25:03.6 (11390567)|VARIABLE_SCOPE_BEGIN|[4]|recordId|String|false|false
07:25:03.6 (11421585)|VARIABLE_ASSIGNMENT|[4]|recordId|"a1Nm00000011q90EAA"
07:25:03.6 (11425500)|VARIABLE_SCOPE_BEGIN|[4]|sobjectname|String|false|false
07:25:03.6 (11428766)|VARIABLE_ASSIGNMENT|[4]|sobjectname|"ITPR__c"
07:25:03.6 (11430956)|VARIABLE_SCOPE_BEGIN|[4]|field|String|false|false
07:25:03.6 (11433501)|VARIABLE_ASSIGNMENT|[4]|field|"Status__c"
07:25:03.6 (11435865)|VARIABLE_SCOPE_BEGIN|[4]|useRecordTypes|Boolean|false|false
07:25:03.6 (11440071)|VARIABLE_ASSIGNMENT|[4]|useRecordTypes|false
07:25:03.6 (11451653)|STATEMENT_EXECUTE|[4]
07:25:03.6 (11457311)|STATEMENT_EXECUTE|[6]
07:25:03.6 (11458669)|STATEMENT_EXECUTE|[20]
07:25:03.6 (11462528)|HEAP_ALLOCATE|[20]|Bytes:7
07:25:03.6 (11467485)|HEAP_ALLOCATE|[20]|Bytes:6
07:25:03.6 (11470163)|HEAP_ALLOCATE|[20]|Bytes:12
07:25:03.6 (11484504)|HEAP_ALLOCATE|[20]|Bytes:59
07:25:03.6 (11487915)|HEAP_ALLOCATE|[20]|Bytes:1
07:25:03.6 (11494196)|HEAP_ALLOCATE|[20]|Bytes:60
07:25:03.6 (14484477)|SOQL_EXECUTE_BEGIN|[20]|Aggregations:0|select Status__c from ITPR__c where Id ='a1Nm00000011q90EAA'
07:25:03.6 (20125007)|SOQL_EXECUTE_END|[20]|Rows:1
07:25:03.6 (20143456)|HEAP_ALLOCATE|[20]|Bytes:8
07:25:03.6 (20160367)|HEAP_ALLOCATE|[20]|Bytes:50
07:25:03.6 (20264165)|HEAP_ALLOCATE|[20]|Bytes:8
07:25:03.6 (20277812)|HEAP_ALLOCATE|[20]|Bytes:33
07:25:03.6 (20361248)|HEAP_ALLOCATE|[20]|Bytes:12
07:25:03.6 (20371190)|VARIABLE_SCOPE_BEGIN|[20]|sobj|SObject|true|false
07:25:03.6 (20403024)|VARIABLE_ASSIGNMENT|[20]|sobj|{"s":1,"v":{"Status__c":"Assigned","Id":"a1Nm00000011q90EAA"}}|0x5449d8d1
07:25:03.6 (20407055)|STATEMENT_EXECUTE|[21]
07:25:03.6 (20482002)|HEAP_ALLOCATE|[21]|Bytes:8
07:25:03.6 (20497434)|VARIABLE_SCOPE_BEGIN|[21]|fieldValue|String|false|false
07:25:03.6 (20505227)|VARIABLE_ASSIGNMENT|[21]|fieldValue|"Assigned"
07:25:03.6 (20507856)|STATEMENT_EXECUTE|[23]
07:25:03.6 (20511144)|HEAP_ALLOCATE|[23]|Bytes:121
07:25:03.6 (20522401)|HEAP_ALLOCATE|[23]|Bytes:4
07:25:03.6 (20535315)|HEAP_ALLOCATE|[23]|Bytes:7
07:25:03.6 (20551542)|HEAP_ALLOCATE|[23]|Bytes:7
07:25:03.6 (20558014)|HEAP_ALLOCATE|[23]|Bytes:7
07:25:03.6 (51208808)|SOQL_EXECUTE_BEGIN|[23]|Aggregations:0|SELECT Guidance__c FROM GuidanceBox__c WHERE (object__c = :tmpVar1 AND field__c = :tmpVar2 AND Field_Value__c = :tmpVar3)
07:25:03.6 (57808759)|SOQL_EXECUTE_END|[23]|Rows:1
07:25:03.6 (57828262)|HEAP_ALLOCATE|[23]|Bytes:8
07:25:03.6 (57838519)|HEAP_ALLOCATE|[23]|Bytes:194
07:25:03.6 (57923855)|HEAP_ALLOCATE|[23]|Bytes:8
07:25:03.6 (57944485)|SYSTEM_MODE_EXIT|false
07:25:03.57 (57999880)|CUMULATIVE_LIMIT_USAGE
07:25:03.57 (57999880)|LIMIT_USAGE_FOR_NS|(default)|
  Number of SOQL queries: 2 out of 100
  Number of query rows: 2 out of 50000
  Number of SOSL queries: 0 out of 20
  Number of DML statements: 0 out of 150
  Number of DML rows: 0 out of 10000
  Maximum CPU time: 0 out of 10000
  Maximum heap size: 0 out of 6000000
  Number of callouts: 0 out of 100
  Number of Email Invocations: 0 out of 10
  Number of future calls: 0 out of 50
  Number of queueable jobs added to the queue: 0 out of 50
  Number of Mobile Apex push calls: 0 out of 10

07:25:03.57 (57999880)|CUMULATIVE_LIMIT_USAGE_END

07:25:03.6 (58042017)|CODE_UNIT_FINISHED|GuidanceBox.getGuidance
