38.0 APEX_CODE,FINEST;APEX_PROFILING,INFO;CALLOUT,INFO;DB,INFO;SYSTEM,DEBUG;VALIDATION,INFO;VISUALFORCE,INFO;WORKFLOW,INFO
07:04:03.0 (458036)|USER_INFO|[EXTERNAL]|005m0000002GNhO|dscruggs@salesforce.com.rfadev13|Pacific Standard Time|GMT-07:00
07:04:03.0 (497703)|EXECUTION_STARTED
07:04:03.0 (502585)|CODE_UNIT_STARTED|[EXTERNAL]|aura
07:04:03.0 (1011647)|HEAP_ALLOCATE|[72]|Bytes:3
07:04:03.0 (1074084)|HEAP_ALLOCATE|[77]|Bytes:152
07:04:03.0 (1091273)|HEAP_ALLOCATE|[342]|Bytes:408
07:04:03.0 (1108190)|HEAP_ALLOCATE|[355]|Bytes:408
07:04:03.0 (1124165)|HEAP_ALLOCATE|[467]|Bytes:48
07:04:03.0 (1154426)|HEAP_ALLOCATE|[139]|Bytes:6
07:04:03.0 (1181990)|HEAP_ALLOCATE|[EXTERNAL]|Bytes:778
07:04:03.0 (1200656)|HEAP_ALLOCATE|[EXTERNAL]|Bytes:778
07:04:03.0 (3312179)|CODE_UNIT_STARTED|[EXTERNAL]|01pm0000000EXpe|PowerRelatedListCtrl.query
07:04:03.0 (3403281)|HEAP_ALLOCATE|[EXTERNAL]|Bytes:14
07:04:03.0 (3409000)|HEAP_ALLOCATE|[EXTERNAL]|Bytes:21
07:04:03.0 (3411394)|HEAP_ALLOCATE|[EXTERNAL]|Bytes:27
07:04:03.0 (3422061)|METHOD_ENTRY|[1]|01pm0000000EXpe|PowerRelatedListCtrl.PowerRelatedListCtrl()
07:04:03.0 (3425768)|STATEMENT_EXECUTE|[1]
07:04:03.0 (3430442)|STATEMENT_EXECUTE|[1]
07:04:03.0 (3471525)|HEAP_ALLOCATE|[50]|Bytes:5
07:04:03.0 (3498378)|HEAP_ALLOCATE|[56]|Bytes:5
07:04:03.0 (3507347)|HEAP_ALLOCATE|[64]|Bytes:7
07:04:03.0 (3531917)|SYSTEM_MODE_ENTER|false
07:04:03.0 (3559873)|HEAP_ALLOCATE|[EXTERNAL]|Bytes:5
07:04:03.0 (3564485)|STATEMENT_EXECUTE|[219]
07:04:03.0 (3570415)|SYSTEM_MODE_EXIT|false
07:04:03.0 (3577563)|METHOD_EXIT|[1]|PowerRelatedListCtrl
07:04:03.0 (3586678)|HEAP_ALLOCATE|[EXTERNAL]|Bytes:778
07:04:03.0 (3591859)|SYSTEM_MODE_ENTER|false
07:04:03.0 (3597371)|VARIABLE_SCOPE_BEGIN|[4]|soql|String|false|false
07:04:03.0 (3637052)|VARIABLE_ASSIGNMENT|[4]|soql|"select Id, Organizat (758 more) ..."
07:04:03.0 (3653113)|HEAP_ALLOCATE|[5]|Bytes:5
07:04:03.0 (3656844)|STATEMENT_EXECUTE|[4]
07:04:03.0 (3658174)|STATEMENT_EXECUTE|[5]
07:04:03.0 (9010214)|SOQL_EXECUTE_BEGIN|[5]|Aggregations:0|select Id, Organization__c, Name, Request_Type__c, Category__c, Submitted_By__c, Business_Area__c, Submitted_By_Phone_Number__c, Submitted_On_Behalf_Of__c, Delegated_Requestor__c, Delegated_Requestor_check__c, Supplier_Name__c, Do_not_Auto_Assign__c, Supplier_Contact_Name__c, Manager__c, Supplier_Contact_Email__c, Request_Comments_Updates__c, Supplier_Contact_Phone_Number__c, Actual_Requestor__c, Opportunity_Statement__c, If_Chg_Order_Provide_Orig_Contract_Value__c, I_Have_Read_The_Provided_ITP_OLA__c, Engagement_Of_A_New_Supplier__c, Assign_check__c, If_Rqd_Has_Hosting_Cert_Team_Approved__c, Portfolio_Department__c, If_Required_Has_The_TRB_Approved__c, Date_Needed_By__c, Primary_Assignee__c, Primary_Assignee_Prior_Value__c from ITPR__c where Id = 'a1Nm00000011q90EAA'
07:04:03.0 (37560257)|SOQL_EXECUTE_END|[5]|Rows:1
07:04:03.0 (37600225)|HEAP_ALLOCATE|[5]|Bytes:8
07:04:03.0 (37633310)|HEAP_ALLOCATE|[5]|Bytes:695
07:04:03.0 (37802003)|HEAP_ALLOCATE|[5]|Bytes:8
07:04:03.0 (37871136)|HEAP_ALLOCATE|[5]|Bytes:24
07:04:03.0 (37887675)|SYSTEM_METHOD_ENTRY|[1]|JSON.JSON()
07:04:03.0 (37891426)|STATEMENT_EXECUTE|[1]
07:04:03.0 (37902397)|SYSTEM_METHOD_EXIT|[1]|JSON
07:04:03.0 (37925964)|METHOD_ENTRY|[5]||System.JSON.serialize(Object)
07:04:03.0 (38557523)|METHOD_EXIT|[5]||System.JSON.serialize(Object)
07:04:03.0 (38572501)|SYSTEM_MODE_EXIT|false
07:04:03.38 (38629139)|CUMULATIVE_LIMIT_USAGE
07:04:03.38 (38629139)|LIMIT_USAGE_FOR_NS|(default)|
  Number of SOQL queries: 1 out of 100
  Number of query rows: 1 out of 50000
  Number of SOSL queries: 0 out of 20
  Number of DML statements: 0 out of 150
  Number of DML rows: 0 out of 10000
  Maximum CPU time: 0 out of 10000
  Maximum heap size: 0 out of 6000000
  Number of callouts: 0 out of 100
  Number of Email Invocations: 0 out of 10
  Number of future calls: 0 out of 50
  Number of queueable jobs added to the queue: 0 out of 50
  Number of Mobile Apex push calls: 0 out of 10

07:04:03.38 (38629139)|CUMULATIVE_LIMIT_USAGE_END

07:04:03.0 (38677389)|CODE_UNIT_FINISHED|PowerRelatedListCtrl.query
