38.0 APEX_CODE,FINEST;APEX_PROFILING,INFO;CALLOUT,INFO;DB,INFO;SYSTEM,DEBUG;VALIDATION,INFO;VISUALFORCE,INFO;WORKFLOW,INFO
07:25:03.0 (468844)|USER_INFO|[EXTERNAL]|005m0000002GNhO|dscruggs@salesforce.com.rfadev13|Pacific Standard Time|GMT-07:00
07:25:03.0 (515882)|EXECUTION_STARTED
07:25:03.0 (522302)|CODE_UNIT_STARTED|[EXTERNAL]|aura
07:25:03.0 (1020164)|HEAP_ALLOCATE|[72]|Bytes:3
07:25:03.0 (1087073)|HEAP_ALLOCATE|[77]|Bytes:152
07:25:03.0 (1105909)|HEAP_ALLOCATE|[342]|Bytes:408
07:25:03.0 (1123644)|HEAP_ALLOCATE|[355]|Bytes:408
07:25:03.0 (1140817)|HEAP_ALLOCATE|[467]|Bytes:48
07:25:03.0 (1172781)|HEAP_ALLOCATE|[139]|Bytes:6
07:25:03.0 (1203586)|HEAP_ALLOCATE|[EXTERNAL]|Bytes:7
07:25:03.0 (1221644)|HEAP_ALLOCATE|[EXTERNAL]|Bytes:7
07:25:03.0 (1292408)|HEAP_ALLOCATE|[EXTERNAL]|Bytes:9
07:25:03.0 (1302672)|HEAP_ALLOCATE|[EXTERNAL]|Bytes:9
07:25:03.0 (5185757)|CODE_UNIT_STARTED|[EXTERNAL]|01pm0000000EZxV|GuidanceBox.dynamicTopic
07:25:03.0 (5277466)|HEAP_ALLOCATE|[EXTERNAL]|Bytes:4
07:25:03.0 (5282887)|HEAP_ALLOCATE|[EXTERNAL]|Bytes:2
07:25:03.0 (5291318)|METHOD_ENTRY|[1]|01pm0000000EZxV|GuidanceBox.GuidanceBox()
07:25:03.0 (5295838)|STATEMENT_EXECUTE|[1]
07:25:03.0 (5300327)|STATEMENT_EXECUTE|[1]
07:25:03.0 (5305246)|METHOD_EXIT|[1]|GuidanceBox
07:25:03.0 (5309041)|HEAP_ALLOCATE|[EXTERNAL]|Bytes:7
07:25:03.0 (5310748)|HEAP_ALLOCATE|[EXTERNAL]|Bytes:9
07:25:03.0 (5320266)|SYSTEM_MODE_ENTER|false
07:25:03.0 (5329786)|VARIABLE_SCOPE_BEGIN|[30]|WhichObject|String|false|false
07:25:03.0 (5362550)|VARIABLE_ASSIGNMENT|[30]|WhichObject|"ITPR__c"
07:25:03.0 (5366222)|VARIABLE_SCOPE_BEGIN|[30]|Field|String|false|false
07:25:03.0 (5369822)|VARIABLE_ASSIGNMENT|[30]|Field|"Status__c"
07:25:03.0 (5381260)|STATEMENT_EXECUTE|[30]
07:25:03.0 (5383032)|STATEMENT_EXECUTE|[31]
07:25:03.0 (6414787)|HEAP_ALLOCATE|[31]|Bytes:15
07:25:03.0 (6423709)|HEAP_ALLOCATE|[31]|Bytes:8
07:25:03.0 (6453126)|METHOD_ENTRY|[1]|01pm0000000EXDB|AnythingPath.AnythingPath()
07:25:03.0 (6455824)|STATEMENT_EXECUTE|[1]
07:25:03.0 (6459149)|STATEMENT_EXECUTE|[1]
07:25:03.0 (6462905)|METHOD_EXIT|[1]|AnythingPath
07:25:03.0 (6477615)|METHOD_ENTRY|[31]|01pm0000000EXDB|AnythingPath.dynamicTopic(String, String)
07:25:03.0 (6495559)|VARIABLE_SCOPE_BEGIN|[65]|WhichObject|String|false|false
07:25:03.0 (6502931)|VARIABLE_ASSIGNMENT|[65]|WhichObject|"ITPR__c"
07:25:03.0 (6505058)|VARIABLE_SCOPE_BEGIN|[65]|Field|String|false|false
07:25:03.0 (6507982)|VARIABLE_ASSIGNMENT|[65]|Field|"Status__c"
07:25:03.0 (6512009)|STATEMENT_EXECUTE|[65]
07:25:03.0 (6513358)|STATEMENT_EXECUTE|[67]
07:25:03.0 (6516778)|HEAP_ALLOCATE|[67]|Bytes:11
07:25:03.0 (6521571)|HEAP_ALLOCATE|[67]|Bytes:6
07:25:03.0 (6538569)|HEAP_ALLOCATE|[67]|Bytes:33
07:25:03.0 (6543824)|VARIABLE_SCOPE_BEGIN|[67]|DynamicQuery|String|false|false
07:25:03.0 (6553933)|VARIABLE_ASSIGNMENT|[67]|DynamicQuery|"Select Id, Status__c (13 more) ..."
07:25:03.0 (6556619)|STATEMENT_EXECUTE|[70]
07:25:03.0 (6559453)|HEAP_ALLOCATE|[70]|Bytes:85
07:25:03.0 (6571594)|HEAP_ALLOCATE|[70]|Bytes:4
07:25:03.0 (6583394)|HEAP_ALLOCATE|[70]|Bytes:7
07:25:03.0 (6621764)|HEAP_ALLOCATE|[50]|Bytes:5
07:25:03.0 (6646339)|HEAP_ALLOCATE|[56]|Bytes:5
07:25:03.0 (6654815)|HEAP_ALLOCATE|[64]|Bytes:7
07:25:03.0 (7024174)|SOQL_EXECUTE_BEGIN|[70]|Aggregations:0|SELECT Id, ApiVersion, Name, Description, Query FROM Pushtopic WHERE Query = :tmpVar1
07:25:03.0 (42254121)|SOQL_EXECUTE_END|[70]|Rows:1
07:25:03.0 (42277729)|HEAP_ALLOCATE|[70]|Bytes:8
07:25:03.0 (42294520)|HEAP_ALLOCATE|[70]|Bytes:199
07:25:03.0 (42415570)|HEAP_ALLOCATE|[70]|Bytes:8
07:25:03.0 (42431990)|VARIABLE_SCOPE_BEGIN|[70]|topicList|List<PushTopic>|true|false
07:25:03.0 (42480095)|VARIABLE_ASSIGNMENT|[70]|topicList|{"s":1,"v":[{"s":2,"v":{"Id":"0IFm00000004E6HGAU","ApiVersion":36.0,"Name":"ITPR__cStatus__c","Description":"Autogenerated by Any (19 more) ...","Query":"Select Id, Status__c (13 more) ..."}}]}|0x23cf4ed0
07:25:03.0 (42561987)|STATEMENT_EXECUTE|[85]
07:25:03.0 (42564725)|STATEMENT_EXECUTE|[86]
07:25:03.0 (42596828)|HEAP_ALLOCATE|[86]|Bytes:24
07:25:03.0 (42637417)|METHOD_EXIT|[31]|01pm0000000EXDB|AnythingPath.dynamicTopic(String, String)
07:25:03.0 (42649250)|SYSTEM_MODE_EXIT|false
07:25:03.42 (42698365)|CUMULATIVE_LIMIT_USAGE
07:25:03.42 (42698365)|LIMIT_USAGE_FOR_NS|(default)|
  Number of SOQL queries: 1 out of 100
  Number of query rows: 1 out of 50000
  Number of SOSL queries: 0 out of 20
  Number of DML statements: 0 out of 150
  Number of DML rows: 0 out of 10000
  Maximum CPU time: 0 out of 10000
  Maximum heap size: 0 out of 6000000
  Number of callouts: 0 out of 100
  Number of Email Invocations: 0 out of 10
  Number of future calls: 0 out of 50
  Number of queueable jobs added to the queue: 0 out of 50
  Number of Mobile Apex push calls: 0 out of 10

07:25:03.42 (42698365)|CUMULATIVE_LIMIT_USAGE_END

07:25:03.0 (42744206)|CODE_UNIT_FINISHED|GuidanceBox.dynamicTopic
