38.0 APEX_CODE,FINEST;APEX_PROFILING,INFO;CALLOUT,INFO;DB,INFO;SYSTEM,DEBUG;VALIDATION,INFO;VISUALFORCE,INFO;WORKFLOW,INFO
07:03:26.0 (571207)|USER_INFO|[EXTERNAL]|005m0000002GNhO|dscruggs@salesforce.com.rfadev13|Pacific Standard Time|GMT-07:00
07:03:26.0 (608243)|EXECUTION_STARTED
07:03:26.0 (612784)|CODE_UNIT_STARTED|[EXTERNAL]|aura
07:03:26.0 (1205864)|HEAP_ALLOCATE|[72]|Bytes:3
07:03:26.0 (1270223)|HEAP_ALLOCATE|[77]|Bytes:152
07:03:26.0 (1286485)|HEAP_ALLOCATE|[342]|Bytes:408
07:03:26.0 (1303942)|HEAP_ALLOCATE|[355]|Bytes:408
07:03:26.0 (1320531)|HEAP_ALLOCATE|[467]|Bytes:48
07:03:26.0 (1350612)|HEAP_ALLOCATE|[139]|Bytes:6
07:03:26.0 (1379769)|HEAP_ALLOCATE|[EXTERNAL]|Bytes:778
07:03:26.0 (1397655)|HEAP_ALLOCATE|[EXTERNAL]|Bytes:778
07:03:26.0 (5540866)|CODE_UNIT_STARTED|[EXTERNAL]|01pm0000000EXpe|PowerRelatedListCtrl.query
07:03:26.0 (5648953)|HEAP_ALLOCATE|[EXTERNAL]|Bytes:14
07:03:26.0 (5654934)|HEAP_ALLOCATE|[EXTERNAL]|Bytes:21
07:03:26.0 (5657621)|HEAP_ALLOCATE|[EXTERNAL]|Bytes:27
07:03:26.0 (5667406)|METHOD_ENTRY|[1]|01pm0000000EXpe|PowerRelatedListCtrl.PowerRelatedListCtrl()
07:03:26.0 (5671139)|STATEMENT_EXECUTE|[1]
07:03:26.0 (5675814)|STATEMENT_EXECUTE|[1]
07:03:26.0 (5717270)|HEAP_ALLOCATE|[50]|Bytes:5
07:03:26.0 (5744224)|HEAP_ALLOCATE|[56]|Bytes:5
07:03:26.0 (5753051)|HEAP_ALLOCATE|[64]|Bytes:7
07:03:26.0 (5777791)|SYSTEM_MODE_ENTER|false
07:03:26.0 (5805179)|HEAP_ALLOCATE|[EXTERNAL]|Bytes:5
07:03:26.0 (5809861)|STATEMENT_EXECUTE|[219]
07:03:26.0 (5815469)|SYSTEM_MODE_EXIT|false
07:03:26.0 (5822694)|METHOD_EXIT|[1]|PowerRelatedListCtrl
07:03:26.0 (5827189)|HEAP_ALLOCATE|[EXTERNAL]|Bytes:778
07:03:26.0 (5832897)|SYSTEM_MODE_ENTER|false
07:03:26.0 (5841381)|VARIABLE_SCOPE_BEGIN|[4]|soql|String|false|false
07:03:26.0 (5885113)|VARIABLE_ASSIGNMENT|[4]|soql|"select Id, Organizat (758 more) ..."
07:03:26.0 (5901463)|HEAP_ALLOCATE|[5]|Bytes:5
07:03:26.0 (5905291)|STATEMENT_EXECUTE|[4]
07:03:26.0 (5906571)|STATEMENT_EXECUTE|[5]
07:03:26.0 (11313478)|SOQL_EXECUTE_BEGIN|[5]|Aggregations:0|select Id, Organization__c, Name, Request_Type__c, Category__c, Submitted_By__c, Business_Area__c, Submitted_By_Phone_Number__c, Submitted_On_Behalf_Of__c, Delegated_Requestor__c, Delegated_Requestor_check__c, Supplier_Name__c, Do_not_Auto_Assign__c, Supplier_Contact_Name__c, Manager__c, Supplier_Contact_Email__c, Request_Comments_Updates__c, Supplier_Contact_Phone_Number__c, Actual_Requestor__c, Opportunity_Statement__c, If_Chg_Order_Provide_Orig_Contract_Value__c, I_Have_Read_The_Provided_ITP_OLA__c, Engagement_Of_A_New_Supplier__c, Assign_check__c, If_Rqd_Has_Hosting_Cert_Team_Approved__c, Portfolio_Department__c, If_Required_Has_The_TRB_Approved__c, Date_Needed_By__c, Primary_Assignee__c, Primary_Assignee_Prior_Value__c from ITPR__c where Id = 'a1Nm00000011q90EAA'
07:03:26.0 (34564471)|SOQL_EXECUTE_END|[5]|Rows:1
07:03:26.0 (34598973)|HEAP_ALLOCATE|[5]|Bytes:8
07:03:26.0 (34633163)|HEAP_ALLOCATE|[5]|Bytes:695
07:03:26.0 (34805301)|HEAP_ALLOCATE|[5]|Bytes:8
07:03:26.0 (34875054)|HEAP_ALLOCATE|[5]|Bytes:24
07:03:26.0 (34892350)|SYSTEM_METHOD_ENTRY|[1]|JSON.JSON()
07:03:26.0 (34896528)|STATEMENT_EXECUTE|[1]
07:03:26.0 (34906983)|SYSTEM_METHOD_EXIT|[1]|JSON
07:03:26.0 (34928461)|METHOD_ENTRY|[5]||System.JSON.serialize(Object)
07:03:26.0 (35567843)|METHOD_EXIT|[5]||System.JSON.serialize(Object)
07:03:26.0 (35583178)|SYSTEM_MODE_EXIT|false
07:03:26.35 (35633868)|CUMULATIVE_LIMIT_USAGE
07:03:26.35 (35633868)|LIMIT_USAGE_FOR_NS|(default)|
  Number of SOQL queries: 1 out of 100
  Number of query rows: 1 out of 50000
  Number of SOSL queries: 0 out of 20
  Number of DML statements: 0 out of 150
  Number of DML rows: 0 out of 10000
  Maximum CPU time: 0 out of 10000
  Maximum heap size: 0 out of 6000000
  Number of callouts: 0 out of 100
  Number of Email Invocations: 0 out of 10
  Number of future calls: 0 out of 50
  Number of queueable jobs added to the queue: 0 out of 50
  Number of Mobile Apex push calls: 0 out of 10

07:03:26.35 (35633868)|CUMULATIVE_LIMIT_USAGE_END

07:03:26.0 (35682481)|CODE_UNIT_FINISHED|PowerRelatedListCtrl.query
