38.0 APEX_CODE,FINEST;APEX_PROFILING,INFO;CALLOUT,INFO;DB,INFO;SYSTEM,DEBUG;VALIDATION,INFO;VISUALFORCE,INFO;WORKFLOW,INFO
07:37:01.0 (469712)|USER_INFO|[EXTERNAL]|005m0000002GNhO|dscruggs@salesforce.com.rfadev13|Pacific Standard Time|GMT-07:00
07:37:01.0 (505731)|EXECUTION_STARTED
07:37:01.0 (511626)|CODE_UNIT_STARTED|[EXTERNAL]|aura
07:37:01.0 (997814)|HEAP_ALLOCATE|[72]|Bytes:3
07:37:01.0 (1050252)|HEAP_ALLOCATE|[77]|Bytes:152
07:37:01.0 (1065463)|HEAP_ALLOCATE|[342]|Bytes:408
07:37:01.0 (1096330)|HEAP_ALLOCATE|[355]|Bytes:408
07:37:01.0 (1119188)|HEAP_ALLOCATE|[467]|Bytes:48
07:37:01.0 (1155499)|HEAP_ALLOCATE|[139]|Bytes:6
07:37:01.0 (1187977)|HEAP_ALLOCATE|[EXTERNAL]|Bytes:18
07:37:01.0 (1210667)|HEAP_ALLOCATE|[EXTERNAL]|Bytes:18
07:37:01.0 (1337113)|HEAP_ALLOCATE|[EXTERNAL]|Bytes:7
07:37:01.0 (1352858)|HEAP_ALLOCATE|[EXTERNAL]|Bytes:7
07:37:01.0 (1428988)|HEAP_ALLOCATE|[EXTERNAL]|Bytes:9
07:37:01.0 (1443490)|HEAP_ALLOCATE|[EXTERNAL]|Bytes:9
07:37:01.0 (4718356)|CODE_UNIT_STARTED|[EXTERNAL]|01pm0000000EZxV|GuidanceBox.getGuidance
07:37:01.0 (4807976)|HEAP_ALLOCATE|[EXTERNAL]|Bytes:4
07:37:01.0 (4813577)|HEAP_ALLOCATE|[EXTERNAL]|Bytes:2
07:37:01.0 (4822772)|METHOD_ENTRY|[1]|01pm0000000EZxV|GuidanceBox.GuidanceBox()
07:37:01.0 (4826604)|STATEMENT_EXECUTE|[1]
07:37:01.0 (4830991)|STATEMENT_EXECUTE|[1]
07:37:01.0 (4835900)|METHOD_EXIT|[1]|GuidanceBox
07:37:01.0 (4839417)|HEAP_ALLOCATE|[EXTERNAL]|Bytes:18
07:37:01.0 (4841177)|HEAP_ALLOCATE|[EXTERNAL]|Bytes:7
07:37:01.0 (4842518)|HEAP_ALLOCATE|[EXTERNAL]|Bytes:9
07:37:01.0 (4877123)|HEAP_ALLOCATE|[50]|Bytes:5
07:37:01.0 (4901677)|HEAP_ALLOCATE|[56]|Bytes:5
07:37:01.0 (4909803)|HEAP_ALLOCATE|[64]|Bytes:7
07:37:01.0 (4927495)|HEAP_ALLOCATE|[EXTERNAL]|Bytes:5
07:37:01.0 (4939246)|SYSTEM_MODE_ENTER|false
07:37:01.0 (4948876)|VARIABLE_SCOPE_BEGIN|[4]|recordId|String|false|false
07:37:01.0 (4981745)|VARIABLE_ASSIGNMENT|[4]|recordId|"a1Nm00000011q90EAA"
07:37:01.0 (4985033)|VARIABLE_SCOPE_BEGIN|[4]|sobjectname|String|false|false
07:37:01.0 (4988659)|VARIABLE_ASSIGNMENT|[4]|sobjectname|"ITPR__c"
07:37:01.0 (4990359)|VARIABLE_SCOPE_BEGIN|[4]|field|String|false|false
07:37:01.0 (4992994)|VARIABLE_ASSIGNMENT|[4]|field|"Status__c"
07:37:01.0 (4994836)|VARIABLE_SCOPE_BEGIN|[4]|useRecordTypes|Boolean|false|false
07:37:01.0 (4998543)|VARIABLE_ASSIGNMENT|[4]|useRecordTypes|false
07:37:01.0 (5009930)|STATEMENT_EXECUTE|[4]
07:37:01.0 (5016575)|STATEMENT_EXECUTE|[6]
07:37:01.0 (5018361)|STATEMENT_EXECUTE|[20]
07:37:01.0 (5021699)|HEAP_ALLOCATE|[20]|Bytes:7
07:37:01.0 (5025893)|HEAP_ALLOCATE|[20]|Bytes:6
07:37:01.0 (5027678)|HEAP_ALLOCATE|[20]|Bytes:12
07:37:01.0 (5056020)|HEAP_ALLOCATE|[20]|Bytes:59
07:37:01.0 (5064173)|HEAP_ALLOCATE|[20]|Bytes:1
07:37:01.0 (5077184)|HEAP_ALLOCATE|[20]|Bytes:60
07:37:01.0 (6006085)|SOQL_EXECUTE_BEGIN|[20]|Aggregations:0|select Status__c from ITPR__c where Id ='a1Nm00000011q90EAA'
07:37:01.0 (10373041)|SOQL_EXECUTE_END|[20]|Rows:1
07:37:01.0 (10396228)|HEAP_ALLOCATE|[20]|Bytes:8
07:37:01.0 (10416558)|HEAP_ALLOCATE|[20]|Bytes:50
07:37:01.0 (10539402)|HEAP_ALLOCATE|[20]|Bytes:8
07:37:01.0 (10557395)|HEAP_ALLOCATE|[20]|Bytes:33
07:37:01.0 (10686772)|HEAP_ALLOCATE|[20]|Bytes:12
07:37:01.0 (10706539)|VARIABLE_SCOPE_BEGIN|[20]|sobj|SObject|true|false
07:37:01.0 (10745697)|VARIABLE_ASSIGNMENT|[20]|sobj|{"s":1,"v":{"Status__c":"Assigned","Id":"a1Nm00000011q90EAA"}}|0x73267d5d
07:37:01.0 (10751067)|STATEMENT_EXECUTE|[21]
07:37:01.0 (10863832)|HEAP_ALLOCATE|[21]|Bytes:8
07:37:01.0 (10890130)|VARIABLE_SCOPE_BEGIN|[21]|fieldValue|String|false|false
07:37:01.0 (10900207)|VARIABLE_ASSIGNMENT|[21]|fieldValue|"Assigned"
07:37:01.0 (10903501)|STATEMENT_EXECUTE|[23]
07:37:01.0 (10907848)|HEAP_ALLOCATE|[23]|Bytes:121
07:37:01.0 (10924658)|HEAP_ALLOCATE|[23]|Bytes:4
07:37:01.0 (10948443)|HEAP_ALLOCATE|[23]|Bytes:7
07:37:01.0 (10975565)|HEAP_ALLOCATE|[23]|Bytes:7
07:37:01.0 (10988928)|HEAP_ALLOCATE|[23]|Bytes:7
07:37:01.0 (12642439)|SOQL_EXECUTE_BEGIN|[23]|Aggregations:0|SELECT Guidance__c FROM GuidanceBox__c WHERE (object__c = :tmpVar1 AND field__c = :tmpVar2 AND Field_Value__c = :tmpVar3)
07:37:01.0 (19140140)|SOQL_EXECUTE_END|[23]|Rows:1
07:37:01.0 (19159550)|HEAP_ALLOCATE|[23]|Bytes:8
07:37:01.0 (19169323)|HEAP_ALLOCATE|[23]|Bytes:194
07:37:01.0 (19224828)|HEAP_ALLOCATE|[23]|Bytes:8
07:37:01.0 (19239702)|SYSTEM_MODE_EXIT|false
07:37:01.19 (19295796)|CUMULATIVE_LIMIT_USAGE
07:37:01.19 (19295796)|LIMIT_USAGE_FOR_NS|(default)|
  Number of SOQL queries: 2 out of 100
  Number of query rows: 2 out of 50000
  Number of SOSL queries: 0 out of 20
  Number of DML statements: 0 out of 150
  Number of DML rows: 0 out of 10000
  Maximum CPU time: 0 out of 10000
  Maximum heap size: 0 out of 6000000
  Number of callouts: 0 out of 100
  Number of Email Invocations: 0 out of 10
  Number of future calls: 0 out of 50
  Number of queueable jobs added to the queue: 0 out of 50
  Number of Mobile Apex push calls: 0 out of 10

07:37:01.19 (19295796)|CUMULATIVE_LIMIT_USAGE_END

07:37:01.0 (19356542)|CODE_UNIT_FINISHED|GuidanceBox.getGuidance
07:37:01.0 (81323520)|HEAP_ALLOCATE|[EXTERNAL]|Bytes:18
07:37:01.0 (81350209)|HEAP_ALLOCATE|[EXTERNAL]|Bytes:18
07:37:01.0 (81406002)|HEAP_ALLOCATE|[EXTERNAL]|Bytes:9
07:37:01.0 (81415750)|HEAP_ALLOCATE|[EXTERNAL]|Bytes:9
07:37:01.0 (81460304)|HEAP_ALLOCATE|[EXTERNAL]|Bytes:7
07:37:01.0 (81469012)|HEAP_ALLOCATE|[EXTERNAL]|Bytes:7
07:37:01.0 (83637379)|CODE_UNIT_STARTED|[EXTERNAL]|01pm0000000EXDB|AnythingPath.getCurrentValue
07:37:01.0 (83694997)|HEAP_ALLOCATE|[EXTERNAL]|Bytes:15
07:37:01.0 (83702322)|HEAP_ALLOCATE|[EXTERNAL]|Bytes:8
07:37:01.0 (83715470)|METHOD_ENTRY|[1]|01pm0000000EXDB|AnythingPath.AnythingPath()
07:37:01.0 (83719767)|STATEMENT_EXECUTE|[1]
07:37:01.0 (83725209)|STATEMENT_EXECUTE|[1]
07:37:01.0 (83731026)|METHOD_EXIT|[1]|AnythingPath
07:37:01.0 (83735143)|HEAP_ALLOCATE|[EXTERNAL]|Bytes:18
07:37:01.0 (83736833)|HEAP_ALLOCATE|[EXTERNAL]|Bytes:9
07:37:01.0 (83738151)|HEAP_ALLOCATE|[EXTERNAL]|Bytes:7
07:37:01.0 (83748573)|SYSTEM_MODE_ENTER|false
07:37:01.0 (83757233)|VARIABLE_SCOPE_BEGIN|[21]|recordId|String|false|false
07:37:01.0 (83771331)|VARIABLE_ASSIGNMENT|[21]|recordId|"a1Nm00000011q90EAA"
07:37:01.0 (83773894)|VARIABLE_SCOPE_BEGIN|[21]|picklistField|String|false|false
07:37:01.0 (83776960)|VARIABLE_ASSIGNMENT|[21]|picklistField|"Status__c"
07:37:01.0 (83778710)|VARIABLE_SCOPE_BEGIN|[21]|sObjectName|String|false|false
07:37:01.0 (83782051)|VARIABLE_ASSIGNMENT|[21]|sObjectName|"ITPR__c"
07:37:01.0 (83789490)|STATEMENT_EXECUTE|[21]
07:37:01.0 (83790794)|STATEMENT_EXECUTE|[22]
07:37:01.0 (83795096)|HEAP_ALLOCATE|[22]|Bytes:11
07:37:01.0 (83801275)|HEAP_ALLOCATE|[22]|Bytes:13
07:37:01.0 (83815601)|HEAP_ALLOCATE|[22]|Bytes:64
07:37:01.0 (83822994)|HEAP_ALLOCATE|[22]|Bytes:65
07:37:01.0 (83827594)|VARIABLE_SCOPE_BEGIN|[22]|soql|String|false|false
07:37:01.0 (83835890)|VARIABLE_ASSIGNMENT|[22]|soql|"select Id, Status__c (45 more) ..."
07:37:01.0 (83837872)|STATEMENT_EXECUTE|[23]
07:37:01.0 (84165375)|SOQL_EXECUTE_BEGIN|[23]|Aggregations:0|select Id, Status__c from ITPR__c where id = 'a1Nm00000011q90EAA'
07:37:01.0 (87885000)|SOQL_EXECUTE_END|[23]|Rows:1
07:37:01.0 (87912542)|HEAP_ALLOCATE|[23]|Bytes:8
07:37:01.0 (87931070)|HEAP_ALLOCATE|[23]|Bytes:50
07:37:01.0 (87956302)|HEAP_ALLOCATE|[23]|Bytes:8
07:37:01.0 (87973306)|VARIABLE_SCOPE_BEGIN|[23]|records|List<SObject>|true|false
07:37:01.0 (88002336)|VARIABLE_ASSIGNMENT|[23]|records|{"s":1,"v":[{"s":2,"v":{"Id":"a1Nm00000011q90EAA","Status__c":"Assigned"}}]}|0x3d1a2a35
07:37:01.0 (88006781)|STATEMENT_EXECUTE|[24]
07:37:01.0 (88041944)|HEAP_ALLOCATE|[24]|Bytes:12
07:37:01.0 (88110271)|HEAP_ALLOCATE|[24]|Bytes:8
07:37:01.0 (88128700)|SYSTEM_MODE_EXIT|false
07:37:01.88 (88167902)|CUMULATIVE_LIMIT_USAGE
07:37:01.88 (88167902)|LIMIT_USAGE_FOR_NS|(default)|
  Number of SOQL queries: 3 out of 100
  Number of query rows: 3 out of 50000
  Number of SOSL queries: 0 out of 20
  Number of DML statements: 0 out of 150
  Number of DML rows: 0 out of 10000
  Maximum CPU time: 0 out of 10000
  Maximum heap size: 0 out of 6000000
  Number of callouts: 0 out of 100
  Number of Email Invocations: 0 out of 10
  Number of future calls: 0 out of 50
  Number of queueable jobs added to the queue: 0 out of 50
  Number of Mobile Apex push calls: 0 out of 10

07:37:01.88 (88167902)|CUMULATIVE_LIMIT_USAGE_END

07:37:01.0 (88212636)|CODE_UNIT_FINISHED|AnythingPath.getCurrentValue
07:37:01.0 (88419717)|HEAP_ALLOCATE|[EXTERNAL]|Bytes:18
07:37:01.0 (88431403)|HEAP_ALLOCATE|[EXTERNAL]|Bytes:18
07:37:01.0 (88480267)|HEAP_ALLOCATE|[EXTERNAL]|Bytes:9
07:37:01.0 (88489795)|HEAP_ALLOCATE|[EXTERNAL]|Bytes:9
07:37:01.0 (88534661)|HEAP_ALLOCATE|[EXTERNAL]|Bytes:7
07:37:01.0 (88543959)|HEAP_ALLOCATE|[EXTERNAL]|Bytes:7
07:37:01.0 (91638091)|CODE_UNIT_STARTED|[EXTERNAL]|01pm0000000EXDB|AnythingPath.getPicklistOptions
07:37:01.0 (91673446)|HEAP_ALLOCATE|[EXTERNAL]|Bytes:18
07:37:01.0 (91676937)|HEAP_ALLOCATE|[EXTERNAL]|Bytes:9
07:37:01.0 (91678417)|HEAP_ALLOCATE|[EXTERNAL]|Bytes:7
07:37:01.0 (91684622)|SYSTEM_MODE_ENTER|false
07:37:01.0 (91689344)|VARIABLE_SCOPE_BEGIN|[37]|recordId|String|false|false
07:37:01.0 (91696419)|VARIABLE_ASSIGNMENT|[37]|recordId|"a1Nm00000011q90EAA"
07:37:01.0 (91698614)|VARIABLE_SCOPE_BEGIN|[37]|picklistField|String|false|false
07:37:01.0 (91701582)|VARIABLE_ASSIGNMENT|[37]|picklistField|"Status__c"
07:37:01.0 (91703530)|VARIABLE_SCOPE_BEGIN|[37]|sObjectName|String|false|false
07:37:01.0 (91706385)|VARIABLE_ASSIGNMENT|[37]|sObjectName|"ITPR__c"
07:37:01.0 (91712003)|STATEMENT_EXECUTE|[37]
07:37:01.0 (91713349)|STATEMENT_EXECUTE|[38]
07:37:01.0 (91724425)|HEAP_ALLOCATE|[38]|Bytes:4
07:37:01.0 (91737861)|VARIABLE_SCOPE_BEGIN|[38]|output|Map<String,String>|true|false
07:37:01.0 (91755200)|VARIABLE_ASSIGNMENT|[38]|output|{"s":1,"v":{}}|0x98645da
07:37:01.0 (91757960)|STATEMENT_EXECUTE|[39]
07:37:01.0 (91766362)|VARIABLE_SCOPE_BEGIN|[39]|objType|Schema.SObjectType|true|false
07:37:01.0 (91771885)|VARIABLE_ASSIGNMENT|[39]|objType|null|
07:37:01.0 (91774279)|STATEMENT_EXECUTE|[42]
07:37:01.0 (91775258)|STATEMENT_EXECUTE|[49]
07:37:01.0 (91818382)|HEAP_ALLOCATE|[49]|Bytes:4
07:37:01.0 (91967929)|VARIABLE_ASSIGNMENT|[49]|objType|"common.apex.runtime.impl.ApexSObjectTypeToken@56aa0773"|0x56aa0773
07:37:01.0 (91972736)|STATEMENT_EXECUTE|[50]
07:37:01.0 (92297721)|HEAP_ALLOCATE|[50]|Bytes:4
07:37:01.0 (92341434)|VARIABLE_SCOPE_BEGIN|[50]|dsr|Schema.DescribeSObjectResult|true|false
07:37:01.0 (92420858)|VARIABLE_ASSIGNMENT|[50]|dsr|"common.api.soap.wsdl.DescribeSObjectResult@d9bce2b6"|0x2ea27676
07:37:01.0 (92425484)|STATEMENT_EXECUTE|[51]
07:37:01.0 (94332109)|HEAP_ALLOCATE|[51]|Bytes:804
07:37:01.0 (94343196)|VARIABLE_SCOPE_BEGIN|[51]|fieldMap|Map<String,Schema.SObjectField>|true|false
07:37:01.0 (94566048)|VARIABLE_ASSIGNMENT|[51]|fieldMap|"{acceptance_time__c=Acceptance_Time__c, actionable_request__c=Actionable_Request__c, actual_finance_assignee__c=Actual_Finance_Assignee__c, actual_legal_assignee__c=Actual_Legal_Assignee__c, actual_procurement_assignee__c=Actual_Procurement_Assignee__c, actual_requestor__c=Actual_Requestor__c, actual_vendor_governance_assignee__c=Actual_Vendor_Governance_Assignee__c, additional_approval_complete__c=Additional_Approval_Complete__c, additional_approver_1__c=Additional_Approver_1__c, additional_approver_2__c=Additional_Approver_2__c, ...}"|0x7ab7c3c6
07:37:01.0 (94575264)|STATEMENT_EXECUTE|[52]
07:37:01.0 (95276002)|HEAP_ALLOCATE|[52]|Bytes:8
07:37:01.0 (95309999)|VARIABLE_SCOPE_BEGIN|[52]|dfr|Schema.DescribeFieldResult|true|false
07:37:01.0 (95455438)|VARIABLE_ASSIGNMENT|[52]|dfr|"common.api.soap.wsdl.Field@6d496207"|0x5e6eda9e
07:37:01.0 (95459902)|STATEMENT_EXECUTE|[53]
07:37:01.0 (95489165)|HEAP_ALLOCATE|[EXTERNAL]|Bytes:60
07:37:01.0 (95555608)|HEAP_ALLOCATE|[53]|Bytes:60
07:37:01.0 (95569955)|VARIABLE_SCOPE_BEGIN|[53]|results|List<Schema.PicklistEntry>|true|false
07:37:01.0 (95608104)|VARIABLE_ASSIGNMENT|[53]|results|{"s":1,"v":"List of size 14 too large to display"}|0x1a838b66
07:37:01.0 (95855939)|HEAP_ALLOCATE|[55]|Bytes:5
07:37:01.0 (95928805)|HEAP_ALLOCATE|[55]|Bytes:4
07:37:01.0 (95954489)|VARIABLE_SCOPE_BEGIN|[55]|pe|Schema.PicklistEntry|true|false
07:37:01.0 (95967468)|VARIABLE_ASSIGNMENT|[55]|pe|Draft|0x3be3ee4c
07:37:01.0 (95971060)|STATEMENT_EXECUTE|[55]
07:37:01.0 (95990369)|STATEMENT_EXECUTE|[56]
07:37:01.0 (96003012)|HEAP_ALLOCATE|[56]|Bytes:5
07:37:01.0 (96014337)|HEAP_ALLOCATE|[56]|Bytes:5
07:37:01.0 (96051074)|HEAP_ALLOCATE|[EXTERNAL]|Bytes:-4
07:37:01.0 (96067166)|HEAP_ALLOCATE|[55]|Bytes:5
07:37:01.0 (96078204)|HEAP_ALLOCATE|[55]|Bytes:4
07:37:01.0 (96091464)|VARIABLE_SCOPE_BEGIN|[55]|pe|Schema.PicklistEntry|true|false
07:37:01.0 (96101885)|VARIABLE_ASSIGNMENT|[55]|pe|Submitted|0x3d3d9aed
07:37:01.0 (96104739)|STATEMENT_EXECUTE|[55]
07:37:01.0 (96110856)|STATEMENT_EXECUTE|[56]
07:37:01.0 (96116477)|HEAP_ALLOCATE|[56]|Bytes:9
07:37:01.0 (96121377)|HEAP_ALLOCATE|[56]|Bytes:9
07:37:01.0 (96129860)|HEAP_ALLOCATE|[EXTERNAL]|Bytes:-4
07:37:01.0 (96140761)|HEAP_ALLOCATE|[55]|Bytes:5
07:37:01.0 (96150213)|HEAP_ALLOCATE|[55]|Bytes:4
07:37:01.0 (96162221)|VARIABLE_SCOPE_BEGIN|[55]|pe|Schema.PicklistEntry|true|false
07:37:01.0 (96170977)|VARIABLE_ASSIGNMENT|[55]|pe|Pending More Info Needed|0x988457b
07:37:01.0 (96173647)|STATEMENT_EXECUTE|[55]
07:37:01.0 (96179121)|STATEMENT_EXECUTE|[56]
07:37:01.0 (96183846)|HEAP_ALLOCATE|[56]|Bytes:24
07:37:01.0 (96188805)|HEAP_ALLOCATE|[56]|Bytes:24
07:37:01.0 (96196922)|HEAP_ALLOCATE|[EXTERNAL]|Bytes:-4
07:37:01.0 (96207652)|HEAP_ALLOCATE|[55]|Bytes:5
07:37:01.0 (96216780)|HEAP_ALLOCATE|[55]|Bytes:4
07:37:01.0 (96228560)|VARIABLE_SCOPE_BEGIN|[55]|pe|Schema.PicklistEntry|true|false
07:37:01.0 (96237124)|VARIABLE_ASSIGNMENT|[55]|pe|Assigned|0x11859d00
07:37:01.0 (96239528)|STATEMENT_EXECUTE|[55]
07:37:01.0 (96244887)|STATEMENT_EXECUTE|[56]
07:37:01.0 (96249343)|HEAP_ALLOCATE|[56]|Bytes:8
07:37:01.0 (96254483)|HEAP_ALLOCATE|[56]|Bytes:8
07:37:01.0 (96262428)|HEAP_ALLOCATE|[EXTERNAL]|Bytes:-4
07:37:01.0 (96272787)|HEAP_ALLOCATE|[55]|Bytes:5
07:37:01.0 (96281719)|HEAP_ALLOCATE|[55]|Bytes:4
07:37:01.0 (96293017)|VARIABLE_SCOPE_BEGIN|[55]|pe|Schema.PicklistEntry|true|false
07:37:01.0 (96301144)|VARIABLE_ASSIGNMENT|[55]|pe|In Process|0x35b090f2
07:37:01.0 (96303616)|STATEMENT_EXECUTE|[55]
07:37:01.0 (96308878)|STATEMENT_EXECUTE|[56]
07:37:01.0 (96313168)|HEAP_ALLOCATE|[56]|Bytes:10
07:37:01.0 (96317892)|HEAP_ALLOCATE|[56]|Bytes:10
07:37:01.0 (96325772)|HEAP_ALLOCATE|[EXTERNAL]|Bytes:-4
07:37:01.0 (96335941)|HEAP_ALLOCATE|[55]|Bytes:5
07:37:01.0 (96344908)|HEAP_ALLOCATE|[55]|Bytes:4
07:37:01.0 (96356321)|VARIABLE_SCOPE_BEGIN|[55]|pe|Schema.PicklistEntry|true|false
07:37:01.0 (96364470)|VARIABLE_ASSIGNMENT|[55]|pe|Pending Project Final Budget|0x640b8e5b
07:37:01.0 (96367064)|STATEMENT_EXECUTE|[55]
07:37:01.0 (96372423)|STATEMENT_EXECUTE|[56]
07:37:01.0 (96376960)|HEAP_ALLOCATE|[56]|Bytes:28
07:37:01.0 (96382423)|HEAP_ALLOCATE|[56]|Bytes:28
07:37:01.0 (96391666)|HEAP_ALLOCATE|[EXTERNAL]|Bytes:-4
07:37:01.0 (96405264)|HEAP_ALLOCATE|[55]|Bytes:5
07:37:01.0 (96415152)|HEAP_ALLOCATE|[55]|Bytes:4
07:37:01.0 (96427120)|VARIABLE_SCOPE_BEGIN|[55]|pe|Schema.PicklistEntry|true|false
07:37:01.0 (96435882)|VARIABLE_ASSIGNMENT|[55]|pe|In Approvals|0x2f63bc3c
07:37:01.0 (96438390)|STATEMENT_EXECUTE|[55]
07:37:01.0 (96444009)|STATEMENT_EXECUTE|[56]
07:37:01.0 (96448702)|HEAP_ALLOCATE|[56]|Bytes:12
07:37:01.0 (96453391)|HEAP_ALLOCATE|[56]|Bytes:12
07:37:01.0 (96461567)|HEAP_ALLOCATE|[EXTERNAL]|Bytes:-4
07:37:01.0 (96471901)|HEAP_ALLOCATE|[55]|Bytes:5
07:37:01.0 (96480805)|HEAP_ALLOCATE|[55]|Bytes:4
07:37:01.0 (96492100)|VARIABLE_SCOPE_BEGIN|[55]|pe|Schema.PicklistEntry|true|false
07:37:01.0 (96500507)|VARIABLE_ASSIGNMENT|[55]|pe|All Digital Initials Obtained|0x12b3594d
07:37:01.0 (96503008)|STATEMENT_EXECUTE|[55]
07:37:01.0 (96508486)|STATEMENT_EXECUTE|[56]
07:37:01.0 (96512794)|HEAP_ALLOCATE|[56]|Bytes:29
07:37:01.0 (96518674)|HEAP_ALLOCATE|[56]|Bytes:29
07:37:01.0 (96526629)|HEAP_ALLOCATE|[EXTERNAL]|Bytes:-4
07:37:01.0 (96536952)|HEAP_ALLOCATE|[55]|Bytes:5
07:37:01.0 (96546009)|HEAP_ALLOCATE|[55]|Bytes:4
07:37:01.0 (96557332)|VARIABLE_SCOPE_BEGIN|[55]|pe|Schema.PicklistEntry|true|false
07:37:01.0 (96565539)|VARIABLE_ASSIGNMENT|[55]|pe|On Hold|0x23356ce9
07:37:01.0 (96567936)|STATEMENT_EXECUTE|[55]
07:37:01.0 (96573495)|STATEMENT_EXECUTE|[56]
07:37:01.0 (96577928)|HEAP_ALLOCATE|[56]|Bytes:7
07:37:01.0 (96582598)|HEAP_ALLOCATE|[56]|Bytes:7
07:37:01.0 (96590638)|HEAP_ALLOCATE|[EXTERNAL]|Bytes:-4
07:37:01.0 (96605476)|HEAP_ALLOCATE|[55]|Bytes:5
07:37:01.0 (96614868)|HEAP_ALLOCATE|[55]|Bytes:4
07:37:01.0 (96626673)|VARIABLE_SCOPE_BEGIN|[55]|pe|Schema.PicklistEntry|true|false
07:37:01.0 (96635537)|VARIABLE_ASSIGNMENT|[55]|pe|Cancelled|0x1b745782
07:37:01.0 (96638065)|STATEMENT_EXECUTE|[55]
07:37:01.0 (96643511)|STATEMENT_EXECUTE|[56]
07:37:01.0 (96648023)|HEAP_ALLOCATE|[56]|Bytes:9
07:37:01.0 (96652752)|HEAP_ALLOCATE|[56]|Bytes:9
07:37:01.0 (96660959)|HEAP_ALLOCATE|[EXTERNAL]|Bytes:-4
07:37:01.0 (96671250)|HEAP_ALLOCATE|[55]|Bytes:5
07:37:01.0 (96680281)|HEAP_ALLOCATE|[55]|Bytes:4
07:37:01.0 (96691505)|VARIABLE_SCOPE_BEGIN|[55]|pe|Schema.PicklistEntry|true|false
07:37:01.0 (96699703)|VARIABLE_ASSIGNMENT|[55]|pe|Reactivate|0x29449a8c
07:37:01.0 (96702099)|STATEMENT_EXECUTE|[55]
07:37:01.0 (96707430)|STATEMENT_EXECUTE|[56]
07:37:01.0 (96711874)|HEAP_ALLOCATE|[56]|Bytes:10
07:37:01.0 (96716583)|HEAP_ALLOCATE|[56]|Bytes:10
07:37:01.0 (96724474)|HEAP_ALLOCATE|[EXTERNAL]|Bytes:-4
07:37:01.0 (96734553)|HEAP_ALLOCATE|[55]|Bytes:5
07:37:01.0 (96743533)|HEAP_ALLOCATE|[55]|Bytes:4
07:37:01.0 (96754893)|VARIABLE_SCOPE_BEGIN|[55]|pe|Schema.PicklistEntry|true|false
07:37:01.0 (96763121)|VARIABLE_ASSIGNMENT|[55]|pe|Executed and Filed|0x21b5d7d8
07:37:01.0 (96765600)|STATEMENT_EXECUTE|[55]
07:37:01.0 (96770998)|STATEMENT_EXECUTE|[56]
07:37:01.0 (96775478)|HEAP_ALLOCATE|[56]|Bytes:18
07:37:01.0 (96780117)|HEAP_ALLOCATE|[56]|Bytes:18
07:37:01.0 (96788225)|HEAP_ALLOCATE|[EXTERNAL]|Bytes:-4
07:37:01.0 (96798681)|HEAP_ALLOCATE|[55]|Bytes:5
07:37:01.0 (96807602)|HEAP_ALLOCATE|[55]|Bytes:4
07:37:01.0 (96819061)|VARIABLE_SCOPE_BEGIN|[55]|pe|Schema.PicklistEntry|true|false
07:37:01.0 (96827271)|VARIABLE_ASSIGNMENT|[55]|pe|Not Executed and Closed|0x29efb523
07:37:01.0 (96829636)|STATEMENT_EXECUTE|[55]
07:37:01.0 (96834918)|STATEMENT_EXECUTE|[56]
07:37:01.0 (96839398)|HEAP_ALLOCATE|[56]|Bytes:23
07:37:01.0 (96844027)|HEAP_ALLOCATE|[56]|Bytes:23
07:37:01.0 (96852656)|HEAP_ALLOCATE|[EXTERNAL]|Bytes:-4
07:37:01.0 (96862909)|HEAP_ALLOCATE|[55]|Bytes:5
07:37:01.0 (96871869)|HEAP_ALLOCATE|[55]|Bytes:4
07:37:01.0 (96883059)|VARIABLE_SCOPE_BEGIN|[55]|pe|Schema.PicklistEntry|true|false
07:37:01.0 (96891355)|VARIABLE_ASSIGNMENT|[55]|pe|Complete|0x101e2fdb
07:37:01.0 (96893736)|STATEMENT_EXECUTE|[55]
07:37:01.0 (96898976)|STATEMENT_EXECUTE|[56]
07:37:01.0 (96903308)|HEAP_ALLOCATE|[56]|Bytes:8
07:37:01.0 (96908015)|HEAP_ALLOCATE|[56]|Bytes:8
07:37:01.0 (96916322)|HEAP_ALLOCATE|[EXTERNAL]|Bytes:-4
07:37:01.0 (96926717)|HEAP_ALLOCATE|[55]|Bytes:5
07:37:01.0 (96935825)|VARIABLE_ASSIGNMENT|[55]|pe|null|
07:37:01.0 (96938744)|STATEMENT_EXECUTE|[58]
07:37:01.0 (96945247)|SYSTEM_MODE_EXIT|false
07:37:01.96 (96970007)|CUMULATIVE_LIMIT_USAGE
07:37:01.96 (96970007)|LIMIT_USAGE_FOR_NS|(default)|
  Number of SOQL queries: 3 out of 100
  Number of query rows: 3 out of 50000
  Number of SOSL queries: 0 out of 20
  Number of DML statements: 0 out of 150
  Number of DML rows: 0 out of 10000
  Maximum CPU time: 0 out of 10000
  Maximum heap size: 0 out of 6000000
  Number of callouts: 0 out of 100
  Number of Email Invocations: 0 out of 10
  Number of future calls: 0 out of 50
  Number of queueable jobs added to the queue: 0 out of 50
  Number of Mobile Apex push calls: 0 out of 10

07:37:01.96 (96970007)|CUMULATIVE_LIMIT_USAGE_END

07:37:01.0 (97004636)|CODE_UNIT_FINISHED|AnythingPath.getPicklistOptions
07:37:01.0 (97290250)|HEAP_ALLOCATE|[EXTERNAL]|Bytes:7
07:37:01.0 (97305666)|HEAP_ALLOCATE|[EXTERNAL]|Bytes:7
07:37:01.0 (97378940)|HEAP_ALLOCATE|[EXTERNAL]|Bytes:9
07:37:01.0 (97393450)|HEAP_ALLOCATE|[EXTERNAL]|Bytes:9
07:37:01.0 (98989340)|CODE_UNIT_STARTED|[EXTERNAL]|01pm0000000EXDB|AnythingPath.dynamicTopic
07:37:01.0 (99024172)|HEAP_ALLOCATE|[EXTERNAL]|Bytes:7
07:37:01.0 (99028392)|HEAP_ALLOCATE|[EXTERNAL]|Bytes:9
07:37:01.0 (99035064)|SYSTEM_MODE_ENTER|false
07:37:01.0 (99040400)|VARIABLE_SCOPE_BEGIN|[65]|WhichObject|String|false|false
07:37:01.0 (99047057)|VARIABLE_ASSIGNMENT|[65]|WhichObject|"ITPR__c"
07:37:01.0 (99049290)|VARIABLE_SCOPE_BEGIN|[65]|Field|String|false|false
07:37:01.0 (99052186)|VARIABLE_ASSIGNMENT|[65]|Field|"Status__c"
07:37:01.0 (99057753)|STATEMENT_EXECUTE|[65]
07:37:01.0 (99059074)|STATEMENT_EXECUTE|[67]
07:37:01.0 (99061945)|HEAP_ALLOCATE|[67]|Bytes:11
07:37:01.0 (99076433)|HEAP_ALLOCATE|[67]|Bytes:33
07:37:01.0 (99081065)|VARIABLE_SCOPE_BEGIN|[67]|DynamicQuery|String|false|false
07:37:01.0 (99088373)|VARIABLE_ASSIGNMENT|[67]|DynamicQuery|"Select Id, Status__c (13 more) ..."
07:37:01.0 (99090463)|STATEMENT_EXECUTE|[70]
07:37:01.0 (99092801)|HEAP_ALLOCATE|[70]|Bytes:85
07:37:01.0 (99100473)|HEAP_ALLOCATE|[70]|Bytes:4
07:37:01.0 (99517020)|SOQL_EXECUTE_BEGIN|[70]|Aggregations:0|SELECT Id, ApiVersion, Name, Description, Query FROM Pushtopic WHERE Query = :tmpVar1
07:37:01.0 (103906565)|SOQL_EXECUTE_END|[70]|Rows:1
07:37:01.0 (103926165)|HEAP_ALLOCATE|[70]|Bytes:8
07:37:01.0 (103940331)|HEAP_ALLOCATE|[70]|Bytes:199
07:37:01.0 (104003463)|HEAP_ALLOCATE|[70]|Bytes:8
07:37:01.0 (104014756)|VARIABLE_SCOPE_BEGIN|[70]|topicList|List<PushTopic>|true|false
07:37:01.0 (104046253)|VARIABLE_ASSIGNMENT|[70]|topicList|{"s":1,"v":[{"s":2,"v":{"Id":"0IFm00000004E6HGAU","ApiVersion":36.0,"Name":"ITPR__cStatus__c","Description":"Autogenerated by Any (19 more) ...","Query":"Select Id, Status__c (13 more) ..."}}]}|0x3b89b5b
07:37:01.0 (104102958)|STATEMENT_EXECUTE|[85]
07:37:01.0 (104105244)|STATEMENT_EXECUTE|[86]
07:37:01.0 (104134280)|HEAP_ALLOCATE|[86]|Bytes:24
07:37:01.0 (104165803)|SYSTEM_MODE_EXIT|false
07:37:01.104 (104193408)|CUMULATIVE_LIMIT_USAGE
07:37:01.104 (104193408)|LIMIT_USAGE_FOR_NS|(default)|
  Number of SOQL queries: 4 out of 100
  Number of query rows: 4 out of 50000
  Number of SOSL queries: 0 out of 20
  Number of DML statements: 0 out of 150
  Number of DML rows: 0 out of 10000
  Maximum CPU time: 0 out of 10000
  Maximum heap size: 0 out of 6000000
  Number of callouts: 0 out of 100
  Number of Email Invocations: 0 out of 10
  Number of future calls: 0 out of 50
  Number of queueable jobs added to the queue: 0 out of 50
  Number of Mobile Apex push calls: 0 out of 10

07:37:01.104 (104193408)|CUMULATIVE_LIMIT_USAGE_END

07:37:01.0 (104231612)|CODE_UNIT_FINISHED|AnythingPath.dynamicTopic
07:37:01.0 (137236095)|HEAP_ALLOCATE|[EXTERNAL]|Bytes:18
07:37:01.0 (137264516)|HEAP_ALLOCATE|[EXTERNAL]|Bytes:18
07:37:01.0 (139338035)|CODE_UNIT_STARTED|[EXTERNAL]|01pm0000000EbLn|ITPR_QuickActions.retrieveITPRWithStatus
07:37:01.0 (139401971)|VARIABLE_SCOPE_BEGIN|[7]|ITPR_QuickActions.rtDictionary|Map<String,RecordType>|true|true
07:37:01.0 (139419343)|HEAP_ALLOCATE|[EXTERNAL]|Bytes:136
07:37:01.0 (139426954)|HEAP_ALLOCATE|[EXTERNAL]|Bytes:25
07:37:01.0 (139430387)|HEAP_ALLOCATE|[EXTERNAL]|Bytes:52
07:37:01.0 (139519333)|METHOD_ENTRY|[1]|01pm0000000EbLn|ITPR_QuickActions.ITPR_QuickActions()
07:37:01.0 (139524157)|STATEMENT_EXECUTE|[1]
07:37:01.0 (139529477)|STATEMENT_EXECUTE|[1]
07:37:01.0 (139530772)|STATEMENT_EXECUTE|[9]
07:37:01.0 (139531771)|STATEMENT_EXECUTE|[10]
07:37:01.0 (139537362)|HEAP_ALLOCATE|[11]|Bytes:70
07:37:01.0 (139550607)|HEAP_ALLOCATE|[11]|Bytes:4
07:37:01.0 (139958768)|SOQL_EXECUTE_BEGIN|[11]|Aggregations:0|SELECT Id, DeveloperName FROM RecordType WHERE SObjectType = 'ITPR__c'
07:37:01.0 (150991729)|SOQL_EXECUTE_END|[11]|Rows:17
07:37:01.0 (151023074)|HEAP_ALLOCATE|[11]|Bytes:72
07:37:01.0 (151065045)|HEAP_ALLOCATE|[11]|Bytes:992
07:37:01.0 (151136209)|HEAP_ALLOCATE|[11]|Bytes:72
07:37:01.0 (151156497)|VARIABLE_SCOPE_BEGIN|[10]|typeList|List<RecordType>|true|false
07:37:01.0 (151196570)|VARIABLE_ASSIGNMENT|[10]|typeList|{"s":1,"v":"List of size 17 too large to display"}|0x2a0a65e3
07:37:01.0 (151202109)|STATEMENT_EXECUTE|[13]
07:37:01.0 (151211319)|HEAP_ALLOCATE|[13]|Bytes:4
07:37:01.0 (151281676)|VARIABLE_ASSIGNMENT|[13]|ITPR_QuickActions.rtDictionary|{"s":1,"v":{}}|0x7c3b2836
07:37:01.0 (151352864)|STATEMENT_EXECUTE|[15]
07:37:01.0 (151480621)|HEAP_ALLOCATE|[16]|Bytes:5
07:37:01.0 (151530453)|HEAP_ALLOCATE|[16]|Bytes:12
07:37:01.0 (151542255)|VARIABLE_SCOPE_BEGIN|[16]|rt|RecordType|true|false
07:37:01.0 (151565438)|VARIABLE_ASSIGNMENT|[16]|rt|{"s":1,"v":{"Id":"012m00000008iTlAAI","DeveloperName":"All_Digital_Initials (9 more) ..."}}|0x6b62250d
07:37:01.0 (151568900)|STATEMENT_EXECUTE|[17]
07:37:01.0 (151570013)|STATEMENT_EXECUTE|[18]
07:37:01.0 (151640609)|HEAP_ALLOCATE|[EXTERNAL]|Bytes:-4
07:37:01.0 (151667952)|HEAP_ALLOCATE|[16]|Bytes:5
07:37:01.0 (151691830)|HEAP_ALLOCATE|[16]|Bytes:12
07:37:01.0 (151699523)|VARIABLE_SCOPE_BEGIN|[16]|rt|RecordType|true|false
07:37:01.0 (151714392)|VARIABLE_ASSIGNMENT|[16]|rt|{"s":1,"v":{"Id":"012m00000008iTbAAI","DeveloperName":"Assigned"}}|0x2b3e3149
07:37:01.0 (151717384)|STATEMENT_EXECUTE|[17]
07:37:01.0 (151718413)|STATEMENT_EXECUTE|[18]
07:37:01.0 (151735125)|HEAP_ALLOCATE|[EXTERNAL]|Bytes:-4
07:37:01.0 (151747620)|HEAP_ALLOCATE|[16]|Bytes:5
07:37:01.0 (151767164)|HEAP_ALLOCATE|[16]|Bytes:12
07:37:01.0 (151773930)|VARIABLE_SCOPE_BEGIN|[16]|rt|RecordType|true|false
07:37:01.0 (151786888)|VARIABLE_ASSIGNMENT|[16]|rt|{"s":1,"v":{"Id":"012m00000008iU0AAI","DeveloperName":"Cancelled"}}|0x22739506
07:37:01.0 (151789651)|STATEMENT_EXECUTE|[17]
07:37:01.0 (151790597)|STATEMENT_EXECUTE|[18]
07:37:01.0 (151805249)|HEAP_ALLOCATE|[EXTERNAL]|Bytes:-4
07:37:01.0 (151816959)|HEAP_ALLOCATE|[16]|Bytes:5
07:37:01.0 (151835914)|HEAP_ALLOCATE|[16]|Bytes:12
07:37:01.0 (151842919)|VARIABLE_SCOPE_BEGIN|[16]|rt|RecordType|true|false
07:37:01.0 (151855464)|VARIABLE_ASSIGNMENT|[16]|rt|{"s":1,"v":{"Id":"012m00000008iUKAAY","DeveloperName":"Complete"}}|0xce70b3b
07:37:01.0 (151858213)|STATEMENT_EXECUTE|[17]
07:37:01.0 (151859168)|STATEMENT_EXECUTE|[18]
07:37:01.0 (151873594)|HEAP_ALLOCATE|[EXTERNAL]|Bytes:-4
07:37:01.0 (151885079)|HEAP_ALLOCATE|[16]|Bytes:5
07:37:01.0 (151903932)|HEAP_ALLOCATE|[16]|Bytes:12
07:37:01.0 (151910261)|VARIABLE_SCOPE_BEGIN|[16]|rt|RecordType|true|false
07:37:01.0 (151922449)|VARIABLE_ASSIGNMENT|[16]|rt|{"s":1,"v":{"Id":"012m00000008iTMAAY","DeveloperName":"Draft"}}|0x76d70de7
07:37:01.0 (151925213)|STATEMENT_EXECUTE|[17]
07:37:01.0 (151926192)|STATEMENT_EXECUTE|[18]
07:37:01.0 (151940248)|HEAP_ALLOCATE|[EXTERNAL]|Bytes:-4
07:37:01.0 (151951557)|HEAP_ALLOCATE|[16]|Bytes:5
07:37:01.0 (151970320)|HEAP_ALLOCATE|[16]|Bytes:12
07:37:01.0 (151976668)|VARIABLE_SCOPE_BEGIN|[16]|rt|RecordType|true|false
07:37:01.0 (151989021)|VARIABLE_ASSIGNMENT|[16]|rt|{"s":1,"v":{"Id":"012m00000008iUAAAY","DeveloperName":"Executed"}}|0x2c39ce0d
07:37:01.0 (151991866)|STATEMENT_EXECUTE|[17]
07:37:01.0 (151992810)|STATEMENT_EXECUTE|[18]
07:37:01.0 (152006863)|HEAP_ALLOCATE|[EXTERNAL]|Bytes:-4
07:37:01.0 (152019351)|HEAP_ALLOCATE|[16]|Bytes:5
07:37:01.0 (152038017)|HEAP_ALLOCATE|[16]|Bytes:12
07:37:01.0 (152044419)|VARIABLE_SCOPE_BEGIN|[16]|rt|RecordType|true|false
07:37:01.0 (152056935)|VARIABLE_ASSIGNMENT|[16]|rt|{"s":1,"v":{"Id":"012m00000008iTgAAI","DeveloperName":"In_Approvals"}}|0x12dcb529
07:37:01.0 (152059840)|STATEMENT_EXECUTE|[17]
07:37:01.0 (152060775)|STATEMENT_EXECUTE|[18]
07:37:01.0 (152074862)|HEAP_ALLOCATE|[EXTERNAL]|Bytes:-4
07:37:01.0 (152086213)|HEAP_ALLOCATE|[16]|Bytes:5
07:37:01.0 (152104532)|HEAP_ALLOCATE|[16]|Bytes:12
07:37:01.0 (152111083)|VARIABLE_SCOPE_BEGIN|[16]|rt|RecordType|true|false
07:37:01.0 (152126698)|VARIABLE_ASSIGNMENT|[16]|rt|{"s":1,"v":{"Id":"012d0000000x2ACAAY","DeveloperName":"In_Process"}}|0x2656da9a
07:37:01.0 (152129814)|STATEMENT_EXECUTE|[17]
07:37:01.0 (152130777)|STATEMENT_EXECUTE|[18]
07:37:01.0 (152145295)|HEAP_ALLOCATE|[EXTERNAL]|Bytes:-4
07:37:01.0 (152156975)|HEAP_ALLOCATE|[16]|Bytes:5
07:37:01.0 (152179911)|HEAP_ALLOCATE|[16]|Bytes:12
07:37:01.0 (152186983)|VARIABLE_SCOPE_BEGIN|[16]|rt|RecordType|true|false
07:37:01.0 (152199547)|VARIABLE_ASSIGNMENT|[16]|rt|{"s":1,"v":{"Id":"012m00000008iUFAAY","DeveloperName":"Not_Executed"}}|0x68205382
07:37:01.0 (152202405)|STATEMENT_EXECUTE|[17]
07:37:01.0 (152203339)|STATEMENT_EXECUTE|[18]
07:37:01.0 (152217444)|HEAP_ALLOCATE|[EXTERNAL]|Bytes:-4
07:37:01.0 (152233941)|HEAP_ALLOCATE|[16]|Bytes:5
07:37:01.0 (152253058)|HEAP_ALLOCATE|[16]|Bytes:12
07:37:01.0 (152259489)|VARIABLE_SCOPE_BEGIN|[16]|rt|RecordType|true|false
07:37:01.0 (152276039)|VARIABLE_ASSIGNMENT|[16]|rt|{"s":1,"v":{"Id":"012m00000008iTqAAI","DeveloperName":"On_Hold"}}|0xa8ba12d
07:37:01.0 (152278967)|STATEMENT_EXECUTE|[17]
07:37:01.0 (152279923)|STATEMENT_EXECUTE|[18]
07:37:01.0 (152294300)|HEAP_ALLOCATE|[EXTERNAL]|Bytes:-4
07:37:01.0 (152306635)|HEAP_ALLOCATE|[16]|Bytes:5
07:37:01.0 (152330262)|HEAP_ALLOCATE|[16]|Bytes:12
07:37:01.0 (152336979)|VARIABLE_SCOPE_BEGIN|[16]|rt|RecordType|true|false
07:37:01.0 (152351556)|VARIABLE_ASSIGNMENT|[16]|rt|{"s":1,"v":{"Id":"012d0000000x3F8AAI","DeveloperName":"Pending_Budget"}}|0x7d0928a8
07:37:01.0 (152356524)|STATEMENT_EXECUTE|[17]
07:37:01.0 (152358357)|STATEMENT_EXECUTE|[18]
07:37:01.0 (152386478)|HEAP_ALLOCATE|[EXTERNAL]|Bytes:-4
07:37:01.0 (152417194)|HEAP_ALLOCATE|[16]|Bytes:5
07:37:01.0 (152444273)|HEAP_ALLOCATE|[16]|Bytes:12
07:37:01.0 (152451722)|VARIABLE_SCOPE_BEGIN|[16]|rt|RecordType|true|false
07:37:01.0 (152470472)|VARIABLE_ASSIGNMENT|[16]|rt|{"s":1,"v":{"Id":"012m00000008iTWAAY","DeveloperName":"Pending_More_Info_Ne (4 more) ..."}}|0x6d1bbf99
07:37:01.0 (152473637)|STATEMENT_EXECUTE|[17]
07:37:01.0 (152474587)|STATEMENT_EXECUTE|[18]
07:37:01.0 (152490095)|HEAP_ALLOCATE|[EXTERNAL]|Bytes:-4
07:37:01.0 (152502185)|HEAP_ALLOCATE|[16]|Bytes:5
07:37:01.0 (152525256)|HEAP_ALLOCATE|[16]|Bytes:12
07:37:01.0 (152532097)|VARIABLE_SCOPE_BEGIN|[16]|rt|RecordType|true|false
07:37:01.0 (152544858)|VARIABLE_ASSIGNMENT|[16]|rt|{"s":1,"v":{"Id":"012m00000008iU5AAI","DeveloperName":"Reactivate"}}|0x74d4dfb
07:37:01.0 (152547511)|STATEMENT_EXECUTE|[17]
07:37:01.0 (152548435)|STATEMENT_EXECUTE|[18]
07:37:01.0 (152563346)|HEAP_ALLOCATE|[EXTERNAL]|Bytes:-4
07:37:01.0 (152575004)|HEAP_ALLOCATE|[16]|Bytes:5
07:37:01.0 (152593605)|HEAP_ALLOCATE|[16]|Bytes:12
07:37:01.0 (152602353)|VARIABLE_SCOPE_BEGIN|[16]|rt|RecordType|true|false
07:37:01.0 (152615120)|VARIABLE_ASSIGNMENT|[16]|rt|{"s":1,"v":{"Id":"012m00000008iTRAAY","DeveloperName":"Submitted"}}|0x509816f6
07:37:01.0 (152621616)|STATEMENT_EXECUTE|[17]
07:37:01.0 (152622539)|STATEMENT_EXECUTE|[18]
07:37:01.0 (152637769)|HEAP_ALLOCATE|[EXTERNAL]|Bytes:-4
07:37:01.0 (152649630)|HEAP_ALLOCATE|[16]|Bytes:5
07:37:01.0 (152668816)|HEAP_ALLOCATE|[16]|Bytes:12
07:37:01.0 (152675629)|VARIABLE_SCOPE_BEGIN|[16]|rt|RecordType|true|false
07:37:01.0 (152688751)|VARIABLE_ASSIGNMENT|[16]|rt|{"s":1,"v":{"Id":"012d0000000x2ADAAY","DeveloperName":"Wave1_Approvals"}}|0x64602825
07:37:01.0 (152691834)|STATEMENT_EXECUTE|[17]
07:37:01.0 (152692734)|STATEMENT_EXECUTE|[18]
07:37:01.0 (152706834)|HEAP_ALLOCATE|[EXTERNAL]|Bytes:-4
07:37:01.0 (152718168)|HEAP_ALLOCATE|[16]|Bytes:5
07:37:01.0 (152736765)|HEAP_ALLOCATE|[16]|Bytes:12
07:37:01.0 (152743230)|VARIABLE_SCOPE_BEGIN|[16]|rt|RecordType|true|false
07:37:01.0 (152755270)|VARIABLE_ASSIGNMENT|[16]|rt|{"s":1,"v":{"Id":"012d0000000x2AEAAY","DeveloperName":"Wave2_Approvals"}}|0x5437b447
07:37:01.0 (152758250)|STATEMENT_EXECUTE|[17]
07:37:01.0 (152759959)|STATEMENT_EXECUTE|[18]
07:37:01.0 (152777871)|HEAP_ALLOCATE|[EXTERNAL]|Bytes:-4
07:37:01.0 (152789742)|HEAP_ALLOCATE|[16]|Bytes:5
07:37:01.0 (152808758)|HEAP_ALLOCATE|[16]|Bytes:12
07:37:01.0 (152815322)|VARIABLE_SCOPE_BEGIN|[16]|rt|RecordType|true|false
07:37:01.0 (152827814)|VARIABLE_ASSIGNMENT|[16]|rt|{"s":1,"v":{"Id":"012d0000000x2AFAAY","DeveloperName":"Wave3_Approvals"}}|0x39f819af
07:37:01.0 (152830817)|STATEMENT_EXECUTE|[17]
07:37:01.0 (152831739)|STATEMENT_EXECUTE|[18]
07:37:01.0 (152845719)|HEAP_ALLOCATE|[EXTERNAL]|Bytes:-4
07:37:01.0 (152857121)|HEAP_ALLOCATE|[16]|Bytes:5
07:37:01.0 (152868264)|VARIABLE_ASSIGNMENT|[16]|rt|null|
07:37:01.0 (152877219)|METHOD_EXIT|[1]|ITPR_QuickActions
07:37:01.0 (152882600)|HEAP_ALLOCATE|[EXTERNAL]|Bytes:18
07:37:01.0 (152890244)|SYSTEM_MODE_ENTER|false
07:37:01.0 (152895984)|VARIABLE_SCOPE_BEGIN|[119]|recordId|String|false|false
07:37:01.0 (152901747)|VARIABLE_ASSIGNMENT|[119]|recordId|"a1Nm00000011q90EAA"
07:37:01.0 (152908185)|STATEMENT_EXECUTE|[119]
07:37:01.0 (152909321)|STATEMENT_EXECUTE|[120]
07:37:01.0 (152912234)|HEAP_ALLOCATE|[120]|Bytes:63
07:37:01.0 (152918163)|HEAP_ALLOCATE|[120]|Bytes:4
07:37:01.0 (153144241)|SOQL_EXECUTE_BEGIN|[120]|Aggregations:0|SELECT Name, Status__c FROM ITPR__c WHERE Id = :tmpVar1 LIMIT 1
07:37:01.0 (156446383)|SOQL_EXECUTE_END|[120]|Rows:1
07:37:01.0 (156463318)|HEAP_ALLOCATE|[120]|Bytes:8
07:37:01.0 (156473706)|HEAP_ALLOCATE|[120]|Bytes:70
07:37:01.0 (156489096)|HEAP_ALLOCATE|[120]|Bytes:8
07:37:01.0 (156497010)|HEAP_ALLOCATE|[120]|Bytes:33
07:37:01.0 (156528533)|HEAP_ALLOCATE|[120]|Bytes:16
07:37:01.0 (156536282)|VARIABLE_SCOPE_BEGIN|[120]|itsesRequest|ITPR__c|true|false
07:37:01.0 (156553787)|VARIABLE_ASSIGNMENT|[120]|itsesRequest|{"s":1,"v":{"Name":"201609-04573","Status__c":"Assigned","Id":"a1Nm00000011q90EAA"}}|0x18685c82
07:37:01.0 (156557226)|STATEMENT_EXECUTE|[121]
07:37:01.0 (156565042)|SYSTEM_MODE_EXIT|false
07:37:01.156 (156612252)|CUMULATIVE_LIMIT_USAGE
07:37:01.156 (156612252)|LIMIT_USAGE_FOR_NS|(default)|
  Number of SOQL queries: 6 out of 100
  Number of query rows: 22 out of 50000
  Number of SOSL queries: 0 out of 20
  Number of DML statements: 0 out of 150
  Number of DML rows: 0 out of 10000
  Maximum CPU time: 0 out of 10000
  Maximum heap size: 0 out of 6000000
  Number of callouts: 0 out of 100
  Number of Email Invocations: 0 out of 10
  Number of future calls: 0 out of 50
  Number of queueable jobs added to the queue: 0 out of 50
  Number of Mobile Apex push calls: 0 out of 10

07:37:01.156 (156612252)|CUMULATIVE_LIMIT_USAGE_END

07:37:01.0 (156662938)|CODE_UNIT_FINISHED|ITPR_QuickActions.retrieveITPRWithStatus
07:37:01.0 (345050802)|HEAP_ALLOCATE|[EXTERNAL]|Bytes:778
07:37:01.0 (345078878)|HEAP_ALLOCATE|[EXTERNAL]|Bytes:778
07:37:01.0 (347037353)|CODE_UNIT_STARTED|[EXTERNAL]|01pm0000000EXpe|PowerRelatedListCtrl.query
07:37:01.0 (347103058)|HEAP_ALLOCATE|[EXTERNAL]|Bytes:14
07:37:01.0 (347111185)|HEAP_ALLOCATE|[EXTERNAL]|Bytes:21
07:37:01.0 (347113864)|HEAP_ALLOCATE|[EXTERNAL]|Bytes:27
07:37:01.0 (347127890)|METHOD_ENTRY|[1]|01pm0000000EXpe|PowerRelatedListCtrl.PowerRelatedListCtrl()
07:37:01.0 (347132806)|STATEMENT_EXECUTE|[1]
07:37:01.0 (347138083)|STATEMENT_EXECUTE|[1]
07:37:01.0 (347152449)|SYSTEM_MODE_ENTER|false
07:37:01.0 (347165092)|HEAP_ALLOCATE|[EXTERNAL]|Bytes:5
07:37:01.0 (347169223)|STATEMENT_EXECUTE|[219]
07:37:01.0 (347175017)|SYSTEM_MODE_EXIT|false
07:37:01.0 (347184295)|METHOD_EXIT|[1]|PowerRelatedListCtrl
07:37:01.0 (347189092)|HEAP_ALLOCATE|[EXTERNAL]|Bytes:778
07:37:01.0 (347193945)|SYSTEM_MODE_ENTER|false
07:37:01.0 (347205337)|VARIABLE_SCOPE_BEGIN|[4]|soql|String|false|false
07:37:01.0 (347222917)|VARIABLE_ASSIGNMENT|[4]|soql|"select Id, Organizat (758 more) ..."
07:37:01.0 (347233979)|HEAP_ALLOCATE|[5]|Bytes:5
07:37:01.0 (347237230)|STATEMENT_EXECUTE|[4]
07:37:01.0 (347238374)|STATEMENT_EXECUTE|[5]
07:37:01.0 (348032160)|SOQL_EXECUTE_BEGIN|[5]|Aggregations:0|select Id, Organization__c, Name, Request_Type__c, Category__c, Submitted_By__c, Business_Area__c, Submitted_By_Phone_Number__c, Submitted_On_Behalf_Of__c, Delegated_Requestor__c, Delegated_Requestor_check__c, Supplier_Name__c, Do_not_Auto_Assign__c, Supplier_Contact_Name__c, Manager__c, Supplier_Contact_Email__c, Request_Comments_Updates__c, Supplier_Contact_Phone_Number__c, Actual_Requestor__c, Opportunity_Statement__c, If_Chg_Order_Provide_Orig_Contract_Value__c, I_Have_Read_The_Provided_ITP_OLA__c, Engagement_Of_A_New_Supplier__c, Assign_check__c, If_Rqd_Has_Hosting_Cert_Team_Approved__c, Portfolio_Department__c, If_Required_Has_The_TRB_Approved__c, Date_Needed_By__c, Primary_Assignee__c, Primary_Assignee_Prior_Value__c from ITPR__c where Id = 'a1Nm00000011q90EAA'
07:37:01.0 (365690108)|SOQL_EXECUTE_END|[5]|Rows:1
07:37:01.0 (365728282)|HEAP_ALLOCATE|[5]|Bytes:8
07:37:01.0 (365761385)|HEAP_ALLOCATE|[5]|Bytes:695
07:37:01.0 (365794698)|HEAP_ALLOCATE|[5]|Bytes:8
07:37:01.0 (365879206)|HEAP_ALLOCATE|[5]|Bytes:24
07:37:01.0 (365913016)|SYSTEM_METHOD_ENTRY|[1]|JSON.JSON()
07:37:01.0 (365916365)|STATEMENT_EXECUTE|[1]
07:37:01.0 (365926088)|SYSTEM_METHOD_EXIT|[1]|JSON
07:37:01.0 (365943368)|METHOD_ENTRY|[5]||System.JSON.serialize(Object)
07:37:01.0 (366504250)|METHOD_EXIT|[5]||System.JSON.serialize(Object)
07:37:01.0 (366518397)|SYSTEM_MODE_EXIT|false
07:37:01.366 (366561234)|CUMULATIVE_LIMIT_USAGE
07:37:01.366 (366561234)|LIMIT_USAGE_FOR_NS|(default)|
  Number of SOQL queries: 7 out of 100
  Number of query rows: 23 out of 50000
  Number of SOSL queries: 0 out of 20
  Number of DML statements: 0 out of 150
  Number of DML rows: 0 out of 10000
  Maximum CPU time: 0 out of 10000
  Maximum heap size: 0 out of 6000000
  Number of callouts: 0 out of 100
  Number of Email Invocations: 0 out of 10
  Number of future calls: 0 out of 50
  Number of queueable jobs added to the queue: 0 out of 50
  Number of Mobile Apex push calls: 0 out of 10

07:37:01.366 (366561234)|CUMULATIVE_LIMIT_USAGE_END

07:37:01.0 (366617420)|CODE_UNIT_FINISHED|PowerRelatedListCtrl.query
