38.0 APEX_CODE,FINEST;APEX_PROFILING,INFO;CALLOUT,INFO;DB,INFO;SYSTEM,DEBUG;VALIDATION,INFO;VISUALFORCE,INFO;WORKFLOW,INFO
07:25:45.0 (539801)|USER_INFO|[EXTERNAL]|005m0000002GNhO|dscruggs@salesforce.com.rfadev13|Pacific Standard Time|GMT-07:00
07:25:45.0 (578327)|EXECUTION_STARTED
07:25:45.0 (583478)|CODE_UNIT_STARTED|[EXTERNAL]|01pm0000000EXDD|StreamerCtrl.sessionId
07:25:45.0 (763991)|HEAP_ALLOCATE|[72]|Bytes:3
07:25:45.0 (825590)|HEAP_ALLOCATE|[77]|Bytes:152
07:25:45.0 (845813)|HEAP_ALLOCATE|[342]|Bytes:408
07:25:45.0 (864790)|HEAP_ALLOCATE|[355]|Bytes:408
07:25:45.0 (882064)|HEAP_ALLOCATE|[467]|Bytes:48
07:25:45.0 (915615)|HEAP_ALLOCATE|[139]|Bytes:6
07:25:45.0 (1001230)|HEAP_ALLOCATE|[EXTERNAL]|Bytes:1
07:25:45.0 (1016006)|METHOD_ENTRY|[1]|01pm0000000EXDD|StreamerCtrl.StreamerCtrl()
07:25:45.0 (1020277)|STATEMENT_EXECUTE|[1]
07:25:45.0 (1026558)|STATEMENT_EXECUTE|[1]
07:25:45.0 (1031457)|METHOD_EXIT|[1]|StreamerCtrl
07:25:45.0 (1045661)|SYSTEM_MODE_ENTER|false
07:25:45.0 (1060197)|STATEMENT_EXECUTE|[4]
07:25:45.0 (1061758)|STATEMENT_EXECUTE|[5]
07:25:45.0 (1098015)|HEAP_ALLOCATE|[5]|Bytes:85
07:25:45.0 (1124304)|SYSTEM_METHOD_ENTRY|[1]|UserInfo.UserInfo()
07:25:45.0 (1126806)|STATEMENT_EXECUTE|[1]
07:25:45.0 (1133473)|SYSTEM_METHOD_EXIT|[1]|UserInfo
07:25:45.0 (1146878)|METHOD_ENTRY|[5]||System.UserInfo.getSessionId()
07:25:45.0 (15397103)|METHOD_EXIT|[5]||System.UserInfo.getSessionId()
07:25:45.0 (15410679)|SYSTEM_MODE_EXIT|false
07:25:45.15 (15464545)|CUMULATIVE_LIMIT_USAGE
07:25:45.15 (15464545)|LIMIT_USAGE_FOR_NS|(default)|
  Number of SOQL queries: 0 out of 100
  Number of query rows: 0 out of 50000
  Number of SOSL queries: 0 out of 20
  Number of DML statements: 0 out of 150
  Number of DML rows: 0 out of 10000
  Maximum CPU time: 0 out of 10000
  Maximum heap size: 0 out of 6000000
  Number of callouts: 0 out of 100
  Number of Email Invocations: 0 out of 10
  Number of future calls: 0 out of 50
  Number of queueable jobs added to the queue: 0 out of 50
  Number of Mobile Apex push calls: 0 out of 10

07:25:45.15 (15464545)|CUMULATIVE_LIMIT_USAGE_END

07:25:45.0 (15511603)|CODE_UNIT_FINISHED|StreamerCtrl.sessionId
07:25:45.0 (19284042)|EXECUTION_FINISHED
