38.0 APEX_CODE,FINEST;APEX_PROFILING,INFO;CALLOUT,INFO;DB,INFO;SYSTEM,DEBUG;VALIDATION,INFO;VISUALFORCE,INFO;WORKFLOW,INFO
07:34:02.0 (457357)|USER_INFO|[EXTERNAL]|005m0000002GNhO|dscruggs@salesforce.com.rfadev13|Pacific Standard Time|GMT-07:00
07:34:02.0 (491112)|EXECUTION_STARTED
07:34:02.0 (496955)|CODE_UNIT_STARTED|[EXTERNAL]|aura
07:34:02.0 (943694)|HEAP_ALLOCATE|[72]|Bytes:3
07:34:02.0 (995495)|HEAP_ALLOCATE|[77]|Bytes:152
07:34:02.0 (1009828)|HEAP_ALLOCATE|[342]|Bytes:408
07:34:02.0 (1025228)|HEAP_ALLOCATE|[355]|Bytes:408
07:34:02.0 (1038431)|HEAP_ALLOCATE|[467]|Bytes:48
07:34:02.0 (1065086)|HEAP_ALLOCATE|[139]|Bytes:6
07:34:02.0 (1089068)|HEAP_ALLOCATE|[EXTERNAL]|Bytes:7
07:34:02.0 (1104635)|HEAP_ALLOCATE|[EXTERNAL]|Bytes:7
07:34:02.0 (1163093)|HEAP_ALLOCATE|[EXTERNAL]|Bytes:9
07:34:02.0 (1172701)|HEAP_ALLOCATE|[EXTERNAL]|Bytes:9
07:34:02.0 (2889929)|CODE_UNIT_STARTED|[EXTERNAL]|01pm0000000EZxV|GuidanceBox.dynamicTopic
07:34:02.0 (2971520)|HEAP_ALLOCATE|[EXTERNAL]|Bytes:4
07:34:02.0 (2976685)|HEAP_ALLOCATE|[EXTERNAL]|Bytes:2
07:34:02.0 (2985686)|METHOD_ENTRY|[1]|01pm0000000EZxV|GuidanceBox.GuidanceBox()
07:34:02.0 (2989162)|STATEMENT_EXECUTE|[1]
07:34:02.0 (2993123)|STATEMENT_EXECUTE|[1]
07:34:02.0 (2997428)|METHOD_EXIT|[1]|GuidanceBox
07:34:02.0 (3001164)|HEAP_ALLOCATE|[EXTERNAL]|Bytes:7
07:34:02.0 (3003510)|HEAP_ALLOCATE|[EXTERNAL]|Bytes:9
07:34:02.0 (3015065)|SYSTEM_MODE_ENTER|false
07:34:02.0 (3023932)|VARIABLE_SCOPE_BEGIN|[30]|WhichObject|String|false|false
07:34:02.0 (3047936)|VARIABLE_ASSIGNMENT|[30]|WhichObject|"ITPR__c"
07:34:02.0 (3051311)|VARIABLE_SCOPE_BEGIN|[30]|Field|String|false|false
07:34:02.0 (3055373)|VARIABLE_ASSIGNMENT|[30]|Field|"Status__c"
07:34:02.0 (3066555)|STATEMENT_EXECUTE|[30]
07:34:02.0 (3067903)|STATEMENT_EXECUTE|[31]
07:34:02.0 (3802065)|HEAP_ALLOCATE|[31]|Bytes:15
07:34:02.0 (3808948)|HEAP_ALLOCATE|[31]|Bytes:8
07:34:02.0 (3832985)|METHOD_ENTRY|[1]|01pm0000000EXDB|AnythingPath.AnythingPath()
07:34:02.0 (3835464)|STATEMENT_EXECUTE|[1]
07:34:02.0 (3838242)|STATEMENT_EXECUTE|[1]
07:34:02.0 (3841828)|METHOD_EXIT|[1]|AnythingPath
07:34:02.0 (3854245)|METHOD_ENTRY|[31]|01pm0000000EXDB|AnythingPath.dynamicTopic(String, String)
07:34:02.0 (3871896)|VARIABLE_SCOPE_BEGIN|[65]|WhichObject|String|false|false
07:34:02.0 (3878713)|VARIABLE_ASSIGNMENT|[65]|WhichObject|"ITPR__c"
07:34:02.0 (3880683)|VARIABLE_SCOPE_BEGIN|[65]|Field|String|false|false
07:34:02.0 (3883517)|VARIABLE_ASSIGNMENT|[65]|Field|"Status__c"
07:34:02.0 (3886767)|STATEMENT_EXECUTE|[65]
07:34:02.0 (3887843)|STATEMENT_EXECUTE|[67]
07:34:02.0 (3891150)|HEAP_ALLOCATE|[67]|Bytes:11
07:34:02.0 (3895629)|HEAP_ALLOCATE|[67]|Bytes:6
07:34:02.0 (3909077)|HEAP_ALLOCATE|[67]|Bytes:33
07:34:02.0 (3913802)|VARIABLE_SCOPE_BEGIN|[67]|DynamicQuery|String|false|false
07:34:02.0 (3922577)|VARIABLE_ASSIGNMENT|[67]|DynamicQuery|"Select Id, Status__c (13 more) ..."
07:34:02.0 (3925111)|STATEMENT_EXECUTE|[70]
07:34:02.0 (3927877)|HEAP_ALLOCATE|[70]|Bytes:85
07:34:02.0 (3938963)|HEAP_ALLOCATE|[70]|Bytes:4
07:34:02.0 (3949712)|HEAP_ALLOCATE|[70]|Bytes:7
07:34:02.0 (3984523)|HEAP_ALLOCATE|[50]|Bytes:5
07:34:02.0 (4005976)|HEAP_ALLOCATE|[56]|Bytes:5
07:34:02.0 (4015082)|HEAP_ALLOCATE|[64]|Bytes:7
07:34:02.0 (4332888)|SOQL_EXECUTE_BEGIN|[70]|Aggregations:0|SELECT Id, ApiVersion, Name, Description, Query FROM Pushtopic WHERE Query = :tmpVar1
07:34:02.0 (8081174)|SOQL_EXECUTE_END|[70]|Rows:1
07:34:02.0 (8101602)|HEAP_ALLOCATE|[70]|Bytes:8
07:34:02.0 (8117979)|HEAP_ALLOCATE|[70]|Bytes:199
07:34:02.0 (8205978)|HEAP_ALLOCATE|[70]|Bytes:8
07:34:02.0 (8217398)|VARIABLE_SCOPE_BEGIN|[70]|topicList|List<PushTopic>|true|false
07:34:02.0 (8254490)|VARIABLE_ASSIGNMENT|[70]|topicList|{"s":1,"v":[{"s":2,"v":{"Id":"0IFm00000004E6HGAU","ApiVersion":36.0,"Name":"ITPR__cStatus__c","Description":"Autogenerated by Any (19 more) ...","Query":"Select Id, Status__c (13 more) ..."}}]}|0x2aad0a6e
07:34:02.0 (8324046)|STATEMENT_EXECUTE|[85]
07:34:02.0 (8326274)|STATEMENT_EXECUTE|[86]
07:34:02.0 (8358069)|HEAP_ALLOCATE|[86]|Bytes:24
07:34:02.0 (8391376)|METHOD_EXIT|[31]|01pm0000000EXDB|AnythingPath.dynamicTopic(String, String)
07:34:02.0 (8399280)|SYSTEM_MODE_EXIT|false
07:34:02.8 (8440736)|CUMULATIVE_LIMIT_USAGE
07:34:02.8 (8440736)|LIMIT_USAGE_FOR_NS|(default)|
  Number of SOQL queries: 1 out of 100
  Number of query rows: 1 out of 50000
  Number of SOSL queries: 0 out of 20
  Number of DML statements: 0 out of 150
  Number of DML rows: 0 out of 10000
  Maximum CPU time: 0 out of 10000
  Maximum heap size: 0 out of 6000000
  Number of callouts: 0 out of 100
  Number of Email Invocations: 0 out of 10
  Number of future calls: 0 out of 50
  Number of queueable jobs added to the queue: 0 out of 50
  Number of Mobile Apex push calls: 0 out of 10

07:34:02.8 (8440736)|CUMULATIVE_LIMIT_USAGE_END

07:34:02.0 (8480726)|CODE_UNIT_FINISHED|GuidanceBox.dynamicTopic
