38.0 APEX_CODE,FINEST;APEX_PROFILING,INFO;CALLOUT,INFO;DB,INFO;SYSTEM,DEBUG;VALIDATION,INFO;VISUALFORCE,INFO;WORKFLOW,INFO
07:30:16.0 (446806)|USER_INFO|[EXTERNAL]|005m0000002GNhO|dscruggs@salesforce.com.rfadev13|Pacific Standard Time|GMT-07:00
07:30:16.0 (481922)|EXECUTION_STARTED
07:30:16.0 (486505)|CODE_UNIT_STARTED|[EXTERNAL]|aura
07:30:16.0 (918098)|HEAP_ALLOCATE|[72]|Bytes:3
07:30:16.0 (993803)|HEAP_ALLOCATE|[77]|Bytes:152
07:30:16.0 (1017809)|HEAP_ALLOCATE|[342]|Bytes:408
07:30:16.0 (1045145)|HEAP_ALLOCATE|[355]|Bytes:408
07:30:16.0 (1068966)|HEAP_ALLOCATE|[467]|Bytes:48
07:30:16.0 (1112595)|HEAP_ALLOCATE|[139]|Bytes:6
07:30:16.0 (1147574)|HEAP_ALLOCATE|[EXTERNAL]|Bytes:18
07:30:16.0 (1176551)|HEAP_ALLOCATE|[EXTERNAL]|Bytes:4
07:30:16.0 (1579581)|HEAP_ALLOCATE|[EXTERNAL]|Bytes:13
07:30:16.0 (1592406)|HEAP_ALLOCATE|[EXTERNAL]|Bytes:13
07:30:16.0 (1647142)|HEAP_ALLOCATE|[EXTERNAL]|Bytes:26004
07:30:16.0 (1657443)|HEAP_ALLOCATE|[EXTERNAL]|Bytes:26004
07:30:16.0 (1703283)|HEAP_ALLOCATE|[EXTERNAL]|Bytes:9
07:30:16.0 (1712892)|HEAP_ALLOCATE|[EXTERNAL]|Bytes:9
07:30:16.0 (4913474)|CODE_UNIT_STARTED|[EXTERNAL]|01pm0000000EbYc|FileAttacherExtensionController.saveAttachment
07:30:16.0 (5067884)|HEAP_ALLOCATE|[EXTERNAL]|Bytes:10
07:30:16.0 (5088178)|METHOD_ENTRY|[1]|01pm0000000EbYc|FileAttacherExtensionController.FileAttacherExtensionController()
07:30:16.0 (5094230)|STATEMENT_EXECUTE|[1]
07:30:16.0 (5101383)|STATEMENT_EXECUTE|[1]
07:30:16.0 (5155789)|HEAP_ALLOCATE|[50]|Bytes:5
07:30:16.0 (5194905)|HEAP_ALLOCATE|[56]|Bytes:5
07:30:16.0 (5212874)|HEAP_ALLOCATE|[64]|Bytes:7
07:30:16.0 (5248485)|SYSTEM_MODE_ENTER|false
07:30:16.0 (5281875)|HEAP_ALLOCATE|[EXTERNAL]|Bytes:5
07:30:16.0 (5292566)|SYSTEM_MODE_EXIT|false
07:30:16.0 (5303229)|METHOD_EXIT|[1]|FileAttacherExtensionController
07:30:16.0 (5310370)|HEAP_ALLOCATE|[EXTERNAL]|Bytes:4
07:30:16.0 (5313913)|HEAP_ALLOCATE|[EXTERNAL]|Bytes:13
07:30:16.0 (5316963)|HEAP_ALLOCATE|[EXTERNAL]|Bytes:26004
07:30:16.0 (5319986)|HEAP_ALLOCATE|[EXTERNAL]|Bytes:9
07:30:16.0 (5327185)|SYSTEM_MODE_ENTER|false
07:30:16.0 (5337958)|VARIABLE_SCOPE_BEGIN|[17]|parentId|Id|false|false
07:30:16.0 (5549903)|VARIABLE_ASSIGNMENT|[17]|parentId|"a1Nm00000011q90EAA"
07:30:16.0 (5559135)|VARIABLE_SCOPE_BEGIN|[17]|fileName|String|false|false
07:30:16.0 (5569576)|VARIABLE_ASSIGNMENT|[17]|fileName|"lightbulb.png"
07:30:16.0 (5574244)|VARIABLE_SCOPE_BEGIN|[17]|base64Data|String|false|false
07:30:16.0 (5584325)|VARIABLE_ASSIGNMENT|[17]|base64Data|"iVBORw0KGgoAAAANSUhE (25984 more) ..."
07:30:16.0 (5588656)|VARIABLE_SCOPE_BEGIN|[17]|contentType|String|false|false
07:30:16.0 (5594453)|VARIABLE_ASSIGNMENT|[17]|contentType|"image/png"
07:30:16.0 (5616886)|HEAP_ALLOCATE|[18]|Bytes:5
07:30:16.0 (5624043)|STATEMENT_EXECUTE|[17]
07:30:16.0 (5626385)|STATEMENT_EXECUTE|[18]
07:30:16.0 (5637529)|HEAP_ALLOCATE|[18]|Bytes:5
07:30:16.0 (5689630)|HEAP_ALLOCATE|[18]|Bytes:15
07:30:16.0 (5702371)|SYSTEM_METHOD_ENTRY|[1]|EncodingUtil.EncodingUtil()
07:30:16.0 (5706360)|STATEMENT_EXECUTE|[1]
07:30:16.0 (5714405)|SYSTEM_METHOD_EXIT|[1]|EncodingUtil
07:30:16.0 (5731860)|METHOD_ENTRY|[18]||System.EncodingUtil.urlDecode(String, String)
07:30:16.0 (6571237)|METHOD_EXIT|[18]||System.EncodingUtil.urlDecode(String, String)
07:30:16.0 (6589594)|VARIABLE_ASSIGNMENT|[18]|base64Data|"iVBORw0KGgoAAAANSUhE (25984 more) ..."
07:30:16.0 (6594094)|STATEMENT_EXECUTE|[20]
07:30:16.0 (6693622)|HEAP_ALLOCATE|[20]|Bytes:4
07:30:16.0 (6876444)|VARIABLE_SCOPE_BEGIN|[20]|a|Attachment|true|false
07:30:16.0 (6902570)|VARIABLE_ASSIGNMENT|[20]|a|{}|0x3270c6de
07:30:16.0 (6907627)|STATEMENT_EXECUTE|[21]
07:30:16.0 (7421456)|VARIABLE_ASSIGNMENT|[21]|this.ParentId|"a1Nm00000011q90EAA"|0x3270c6de
07:30:16.0 (7426492)|STATEMENT_EXECUTE|[23]
07:30:16.0 (7440261)|METHOD_ENTRY|[23]||System.EncodingUtil.base64Decode(String)
07:30:16.0 (8088292)|METHOD_EXIT|[23]||System.EncodingUtil.base64Decode(String)
07:30:16.0 (8153292)|VARIABLE_ASSIGNMENT|[23]|this.Body|BLOB(19215 bytes)|0x3270c6de
07:30:16.0 (8157024)|STATEMENT_EXECUTE|[24]
07:30:16.0 (8213347)|VARIABLE_ASSIGNMENT|[24]|this.Name|"lightbulb.png"|0x3270c6de
07:30:16.0 (8218180)|STATEMENT_EXECUTE|[25]
07:30:16.0 (8283101)|VARIABLE_ASSIGNMENT|[25]|this.ContentType|"image/png"|0x3270c6de
07:30:16.0 (8288040)|STATEMENT_EXECUTE|[27]
07:30:16.0 (8343100)|HEAP_ALLOCATE|[27]|Bytes:8
07:30:16.0 (8368250)|DML_BEGIN|[27]|Op:Insert|Type:Attachment|Rows:1
07:30:16.0 (8417254)|HEAP_ALLOCATE|[EXTERNAL]|Bytes:8
07:30:16.0 (94874924)|CODE_UNIT_STARTED|[EXTERNAL]|01qd0000000buED|ITPR_Attachment on Attachment trigger event BeforeInsert for [new]
07:30:16.0 (94932090)|HEAP_ALLOCATE|[EXTERNAL]|Bytes:8
07:30:16.0 (95256705)|HEAP_ALLOCATE|[EXTERNAL]|Bytes:16
07:30:16.0 (95273447)|VARIABLE_SCOPE_BEGIN|[1]|this|ITPR_Attachment|true|false
07:30:16.0 (95349567)|VARIABLE_ASSIGNMENT|[1]|this|{}|0x7f8a39de
07:30:16.0 (95423703)|HEAP_ALLOCATE|[EXTERNAL]|Bytes:16
07:30:16.0 (95435936)|VARIABLE_SCOPE_BEGIN|[1]|this|ITPR_Attachment|true|false
07:30:16.0 (95457068)|VARIABLE_ASSIGNMENT|[1]|this|{}|0x7f8a39de
07:30:16.0 (95465057)|STATEMENT_EXECUTE|[1]
07:30:16.0 (95467787)|STATEMENT_EXECUTE|[2]
07:30:16.0 (95483705)|HEAP_ALLOCATE|[2]|Bytes:4
07:30:16.0 (95615716)|VARIABLE_ASSIGNMENT|[2]|this.st|{"s":1,"v":[]}|0x7f8a39de
07:30:16.0 (95620273)|STATEMENT_EXECUTE|[3]
07:30:16.0 (95627603)|HEAP_ALLOCATE|[3]|Bytes:4
07:30:16.0 (95701448)|HEAP_ALLOCATE|[EXTERNAL]|Bytes:4
07:30:16.0 (95713339)|VARIABLE_ASSIGNMENT|[3]|this.AttachmentsToDelete|{"s":1,"v":[]}|0x7f8a39de
07:30:16.0 (95716197)|STATEMENT_EXECUTE|[4]
07:30:16.0 (95720314)|HEAP_ALLOCATE|[4]|Bytes:4
07:30:16.0 (95760963)|HEAP_ALLOCATE|[EXTERNAL]|Bytes:4
07:30:16.0 (95770914)|VARIABLE_ASSIGNMENT|[4]|this.itpr|{"s":1,"v":[]}|0x7f8a39de
07:30:16.0 (95787056)|STATEMENT_EXECUTE|[5]
07:30:16.0 (95793979)|STATEMENT_EXECUTE|[27]
07:30:16.0 (95975369)|HEAP_ALLOCATE|[28]|Bytes:5
07:30:16.0 (95995281)|HEAP_ALLOCATE|[28]|Bytes:4
07:30:16.0 (96004445)|VARIABLE_SCOPE_BEGIN|[28]|attachment|Attachment|true|false
07:30:16.0 (96323893)|VARIABLE_ASSIGNMENT|[28]|attachment|{"ParentId":"a1Nm00000011q90EAA","IsPartnerShared":false,"IsDeleted":false,"ContentType":"image/png","OwnerId":"005m0000002GNhOAAW","BodyLength":19215,"Body":BLOB(19215 bytes),"IsPrivate":false,"Name":"lightbulb.png"}|0x66b6b067
07:30:16.0 (96330924)|STATEMENT_EXECUTE|[29]
07:30:16.0 (96332347)|STATEMENT_EXECUTE|[30]
07:30:16.0 (96403735)|HEAP_ALLOCATE|[EXTERNAL]|Bytes:4
07:30:16.0 (96420962)|HEAP_ALLOCATE|[28]|Bytes:5
07:30:16.0 (96433306)|VARIABLE_ASSIGNMENT|[28]|attachment|null|
07:30:16.0 (96437999)|STATEMENT_EXECUTE|[32]
07:30:16.0 (96442535)|HEAP_ALLOCATE|[32]|Bytes:53
07:30:16.0 (96456178)|HEAP_ALLOCATE|[32]|Bytes:4
07:30:16.0 (96465467)|HEAP_ALLOCATE|[32]|Bytes:7
07:30:16.0 (96513964)|HEAP_ALLOCATE|[32]|Bytes:8
07:30:16.0 (96520818)|HEAP_ALLOCATE|[32]|Bytes:8
07:30:16.0 (101653844)|SOQL_EXECUTE_BEGIN|[32]|Aggregations:0|SELECT Id, Status__c FROM ITPR__C WHERE ID = :tmpVar1
07:30:16.0 (119896668)|SOQL_EXECUTE_END|[32]|Rows:1
07:30:16.0 (119936844)|HEAP_ALLOCATE|[32]|Bytes:8
07:30:16.0 (119963472)|HEAP_ALLOCATE|[32]|Bytes:50
07:30:16.0 (120023378)|HEAP_ALLOCATE|[32]|Bytes:8
07:30:16.0 (120122502)|VARIABLE_ASSIGNMENT|[32]|this.itpr|{"s":1,"v":[{"s":2,"v":{"Id":"a1Nm00000011q90EAA","Status__c":"Assigned"}}]}|0x7f8a39de
07:30:16.0 (120200827)|STATEMENT_EXECUTE|[34]
07:30:16.0 (120273408)|HEAP_ALLOCATE|[35]|Bytes:5
07:30:16.0 (120296092)|HEAP_ALLOCATE|[35]|Bytes:4
07:30:16.0 (120307263)|VARIABLE_SCOPE_BEGIN|[35]|attachment|Attachment|true|false
07:30:16.0 (120542711)|VARIABLE_ASSIGNMENT|[35]|attachment|{"ParentId":"a1Nm00000011q90EAA","IsPartnerShared":false,"IsDeleted":false,"ContentType":"image/png","OwnerId":"005m0000002GNhOAAW","BodyLength":19215,"Body":BLOB(19215 bytes),"IsPrivate":false,"Name":"lightbulb.png"}|0x66b6b067
07:30:16.0 (120549104)|STATEMENT_EXECUTE|[36]
07:30:16.0 (120708044)|HEAP_ALLOCATE|[37]|Bytes:5
07:30:16.0 (120746326)|HEAP_ALLOCATE|[37]|Bytes:12
07:30:16.0 (120754324)|VARIABLE_SCOPE_BEGIN|[37]|itpr1|ITPR__c|true|false
07:30:16.0 (120767486)|VARIABLE_ASSIGNMENT|[37]|itpr1|{"s":1,"v":{"Id":"a1Nm00000011q90EAA","Status__c":"Assigned"}}|0x4b2d451c
07:30:16.0 (120770699)|STATEMENT_EXECUTE|[38]
07:30:16.0 (120811951)|HEAP_ALLOCATE|[39]|Bytes:11
07:30:16.0 (241285601)|HEAP_ALLOCATE|[39]|Bytes:5
07:30:16.0 (241375020)|HEAP_ALLOCATE|[39]|Bytes:21
07:30:16.0 (241405746)|HEAP_ALLOCATE|[39]|Bytes:9
07:30:16.0 (241430017)|HEAP_ALLOCATE|[40]|Bytes:20
07:30:16.0 (241453024)|HEAP_ALLOCATE|[40]|Bytes:8
07:30:16.0 (241481788)|STATEMENT_EXECUTE|[39]
07:30:16.0 (241534889)|HEAP_ALLOCATE|[37]|Bytes:5
07:30:16.0 (241576429)|VARIABLE_ASSIGNMENT|[37]|itpr1|null|
07:30:16.0 (241601013)|HEAP_ALLOCATE|[35]|Bytes:5
07:30:16.0 (241621676)|VARIABLE_ASSIGNMENT|[35]|attachment|null|
07:30:16.241 (241655607)|CUMULATIVE_LIMIT_USAGE
07:30:16.241 (241655607)|LIMIT_USAGE_FOR_NS|(default)|
  Number of SOQL queries: 1 out of 100
  Number of query rows: 1 out of 50000
  Number of SOSL queries: 0 out of 20
  Number of DML statements: 1 out of 150
  Number of DML rows: 1 out of 10000
  Maximum CPU time: 0 out of 10000
  Maximum heap size: 0 out of 6000000
  Number of callouts: 0 out of 100
  Number of Email Invocations: 0 out of 10
  Number of future calls: 0 out of 50
  Number of queueable jobs added to the queue: 0 out of 50
  Number of Mobile Apex push calls: 0 out of 10

07:30:16.241 (241655607)|CUMULATIVE_LIMIT_USAGE_END

07:30:16.0 (243810547)|CODE_UNIT_FINISHED|ITPR_Attachment on Attachment trigger event BeforeInsert for [new]
07:30:16.0 (601704094)|DML_END|[27]
07:30:16.0 (601749530)|STATEMENT_EXECUTE|[29]
07:30:16.0 (601816586)|SYSTEM_MODE_EXIT|false
07:30:16.627 (627219020)|CUMULATIVE_LIMIT_USAGE
07:30:16.627 (627219020)|LIMIT_USAGE_FOR_NS|(default)|
  Number of SOQL queries: 1 out of 100
  Number of query rows: 1 out of 50000
  Number of SOSL queries: 0 out of 20
  Number of DML statements: 1 out of 150
  Number of DML rows: 1 out of 10000
  Maximum CPU time: 0 out of 10000
  Maximum heap size: 0 out of 6000000
  Number of callouts: 0 out of 100
  Number of Email Invocations: 0 out of 10
  Number of future calls: 0 out of 50
  Number of queueable jobs added to the queue: 0 out of 50
  Number of Mobile Apex push calls: 0 out of 10

07:30:16.627 (627219020)|CUMULATIVE_LIMIT_USAGE_END

07:30:16.0 (627282626)|CODE_UNIT_FINISHED|FileAttacherExtensionController.saveAttachment
