38.0 APEX_CODE,FINEST;APEX_PROFILING,INFO;CALLOUT,INFO;DB,INFO;SYSTEM,DEBUG;VALIDATION,INFO;VISUALFORCE,INFO;WORKFLOW,INFO
07:03:24.0 (467685)|USER_INFO|[EXTERNAL]|005m0000002GNhO|dscruggs@salesforce.com.rfadev13|Pacific Standard Time|GMT-07:00
07:03:24.0 (505474)|EXECUTION_STARTED
07:03:24.0 (511223)|CODE_UNIT_STARTED|[EXTERNAL]|aura
07:03:24.0 (951964)|HEAP_ALLOCATE|[72]|Bytes:3
07:03:24.0 (1021635)|HEAP_ALLOCATE|[77]|Bytes:152
07:03:24.0 (1043072)|HEAP_ALLOCATE|[342]|Bytes:408
07:03:24.0 (1061790)|HEAP_ALLOCATE|[355]|Bytes:408
07:03:24.0 (1078811)|HEAP_ALLOCATE|[467]|Bytes:48
07:03:24.0 (1109947)|HEAP_ALLOCATE|[139]|Bytes:6
07:03:24.0 (1137082)|HEAP_ALLOCATE|[EXTERNAL]|Bytes:18
07:03:24.0 (1155594)|HEAP_ALLOCATE|[EXTERNAL]|Bytes:18
07:03:24.0 (1219419)|HEAP_ALLOCATE|[EXTERNAL]|Bytes:9
07:03:24.0 (1230087)|HEAP_ALLOCATE|[EXTERNAL]|Bytes:9
07:03:24.0 (1274354)|HEAP_ALLOCATE|[EXTERNAL]|Bytes:7
07:03:24.0 (1284140)|HEAP_ALLOCATE|[EXTERNAL]|Bytes:7
07:03:24.0 (4868992)|CODE_UNIT_STARTED|[EXTERNAL]|01pm0000000EXDB|AnythingPath.getCurrentValue
07:03:24.0 (4975693)|HEAP_ALLOCATE|[EXTERNAL]|Bytes:15
07:03:24.0 (4981462)|HEAP_ALLOCATE|[EXTERNAL]|Bytes:8
07:03:24.0 (4993216)|METHOD_ENTRY|[1]|01pm0000000EXDB|AnythingPath.AnythingPath()
07:03:24.0 (4997052)|STATEMENT_EXECUTE|[1]
07:03:24.0 (5003457)|STATEMENT_EXECUTE|[1]
07:03:24.0 (5009238)|METHOD_EXIT|[1]|AnythingPath
07:03:24.0 (5012845)|HEAP_ALLOCATE|[EXTERNAL]|Bytes:18
07:03:24.0 (5014750)|HEAP_ALLOCATE|[EXTERNAL]|Bytes:9
07:03:24.0 (5016457)|HEAP_ALLOCATE|[EXTERNAL]|Bytes:7
07:03:24.0 (5029338)|SYSTEM_MODE_ENTER|false
07:03:24.0 (5043277)|VARIABLE_SCOPE_BEGIN|[21]|recordId|String|false|false
07:03:24.0 (5069957)|VARIABLE_ASSIGNMENT|[21]|recordId|"a1Nm00000011q90EAA"
07:03:24.0 (5075493)|VARIABLE_SCOPE_BEGIN|[21]|picklistField|String|false|false
07:03:24.0 (5079155)|VARIABLE_ASSIGNMENT|[21]|picklistField|"Status__c"
07:03:24.0 (5081879)|VARIABLE_SCOPE_BEGIN|[21]|sObjectName|String|false|false
07:03:24.0 (5084807)|VARIABLE_ASSIGNMENT|[21]|sObjectName|"ITPR__c"
07:03:24.0 (5097707)|STATEMENT_EXECUTE|[21]
07:03:24.0 (5099298)|STATEMENT_EXECUTE|[22]
07:03:24.0 (5103423)|HEAP_ALLOCATE|[22]|Bytes:11
07:03:24.0 (5108586)|HEAP_ALLOCATE|[22]|Bytes:6
07:03:24.0 (5111155)|HEAP_ALLOCATE|[22]|Bytes:13
07:03:24.0 (5128815)|HEAP_ALLOCATE|[22]|Bytes:64
07:03:24.0 (5132749)|HEAP_ALLOCATE|[22]|Bytes:1
07:03:24.0 (5139609)|HEAP_ALLOCATE|[22]|Bytes:65
07:03:24.0 (5144379)|VARIABLE_SCOPE_BEGIN|[22]|soql|String|false|false
07:03:24.0 (5154271)|VARIABLE_ASSIGNMENT|[22]|soql|"select Id, Status__c (45 more) ..."
07:03:24.0 (5156554)|STATEMENT_EXECUTE|[23]
07:03:24.0 (5199100)|HEAP_ALLOCATE|[50]|Bytes:5
07:03:24.0 (5226348)|HEAP_ALLOCATE|[56]|Bytes:5
07:03:24.0 (5234918)|HEAP_ALLOCATE|[64]|Bytes:7
07:03:24.0 (6105774)|SOQL_EXECUTE_BEGIN|[23]|Aggregations:0|select Id, Status__c from ITPR__c where id = 'a1Nm00000011q90EAA'
07:03:24.0 (10990567)|SOQL_EXECUTE_END|[23]|Rows:1
07:03:24.0 (11011213)|HEAP_ALLOCATE|[23]|Bytes:8
07:03:24.0 (11027092)|HEAP_ALLOCATE|[23]|Bytes:50
07:03:24.0 (11135933)|HEAP_ALLOCATE|[23]|Bytes:8
07:03:24.0 (11152897)|VARIABLE_SCOPE_BEGIN|[23]|records|List<SObject>|true|false
07:03:24.0 (11185485)|VARIABLE_ASSIGNMENT|[23]|records|{"s":1,"v":[{"s":2,"v":{"Id":"a1Nm00000011q90EAA","Status__c":"Assigned"}}]}|0x478b1418
07:03:24.0 (11189291)|STATEMENT_EXECUTE|[24]
07:03:24.0 (11267823)|HEAP_ALLOCATE|[24]|Bytes:12
07:03:24.0 (11341658)|HEAP_ALLOCATE|[24]|Bytes:8
07:03:24.0 (11360543)|SYSTEM_MODE_EXIT|false
07:03:24.11 (11409145)|CUMULATIVE_LIMIT_USAGE
07:03:24.11 (11409145)|LIMIT_USAGE_FOR_NS|(default)|
  Number of SOQL queries: 1 out of 100
  Number of query rows: 1 out of 50000
  Number of SOSL queries: 0 out of 20
  Number of DML statements: 0 out of 150
  Number of DML rows: 0 out of 10000
  Maximum CPU time: 0 out of 10000
  Maximum heap size: 0 out of 6000000
  Number of callouts: 0 out of 100
  Number of Email Invocations: 0 out of 10
  Number of future calls: 0 out of 50
  Number of queueable jobs added to the queue: 0 out of 50
  Number of Mobile Apex push calls: 0 out of 10

07:03:24.11 (11409145)|CUMULATIVE_LIMIT_USAGE_END

07:03:24.0 (11452917)|CODE_UNIT_FINISHED|AnythingPath.getCurrentValue
07:03:24.0 (11704252)|HEAP_ALLOCATE|[EXTERNAL]|Bytes:18
07:03:24.0 (11716737)|HEAP_ALLOCATE|[EXTERNAL]|Bytes:18
07:03:24.0 (11763223)|HEAP_ALLOCATE|[EXTERNAL]|Bytes:9
07:03:24.0 (11773502)|HEAP_ALLOCATE|[EXTERNAL]|Bytes:9
07:03:24.0 (11820079)|HEAP_ALLOCATE|[EXTERNAL]|Bytes:7
07:03:24.0 (11830221)|HEAP_ALLOCATE|[EXTERNAL]|Bytes:7
07:03:24.0 (16801350)|CODE_UNIT_STARTED|[EXTERNAL]|01pm0000000EXDB|AnythingPath.getPicklistOptions
07:03:24.0 (16846610)|HEAP_ALLOCATE|[EXTERNAL]|Bytes:18
07:03:24.0 (16850557)|HEAP_ALLOCATE|[EXTERNAL]|Bytes:9
07:03:24.0 (16852313)|HEAP_ALLOCATE|[EXTERNAL]|Bytes:7
07:03:24.0 (16858787)|SYSTEM_MODE_ENTER|false
07:03:24.0 (16866079)|VARIABLE_SCOPE_BEGIN|[37]|recordId|String|false|false
07:03:24.0 (16872761)|VARIABLE_ASSIGNMENT|[37]|recordId|"a1Nm00000011q90EAA"
07:03:24.0 (16876165)|VARIABLE_SCOPE_BEGIN|[37]|picklistField|String|false|false
07:03:24.0 (16879651)|VARIABLE_ASSIGNMENT|[37]|picklistField|"Status__c"
07:03:24.0 (16882177)|VARIABLE_SCOPE_BEGIN|[37]|sObjectName|String|false|false
07:03:24.0 (16885239)|VARIABLE_ASSIGNMENT|[37]|sObjectName|"ITPR__c"
07:03:24.0 (16891330)|STATEMENT_EXECUTE|[37]
07:03:24.0 (16893087)|STATEMENT_EXECUTE|[38]
07:03:24.0 (16899751)|HEAP_ALLOCATE|[38]|Bytes:4
07:03:24.0 (16914097)|VARIABLE_SCOPE_BEGIN|[38]|output|Map<String,String>|true|false
07:03:24.0 (16931912)|VARIABLE_ASSIGNMENT|[38]|output|{"s":1,"v":{}}|0x3972af87
07:03:24.0 (16934862)|STATEMENT_EXECUTE|[39]
07:03:24.0 (16943047)|VARIABLE_SCOPE_BEGIN|[39]|objType|Schema.SObjectType|true|false
07:03:24.0 (16948179)|VARIABLE_ASSIGNMENT|[39]|objType|null|
07:03:24.0 (16950897)|STATEMENT_EXECUTE|[42]
07:03:24.0 (16952098)|STATEMENT_EXECUTE|[49]
07:03:24.0 (16993448)|HEAP_ALLOCATE|[49]|Bytes:4
07:03:24.0 (17142368)|VARIABLE_ASSIGNMENT|[49]|objType|"common.apex.runtime.impl.ApexSObjectTypeToken@4d006088"|0x4d006088
07:03:24.0 (17148418)|STATEMENT_EXECUTE|[50]
07:03:24.0 (17444591)|HEAP_ALLOCATE|[50]|Bytes:4
07:03:24.0 (17486570)|VARIABLE_SCOPE_BEGIN|[50]|dsr|Schema.DescribeSObjectResult|true|false
07:03:24.0 (17561104)|VARIABLE_ASSIGNMENT|[50]|dsr|"common.api.soap.wsdl.DescribeSObjectResult@d9bce2b6"|0x2c65afb1
07:03:24.0 (17566015)|STATEMENT_EXECUTE|[51]
07:03:24.0 (19108557)|HEAP_ALLOCATE|[51]|Bytes:804
07:03:24.0 (19120345)|VARIABLE_SCOPE_BEGIN|[51]|fieldMap|Map<String,Schema.SObjectField>|true|false
07:03:24.0 (19339279)|VARIABLE_ASSIGNMENT|[51]|fieldMap|"{acceptance_time__c=Acceptance_Time__c, actionable_request__c=Actionable_Request__c, actual_finance_assignee__c=Actual_Finance_Assignee__c, actual_legal_assignee__c=Actual_Legal_Assignee__c, actual_procurement_assignee__c=Actual_Procurement_Assignee__c, actual_requestor__c=Actual_Requestor__c, actual_vendor_governance_assignee__c=Actual_Vendor_Governance_Assignee__c, additional_approval_complete__c=Additional_Approval_Complete__c, additional_approver_1__c=Additional_Approver_1__c, additional_approver_2__c=Additional_Approver_2__c, ...}"|0x388c3827
07:03:24.0 (19348289)|STATEMENT_EXECUTE|[52]
07:03:24.0 (20670387)|HEAP_ALLOCATE|[52]|Bytes:8
07:03:24.0 (20704274)|VARIABLE_SCOPE_BEGIN|[52]|dfr|Schema.DescribeFieldResult|true|false
07:03:24.0 (20837093)|VARIABLE_ASSIGNMENT|[52]|dfr|"common.api.soap.wsdl.Field@6d496207"|0x4e14bf66
07:03:24.0 (20842102)|STATEMENT_EXECUTE|[53]
07:03:24.0 (20874768)|HEAP_ALLOCATE|[EXTERNAL]|Bytes:60
07:03:24.0 (20932687)|HEAP_ALLOCATE|[53]|Bytes:60
07:03:24.0 (20943684)|VARIABLE_SCOPE_BEGIN|[53]|results|List<Schema.PicklistEntry>|true|false
07:03:24.0 (20959294)|VARIABLE_ASSIGNMENT|[53]|results|{"s":1,"v":"List of size 14 too large to display"}|0x1780fb83
07:03:24.0 (21148502)|HEAP_ALLOCATE|[55]|Bytes:5
07:03:24.0 (21263815)|HEAP_ALLOCATE|[55]|Bytes:4
07:03:24.0 (21291971)|VARIABLE_SCOPE_BEGIN|[55]|pe|Schema.PicklistEntry|true|false
07:03:24.0 (21305302)|VARIABLE_ASSIGNMENT|[55]|pe|Draft|0x193e2813
07:03:24.0 (21309086)|STATEMENT_EXECUTE|[55]
07:03:24.0 (21329578)|STATEMENT_EXECUTE|[56]
07:03:24.0 (21341642)|HEAP_ALLOCATE|[56]|Bytes:5
07:03:24.0 (21354096)|HEAP_ALLOCATE|[56]|Bytes:5
07:03:24.0 (21388127)|HEAP_ALLOCATE|[EXTERNAL]|Bytes:-4
07:03:24.0 (21404700)|HEAP_ALLOCATE|[55]|Bytes:5
07:03:24.0 (21416425)|HEAP_ALLOCATE|[55]|Bytes:4
07:03:24.0 (21430999)|VARIABLE_SCOPE_BEGIN|[55]|pe|Schema.PicklistEntry|true|false
07:03:24.0 (21441010)|VARIABLE_ASSIGNMENT|[55]|pe|Submitted|0x9f29454
07:03:24.0 (21444000)|STATEMENT_EXECUTE|[55]
07:03:24.0 (21450942)|STATEMENT_EXECUTE|[56]
07:03:24.0 (21456040)|HEAP_ALLOCATE|[56]|Bytes:9
07:03:24.0 (21461525)|HEAP_ALLOCATE|[56]|Bytes:9
07:03:24.0 (21470138)|HEAP_ALLOCATE|[EXTERNAL]|Bytes:-4
07:03:24.0 (21481901)|HEAP_ALLOCATE|[55]|Bytes:5
07:03:24.0 (21491879)|HEAP_ALLOCATE|[55]|Bytes:4
07:03:24.0 (21505230)|VARIABLE_SCOPE_BEGIN|[55]|pe|Schema.PicklistEntry|true|false
07:03:24.0 (21514057)|VARIABLE_ASSIGNMENT|[55]|pe|Pending More Info Needed|0x3cdb2144
07:03:24.0 (21516977)|STATEMENT_EXECUTE|[55]
07:03:24.0 (21523581)|STATEMENT_EXECUTE|[56]
07:03:24.0 (21528531)|HEAP_ALLOCATE|[56]|Bytes:24
07:03:24.0 (21533892)|HEAP_ALLOCATE|[56]|Bytes:24
07:03:24.0 (21542224)|HEAP_ALLOCATE|[EXTERNAL]|Bytes:-4
07:03:24.0 (21553420)|HEAP_ALLOCATE|[55]|Bytes:5
07:03:24.0 (21563538)|HEAP_ALLOCATE|[55]|Bytes:4
07:03:24.0 (21575970)|VARIABLE_SCOPE_BEGIN|[55]|pe|Schema.PicklistEntry|true|false
07:03:24.0 (21584094)|VARIABLE_ASSIGNMENT|[55]|pe|Assigned|0x1c7417dc
07:03:24.0 (21586752)|STATEMENT_EXECUTE|[55]
07:03:24.0 (21592807)|STATEMENT_EXECUTE|[56]
07:03:24.0 (21597586)|HEAP_ALLOCATE|[56]|Bytes:8
07:03:24.0 (21607543)|HEAP_ALLOCATE|[56]|Bytes:8
07:03:24.0 (21616597)|HEAP_ALLOCATE|[EXTERNAL]|Bytes:-4
07:03:24.0 (21628056)|HEAP_ALLOCATE|[55]|Bytes:5
07:03:24.0 (21638150)|HEAP_ALLOCATE|[55]|Bytes:4
07:03:24.0 (21650705)|VARIABLE_SCOPE_BEGIN|[55]|pe|Schema.PicklistEntry|true|false
07:03:24.0 (21659192)|VARIABLE_ASSIGNMENT|[55]|pe|In Process|0x74e2daf1
07:03:24.0 (21661914)|STATEMENT_EXECUTE|[55]
07:03:24.0 (21668134)|STATEMENT_EXECUTE|[56]
07:03:24.0 (21673291)|HEAP_ALLOCATE|[56]|Bytes:10
07:03:24.0 (21678515)|HEAP_ALLOCATE|[56]|Bytes:10
07:03:24.0 (21686798)|HEAP_ALLOCATE|[EXTERNAL]|Bytes:-4
07:03:24.0 (21698027)|HEAP_ALLOCATE|[55]|Bytes:5
07:03:24.0 (21707957)|HEAP_ALLOCATE|[55]|Bytes:4
07:03:24.0 (21720095)|VARIABLE_SCOPE_BEGIN|[55]|pe|Schema.PicklistEntry|true|false
07:03:24.0 (21728436)|VARIABLE_ASSIGNMENT|[55]|pe|Pending Project Final Budget|0x69afa00d
07:03:24.0 (21731271)|STATEMENT_EXECUTE|[55]
07:03:24.0 (21737276)|STATEMENT_EXECUTE|[56]
07:03:24.0 (21742033)|HEAP_ALLOCATE|[56]|Bytes:28
07:03:24.0 (21747072)|HEAP_ALLOCATE|[56]|Bytes:28
07:03:24.0 (21755185)|HEAP_ALLOCATE|[EXTERNAL]|Bytes:-4
07:03:24.0 (21766226)|HEAP_ALLOCATE|[55]|Bytes:5
07:03:24.0 (21776021)|HEAP_ALLOCATE|[55]|Bytes:4
07:03:24.0 (21788175)|VARIABLE_SCOPE_BEGIN|[55]|pe|Schema.PicklistEntry|true|false
07:03:24.0 (21796228)|VARIABLE_ASSIGNMENT|[55]|pe|In Approvals|0xc9b6d7d
07:03:24.0 (21798920)|STATEMENT_EXECUTE|[55]
07:03:24.0 (21804992)|STATEMENT_EXECUTE|[56]
07:03:24.0 (21810171)|HEAP_ALLOCATE|[56]|Bytes:12
07:03:24.0 (21815334)|HEAP_ALLOCATE|[56]|Bytes:12
07:03:24.0 (21823569)|HEAP_ALLOCATE|[EXTERNAL]|Bytes:-4
07:03:24.0 (21834821)|HEAP_ALLOCATE|[55]|Bytes:5
07:03:24.0 (21844658)|HEAP_ALLOCATE|[55]|Bytes:4
07:03:24.0 (21856579)|VARIABLE_SCOPE_BEGIN|[55]|pe|Schema.PicklistEntry|true|false
07:03:24.0 (21864663)|VARIABLE_ASSIGNMENT|[55]|pe|All Digital Initials Obtained|0x30ed51c5
07:03:24.0 (21867531)|STATEMENT_EXECUTE|[55]
07:03:24.0 (21873444)|STATEMENT_EXECUTE|[56]
07:03:24.0 (21878106)|HEAP_ALLOCATE|[56]|Bytes:29
07:03:24.0 (21883193)|HEAP_ALLOCATE|[56]|Bytes:29
07:03:24.0 (21891331)|HEAP_ALLOCATE|[EXTERNAL]|Bytes:-4
07:03:24.0 (21902163)|HEAP_ALLOCATE|[55]|Bytes:5
07:03:24.0 (21912074)|HEAP_ALLOCATE|[55]|Bytes:4
07:03:24.0 (21924112)|VARIABLE_SCOPE_BEGIN|[55]|pe|Schema.PicklistEntry|true|false
07:03:24.0 (21932344)|VARIABLE_ASSIGNMENT|[55]|pe|On Hold|0x523a207b
07:03:24.0 (21935043)|STATEMENT_EXECUTE|[55]
07:03:24.0 (21941052)|STATEMENT_EXECUTE|[56]
07:03:24.0 (21946116)|HEAP_ALLOCATE|[56]|Bytes:7
07:03:24.0 (21951264)|HEAP_ALLOCATE|[56]|Bytes:7
07:03:24.0 (21959418)|HEAP_ALLOCATE|[EXTERNAL]|Bytes:-4
07:03:24.0 (21970508)|HEAP_ALLOCATE|[55]|Bytes:5
07:03:24.0 (21980343)|HEAP_ALLOCATE|[55]|Bytes:4
07:03:24.0 (21992327)|VARIABLE_SCOPE_BEGIN|[55]|pe|Schema.PicklistEntry|true|false
07:03:24.0 (22000423)|VARIABLE_ASSIGNMENT|[55]|pe|Cancelled|0x46014df9
07:03:24.0 (22003807)|STATEMENT_EXECUTE|[55]
07:03:24.0 (22009908)|STATEMENT_EXECUTE|[56]
07:03:24.0 (22014707)|HEAP_ALLOCATE|[56]|Bytes:9
07:03:24.0 (22019860)|HEAP_ALLOCATE|[56]|Bytes:9
07:03:24.0 (22028517)|HEAP_ALLOCATE|[EXTERNAL]|Bytes:-4
07:03:24.0 (22039521)|HEAP_ALLOCATE|[55]|Bytes:5
07:03:24.0 (22049417)|HEAP_ALLOCATE|[55]|Bytes:4
07:03:24.0 (22061458)|VARIABLE_SCOPE_BEGIN|[55]|pe|Schema.PicklistEntry|true|false
07:03:24.0 (22069537)|VARIABLE_ASSIGNMENT|[55]|pe|Reactivate|0x112620c1
07:03:24.0 (22072201)|STATEMENT_EXECUTE|[55]
07:03:24.0 (22078126)|STATEMENT_EXECUTE|[56]
07:03:24.0 (22082897)|HEAP_ALLOCATE|[56]|Bytes:10
07:03:24.0 (22088623)|HEAP_ALLOCATE|[56]|Bytes:10
07:03:24.0 (22096789)|HEAP_ALLOCATE|[EXTERNAL]|Bytes:-4
07:03:24.0 (22107943)|HEAP_ALLOCATE|[55]|Bytes:5
07:03:24.0 (22117798)|HEAP_ALLOCATE|[55]|Bytes:4
07:03:24.0 (22129719)|VARIABLE_SCOPE_BEGIN|[55]|pe|Schema.PicklistEntry|true|false
07:03:24.0 (22138037)|VARIABLE_ASSIGNMENT|[55]|pe|Executed and Filed|0x4b9f3859
07:03:24.0 (22140766)|STATEMENT_EXECUTE|[55]
07:03:24.0 (22146752)|STATEMENT_EXECUTE|[56]
07:03:24.0 (22151437)|HEAP_ALLOCATE|[56]|Bytes:18
07:03:24.0 (22156491)|HEAP_ALLOCATE|[56]|Bytes:18
07:03:24.0 (22164748)|HEAP_ALLOCATE|[EXTERNAL]|Bytes:-4
07:03:24.0 (22175658)|HEAP_ALLOCATE|[55]|Bytes:5
07:03:24.0 (22185646)|HEAP_ALLOCATE|[55]|Bytes:4
07:03:24.0 (22197685)|VARIABLE_SCOPE_BEGIN|[55]|pe|Schema.PicklistEntry|true|false
07:03:24.0 (22205917)|VARIABLE_ASSIGNMENT|[55]|pe|Not Executed and Closed|0x4825e0a9
07:03:24.0 (22208824)|STATEMENT_EXECUTE|[55]
07:03:24.0 (22214796)|STATEMENT_EXECUTE|[56]
07:03:24.0 (22219526)|HEAP_ALLOCATE|[56]|Bytes:23
07:03:24.0 (22225039)|HEAP_ALLOCATE|[56]|Bytes:23
07:03:24.0 (22233763)|HEAP_ALLOCATE|[EXTERNAL]|Bytes:-4
07:03:24.0 (22244826)|HEAP_ALLOCATE|[55]|Bytes:5
07:03:24.0 (22254782)|HEAP_ALLOCATE|[55]|Bytes:4
07:03:24.0 (22266878)|VARIABLE_SCOPE_BEGIN|[55]|pe|Schema.PicklistEntry|true|false
07:03:24.0 (22275192)|VARIABLE_ASSIGNMENT|[55]|pe|Complete|0x48702d1
07:03:24.0 (22277812)|STATEMENT_EXECUTE|[55]
07:03:24.0 (22283824)|STATEMENT_EXECUTE|[56]
07:03:24.0 (22288530)|HEAP_ALLOCATE|[56]|Bytes:8
07:03:24.0 (22293563)|HEAP_ALLOCATE|[56]|Bytes:8
07:03:24.0 (22301768)|HEAP_ALLOCATE|[EXTERNAL]|Bytes:-4
07:03:24.0 (22312869)|HEAP_ALLOCATE|[55]|Bytes:5
07:03:24.0 (22322673)|VARIABLE_ASSIGNMENT|[55]|pe|null|
07:03:24.0 (22326095)|STATEMENT_EXECUTE|[58]
07:03:24.0 (22332665)|SYSTEM_MODE_EXIT|false
07:03:24.22 (22357523)|CUMULATIVE_LIMIT_USAGE
07:03:24.22 (22357523)|LIMIT_USAGE_FOR_NS|(default)|
  Number of SOQL queries: 1 out of 100
  Number of query rows: 1 out of 50000
  Number of SOSL queries: 0 out of 20
  Number of DML statements: 0 out of 150
  Number of DML rows: 0 out of 10000
  Maximum CPU time: 0 out of 10000
  Maximum heap size: 0 out of 6000000
  Number of callouts: 0 out of 100
  Number of Email Invocations: 0 out of 10
  Number of future calls: 0 out of 50
  Number of queueable jobs added to the queue: 0 out of 50
  Number of Mobile Apex push calls: 0 out of 10

07:03:24.22 (22357523)|CUMULATIVE_LIMIT_USAGE_END

07:03:24.0 (22385276)|CODE_UNIT_FINISHED|AnythingPath.getPicklistOptions
07:03:24.0 (22608425)|HEAP_ALLOCATE|[EXTERNAL]|Bytes:7
07:03:24.0 (22621166)|HEAP_ALLOCATE|[EXTERNAL]|Bytes:7
07:03:24.0 (22669020)|HEAP_ALLOCATE|[EXTERNAL]|Bytes:9
07:03:24.0 (22679123)|HEAP_ALLOCATE|[EXTERNAL]|Bytes:9
07:03:24.0 (25864898)|CODE_UNIT_STARTED|[EXTERNAL]|01pm0000000EXDB|AnythingPath.dynamicTopic
07:03:24.0 (25902339)|HEAP_ALLOCATE|[EXTERNAL]|Bytes:7
07:03:24.0 (25906146)|HEAP_ALLOCATE|[EXTERNAL]|Bytes:9
07:03:24.0 (25912456)|SYSTEM_MODE_ENTER|false
07:03:24.0 (25919750)|VARIABLE_SCOPE_BEGIN|[65]|WhichObject|String|false|false
07:03:24.0 (25926009)|VARIABLE_ASSIGNMENT|[65]|WhichObject|"ITPR__c"
07:03:24.0 (25929110)|VARIABLE_SCOPE_BEGIN|[65]|Field|String|false|false
07:03:24.0 (25932749)|VARIABLE_ASSIGNMENT|[65]|Field|"Status__c"
07:03:24.0 (25938487)|STATEMENT_EXECUTE|[65]
07:03:24.0 (25939989)|STATEMENT_EXECUTE|[67]
07:03:24.0 (25942926)|HEAP_ALLOCATE|[67]|Bytes:11
07:03:24.0 (25955892)|HEAP_ALLOCATE|[67]|Bytes:33
07:03:24.0 (25960394)|VARIABLE_SCOPE_BEGIN|[67]|DynamicQuery|String|false|false
07:03:24.0 (25967185)|VARIABLE_ASSIGNMENT|[67]|DynamicQuery|"Select Id, Status__c (13 more) ..."
07:03:24.0 (25969509)|STATEMENT_EXECUTE|[70]
07:03:24.0 (25972018)|HEAP_ALLOCATE|[70]|Bytes:85
07:03:24.0 (25979935)|HEAP_ALLOCATE|[70]|Bytes:4
07:03:24.0 (25988108)|HEAP_ALLOCATE|[70]|Bytes:7
07:03:24.0 (26256258)|SOQL_EXECUTE_BEGIN|[70]|Aggregations:0|SELECT Id, ApiVersion, Name, Description, Query FROM Pushtopic WHERE Query = :tmpVar1
07:03:24.0 (31595738)|SOQL_EXECUTE_END|[70]|Rows:1
07:03:24.0 (31614276)|HEAP_ALLOCATE|[70]|Bytes:8
07:03:24.0 (31627038)|HEAP_ALLOCATE|[70]|Bytes:199
07:03:24.0 (31678557)|HEAP_ALLOCATE|[70]|Bytes:8
07:03:24.0 (31688294)|VARIABLE_SCOPE_BEGIN|[70]|topicList|List<PushTopic>|true|false
07:03:24.0 (31714420)|VARIABLE_ASSIGNMENT|[70]|topicList|{"s":1,"v":[{"s":2,"v":{"Id":"0IFm00000004E6HGAU","ApiVersion":36.0,"Name":"ITPR__cStatus__c","Description":"Autogenerated by Any (19 more) ...","Query":"Select Id, Status__c (13 more) ..."}}]}|0x32f7c25d
07:03:24.0 (31761264)|STATEMENT_EXECUTE|[85]
07:03:24.0 (31763555)|STATEMENT_EXECUTE|[86]
07:03:24.0 (31788668)|HEAP_ALLOCATE|[86]|Bytes:24
07:03:24.0 (31822539)|SYSTEM_MODE_EXIT|false
07:03:24.31 (31847062)|CUMULATIVE_LIMIT_USAGE
07:03:24.31 (31847062)|LIMIT_USAGE_FOR_NS|(default)|
  Number of SOQL queries: 2 out of 100
  Number of query rows: 2 out of 50000
  Number of SOSL queries: 0 out of 20
  Number of DML statements: 0 out of 150
  Number of DML rows: 0 out of 10000
  Maximum CPU time: 0 out of 10000
  Maximum heap size: 0 out of 6000000
  Number of callouts: 0 out of 100
  Number of Email Invocations: 0 out of 10
  Number of future calls: 0 out of 50
  Number of queueable jobs added to the queue: 0 out of 50
  Number of Mobile Apex push calls: 0 out of 10

07:03:24.31 (31847062)|CUMULATIVE_LIMIT_USAGE_END

07:03:24.0 (31875574)|CODE_UNIT_FINISHED|AnythingPath.dynamicTopic
07:03:24.0 (78032829)|HEAP_ALLOCATE|[EXTERNAL]|Bytes:18
07:03:24.0 (78062588)|HEAP_ALLOCATE|[EXTERNAL]|Bytes:18
07:03:24.0 (81479182)|CODE_UNIT_STARTED|[EXTERNAL]|01pm0000000EbLn|ITPR_QuickActions.retrieveITPRWithStatus
07:03:24.0 (81686135)|VARIABLE_SCOPE_BEGIN|[7]|ITPR_QuickActions.rtDictionary|Map<String,RecordType>|true|true
07:03:24.0 (81720723)|HEAP_ALLOCATE|[EXTERNAL]|Bytes:136
07:03:24.0 (81728911)|HEAP_ALLOCATE|[EXTERNAL]|Bytes:25
07:03:24.0 (81732881)|HEAP_ALLOCATE|[EXTERNAL]|Bytes:52
07:03:24.0 (81749637)|METHOD_ENTRY|[1]|01pm0000000EbLn|ITPR_QuickActions.ITPR_QuickActions()
07:03:24.0 (81753074)|STATEMENT_EXECUTE|[1]
07:03:24.0 (81759537)|STATEMENT_EXECUTE|[1]
07:03:24.0 (81760884)|STATEMENT_EXECUTE|[9]
07:03:24.0 (81762014)|STATEMENT_EXECUTE|[10]
07:03:24.0 (81766619)|HEAP_ALLOCATE|[11]|Bytes:70
07:03:24.0 (81779508)|HEAP_ALLOCATE|[11]|Bytes:4
07:03:24.0 (82046561)|SOQL_EXECUTE_BEGIN|[11]|Aggregations:0|SELECT Id, DeveloperName FROM RecordType WHERE SObjectType = 'ITPR__c'
07:03:24.0 (94975216)|SOQL_EXECUTE_END|[11]|Rows:17
07:03:24.0 (94997339)|HEAP_ALLOCATE|[11]|Bytes:72
07:03:24.0 (95027191)|HEAP_ALLOCATE|[11]|Bytes:992
07:03:24.0 (95085938)|HEAP_ALLOCATE|[11]|Bytes:72
07:03:24.0 (95099717)|VARIABLE_SCOPE_BEGIN|[10]|typeList|List<RecordType>|true|false
07:03:24.0 (95133875)|VARIABLE_ASSIGNMENT|[10]|typeList|{"s":1,"v":"List of size 17 too large to display"}|0x7f577326
07:03:24.0 (95137933)|STATEMENT_EXECUTE|[13]
07:03:24.0 (95143646)|HEAP_ALLOCATE|[13]|Bytes:4
07:03:24.0 (95228298)|VARIABLE_ASSIGNMENT|[13]|ITPR_QuickActions.rtDictionary|{"s":1,"v":{}}|0x1d68d763
07:03:24.0 (95307227)|STATEMENT_EXECUTE|[15]
07:03:24.0 (95442454)|HEAP_ALLOCATE|[16]|Bytes:5
07:03:24.0 (95489108)|HEAP_ALLOCATE|[16]|Bytes:12
07:03:24.0 (95500063)|VARIABLE_SCOPE_BEGIN|[16]|rt|RecordType|true|false
07:03:24.0 (95521672)|VARIABLE_ASSIGNMENT|[16]|rt|{"s":1,"v":{"Id":"012m00000008iTlAAI","DeveloperName":"All_Digital_Initials (9 more) ..."}}|0x630dab8b
07:03:24.0 (95525513)|STATEMENT_EXECUTE|[17]
07:03:24.0 (95526991)|STATEMENT_EXECUTE|[18]
07:03:24.0 (95595146)|HEAP_ALLOCATE|[EXTERNAL]|Bytes:-4
07:03:24.0 (95615689)|HEAP_ALLOCATE|[16]|Bytes:5
07:03:24.0 (95641029)|HEAP_ALLOCATE|[16]|Bytes:12
07:03:24.0 (95649112)|VARIABLE_SCOPE_BEGIN|[16]|rt|RecordType|true|false
07:03:24.0 (95662310)|VARIABLE_ASSIGNMENT|[16]|rt|{"s":1,"v":{"Id":"012m00000008iTbAAI","DeveloperName":"Assigned"}}|0x6a60135c
07:03:24.0 (95665668)|STATEMENT_EXECUTE|[17]
07:03:24.0 (95667049)|STATEMENT_EXECUTE|[18]
07:03:24.0 (95683069)|HEAP_ALLOCATE|[EXTERNAL]|Bytes:-4
07:03:24.0 (95696526)|HEAP_ALLOCATE|[16]|Bytes:5
07:03:24.0 (95716681)|HEAP_ALLOCATE|[16]|Bytes:12
07:03:24.0 (95723929)|VARIABLE_SCOPE_BEGIN|[16]|rt|RecordType|true|false
07:03:24.0 (95735560)|VARIABLE_ASSIGNMENT|[16]|rt|{"s":1,"v":{"Id":"012m00000008iU0AAI","DeveloperName":"Cancelled"}}|0x7c75d856
07:03:24.0 (95738868)|STATEMENT_EXECUTE|[17]
07:03:24.0 (95740034)|STATEMENT_EXECUTE|[18]
07:03:24.0 (95753773)|HEAP_ALLOCATE|[EXTERNAL]|Bytes:-4
07:03:24.0 (95765922)|HEAP_ALLOCATE|[16]|Bytes:5
07:03:24.0 (95785226)|HEAP_ALLOCATE|[16]|Bytes:12
07:03:24.0 (95792240)|VARIABLE_SCOPE_BEGIN|[16]|rt|RecordType|true|false
07:03:24.0 (95803334)|VARIABLE_ASSIGNMENT|[16]|rt|{"s":1,"v":{"Id":"012m00000008iUKAAY","DeveloperName":"Complete"}}|0x25244b3a
07:03:24.0 (95806293)|STATEMENT_EXECUTE|[17]
07:03:24.0 (95807401)|STATEMENT_EXECUTE|[18]
07:03:24.0 (95826812)|HEAP_ALLOCATE|[EXTERNAL]|Bytes:-4
07:03:24.0 (95839172)|HEAP_ALLOCATE|[16]|Bytes:5
07:03:24.0 (95859053)|HEAP_ALLOCATE|[16]|Bytes:12
07:03:24.0 (95866468)|VARIABLE_SCOPE_BEGIN|[16]|rt|RecordType|true|false
07:03:24.0 (95877654)|VARIABLE_ASSIGNMENT|[16]|rt|{"s":1,"v":{"Id":"012m00000008iTMAAY","DeveloperName":"Draft"}}|0x2bfbfde6
07:03:24.0 (95880672)|STATEMENT_EXECUTE|[17]
07:03:24.0 (95881805)|STATEMENT_EXECUTE|[18]
07:03:24.0 (95895515)|HEAP_ALLOCATE|[EXTERNAL]|Bytes:-4
07:03:24.0 (95907251)|HEAP_ALLOCATE|[16]|Bytes:5
07:03:24.0 (95926045)|HEAP_ALLOCATE|[16]|Bytes:12
07:03:24.0 (95932987)|VARIABLE_SCOPE_BEGIN|[16]|rt|RecordType|true|false
07:03:24.0 (95943700)|VARIABLE_ASSIGNMENT|[16]|rt|{"s":1,"v":{"Id":"012m00000008iUAAAY","DeveloperName":"Executed"}}|0x416bf136
07:03:24.0 (95946654)|STATEMENT_EXECUTE|[17]
07:03:24.0 (95947730)|STATEMENT_EXECUTE|[18]
07:03:24.0 (95961061)|HEAP_ALLOCATE|[EXTERNAL]|Bytes:-4
07:03:24.0 (95972675)|HEAP_ALLOCATE|[16]|Bytes:5
07:03:24.0 (95991437)|HEAP_ALLOCATE|[16]|Bytes:12
07:03:24.0 (95998100)|VARIABLE_SCOPE_BEGIN|[16]|rt|RecordType|true|false
07:03:24.0 (96008848)|VARIABLE_ASSIGNMENT|[16]|rt|{"s":1,"v":{"Id":"012m00000008iTgAAI","DeveloperName":"In_Approvals"}}|0x138e2625
07:03:24.0 (96012913)|STATEMENT_EXECUTE|[17]
07:03:24.0 (96014074)|STATEMENT_EXECUTE|[18]
07:03:24.0 (96027692)|HEAP_ALLOCATE|[EXTERNAL]|Bytes:-4
07:03:24.0 (96039518)|HEAP_ALLOCATE|[16]|Bytes:5
07:03:24.0 (96058399)|HEAP_ALLOCATE|[16]|Bytes:12
07:03:24.0 (96065258)|VARIABLE_SCOPE_BEGIN|[16]|rt|RecordType|true|false
07:03:24.0 (96075848)|VARIABLE_ASSIGNMENT|[16]|rt|{"s":1,"v":{"Id":"012d0000000x2ACAAY","DeveloperName":"In_Process"}}|0x1474c2f5
07:03:24.0 (96078663)|STATEMENT_EXECUTE|[17]
07:03:24.0 (96079711)|STATEMENT_EXECUTE|[18]
07:03:24.0 (96093046)|HEAP_ALLOCATE|[EXTERNAL]|Bytes:-4
07:03:24.0 (96104644)|HEAP_ALLOCATE|[16]|Bytes:5
07:03:24.0 (96123134)|HEAP_ALLOCATE|[16]|Bytes:12
07:03:24.0 (96129769)|VARIABLE_SCOPE_BEGIN|[16]|rt|RecordType|true|false
07:03:24.0 (96140340)|VARIABLE_ASSIGNMENT|[16]|rt|{"s":1,"v":{"Id":"012m00000008iUFAAY","DeveloperName":"Not_Executed"}}|0x60940950
07:03:24.0 (96143096)|STATEMENT_EXECUTE|[17]
07:03:24.0 (96144534)|STATEMENT_EXECUTE|[18]
07:03:24.0 (96157856)|HEAP_ALLOCATE|[EXTERNAL]|Bytes:-4
07:03:24.0 (96169483)|HEAP_ALLOCATE|[16]|Bytes:5
07:03:24.0 (96188142)|HEAP_ALLOCATE|[16]|Bytes:12
07:03:24.0 (96194705)|VARIABLE_SCOPE_BEGIN|[16]|rt|RecordType|true|false
07:03:24.0 (96205064)|VARIABLE_ASSIGNMENT|[16]|rt|{"s":1,"v":{"Id":"012m00000008iTqAAI","DeveloperName":"On_Hold"}}|0x7e68a635
07:03:24.0 (96207897)|STATEMENT_EXECUTE|[17]
07:03:24.0 (96209011)|STATEMENT_EXECUTE|[18]
07:03:24.0 (96222403)|HEAP_ALLOCATE|[EXTERNAL]|Bytes:-4
07:03:24.0 (96234004)|HEAP_ALLOCATE|[16]|Bytes:5
07:03:24.0 (96252768)|HEAP_ALLOCATE|[16]|Bytes:12
07:03:24.0 (96259541)|VARIABLE_SCOPE_BEGIN|[16]|rt|RecordType|true|false
07:03:24.0 (96270399)|VARIABLE_ASSIGNMENT|[16]|rt|{"s":1,"v":{"Id":"012d0000000x3F8AAI","DeveloperName":"Pending_Budget"}}|0x1cb518d3
07:03:24.0 (96273407)|STATEMENT_EXECUTE|[17]
07:03:24.0 (96274509)|STATEMENT_EXECUTE|[18]
07:03:24.0 (96287731)|HEAP_ALLOCATE|[EXTERNAL]|Bytes:-4
07:03:24.0 (96299511)|HEAP_ALLOCATE|[16]|Bytes:5
07:03:24.0 (96318785)|HEAP_ALLOCATE|[16]|Bytes:12
07:03:24.0 (96325537)|VARIABLE_SCOPE_BEGIN|[16]|rt|RecordType|true|false
07:03:24.0 (96337462)|VARIABLE_ASSIGNMENT|[16]|rt|{"s":1,"v":{"Id":"012m00000008iTWAAY","DeveloperName":"Pending_More_Info_Ne (4 more) ..."}}|0x2ee412da
07:03:24.0 (96340302)|STATEMENT_EXECUTE|[17]
07:03:24.0 (96341404)|STATEMENT_EXECUTE|[18]
07:03:24.0 (96354927)|HEAP_ALLOCATE|[EXTERNAL]|Bytes:-4
07:03:24.0 (96366719)|HEAP_ALLOCATE|[16]|Bytes:5
07:03:24.0 (96385499)|HEAP_ALLOCATE|[16]|Bytes:12
07:03:24.0 (96392296)|VARIABLE_SCOPE_BEGIN|[16]|rt|RecordType|true|false
07:03:24.0 (96402844)|VARIABLE_ASSIGNMENT|[16]|rt|{"s":1,"v":{"Id":"012m00000008iU5AAI","DeveloperName":"Reactivate"}}|0x6efa40df
07:03:24.0 (96405751)|STATEMENT_EXECUTE|[17]
07:03:24.0 (96406830)|STATEMENT_EXECUTE|[18]
07:03:24.0 (96420650)|HEAP_ALLOCATE|[EXTERNAL]|Bytes:-4
07:03:24.0 (96432334)|HEAP_ALLOCATE|[16]|Bytes:5
07:03:24.0 (96451270)|HEAP_ALLOCATE|[16]|Bytes:12
07:03:24.0 (96458270)|VARIABLE_SCOPE_BEGIN|[16]|rt|RecordType|true|false
07:03:24.0 (96468897)|VARIABLE_ASSIGNMENT|[16]|rt|{"s":1,"v":{"Id":"012m00000008iTRAAY","DeveloperName":"Submitted"}}|0x55980a3b
07:03:24.0 (96471644)|STATEMENT_EXECUTE|[17]
07:03:24.0 (96472708)|STATEMENT_EXECUTE|[18]
07:03:24.0 (96485833)|HEAP_ALLOCATE|[EXTERNAL]|Bytes:-4
07:03:24.0 (96497651)|HEAP_ALLOCATE|[16]|Bytes:5
07:03:24.0 (96516460)|HEAP_ALLOCATE|[16]|Bytes:12
07:03:24.0 (96523227)|VARIABLE_SCOPE_BEGIN|[16]|rt|RecordType|true|false
07:03:24.0 (96534117)|VARIABLE_ASSIGNMENT|[16]|rt|{"s":1,"v":{"Id":"012d0000000x2ADAAY","DeveloperName":"Wave1_Approvals"}}|0x615fe3db
07:03:24.0 (96537157)|STATEMENT_EXECUTE|[17]
07:03:24.0 (96538226)|STATEMENT_EXECUTE|[18]
07:03:24.0 (96551530)|HEAP_ALLOCATE|[EXTERNAL]|Bytes:-4
07:03:24.0 (96563233)|HEAP_ALLOCATE|[16]|Bytes:5
07:03:24.0 (96581805)|HEAP_ALLOCATE|[16]|Bytes:12
07:03:24.0 (96588487)|VARIABLE_SCOPE_BEGIN|[16]|rt|RecordType|true|false
07:03:24.0 (96599221)|VARIABLE_ASSIGNMENT|[16]|rt|{"s":1,"v":{"Id":"012d0000000x2AEAAY","DeveloperName":"Wave2_Approvals"}}|0x6f235fe8
07:03:24.0 (96602275)|STATEMENT_EXECUTE|[17]
07:03:24.0 (96604299)|STATEMENT_EXECUTE|[18]
07:03:24.0 (96620151)|HEAP_ALLOCATE|[EXTERNAL]|Bytes:-4
07:03:24.0 (96632550)|HEAP_ALLOCATE|[16]|Bytes:5
07:03:24.0 (96651837)|HEAP_ALLOCATE|[16]|Bytes:12
07:03:24.0 (96658755)|VARIABLE_SCOPE_BEGIN|[16]|rt|RecordType|true|false
07:03:24.0 (96669956)|VARIABLE_ASSIGNMENT|[16]|rt|{"s":1,"v":{"Id":"012d0000000x2AFAAY","DeveloperName":"Wave3_Approvals"}}|0x53e3166b
07:03:24.0 (96672707)|STATEMENT_EXECUTE|[17]
07:03:24.0 (96673796)|STATEMENT_EXECUTE|[18]
07:03:24.0 (96687294)|HEAP_ALLOCATE|[EXTERNAL]|Bytes:-4
07:03:24.0 (96699195)|HEAP_ALLOCATE|[16]|Bytes:5
07:03:24.0 (96710197)|VARIABLE_ASSIGNMENT|[16]|rt|null|
07:03:24.0 (96719682)|METHOD_EXIT|[1]|ITPR_QuickActions
07:03:24.0 (96725153)|HEAP_ALLOCATE|[EXTERNAL]|Bytes:18
07:03:24.0 (96733333)|SYSTEM_MODE_ENTER|false
07:03:24.0 (96745233)|VARIABLE_SCOPE_BEGIN|[119]|recordId|String|false|false
07:03:24.0 (96751186)|VARIABLE_ASSIGNMENT|[119]|recordId|"a1Nm00000011q90EAA"
07:03:24.0 (96759415)|STATEMENT_EXECUTE|[119]
07:03:24.0 (96761090)|STATEMENT_EXECUTE|[120]
07:03:24.0 (96764735)|HEAP_ALLOCATE|[120]|Bytes:63
07:03:24.0 (96770803)|HEAP_ALLOCATE|[120]|Bytes:4
07:03:24.0 (96984511)|SOQL_EXECUTE_BEGIN|[120]|Aggregations:0|SELECT Name, Status__c FROM ITPR__c WHERE Id = :tmpVar1 LIMIT 1
07:03:24.0 (100548429)|SOQL_EXECUTE_END|[120]|Rows:1
07:03:24.0 (100564204)|HEAP_ALLOCATE|[120]|Bytes:8
07:03:24.0 (100575278)|HEAP_ALLOCATE|[120]|Bytes:70
07:03:24.0 (100590497)|HEAP_ALLOCATE|[120]|Bytes:8
07:03:24.0 (100598902)|HEAP_ALLOCATE|[120]|Bytes:33
07:03:24.0 (100635200)|HEAP_ALLOCATE|[120]|Bytes:16
07:03:24.0 (100643391)|VARIABLE_SCOPE_BEGIN|[120]|itsesRequest|ITPR__c|true|false
07:03:24.0 (100659827)|VARIABLE_ASSIGNMENT|[120]|itsesRequest|{"s":1,"v":{"Name":"201609-04573","Status__c":"Assigned","Id":"a1Nm00000011q90EAA"}}|0xf5d8024
07:03:24.0 (100663644)|STATEMENT_EXECUTE|[121]
07:03:24.0 (100671866)|SYSTEM_MODE_EXIT|false
07:03:24.100 (100719310)|CUMULATIVE_LIMIT_USAGE
07:03:24.100 (100719310)|LIMIT_USAGE_FOR_NS|(default)|
  Number of SOQL queries: 4 out of 100
  Number of query rows: 20 out of 50000
  Number of SOSL queries: 0 out of 20
  Number of DML statements: 0 out of 150
  Number of DML rows: 0 out of 10000
  Maximum CPU time: 0 out of 10000
  Maximum heap size: 0 out of 6000000
  Number of callouts: 0 out of 100
  Number of Email Invocations: 0 out of 10
  Number of future calls: 0 out of 50
  Number of queueable jobs added to the queue: 0 out of 50
  Number of Mobile Apex push calls: 0 out of 10

07:03:24.100 (100719310)|CUMULATIVE_LIMIT_USAGE_END

07:03:24.0 (100769254)|CODE_UNIT_FINISHED|ITPR_QuickActions.retrieveITPRWithStatus
07:03:24.0 (147867948)|HEAP_ALLOCATE|[EXTERNAL]|Bytes:18
07:03:24.0 (147893308)|HEAP_ALLOCATE|[EXTERNAL]|Bytes:18
07:03:24.0 (147944358)|HEAP_ALLOCATE|[EXTERNAL]|Bytes:7
07:03:24.0 (147955049)|HEAP_ALLOCATE|[EXTERNAL]|Bytes:7
07:03:24.0 (147998632)|HEAP_ALLOCATE|[EXTERNAL]|Bytes:9
07:03:24.0 (148008443)|HEAP_ALLOCATE|[EXTERNAL]|Bytes:9
07:03:24.0 (150860009)|CODE_UNIT_STARTED|[EXTERNAL]|01pm0000000EZxV|GuidanceBox.getGuidance
07:03:24.0 (150915575)|HEAP_ALLOCATE|[EXTERNAL]|Bytes:4
07:03:24.0 (150922411)|HEAP_ALLOCATE|[EXTERNAL]|Bytes:2
07:03:24.0 (150933986)|METHOD_ENTRY|[1]|01pm0000000EZxV|GuidanceBox.GuidanceBox()
07:03:24.0 (150937215)|STATEMENT_EXECUTE|[1]
07:03:24.0 (150941232)|STATEMENT_EXECUTE|[1]
07:03:24.0 (150945805)|METHOD_EXIT|[1]|GuidanceBox
07:03:24.0 (150949455)|HEAP_ALLOCATE|[EXTERNAL]|Bytes:18
07:03:24.0 (150951425)|HEAP_ALLOCATE|[EXTERNAL]|Bytes:7
07:03:24.0 (150953425)|HEAP_ALLOCATE|[EXTERNAL]|Bytes:9
07:03:24.0 (150959835)|HEAP_ALLOCATE|[EXTERNAL]|Bytes:5
07:03:24.0 (150968679)|SYSTEM_MODE_ENTER|false
07:03:24.0 (150974193)|VARIABLE_SCOPE_BEGIN|[4]|recordId|String|false|false
07:03:24.0 (150982471)|VARIABLE_ASSIGNMENT|[4]|recordId|"a1Nm00000011q90EAA"
07:03:24.0 (150984730)|VARIABLE_SCOPE_BEGIN|[4]|sobjectname|String|false|false
07:03:24.0 (150987819)|VARIABLE_ASSIGNMENT|[4]|sobjectname|"ITPR__c"
07:03:24.0 (150989684)|VARIABLE_SCOPE_BEGIN|[4]|field|String|false|false
07:03:24.0 (150992066)|VARIABLE_ASSIGNMENT|[4]|field|"Status__c"
07:03:24.0 (150993709)|VARIABLE_SCOPE_BEGIN|[4]|useRecordTypes|Boolean|false|false
07:03:24.0 (150996960)|VARIABLE_ASSIGNMENT|[4]|useRecordTypes|false
07:03:24.0 (151003372)|STATEMENT_EXECUTE|[4]
07:03:24.0 (151007601)|STATEMENT_EXECUTE|[6]
07:03:24.0 (151009251)|STATEMENT_EXECUTE|[20]
07:03:24.0 (151012652)|HEAP_ALLOCATE|[20]|Bytes:7
07:03:24.0 (151017895)|HEAP_ALLOCATE|[20]|Bytes:12
07:03:24.0 (151032519)|HEAP_ALLOCATE|[20]|Bytes:59
07:03:24.0 (151040446)|HEAP_ALLOCATE|[20]|Bytes:60
07:03:24.0 (151270194)|SOQL_EXECUTE_BEGIN|[20]|Aggregations:0|select Status__c from ITPR__c where Id ='a1Nm00000011q90EAA'
07:03:24.0 (158079378)|SOQL_EXECUTE_END|[20]|Rows:1
07:03:24.0 (158095410)|HEAP_ALLOCATE|[20]|Bytes:8
07:03:24.0 (158109541)|HEAP_ALLOCATE|[20]|Bytes:50
07:03:24.0 (158127035)|HEAP_ALLOCATE|[20]|Bytes:8
07:03:24.0 (158140321)|HEAP_ALLOCATE|[20]|Bytes:33
07:03:24.0 (158176897)|HEAP_ALLOCATE|[20]|Bytes:12
07:03:24.0 (158185194)|VARIABLE_SCOPE_BEGIN|[20]|sobj|SObject|true|false
07:03:24.0 (158204581)|VARIABLE_ASSIGNMENT|[20]|sobj|{"s":1,"v":{"Status__c":"Assigned","Id":"a1Nm00000011q90EAA"}}|0x214245d4
07:03:24.0 (158208222)|STATEMENT_EXECUTE|[21]
07:03:24.0 (158268116)|HEAP_ALLOCATE|[21]|Bytes:8
07:03:24.0 (158283760)|VARIABLE_SCOPE_BEGIN|[21]|fieldValue|String|false|false
07:03:24.0 (158290672)|VARIABLE_ASSIGNMENT|[21]|fieldValue|"Assigned"
07:03:24.0 (158293368)|STATEMENT_EXECUTE|[23]
07:03:24.0 (158296641)|HEAP_ALLOCATE|[23]|Bytes:121
07:03:24.0 (158304251)|HEAP_ALLOCATE|[23]|Bytes:4
07:03:24.0 (158322795)|HEAP_ALLOCATE|[23]|Bytes:7
07:03:24.0 (158329298)|HEAP_ALLOCATE|[23]|Bytes:7
07:03:24.0 (158698346)|SOQL_EXECUTE_BEGIN|[23]|Aggregations:0|SELECT Guidance__c FROM GuidanceBox__c WHERE (object__c = :tmpVar1 AND field__c = :tmpVar2 AND Field_Value__c = :tmpVar3)
07:03:24.0 (166402436)|SOQL_EXECUTE_END|[23]|Rows:1
07:03:24.0 (166419679)|HEAP_ALLOCATE|[23]|Bytes:8
07:03:24.0 (166428922)|HEAP_ALLOCATE|[23]|Bytes:194
07:03:24.0 (166489824)|HEAP_ALLOCATE|[23]|Bytes:8
07:03:24.0 (166501283)|SYSTEM_MODE_EXIT|false
07:03:24.166 (166536314)|CUMULATIVE_LIMIT_USAGE
07:03:24.166 (166536314)|LIMIT_USAGE_FOR_NS|(default)|
  Number of SOQL queries: 6 out of 100
  Number of query rows: 22 out of 50000
  Number of SOSL queries: 0 out of 20
  Number of DML statements: 0 out of 150
  Number of DML rows: 0 out of 10000
  Maximum CPU time: 0 out of 10000
  Maximum heap size: 0 out of 6000000
  Number of callouts: 0 out of 100
  Number of Email Invocations: 0 out of 10
  Number of future calls: 0 out of 50
  Number of queueable jobs added to the queue: 0 out of 50
  Number of Mobile Apex push calls: 0 out of 10

07:03:24.166 (166536314)|CUMULATIVE_LIMIT_USAGE_END

07:03:24.0 (166576440)|CODE_UNIT_FINISHED|GuidanceBox.getGuidance
