38.0 APEX_CODE,FINEST;APEX_PROFILING,INFO;CALLOUT,INFO;DB,INFO;SYSTEM,DEBUG;VALIDATION,INFO;VISUALFORCE,INFO;WORKFLOW,INFO
07:00:40.0 (487575)|USER_INFO|[EXTERNAL]|005m0000002GNhO|dscruggs@salesforce.com.rfadev13|Pacific Standard Time|GMT-07:00
07:00:40.0 (522960)|EXECUTION_STARTED
07:00:40.0 (530028)|CODE_UNIT_STARTED|[EXTERNAL]|01pm0000000EXDD|StreamerCtrl.sessionId
07:00:40.0 (795598)|HEAP_ALLOCATE|[72]|Bytes:3
07:00:40.0 (894719)|HEAP_ALLOCATE|[77]|Bytes:152
07:00:40.0 (913144)|HEAP_ALLOCATE|[342]|Bytes:408
07:00:40.0 (931046)|HEAP_ALLOCATE|[355]|Bytes:408
07:00:40.0 (947147)|HEAP_ALLOCATE|[467]|Bytes:48
07:00:40.0 (1014903)|HEAP_ALLOCATE|[139]|Bytes:6
07:00:40.0 (1041482)|HEAP_ALLOCATE|[EXTERNAL]|Bytes:1
07:00:40.0 (1084606)|METHOD_ENTRY|[1]|01pm0000000EXDD|StreamerCtrl.StreamerCtrl()
07:00:40.0 (1090297)|STATEMENT_EXECUTE|[1]
07:00:40.0 (1096583)|STATEMENT_EXECUTE|[1]
07:00:40.0 (1116051)|METHOD_EXIT|[1]|StreamerCtrl
07:00:40.0 (1131537)|SYSTEM_MODE_ENTER|false
07:00:40.0 (1266861)|STATEMENT_EXECUTE|[4]
07:00:40.0 (1268791)|STATEMENT_EXECUTE|[5]
07:00:40.0 (1308378)|HEAP_ALLOCATE|[5]|Bytes:85
07:00:40.0 (1334542)|SYSTEM_METHOD_ENTRY|[1]|UserInfo.UserInfo()
07:00:40.0 (1336953)|STATEMENT_EXECUTE|[1]
07:00:40.0 (1342839)|SYSTEM_METHOD_EXIT|[1]|UserInfo
07:00:40.0 (1376419)|METHOD_ENTRY|[5]||System.UserInfo.getSessionId()
07:00:40.0 (10793058)|METHOD_EXIT|[5]||System.UserInfo.getSessionId()
07:00:40.0 (10817645)|SYSTEM_MODE_EXIT|false
07:00:40.10 (10870283)|CUMULATIVE_LIMIT_USAGE
07:00:40.10 (10870283)|LIMIT_USAGE_FOR_NS|(default)|
  Number of SOQL queries: 0 out of 100
  Number of query rows: 0 out of 50000
  Number of SOSL queries: 0 out of 20
  Number of DML statements: 0 out of 150
  Number of DML rows: 0 out of 10000
  Maximum CPU time: 0 out of 10000
  Maximum heap size: 0 out of 6000000
  Number of callouts: 0 out of 100
  Number of Email Invocations: 0 out of 10
  Number of future calls: 0 out of 50
  Number of queueable jobs added to the queue: 0 out of 50
  Number of Mobile Apex push calls: 0 out of 10

07:00:40.10 (10870283)|CUMULATIVE_LIMIT_USAGE_END

07:00:40.0 (10915852)|CODE_UNIT_FINISHED|StreamerCtrl.sessionId
07:00:40.0 (14043164)|EXECUTION_FINISHED
