38.0 APEX_CODE,FINEST;APEX_PROFILING,INFO;CALLOUT,INFO;DB,INFO;SYSTEM,DEBUG;VALIDATION,INFO;VISUALFORCE,INFO;WORKFLOW,INFO
07:00:11.0 (614895)|USER_INFO|[EXTERNAL]|005m0000002GNhO|dscruggs@salesforce.com.rfadev13|Pacific Standard Time|GMT-07:00
07:00:11.0 (661224)|EXECUTION_STARTED
07:00:11.0 (667381)|CODE_UNIT_STARTED|[EXTERNAL]|aura
07:00:11.0 (1264552)|HEAP_ALLOCATE|[72]|Bytes:3
07:00:11.0 (1364973)|HEAP_ALLOCATE|[77]|Bytes:152
07:00:11.0 (1392013)|HEAP_ALLOCATE|[342]|Bytes:408
07:00:11.0 (1413560)|HEAP_ALLOCATE|[355]|Bytes:408
07:00:11.0 (1431570)|HEAP_ALLOCATE|[467]|Bytes:48
07:00:11.0 (1474587)|HEAP_ALLOCATE|[139]|Bytes:6
07:00:11.0 (1522903)|HEAP_ALLOCATE|[EXTERNAL]|Bytes:7
07:00:11.0 (1542328)|HEAP_ALLOCATE|[EXTERNAL]|Bytes:7
07:00:11.0 (1636258)|HEAP_ALLOCATE|[EXTERNAL]|Bytes:9
07:00:11.0 (1646154)|HEAP_ALLOCATE|[EXTERNAL]|Bytes:9
07:00:11.0 (4758830)|CODE_UNIT_STARTED|[EXTERNAL]|01pm0000000EZxV|GuidanceBox.dynamicTopic
07:00:11.0 (4894538)|HEAP_ALLOCATE|[EXTERNAL]|Bytes:4
07:00:11.0 (4901418)|HEAP_ALLOCATE|[EXTERNAL]|Bytes:2
07:00:11.0 (4912258)|METHOD_ENTRY|[1]|01pm0000000EZxV|GuidanceBox.GuidanceBox()
07:00:11.0 (4916856)|STATEMENT_EXECUTE|[1]
07:00:11.0 (4921582)|STATEMENT_EXECUTE|[1]
07:00:11.0 (4926871)|METHOD_EXIT|[1]|GuidanceBox
07:00:11.0 (4931151)|HEAP_ALLOCATE|[EXTERNAL]|Bytes:7
07:00:11.0 (4933026)|HEAP_ALLOCATE|[EXTERNAL]|Bytes:9
07:00:11.0 (4943951)|SYSTEM_MODE_ENTER|false
07:00:11.0 (4957835)|VARIABLE_SCOPE_BEGIN|[30]|WhichObject|String|false|false
07:00:11.0 (4993032)|VARIABLE_ASSIGNMENT|[30]|WhichObject|"ITPR__c"
07:00:11.0 (4997824)|VARIABLE_SCOPE_BEGIN|[30]|Field|String|false|false
07:00:11.0 (5002459)|VARIABLE_ASSIGNMENT|[30]|Field|"Status__c"
07:00:11.0 (5015965)|STATEMENT_EXECUTE|[30]
07:00:11.0 (5017764)|STATEMENT_EXECUTE|[31]
07:00:11.0 (6121194)|HEAP_ALLOCATE|[31]|Bytes:15
07:00:11.0 (6129370)|HEAP_ALLOCATE|[31]|Bytes:8
07:00:11.0 (6155452)|METHOD_ENTRY|[1]|01pm0000000EXDB|AnythingPath.AnythingPath()
07:00:11.0 (6158055)|STATEMENT_EXECUTE|[1]
07:00:11.0 (6161112)|STATEMENT_EXECUTE|[1]
07:00:11.0 (6164690)|METHOD_EXIT|[1]|AnythingPath
07:00:11.0 (6184478)|METHOD_ENTRY|[31]|01pm0000000EXDB|AnythingPath.dynamicTopic(String, String)
07:00:11.0 (6206762)|VARIABLE_SCOPE_BEGIN|[65]|WhichObject|String|false|false
07:00:11.0 (6214019)|VARIABLE_ASSIGNMENT|[65]|WhichObject|"ITPR__c"
07:00:11.0 (6217211)|VARIABLE_SCOPE_BEGIN|[65]|Field|String|false|false
07:00:11.0 (6220355)|VARIABLE_ASSIGNMENT|[65]|Field|"Status__c"
07:00:11.0 (6224518)|STATEMENT_EXECUTE|[65]
07:00:11.0 (6225781)|STATEMENT_EXECUTE|[67]
07:00:11.0 (6228945)|HEAP_ALLOCATE|[67]|Bytes:11
07:00:11.0 (6233666)|HEAP_ALLOCATE|[67]|Bytes:6
07:00:11.0 (6252016)|HEAP_ALLOCATE|[67]|Bytes:33
07:00:11.0 (6256999)|VARIABLE_SCOPE_BEGIN|[67]|DynamicQuery|String|false|false
07:00:11.0 (6266137)|VARIABLE_ASSIGNMENT|[67]|DynamicQuery|"Select Id, Status__c (13 more) ..."
07:00:11.0 (6268522)|STATEMENT_EXECUTE|[70]
07:00:11.0 (6271062)|HEAP_ALLOCATE|[70]|Bytes:85
07:00:11.0 (6277700)|HEAP_ALLOCATE|[70]|Bytes:4
07:00:11.0 (6284434)|HEAP_ALLOCATE|[70]|Bytes:7
07:00:11.0 (6320179)|HEAP_ALLOCATE|[50]|Bytes:5
07:00:11.0 (6346679)|HEAP_ALLOCATE|[56]|Bytes:5
07:00:11.0 (6355058)|HEAP_ALLOCATE|[64]|Bytes:7
07:00:11.0 (6686465)|SOQL_EXECUTE_BEGIN|[70]|Aggregations:0|SELECT Id, ApiVersion, Name, Description, Query FROM Pushtopic WHERE Query = :tmpVar1
07:00:11.0 (10734832)|SOQL_EXECUTE_END|[70]|Rows:1
07:00:11.0 (10750666)|HEAP_ALLOCATE|[70]|Bytes:8
07:00:11.0 (10764527)|HEAP_ALLOCATE|[70]|Bytes:199
07:00:11.0 (10841131)|HEAP_ALLOCATE|[70]|Bytes:8
07:00:11.0 (10854160)|VARIABLE_SCOPE_BEGIN|[70]|topicList|List<PushTopic>|true|false
07:00:11.0 (10902282)|VARIABLE_ASSIGNMENT|[70]|topicList|{"s":1,"v":[{"s":2,"v":{"Id":"0IFm00000004E6HGAU","ApiVersion":36.0,"Name":"ITPR__cStatus__c","Description":"Autogenerated by Any (19 more) ...","Query":"Select Id, Status__c (13 more) ..."}}]}|0x6cc0b5c4
07:00:11.0 (10975203)|STATEMENT_EXECUTE|[85]
07:00:11.0 (10977779)|STATEMENT_EXECUTE|[86]
07:00:11.0 (11009238)|HEAP_ALLOCATE|[86]|Bytes:24
07:00:11.0 (11047476)|METHOD_EXIT|[31]|01pm0000000EXDB|AnythingPath.dynamicTopic(String, String)
07:00:11.0 (11060165)|SYSTEM_MODE_EXIT|false
07:00:11.11 (11108318)|CUMULATIVE_LIMIT_USAGE
07:00:11.11 (11108318)|LIMIT_USAGE_FOR_NS|(default)|
  Number of SOQL queries: 1 out of 100
  Number of query rows: 1 out of 50000
  Number of SOSL queries: 0 out of 20
  Number of DML statements: 0 out of 150
  Number of DML rows: 0 out of 10000
  Maximum CPU time: 0 out of 10000
  Maximum heap size: 0 out of 6000000
  Number of callouts: 0 out of 100
  Number of Email Invocations: 0 out of 10
  Number of future calls: 0 out of 50
  Number of queueable jobs added to the queue: 0 out of 50
  Number of Mobile Apex push calls: 0 out of 10

07:00:11.11 (11108318)|CUMULATIVE_LIMIT_USAGE_END

07:00:11.0 (11158914)|CODE_UNIT_FINISHED|GuidanceBox.dynamicTopic
