38.0 APEX_CODE,FINEST;APEX_PROFILING,INFO;CALLOUT,INFO;DB,INFO;SYSTEM,DEBUG;VALIDATION,INFO;VISUALFORCE,INFO;WORKFLOW,INFO
07:34:00.5 (5134183)|USER_INFO|[EXTERNAL]|005m0000002GNhO|dscruggs@salesforce.com.rfadev13|Pacific Standard Time|GMT-07:00
07:34:00.5 (5167667)|EXECUTION_STARTED
07:34:00.5 (5173051)|CODE_UNIT_STARTED|[EXTERNAL]|aura
07:34:00.5 (5655058)|HEAP_ALLOCATE|[72]|Bytes:3
07:34:00.5 (5716392)|HEAP_ALLOCATE|[77]|Bytes:152
07:34:00.5 (5735956)|HEAP_ALLOCATE|[342]|Bytes:408
07:34:00.5 (5753803)|HEAP_ALLOCATE|[355]|Bytes:408
07:34:00.5 (5770994)|HEAP_ALLOCATE|[467]|Bytes:48
07:34:00.5 (5802777)|HEAP_ALLOCATE|[139]|Bytes:6
07:34:00.5 (5831641)|HEAP_ALLOCATE|[EXTERNAL]|Bytes:18
07:34:00.5 (5851210)|HEAP_ALLOCATE|[EXTERNAL]|Bytes:18
07:34:00.5 (5938052)|HEAP_ALLOCATE|[EXTERNAL]|Bytes:7
07:34:00.5 (5948831)|HEAP_ALLOCATE|[EXTERNAL]|Bytes:7
07:34:00.5 (5994324)|HEAP_ALLOCATE|[EXTERNAL]|Bytes:9
07:34:00.5 (6004085)|HEAP_ALLOCATE|[EXTERNAL]|Bytes:9
07:34:00.5 (9069501)|CODE_UNIT_STARTED|[EXTERNAL]|01pm0000000EZxV|GuidanceBox.getGuidance
07:34:00.5 (9166920)|HEAP_ALLOCATE|[EXTERNAL]|Bytes:4
07:34:00.5 (9172748)|HEAP_ALLOCATE|[EXTERNAL]|Bytes:2
07:34:00.5 (9183570)|METHOD_ENTRY|[1]|01pm0000000EZxV|GuidanceBox.GuidanceBox()
07:34:00.5 (9187210)|STATEMENT_EXECUTE|[1]
07:34:00.5 (9192225)|STATEMENT_EXECUTE|[1]
07:34:00.5 (9197295)|METHOD_EXIT|[1]|GuidanceBox
07:34:00.5 (9201267)|HEAP_ALLOCATE|[EXTERNAL]|Bytes:18
07:34:00.5 (9203192)|HEAP_ALLOCATE|[EXTERNAL]|Bytes:7
07:34:00.5 (9204842)|HEAP_ALLOCATE|[EXTERNAL]|Bytes:9
07:34:00.5 (9237405)|HEAP_ALLOCATE|[50]|Bytes:5
07:34:00.5 (9263153)|HEAP_ALLOCATE|[56]|Bytes:5
07:34:00.5 (9272466)|HEAP_ALLOCATE|[64]|Bytes:7
07:34:00.5 (9290281)|HEAP_ALLOCATE|[EXTERNAL]|Bytes:5
07:34:00.5 (9301733)|SYSTEM_MODE_ENTER|false
07:34:00.5 (9310876)|VARIABLE_SCOPE_BEGIN|[4]|recordId|String|false|false
07:34:00.5 (9345638)|VARIABLE_ASSIGNMENT|[4]|recordId|"a1Nm00000011q90EAA"
07:34:00.5 (9349234)|VARIABLE_SCOPE_BEGIN|[4]|sobjectname|String|false|false
07:34:00.5 (9352683)|VARIABLE_ASSIGNMENT|[4]|sobjectname|"ITPR__c"
07:34:00.5 (9354599)|VARIABLE_SCOPE_BEGIN|[4]|field|String|false|false
07:34:00.5 (9357164)|VARIABLE_ASSIGNMENT|[4]|field|"Status__c"
07:34:00.5 (9359296)|VARIABLE_SCOPE_BEGIN|[4]|useRecordTypes|Boolean|false|false
07:34:00.5 (9363308)|VARIABLE_ASSIGNMENT|[4]|useRecordTypes|false
07:34:00.5 (9375479)|STATEMENT_EXECUTE|[4]
07:34:00.5 (9380759)|STATEMENT_EXECUTE|[6]
07:34:00.5 (9382617)|STATEMENT_EXECUTE|[20]
07:34:00.5 (9386089)|HEAP_ALLOCATE|[20]|Bytes:7
07:34:00.5 (9390710)|HEAP_ALLOCATE|[20]|Bytes:6
07:34:00.5 (9393463)|HEAP_ALLOCATE|[20]|Bytes:12
07:34:00.5 (9409257)|HEAP_ALLOCATE|[20]|Bytes:59
07:34:00.5 (9412762)|HEAP_ALLOCATE|[20]|Bytes:1
07:34:00.5 (9419866)|HEAP_ALLOCATE|[20]|Bytes:60
07:34:00.5 (13615646)|SOQL_EXECUTE_BEGIN|[20]|Aggregations:0|select Status__c from ITPR__c where Id ='a1Nm00000011q90EAA'
07:34:00.5 (19257008)|SOQL_EXECUTE_END|[20]|Rows:1
07:34:00.5 (19283345)|HEAP_ALLOCATE|[20]|Bytes:8
07:34:00.5 (19302954)|HEAP_ALLOCATE|[20]|Bytes:50
07:34:00.5 (19456790)|HEAP_ALLOCATE|[20]|Bytes:8
07:34:00.5 (19480904)|HEAP_ALLOCATE|[20]|Bytes:33
07:34:00.5 (19600334)|HEAP_ALLOCATE|[20]|Bytes:12
07:34:00.5 (19616889)|VARIABLE_SCOPE_BEGIN|[20]|sobj|SObject|true|false
07:34:00.5 (19654285)|VARIABLE_ASSIGNMENT|[20]|sobj|{"s":1,"v":{"Status__c":"Assigned","Id":"a1Nm00000011q90EAA"}}|0x74c253b1
07:34:00.5 (19661323)|STATEMENT_EXECUTE|[21]
07:34:00.5 (19770016)|HEAP_ALLOCATE|[21]|Bytes:8
07:34:00.5 (19797261)|VARIABLE_SCOPE_BEGIN|[21]|fieldValue|String|false|false
07:34:00.5 (19819546)|VARIABLE_ASSIGNMENT|[21]|fieldValue|"Assigned"
07:34:00.5 (19825168)|STATEMENT_EXECUTE|[23]
07:34:00.5 (19831091)|HEAP_ALLOCATE|[23]|Bytes:121
07:34:00.5 (19849292)|HEAP_ALLOCATE|[23]|Bytes:4
07:34:00.5 (19866227)|HEAP_ALLOCATE|[23]|Bytes:7
07:34:00.5 (19888333)|HEAP_ALLOCATE|[23]|Bytes:7
07:34:00.5 (19900039)|HEAP_ALLOCATE|[23]|Bytes:7
07:34:00.5 (39427979)|SOQL_EXECUTE_BEGIN|[23]|Aggregations:0|SELECT Guidance__c FROM GuidanceBox__c WHERE (object__c = :tmpVar1 AND field__c = :tmpVar2 AND Field_Value__c = :tmpVar3)
07:34:00.5 (45201567)|SOQL_EXECUTE_END|[23]|Rows:1
07:34:00.5 (45220303)|HEAP_ALLOCATE|[23]|Bytes:8
07:34:00.5 (45230634)|HEAP_ALLOCATE|[23]|Bytes:194
07:34:00.5 (45315315)|HEAP_ALLOCATE|[23]|Bytes:8
07:34:00.5 (45336166)|SYSTEM_MODE_EXIT|false
07:34:00.45 (45386479)|CUMULATIVE_LIMIT_USAGE
07:34:00.45 (45386479)|LIMIT_USAGE_FOR_NS|(default)|
  Number of SOQL queries: 2 out of 100
  Number of query rows: 2 out of 50000
  Number of SOSL queries: 0 out of 20
  Number of DML statements: 0 out of 150
  Number of DML rows: 0 out of 10000
  Maximum CPU time: 0 out of 10000
  Maximum heap size: 0 out of 6000000
  Number of callouts: 0 out of 100
  Number of Email Invocations: 0 out of 10
  Number of future calls: 0 out of 50
  Number of queueable jobs added to the queue: 0 out of 50
  Number of Mobile Apex push calls: 0 out of 10

07:34:00.45 (45386479)|CUMULATIVE_LIMIT_USAGE_END

07:34:00.5 (45439563)|CODE_UNIT_FINISHED|GuidanceBox.getGuidance
07:34:00.5 (110652007)|HEAP_ALLOCATE|[EXTERNAL]|Bytes:18
07:34:00.5 (110682107)|HEAP_ALLOCATE|[EXTERNAL]|Bytes:18
07:34:00.5 (110735115)|HEAP_ALLOCATE|[EXTERNAL]|Bytes:9
07:34:00.5 (110745511)|HEAP_ALLOCATE|[EXTERNAL]|Bytes:9
07:34:00.5 (110788983)|HEAP_ALLOCATE|[EXTERNAL]|Bytes:7
07:34:00.5 (110798529)|HEAP_ALLOCATE|[EXTERNAL]|Bytes:7
07:34:00.5 (113389832)|CODE_UNIT_STARTED|[EXTERNAL]|01pm0000000EXDB|AnythingPath.getCurrentValue
07:34:00.5 (113450764)|HEAP_ALLOCATE|[EXTERNAL]|Bytes:15
07:34:00.5 (113457948)|HEAP_ALLOCATE|[EXTERNAL]|Bytes:8
07:34:00.5 (113471689)|METHOD_ENTRY|[1]|01pm0000000EXDB|AnythingPath.AnythingPath()
07:34:00.5 (113475272)|STATEMENT_EXECUTE|[1]
07:34:00.5 (113481110)|STATEMENT_EXECUTE|[1]
07:34:00.5 (113487167)|METHOD_EXIT|[1]|AnythingPath
07:34:00.5 (113491137)|HEAP_ALLOCATE|[EXTERNAL]|Bytes:18
07:34:00.5 (113493031)|HEAP_ALLOCATE|[EXTERNAL]|Bytes:9
07:34:00.5 (113494704)|HEAP_ALLOCATE|[EXTERNAL]|Bytes:7
07:34:00.5 (113504383)|SYSTEM_MODE_ENTER|false
07:34:00.5 (113513179)|VARIABLE_SCOPE_BEGIN|[21]|recordId|String|false|false
07:34:00.5 (113530156)|VARIABLE_ASSIGNMENT|[21]|recordId|"a1Nm00000011q90EAA"
07:34:00.5 (113533253)|VARIABLE_SCOPE_BEGIN|[21]|picklistField|String|false|false
07:34:00.5 (113536308)|VARIABLE_ASSIGNMENT|[21]|picklistField|"Status__c"
07:34:00.5 (113538217)|VARIABLE_SCOPE_BEGIN|[21]|sObjectName|String|false|false
07:34:00.5 (113541447)|VARIABLE_ASSIGNMENT|[21]|sObjectName|"ITPR__c"
07:34:00.5 (113547457)|STATEMENT_EXECUTE|[21]
07:34:00.5 (113548911)|STATEMENT_EXECUTE|[22]
07:34:00.5 (113553149)|HEAP_ALLOCATE|[22]|Bytes:11
07:34:00.5 (113559666)|HEAP_ALLOCATE|[22]|Bytes:13
07:34:00.5 (113572997)|HEAP_ALLOCATE|[22]|Bytes:64
07:34:00.5 (113580887)|HEAP_ALLOCATE|[22]|Bytes:65
07:34:00.5 (113585184)|VARIABLE_SCOPE_BEGIN|[22]|soql|String|false|false
07:34:00.5 (113594326)|VARIABLE_ASSIGNMENT|[22]|soql|"select Id, Status__c (45 more) ..."
07:34:00.5 (113596559)|STATEMENT_EXECUTE|[23]
07:34:00.5 (113888616)|SOQL_EXECUTE_BEGIN|[23]|Aggregations:0|select Id, Status__c from ITPR__c where id = 'a1Nm00000011q90EAA'
07:34:00.5 (117719035)|SOQL_EXECUTE_END|[23]|Rows:1
07:34:00.5 (117737654)|HEAP_ALLOCATE|[23]|Bytes:8
07:34:00.5 (117754528)|HEAP_ALLOCATE|[23]|Bytes:50
07:34:00.5 (117777563)|HEAP_ALLOCATE|[23]|Bytes:8
07:34:00.5 (117796946)|VARIABLE_SCOPE_BEGIN|[23]|records|List<SObject>|true|false
07:34:00.5 (117830253)|VARIABLE_ASSIGNMENT|[23]|records|{"s":1,"v":[{"s":2,"v":{"Id":"a1Nm00000011q90EAA","Status__c":"Assigned"}}]}|0x585dd6de
07:34:00.5 (117834446)|STATEMENT_EXECUTE|[24]
07:34:00.5 (117865508)|HEAP_ALLOCATE|[24]|Bytes:12
07:34:00.5 (117932521)|HEAP_ALLOCATE|[24]|Bytes:8
07:34:00.5 (117951226)|SYSTEM_MODE_EXIT|false
07:34:00.117 (117993761)|CUMULATIVE_LIMIT_USAGE
07:34:00.117 (117993761)|LIMIT_USAGE_FOR_NS|(default)|
  Number of SOQL queries: 3 out of 100
  Number of query rows: 3 out of 50000
  Number of SOSL queries: 0 out of 20
  Number of DML statements: 0 out of 150
  Number of DML rows: 0 out of 10000
  Maximum CPU time: 0 out of 10000
  Maximum heap size: 0 out of 6000000
  Number of callouts: 0 out of 100
  Number of Email Invocations: 0 out of 10
  Number of future calls: 0 out of 50
  Number of queueable jobs added to the queue: 0 out of 50
  Number of Mobile Apex push calls: 0 out of 10

07:34:00.117 (117993761)|CUMULATIVE_LIMIT_USAGE_END

07:34:00.5 (118046200)|CODE_UNIT_FINISHED|AnythingPath.getCurrentValue
07:34:00.5 (118301147)|HEAP_ALLOCATE|[EXTERNAL]|Bytes:18
07:34:00.5 (118313719)|HEAP_ALLOCATE|[EXTERNAL]|Bytes:18
07:34:00.5 (118364224)|HEAP_ALLOCATE|[EXTERNAL]|Bytes:9
07:34:00.5 (118374513)|HEAP_ALLOCATE|[EXTERNAL]|Bytes:9
07:34:00.5 (118418996)|HEAP_ALLOCATE|[EXTERNAL]|Bytes:7
07:34:00.5 (118428832)|HEAP_ALLOCATE|[EXTERNAL]|Bytes:7
07:34:00.5 (121617892)|CODE_UNIT_STARTED|[EXTERNAL]|01pm0000000EXDB|AnythingPath.getPicklistOptions
07:34:00.5 (121654346)|HEAP_ALLOCATE|[EXTERNAL]|Bytes:18
07:34:00.5 (121658362)|HEAP_ALLOCATE|[EXTERNAL]|Bytes:9
07:34:00.5 (121660174)|HEAP_ALLOCATE|[EXTERNAL]|Bytes:7
07:34:00.5 (121666755)|SYSTEM_MODE_ENTER|false
07:34:00.5 (121672771)|VARIABLE_SCOPE_BEGIN|[37]|recordId|String|false|false
07:34:00.5 (121681496)|VARIABLE_ASSIGNMENT|[37]|recordId|"a1Nm00000011q90EAA"
07:34:00.5 (121694127)|VARIABLE_SCOPE_BEGIN|[37]|picklistField|String|false|false
07:34:00.5 (121700516)|VARIABLE_ASSIGNMENT|[37]|picklistField|"Status__c"
07:34:00.5 (121703888)|VARIABLE_SCOPE_BEGIN|[37]|sObjectName|String|false|false
07:34:00.5 (121708747)|VARIABLE_ASSIGNMENT|[37]|sObjectName|"ITPR__c"
07:34:00.5 (121719709)|STATEMENT_EXECUTE|[37]
07:34:00.5 (121722442)|STATEMENT_EXECUTE|[38]
07:34:00.5 (121738643)|HEAP_ALLOCATE|[38]|Bytes:4
07:34:00.5 (121766278)|VARIABLE_SCOPE_BEGIN|[38]|output|Map<String,String>|true|false
07:34:00.5 (121789048)|VARIABLE_ASSIGNMENT|[38]|output|{"s":1,"v":{}}|0x334ce96e
07:34:00.5 (121792257)|STATEMENT_EXECUTE|[39]
07:34:00.5 (121801279)|VARIABLE_SCOPE_BEGIN|[39]|objType|Schema.SObjectType|true|false
07:34:00.5 (121809004)|VARIABLE_ASSIGNMENT|[39]|objType|null|
07:34:00.5 (121811763)|STATEMENT_EXECUTE|[42]
07:34:00.5 (121813010)|STATEMENT_EXECUTE|[49]
07:34:00.5 (121860086)|HEAP_ALLOCATE|[49]|Bytes:4
07:34:00.5 (122030126)|VARIABLE_ASSIGNMENT|[49]|objType|"common.apex.runtime.impl.ApexSObjectTypeToken@340584ae"|0x340584ae
07:34:00.5 (122036050)|STATEMENT_EXECUTE|[50]
07:34:00.5 (122898899)|HEAP_ALLOCATE|[50]|Bytes:4
07:34:00.5 (122947008)|VARIABLE_SCOPE_BEGIN|[50]|dsr|Schema.DescribeSObjectResult|true|false
07:34:00.5 (123025740)|VARIABLE_ASSIGNMENT|[50]|dsr|"common.api.soap.wsdl.DescribeSObjectResult@d9bce2b6"|0x42610c17
07:34:00.5 (123031439)|STATEMENT_EXECUTE|[51]
07:34:00.5 (124848890)|HEAP_ALLOCATE|[51]|Bytes:804
07:34:00.5 (124861174)|VARIABLE_SCOPE_BEGIN|[51]|fieldMap|Map<String,Schema.SObjectField>|true|false
07:34:00.5 (125090539)|VARIABLE_ASSIGNMENT|[51]|fieldMap|"{acceptance_time__c=Acceptance_Time__c, actionable_request__c=Actionable_Request__c, actual_finance_assignee__c=Actual_Finance_Assignee__c, actual_legal_assignee__c=Actual_Legal_Assignee__c, actual_procurement_assignee__c=Actual_Procurement_Assignee__c, actual_requestor__c=Actual_Requestor__c, actual_vendor_governance_assignee__c=Actual_Vendor_Governance_Assignee__c, additional_approval_complete__c=Additional_Approval_Complete__c, additional_approver_1__c=Additional_Approver_1__c, additional_approver_2__c=Additional_Approver_2__c, ...}"|0x2b125f7
07:34:00.5 (125100202)|STATEMENT_EXECUTE|[52]
07:34:00.5 (126546834)|HEAP_ALLOCATE|[52]|Bytes:8
07:34:00.5 (126581133)|VARIABLE_SCOPE_BEGIN|[52]|dfr|Schema.DescribeFieldResult|true|false
07:34:00.5 (126730242)|VARIABLE_ASSIGNMENT|[52]|dfr|"common.api.soap.wsdl.Field@6d496207"|0x52f34798
07:34:00.5 (126737141)|STATEMENT_EXECUTE|[53]
07:34:00.5 (126773279)|HEAP_ALLOCATE|[EXTERNAL]|Bytes:60
07:34:00.5 (126844878)|HEAP_ALLOCATE|[53]|Bytes:60
07:34:00.5 (126856330)|VARIABLE_SCOPE_BEGIN|[53]|results|List<Schema.PicklistEntry>|true|false
07:34:00.5 (126873081)|VARIABLE_ASSIGNMENT|[53]|results|{"s":1,"v":"List of size 14 too large to display"}|0x59e65eac
07:34:00.5 (127090334)|HEAP_ALLOCATE|[55]|Bytes:5
07:34:00.5 (127205701)|HEAP_ALLOCATE|[55]|Bytes:4
07:34:00.5 (127232118)|VARIABLE_SCOPE_BEGIN|[55]|pe|Schema.PicklistEntry|true|false
07:34:00.5 (127245323)|VARIABLE_ASSIGNMENT|[55]|pe|Draft|0x1bdc090d
07:34:00.5 (127248754)|STATEMENT_EXECUTE|[55]
07:34:00.5 (127270051)|STATEMENT_EXECUTE|[56]
07:34:00.5 (127282023)|HEAP_ALLOCATE|[56]|Bytes:5
07:34:00.5 (127294806)|HEAP_ALLOCATE|[56]|Bytes:5
07:34:00.5 (127328635)|HEAP_ALLOCATE|[EXTERNAL]|Bytes:-4
07:34:00.5 (127344805)|HEAP_ALLOCATE|[55]|Bytes:5
07:34:00.5 (127357022)|HEAP_ALLOCATE|[55]|Bytes:4
07:34:00.5 (127372478)|VARIABLE_SCOPE_BEGIN|[55]|pe|Schema.PicklistEntry|true|false
07:34:00.5 (127382972)|VARIABLE_ASSIGNMENT|[55]|pe|Submitted|0x70a427e4
07:34:00.5 (127386447)|STATEMENT_EXECUTE|[55]
07:34:00.5 (127393567)|STATEMENT_EXECUTE|[56]
07:34:00.5 (127398821)|HEAP_ALLOCATE|[56]|Bytes:9
07:34:00.5 (127404348)|HEAP_ALLOCATE|[56]|Bytes:9
07:34:00.5 (127413413)|HEAP_ALLOCATE|[EXTERNAL]|Bytes:-4
07:34:00.5 (127425310)|HEAP_ALLOCATE|[55]|Bytes:5
07:34:00.5 (127435608)|HEAP_ALLOCATE|[55]|Bytes:4
07:34:00.5 (127449464)|VARIABLE_SCOPE_BEGIN|[55]|pe|Schema.PicklistEntry|true|false
07:34:00.5 (127458651)|VARIABLE_ASSIGNMENT|[55]|pe|Pending More Info Needed|0x576424d8
07:34:00.5 (127461777)|STATEMENT_EXECUTE|[55]
07:34:00.5 (127468066)|STATEMENT_EXECUTE|[56]
07:34:00.5 (127472938)|HEAP_ALLOCATE|[56]|Bytes:24
07:34:00.5 (127478328)|HEAP_ALLOCATE|[56]|Bytes:24
07:34:00.5 (127486953)|HEAP_ALLOCATE|[EXTERNAL]|Bytes:-4
07:34:00.5 (127498384)|HEAP_ALLOCATE|[55]|Bytes:5
07:34:00.5 (127508502)|HEAP_ALLOCATE|[55]|Bytes:4
07:34:00.5 (127533095)|VARIABLE_SCOPE_BEGIN|[55]|pe|Schema.PicklistEntry|true|false
07:34:00.5 (127543244)|VARIABLE_ASSIGNMENT|[55]|pe|Assigned|0x5eedbdce
07:34:00.5 (127546329)|STATEMENT_EXECUTE|[55]
07:34:00.5 (127553272)|STATEMENT_EXECUTE|[56]
07:34:00.5 (127558467)|HEAP_ALLOCATE|[56]|Bytes:8
07:34:00.5 (127563888)|HEAP_ALLOCATE|[56]|Bytes:8
07:34:00.5 (127572738)|HEAP_ALLOCATE|[EXTERNAL]|Bytes:-4
07:34:00.5 (127584790)|HEAP_ALLOCATE|[55]|Bytes:5
07:34:00.5 (127595061)|HEAP_ALLOCATE|[55]|Bytes:4
07:34:00.5 (127608154)|VARIABLE_SCOPE_BEGIN|[55]|pe|Schema.PicklistEntry|true|false
07:34:00.5 (127617021)|VARIABLE_ASSIGNMENT|[55]|pe|In Process|0x2582437f
07:34:00.5 (127620023)|STATEMENT_EXECUTE|[55]
07:34:00.5 (127626236)|STATEMENT_EXECUTE|[56]
07:34:00.5 (127630981)|HEAP_ALLOCATE|[56]|Bytes:10
07:34:00.5 (127636225)|HEAP_ALLOCATE|[56]|Bytes:10
07:34:00.5 (127644572)|HEAP_ALLOCATE|[EXTERNAL]|Bytes:-4
07:34:00.5 (127655610)|HEAP_ALLOCATE|[55]|Bytes:5
07:34:00.5 (127665509)|HEAP_ALLOCATE|[55]|Bytes:4
07:34:00.5 (127678134)|VARIABLE_SCOPE_BEGIN|[55]|pe|Schema.PicklistEntry|true|false
07:34:00.5 (127687097)|VARIABLE_ASSIGNMENT|[55]|pe|Pending Project Final Budget|0x7448cb2c
07:34:00.5 (127689986)|STATEMENT_EXECUTE|[55]
07:34:00.5 (127696109)|STATEMENT_EXECUTE|[56]
07:34:00.5 (127700717)|HEAP_ALLOCATE|[56]|Bytes:28
07:34:00.5 (127705829)|HEAP_ALLOCATE|[56]|Bytes:28
07:34:00.5 (127714153)|HEAP_ALLOCATE|[EXTERNAL]|Bytes:-4
07:34:00.5 (127725187)|HEAP_ALLOCATE|[55]|Bytes:5
07:34:00.5 (127735153)|HEAP_ALLOCATE|[55]|Bytes:4
07:34:00.5 (127747733)|VARIABLE_SCOPE_BEGIN|[55]|pe|Schema.PicklistEntry|true|false
07:34:00.5 (127756278)|VARIABLE_ASSIGNMENT|[55]|pe|In Approvals|0x2fc7399
07:34:00.5 (127758995)|STATEMENT_EXECUTE|[55]
07:34:00.5 (127765067)|STATEMENT_EXECUTE|[56]
07:34:00.5 (127769879)|HEAP_ALLOCATE|[56]|Bytes:12
07:34:00.5 (127774950)|HEAP_ALLOCATE|[56]|Bytes:12
07:34:00.5 (127783108)|HEAP_ALLOCATE|[EXTERNAL]|Bytes:-4
07:34:00.5 (127794035)|HEAP_ALLOCATE|[55]|Bytes:5
07:34:00.5 (127803848)|HEAP_ALLOCATE|[55]|Bytes:4
07:34:00.5 (127816415)|VARIABLE_SCOPE_BEGIN|[55]|pe|Schema.PicklistEntry|true|false
07:34:00.5 (127825114)|VARIABLE_ASSIGNMENT|[55]|pe|All Digital Initials Obtained|0x31ccbdc5
07:34:00.5 (127828266)|STATEMENT_EXECUTE|[55]
07:34:00.5 (127834781)|STATEMENT_EXECUTE|[56]
07:34:00.5 (127839477)|HEAP_ALLOCATE|[56]|Bytes:29
07:34:00.5 (127844901)|HEAP_ALLOCATE|[56]|Bytes:29
07:34:00.5 (127853149)|HEAP_ALLOCATE|[EXTERNAL]|Bytes:-4
07:34:00.5 (127864097)|HEAP_ALLOCATE|[55]|Bytes:5
07:34:00.5 (127873844)|HEAP_ALLOCATE|[55]|Bytes:4
07:34:00.5 (127886296)|VARIABLE_SCOPE_BEGIN|[55]|pe|Schema.PicklistEntry|true|false
07:34:00.5 (127894737)|VARIABLE_ASSIGNMENT|[55]|pe|On Hold|0x6e29938
07:34:00.5 (127897461)|STATEMENT_EXECUTE|[55]
07:34:00.5 (127903593)|STATEMENT_EXECUTE|[56]
07:34:00.5 (127908708)|HEAP_ALLOCATE|[56]|Bytes:7
07:34:00.5 (127916865)|HEAP_ALLOCATE|[56]|Bytes:7
07:34:00.5 (127926386)|HEAP_ALLOCATE|[EXTERNAL]|Bytes:-4
07:34:00.5 (127937477)|HEAP_ALLOCATE|[55]|Bytes:5
07:34:00.5 (127950347)|HEAP_ALLOCATE|[55]|Bytes:4
07:34:00.5 (127963584)|VARIABLE_SCOPE_BEGIN|[55]|pe|Schema.PicklistEntry|true|false
07:34:00.5 (127972604)|VARIABLE_ASSIGNMENT|[55]|pe|Cancelled|0x34413363
07:34:00.5 (127975789)|STATEMENT_EXECUTE|[55]
07:34:00.5 (127982243)|STATEMENT_EXECUTE|[56]
07:34:00.5 (127986958)|HEAP_ALLOCATE|[56]|Bytes:9
07:34:00.5 (127992192)|HEAP_ALLOCATE|[56]|Bytes:9
07:34:00.5 (128000753)|HEAP_ALLOCATE|[EXTERNAL]|Bytes:-4
07:34:00.5 (128012976)|HEAP_ALLOCATE|[55]|Bytes:5
07:34:00.5 (128022947)|HEAP_ALLOCATE|[55]|Bytes:4
07:34:00.5 (128035725)|VARIABLE_SCOPE_BEGIN|[55]|pe|Schema.PicklistEntry|true|false
07:34:00.5 (128044392)|VARIABLE_ASSIGNMENT|[55]|pe|Reactivate|0x55c0eec9
07:34:00.5 (128047283)|STATEMENT_EXECUTE|[55]
07:34:00.5 (128053193)|STATEMENT_EXECUTE|[56]
07:34:00.5 (128057849)|HEAP_ALLOCATE|[56]|Bytes:10
07:34:00.5 (128063042)|HEAP_ALLOCATE|[56]|Bytes:10
07:34:00.5 (128071234)|HEAP_ALLOCATE|[EXTERNAL]|Bytes:-4
07:34:00.5 (128082050)|HEAP_ALLOCATE|[55]|Bytes:5
07:34:00.5 (128092089)|HEAP_ALLOCATE|[55]|Bytes:4
07:34:00.5 (128104562)|VARIABLE_SCOPE_BEGIN|[55]|pe|Schema.PicklistEntry|true|false
07:34:00.5 (128113183)|VARIABLE_ASSIGNMENT|[55]|pe|Executed and Filed|0x1b64321
07:34:00.5 (128120060)|STATEMENT_EXECUTE|[55]
07:34:00.5 (128126665)|STATEMENT_EXECUTE|[56]
07:34:00.5 (128131604)|HEAP_ALLOCATE|[56]|Bytes:18
07:34:00.5 (128137003)|HEAP_ALLOCATE|[56]|Bytes:18
07:34:00.5 (128145622)|HEAP_ALLOCATE|[EXTERNAL]|Bytes:-4
07:34:00.5 (128159030)|HEAP_ALLOCATE|[55]|Bytes:5
07:34:00.5 (128169557)|HEAP_ALLOCATE|[55]|Bytes:4
07:34:00.5 (128182509)|VARIABLE_SCOPE_BEGIN|[55]|pe|Schema.PicklistEntry|true|false
07:34:00.5 (128191403)|VARIABLE_ASSIGNMENT|[55]|pe|Not Executed and Closed|0x130f2176
07:34:00.5 (128194280)|STATEMENT_EXECUTE|[55]
07:34:00.5 (128200512)|STATEMENT_EXECUTE|[56]
07:34:00.5 (128205247)|HEAP_ALLOCATE|[56]|Bytes:23
07:34:00.5 (128210503)|HEAP_ALLOCATE|[56]|Bytes:23
07:34:00.5 (128219421)|HEAP_ALLOCATE|[EXTERNAL]|Bytes:-4
07:34:00.5 (128230636)|HEAP_ALLOCATE|[55]|Bytes:5
07:34:00.5 (128240677)|HEAP_ALLOCATE|[55]|Bytes:4
07:34:00.5 (128253422)|VARIABLE_SCOPE_BEGIN|[55]|pe|Schema.PicklistEntry|true|false
07:34:00.5 (128261843)|VARIABLE_ASSIGNMENT|[55]|pe|Complete|0x2ee8d25f
07:34:00.5 (128265067)|STATEMENT_EXECUTE|[55]
07:34:00.5 (128271561)|STATEMENT_EXECUTE|[56]
07:34:00.5 (128276202)|HEAP_ALLOCATE|[56]|Bytes:8
07:34:00.5 (128281233)|HEAP_ALLOCATE|[56]|Bytes:8
07:34:00.5 (128289365)|HEAP_ALLOCATE|[EXTERNAL]|Bytes:-4
07:34:00.5 (128300508)|HEAP_ALLOCATE|[55]|Bytes:5
07:34:00.5 (128310365)|VARIABLE_ASSIGNMENT|[55]|pe|null|
07:34:00.5 (128313397)|STATEMENT_EXECUTE|[58]
07:34:00.5 (128322829)|SYSTEM_MODE_EXIT|false
07:34:00.128 (128354928)|CUMULATIVE_LIMIT_USAGE
07:34:00.128 (128354928)|LIMIT_USAGE_FOR_NS|(default)|
  Number of SOQL queries: 3 out of 100
  Number of query rows: 3 out of 50000
  Number of SOSL queries: 0 out of 20
  Number of DML statements: 0 out of 150
  Number of DML rows: 0 out of 10000
  Maximum CPU time: 0 out of 10000
  Maximum heap size: 0 out of 6000000
  Number of callouts: 0 out of 100
  Number of Email Invocations: 0 out of 10
  Number of future calls: 0 out of 50
  Number of queueable jobs added to the queue: 0 out of 50
  Number of Mobile Apex push calls: 0 out of 10

07:34:00.128 (128354928)|CUMULATIVE_LIMIT_USAGE_END

07:34:00.5 (128394352)|CODE_UNIT_FINISHED|AnythingPath.getPicklistOptions
07:34:00.5 (128648176)|HEAP_ALLOCATE|[EXTERNAL]|Bytes:7
07:34:00.5 (128661353)|HEAP_ALLOCATE|[EXTERNAL]|Bytes:7
07:34:00.5 (128708056)|HEAP_ALLOCATE|[EXTERNAL]|Bytes:9
07:34:00.5 (128718177)|HEAP_ALLOCATE|[EXTERNAL]|Bytes:9
07:34:00.5 (130433853)|CODE_UNIT_STARTED|[EXTERNAL]|01pm0000000EXDB|AnythingPath.dynamicTopic
07:34:00.5 (130465963)|HEAP_ALLOCATE|[EXTERNAL]|Bytes:7
07:34:00.5 (130469631)|HEAP_ALLOCATE|[EXTERNAL]|Bytes:9
07:34:00.5 (130476389)|SYSTEM_MODE_ENTER|false
07:34:00.5 (130481013)|VARIABLE_SCOPE_BEGIN|[65]|WhichObject|String|false|false
07:34:00.5 (130487066)|VARIABLE_ASSIGNMENT|[65]|WhichObject|"ITPR__c"
07:34:00.5 (130489500)|VARIABLE_SCOPE_BEGIN|[65]|Field|String|false|false
07:34:00.5 (130492484)|VARIABLE_ASSIGNMENT|[65]|Field|"Status__c"
07:34:00.5 (130498234)|STATEMENT_EXECUTE|[65]
07:34:00.5 (130499767)|STATEMENT_EXECUTE|[67]
07:34:00.5 (130503046)|HEAP_ALLOCATE|[67]|Bytes:11
07:34:00.5 (130518301)|HEAP_ALLOCATE|[67]|Bytes:33
07:34:00.5 (130523391)|VARIABLE_SCOPE_BEGIN|[67]|DynamicQuery|String|false|false
07:34:00.5 (130531336)|VARIABLE_ASSIGNMENT|[67]|DynamicQuery|"Select Id, Status__c (13 more) ..."
07:34:00.5 (130533662)|STATEMENT_EXECUTE|[70]
07:34:00.5 (130536176)|HEAP_ALLOCATE|[70]|Bytes:85
07:34:00.5 (130545502)|HEAP_ALLOCATE|[70]|Bytes:4
07:34:00.5 (130849256)|SOQL_EXECUTE_BEGIN|[70]|Aggregations:0|SELECT Id, ApiVersion, Name, Description, Query FROM Pushtopic WHERE Query = :tmpVar1
07:34:00.5 (149869873)|SOQL_EXECUTE_END|[70]|Rows:1
07:34:00.5 (149891840)|HEAP_ALLOCATE|[70]|Bytes:8
07:34:00.5 (149909012)|HEAP_ALLOCATE|[70]|Bytes:199
07:34:00.5 (149974320)|HEAP_ALLOCATE|[70]|Bytes:8
07:34:00.5 (149991982)|VARIABLE_SCOPE_BEGIN|[70]|topicList|List<PushTopic>|true|false
07:34:00.5 (150045900)|VARIABLE_ASSIGNMENT|[70]|topicList|{"s":1,"v":[{"s":2,"v":{"Id":"0IFm00000004E6HGAU","ApiVersion":36.0,"Name":"ITPR__cStatus__c","Description":"Autogenerated by Any (19 more) ...","Query":"Select Id, Status__c (13 more) ..."}}]}|0x4c033e70
07:34:00.5 (150108387)|STATEMENT_EXECUTE|[85]
07:34:00.5 (150111042)|STATEMENT_EXECUTE|[86]
07:34:00.5 (150143953)|HEAP_ALLOCATE|[86]|Bytes:24
07:34:00.5 (150174794)|SYSTEM_MODE_EXIT|false
07:34:00.150 (150220184)|CUMULATIVE_LIMIT_USAGE
07:34:00.150 (150220184)|LIMIT_USAGE_FOR_NS|(default)|
  Number of SOQL queries: 4 out of 100
  Number of query rows: 4 out of 50000
  Number of SOSL queries: 0 out of 20
  Number of DML statements: 0 out of 150
  Number of DML rows: 0 out of 10000
  Maximum CPU time: 0 out of 10000
  Maximum heap size: 0 out of 6000000
  Number of callouts: 0 out of 100
  Number of Email Invocations: 0 out of 10
  Number of future calls: 0 out of 50
  Number of queueable jobs added to the queue: 0 out of 50
  Number of Mobile Apex push calls: 0 out of 10

07:34:00.150 (150220184)|CUMULATIVE_LIMIT_USAGE_END

07:34:00.5 (150269537)|CODE_UNIT_FINISHED|AnythingPath.dynamicTopic
07:34:00.5 (190626507)|HEAP_ALLOCATE|[EXTERNAL]|Bytes:18
07:34:00.5 (190658197)|HEAP_ALLOCATE|[EXTERNAL]|Bytes:18
07:34:00.5 (192959679)|CODE_UNIT_STARTED|[EXTERNAL]|01pm0000000EbLn|ITPR_QuickActions.retrieveITPRWithStatus
07:34:00.5 (193014043)|VARIABLE_SCOPE_BEGIN|[7]|ITPR_QuickActions.rtDictionary|Map<String,RecordType>|true|true
07:34:00.5 (193026487)|HEAP_ALLOCATE|[EXTERNAL]|Bytes:136
07:34:00.5 (193033673)|HEAP_ALLOCATE|[EXTERNAL]|Bytes:25
07:34:00.5 (193037446)|HEAP_ALLOCATE|[EXTERNAL]|Bytes:52
07:34:00.5 (193148692)|METHOD_ENTRY|[1]|01pm0000000EbLn|ITPR_QuickActions.ITPR_QuickActions()
07:34:00.5 (193155000)|STATEMENT_EXECUTE|[1]
07:34:00.5 (193164103)|STATEMENT_EXECUTE|[1]
07:34:00.5 (193166749)|STATEMENT_EXECUTE|[9]
07:34:00.5 (193168891)|STATEMENT_EXECUTE|[10]
07:34:00.5 (193175312)|HEAP_ALLOCATE|[11]|Bytes:70
07:34:00.5 (193186168)|HEAP_ALLOCATE|[11]|Bytes:4
07:34:00.5 (193450453)|SOQL_EXECUTE_BEGIN|[11]|Aggregations:0|SELECT Id, DeveloperName FROM RecordType WHERE SObjectType = 'ITPR__c'
07:34:00.5 (210837928)|SOQL_EXECUTE_END|[11]|Rows:17
07:34:00.5 (210863630)|HEAP_ALLOCATE|[11]|Bytes:72
07:34:00.5 (210896343)|HEAP_ALLOCATE|[11]|Bytes:992
07:34:00.5 (210961004)|HEAP_ALLOCATE|[11]|Bytes:72
07:34:00.5 (210978505)|VARIABLE_SCOPE_BEGIN|[10]|typeList|List<RecordType>|true|false
07:34:00.5 (211014307)|VARIABLE_ASSIGNMENT|[10]|typeList|{"s":1,"v":"List of size 17 too large to display"}|0xdecdacc
07:34:00.5 (211020130)|STATEMENT_EXECUTE|[13]
07:34:00.5 (211028606)|HEAP_ALLOCATE|[13]|Bytes:4
07:34:00.5 (211114631)|VARIABLE_ASSIGNMENT|[13]|ITPR_QuickActions.rtDictionary|{"s":1,"v":{}}|0x6e2b79b0
07:34:00.5 (211189976)|STATEMENT_EXECUTE|[15]
07:34:00.5 (211308470)|HEAP_ALLOCATE|[16]|Bytes:5
07:34:00.5 (211349286)|HEAP_ALLOCATE|[16]|Bytes:12
07:34:00.5 (211359321)|VARIABLE_SCOPE_BEGIN|[16]|rt|RecordType|true|false
07:34:00.5 (211381388)|VARIABLE_ASSIGNMENT|[16]|rt|{"s":1,"v":{"Id":"012m00000008iTlAAI","DeveloperName":"All_Digital_Initials (9 more) ..."}}|0x2d58e837
07:34:00.5 (211385418)|STATEMENT_EXECUTE|[17]
07:34:00.5 (211386997)|STATEMENT_EXECUTE|[18]
07:34:00.5 (211451787)|HEAP_ALLOCATE|[EXTERNAL]|Bytes:-4
07:34:00.5 (211469263)|HEAP_ALLOCATE|[16]|Bytes:5
07:34:00.5 (211493147)|HEAP_ALLOCATE|[16]|Bytes:12
07:34:00.5 (211501204)|VARIABLE_SCOPE_BEGIN|[16]|rt|RecordType|true|false
07:34:00.5 (211514392)|VARIABLE_ASSIGNMENT|[16]|rt|{"s":1,"v":{"Id":"012m00000008iTbAAI","DeveloperName":"Assigned"}}|0x446f24b2
07:34:00.5 (211517758)|STATEMENT_EXECUTE|[17]
07:34:00.5 (211519036)|STATEMENT_EXECUTE|[18]
07:34:00.5 (211534679)|HEAP_ALLOCATE|[EXTERNAL]|Bytes:-4
07:34:00.5 (211547561)|HEAP_ALLOCATE|[16]|Bytes:5
07:34:00.5 (211567766)|HEAP_ALLOCATE|[16]|Bytes:12
07:34:00.5 (211574868)|VARIABLE_SCOPE_BEGIN|[16]|rt|RecordType|true|false
07:34:00.5 (211586490)|VARIABLE_ASSIGNMENT|[16]|rt|{"s":1,"v":{"Id":"012m00000008iU0AAI","DeveloperName":"Cancelled"}}|0x125e9647
07:34:00.5 (211590158)|STATEMENT_EXECUTE|[17]
07:34:00.5 (211591523)|STATEMENT_EXECUTE|[18]
07:34:00.5 (211605619)|HEAP_ALLOCATE|[EXTERNAL]|Bytes:-4
07:34:00.5 (211618064)|HEAP_ALLOCATE|[16]|Bytes:5
07:34:00.5 (211637478)|HEAP_ALLOCATE|[16]|Bytes:12
07:34:00.5 (211644222)|VARIABLE_SCOPE_BEGIN|[16]|rt|RecordType|true|false
07:34:00.5 (211655389)|VARIABLE_ASSIGNMENT|[16]|rt|{"s":1,"v":{"Id":"012m00000008iUKAAY","DeveloperName":"Complete"}}|0x1e61bd8e
07:34:00.5 (211658314)|STATEMENT_EXECUTE|[17]
07:34:00.5 (211659435)|STATEMENT_EXECUTE|[18]
07:34:00.5 (211673267)|HEAP_ALLOCATE|[EXTERNAL]|Bytes:-4
07:34:00.5 (211685390)|HEAP_ALLOCATE|[16]|Bytes:5
07:34:00.5 (211704686)|HEAP_ALLOCATE|[16]|Bytes:12
07:34:00.5 (211711502)|VARIABLE_SCOPE_BEGIN|[16]|rt|RecordType|true|false
07:34:00.5 (211722687)|VARIABLE_ASSIGNMENT|[16]|rt|{"s":1,"v":{"Id":"012m00000008iTMAAY","DeveloperName":"Draft"}}|0x7492f725
07:34:00.5 (211725503)|STATEMENT_EXECUTE|[17]
07:34:00.5 (211726747)|STATEMENT_EXECUTE|[18]
07:34:00.5 (211740735)|HEAP_ALLOCATE|[EXTERNAL]|Bytes:-4
07:34:00.5 (211752765)|HEAP_ALLOCATE|[16]|Bytes:5
07:34:00.5 (211771601)|HEAP_ALLOCATE|[16]|Bytes:12
07:34:00.5 (211778428)|VARIABLE_SCOPE_BEGIN|[16]|rt|RecordType|true|false
07:34:00.5 (211789239)|VARIABLE_ASSIGNMENT|[16]|rt|{"s":1,"v":{"Id":"012m00000008iUAAAY","DeveloperName":"Executed"}}|0x49e517b1
07:34:00.5 (211792119)|STATEMENT_EXECUTE|[17]
07:34:00.5 (211793272)|STATEMENT_EXECUTE|[18]
07:34:00.5 (211806792)|HEAP_ALLOCATE|[EXTERNAL]|Bytes:-4
07:34:00.5 (211818819)|HEAP_ALLOCATE|[16]|Bytes:5
07:34:00.5 (211837974)|HEAP_ALLOCATE|[16]|Bytes:12
07:34:00.5 (211844627)|VARIABLE_SCOPE_BEGIN|[16]|rt|RecordType|true|false
07:34:00.5 (211855697)|VARIABLE_ASSIGNMENT|[16]|rt|{"s":1,"v":{"Id":"012m00000008iTgAAI","DeveloperName":"In_Approvals"}}|0x2f6f4c64
07:34:00.5 (211858724)|STATEMENT_EXECUTE|[17]
07:34:00.5 (211859867)|STATEMENT_EXECUTE|[18]
07:34:00.5 (211873323)|HEAP_ALLOCATE|[EXTERNAL]|Bytes:-4
07:34:00.5 (211885480)|HEAP_ALLOCATE|[16]|Bytes:5
07:34:00.5 (211904497)|HEAP_ALLOCATE|[16]|Bytes:12
07:34:00.5 (211911631)|VARIABLE_SCOPE_BEGIN|[16]|rt|RecordType|true|false
07:34:00.5 (211922846)|VARIABLE_ASSIGNMENT|[16]|rt|{"s":1,"v":{"Id":"012d0000000x2ACAAY","DeveloperName":"In_Process"}}|0x3cf119ca
07:34:00.5 (211925869)|STATEMENT_EXECUTE|[17]
07:34:00.5 (211926994)|STATEMENT_EXECUTE|[18]
07:34:00.5 (211940708)|HEAP_ALLOCATE|[EXTERNAL]|Bytes:-4
07:34:00.5 (211952739)|HEAP_ALLOCATE|[16]|Bytes:5
07:34:00.5 (211971639)|HEAP_ALLOCATE|[16]|Bytes:12
07:34:00.5 (211978297)|VARIABLE_SCOPE_BEGIN|[16]|rt|RecordType|true|false
07:34:00.5 (211989445)|VARIABLE_ASSIGNMENT|[16]|rt|{"s":1,"v":{"Id":"012m00000008iUFAAY","DeveloperName":"Not_Executed"}}|0x5fb9faae
07:34:00.5 (211992184)|STATEMENT_EXECUTE|[17]
07:34:00.5 (211993254)|STATEMENT_EXECUTE|[18]
07:34:00.5 (212006792)|HEAP_ALLOCATE|[EXTERNAL]|Bytes:-4
07:34:00.5 (212019527)|HEAP_ALLOCATE|[16]|Bytes:5
07:34:00.5 (212038822)|HEAP_ALLOCATE|[16]|Bytes:12
07:34:00.5 (212045479)|VARIABLE_SCOPE_BEGIN|[16]|rt|RecordType|true|false
07:34:00.5 (212057255)|VARIABLE_ASSIGNMENT|[16]|rt|{"s":1,"v":{"Id":"012m00000008iTqAAI","DeveloperName":"On_Hold"}}|0x3e002677
07:34:00.5 (212060105)|STATEMENT_EXECUTE|[17]
07:34:00.5 (212061235)|STATEMENT_EXECUTE|[18]
07:34:00.5 (212074903)|HEAP_ALLOCATE|[EXTERNAL]|Bytes:-4
07:34:00.5 (212087053)|HEAP_ALLOCATE|[16]|Bytes:5
07:34:00.5 (212105939)|HEAP_ALLOCATE|[16]|Bytes:12
07:34:00.5 (212112515)|VARIABLE_SCOPE_BEGIN|[16]|rt|RecordType|true|false
07:34:00.5 (212128340)|VARIABLE_ASSIGNMENT|[16]|rt|{"s":1,"v":{"Id":"012d0000000x3F8AAI","DeveloperName":"Pending_Budget"}}|0x6bd941bf
07:34:00.5 (212131285)|STATEMENT_EXECUTE|[17]
07:34:00.5 (212132406)|STATEMENT_EXECUTE|[18]
07:34:00.5 (212146837)|HEAP_ALLOCATE|[EXTERNAL]|Bytes:-4
07:34:00.5 (212159178)|HEAP_ALLOCATE|[16]|Bytes:5
07:34:00.5 (212178926)|HEAP_ALLOCATE|[16]|Bytes:12
07:34:00.5 (212185597)|VARIABLE_SCOPE_BEGIN|[16]|rt|RecordType|true|false
07:34:00.5 (212197821)|VARIABLE_ASSIGNMENT|[16]|rt|{"s":1,"v":{"Id":"012m00000008iTWAAY","DeveloperName":"Pending_More_Info_Ne (4 more) ..."}}|0x5fd22a47
07:34:00.5 (212201116)|STATEMENT_EXECUTE|[17]
07:34:00.5 (212202328)|STATEMENT_EXECUTE|[18]
07:34:00.5 (212216053)|HEAP_ALLOCATE|[EXTERNAL]|Bytes:-4
07:34:00.5 (212228137)|HEAP_ALLOCATE|[16]|Bytes:5
07:34:00.5 (212247511)|HEAP_ALLOCATE|[16]|Bytes:12
07:34:00.5 (212254361)|VARIABLE_SCOPE_BEGIN|[16]|rt|RecordType|true|false
07:34:00.5 (212265203)|VARIABLE_ASSIGNMENT|[16]|rt|{"s":1,"v":{"Id":"012m00000008iU5AAI","DeveloperName":"Reactivate"}}|0x4faed799
07:34:00.5 (212268534)|STATEMENT_EXECUTE|[17]
07:34:00.5 (212269667)|STATEMENT_EXECUTE|[18]
07:34:00.5 (212283868)|HEAP_ALLOCATE|[EXTERNAL]|Bytes:-4
07:34:00.5 (212295921)|HEAP_ALLOCATE|[16]|Bytes:5
07:34:00.5 (212315091)|HEAP_ALLOCATE|[16]|Bytes:12
07:34:00.5 (212321700)|VARIABLE_SCOPE_BEGIN|[16]|rt|RecordType|true|false
07:34:00.5 (212332574)|VARIABLE_ASSIGNMENT|[16]|rt|{"s":1,"v":{"Id":"012m00000008iTRAAY","DeveloperName":"Submitted"}}|0x70a26385
07:34:00.5 (212335577)|STATEMENT_EXECUTE|[17]
07:34:00.5 (212336670)|STATEMENT_EXECUTE|[18]
07:34:00.5 (212350394)|HEAP_ALLOCATE|[EXTERNAL]|Bytes:-4
07:34:00.5 (212362340)|HEAP_ALLOCATE|[16]|Bytes:5
07:34:00.5 (212381133)|HEAP_ALLOCATE|[16]|Bytes:12
07:34:00.5 (212387670)|VARIABLE_SCOPE_BEGIN|[16]|rt|RecordType|true|false
07:34:00.5 (212399168)|VARIABLE_ASSIGNMENT|[16]|rt|{"s":1,"v":{"Id":"012d0000000x2ADAAY","DeveloperName":"Wave1_Approvals"}}|0x51571097
07:34:00.5 (212402186)|STATEMENT_EXECUTE|[17]
07:34:00.5 (212403296)|STATEMENT_EXECUTE|[18]
07:34:00.5 (212416831)|HEAP_ALLOCATE|[EXTERNAL]|Bytes:-4
07:34:00.5 (212428676)|HEAP_ALLOCATE|[16]|Bytes:5
07:34:00.5 (212447741)|HEAP_ALLOCATE|[16]|Bytes:12
07:34:00.5 (212454370)|VARIABLE_SCOPE_BEGIN|[16]|rt|RecordType|true|false
07:34:00.5 (212465429)|VARIABLE_ASSIGNMENT|[16]|rt|{"s":1,"v":{"Id":"012d0000000x2AEAAY","DeveloperName":"Wave2_Approvals"}}|0x1f9998e8
07:34:00.5 (212468470)|STATEMENT_EXECUTE|[17]
07:34:00.5 (212469556)|STATEMENT_EXECUTE|[18]
07:34:00.5 (212482978)|HEAP_ALLOCATE|[EXTERNAL]|Bytes:-4
07:34:00.5 (212495029)|HEAP_ALLOCATE|[16]|Bytes:5
07:34:00.5 (212514222)|HEAP_ALLOCATE|[16]|Bytes:12
07:34:00.5 (212520742)|VARIABLE_SCOPE_BEGIN|[16]|rt|RecordType|true|false
07:34:00.5 (212531713)|VARIABLE_ASSIGNMENT|[16]|rt|{"s":1,"v":{"Id":"012d0000000x2AFAAY","DeveloperName":"Wave3_Approvals"}}|0x2632869d
07:34:00.5 (212534685)|STATEMENT_EXECUTE|[17]
07:34:00.5 (212535770)|STATEMENT_EXECUTE|[18]
07:34:00.5 (212549135)|HEAP_ALLOCATE|[EXTERNAL]|Bytes:-4
07:34:00.5 (212561143)|HEAP_ALLOCATE|[16]|Bytes:5
07:34:00.5 (212572064)|VARIABLE_ASSIGNMENT|[16]|rt|null|
07:34:00.5 (212584025)|METHOD_EXIT|[1]|ITPR_QuickActions
07:34:00.5 (212589434)|HEAP_ALLOCATE|[EXTERNAL]|Bytes:18
07:34:00.5 (212598294)|SYSTEM_MODE_ENTER|false
07:34:00.5 (212606380)|VARIABLE_SCOPE_BEGIN|[119]|recordId|String|false|false
07:34:00.5 (212611997)|VARIABLE_ASSIGNMENT|[119]|recordId|"a1Nm00000011q90EAA"
07:34:00.5 (212618999)|STATEMENT_EXECUTE|[119]
07:34:00.5 (212620395)|STATEMENT_EXECUTE|[120]
07:34:00.5 (212624026)|HEAP_ALLOCATE|[120]|Bytes:63
07:34:00.5 (212630879)|HEAP_ALLOCATE|[120]|Bytes:4
07:34:00.5 (212861465)|SOQL_EXECUTE_BEGIN|[120]|Aggregations:0|SELECT Name, Status__c FROM ITPR__c WHERE Id = :tmpVar1 LIMIT 1
07:34:00.5 (216468088)|SOQL_EXECUTE_END|[120]|Rows:1
07:34:00.5 (216483964)|HEAP_ALLOCATE|[120]|Bytes:8
07:34:00.5 (216495707)|HEAP_ALLOCATE|[120]|Bytes:70
07:34:00.5 (216510746)|HEAP_ALLOCATE|[120]|Bytes:8
07:34:00.5 (216519283)|HEAP_ALLOCATE|[120]|Bytes:33
07:34:00.5 (216553782)|HEAP_ALLOCATE|[120]|Bytes:16
07:34:00.5 (216561788)|VARIABLE_SCOPE_BEGIN|[120]|itsesRequest|ITPR__c|true|false
07:34:00.5 (216578380)|VARIABLE_ASSIGNMENT|[120]|itsesRequest|{"s":1,"v":{"Name":"201609-04573","Status__c":"Assigned","Id":"a1Nm00000011q90EAA"}}|0x69aa54cd
07:34:00.5 (216581942)|STATEMENT_EXECUTE|[121]
07:34:00.5 (216589409)|SYSTEM_MODE_EXIT|false
07:34:00.216 (216637716)|CUMULATIVE_LIMIT_USAGE
07:34:00.216 (216637716)|LIMIT_USAGE_FOR_NS|(default)|
  Number of SOQL queries: 6 out of 100
  Number of query rows: 22 out of 50000
  Number of SOSL queries: 0 out of 20
  Number of DML statements: 0 out of 150
  Number of DML rows: 0 out of 10000
  Maximum CPU time: 0 out of 10000
  Maximum heap size: 0 out of 6000000
  Number of callouts: 0 out of 100
  Number of Email Invocations: 0 out of 10
  Number of future calls: 0 out of 50
  Number of queueable jobs added to the queue: 0 out of 50
  Number of Mobile Apex push calls: 0 out of 10

07:34:00.216 (216637716)|CUMULATIVE_LIMIT_USAGE_END

07:34:00.5 (216692303)|CODE_UNIT_FINISHED|ITPR_QuickActions.retrieveITPRWithStatus
07:34:00.5 (466343292)|HEAP_ALLOCATE|[EXTERNAL]|Bytes:778
07:34:00.5 (466372232)|HEAP_ALLOCATE|[EXTERNAL]|Bytes:778
07:34:00.5 (469240559)|CODE_UNIT_STARTED|[EXTERNAL]|01pm0000000EXpe|PowerRelatedListCtrl.query
07:34:00.5 (469301086)|HEAP_ALLOCATE|[EXTERNAL]|Bytes:14
07:34:00.5 (469308603)|HEAP_ALLOCATE|[EXTERNAL]|Bytes:21
07:34:00.5 (469311795)|HEAP_ALLOCATE|[EXTERNAL]|Bytes:27
07:34:00.5 (469327003)|METHOD_ENTRY|[1]|01pm0000000EXpe|PowerRelatedListCtrl.PowerRelatedListCtrl()
07:34:00.5 (469330772)|STATEMENT_EXECUTE|[1]
07:34:00.5 (469335604)|STATEMENT_EXECUTE|[1]
07:34:00.5 (469349742)|SYSTEM_MODE_ENTER|false
07:34:00.5 (469358999)|HEAP_ALLOCATE|[EXTERNAL]|Bytes:5
07:34:00.5 (469363303)|STATEMENT_EXECUTE|[219]
07:34:00.5 (469369688)|SYSTEM_MODE_EXIT|false
07:34:00.5 (469379086)|METHOD_EXIT|[1]|PowerRelatedListCtrl
07:34:00.5 (469383585)|HEAP_ALLOCATE|[EXTERNAL]|Bytes:778
07:34:00.5 (469389052)|SYSTEM_MODE_ENTER|false
07:34:00.5 (469396818)|VARIABLE_SCOPE_BEGIN|[4]|soql|String|false|false
07:34:00.5 (469413468)|VARIABLE_ASSIGNMENT|[4]|soql|"select Id, Organizat (758 more) ..."
07:34:00.5 (469424400)|HEAP_ALLOCATE|[5]|Bytes:5
07:34:00.5 (469427699)|STATEMENT_EXECUTE|[4]
07:34:00.5 (469429129)|STATEMENT_EXECUTE|[5]
07:34:00.5 (470261516)|SOQL_EXECUTE_BEGIN|[5]|Aggregations:0|select Id, Organization__c, Name, Request_Type__c, Category__c, Submitted_By__c, Business_Area__c, Submitted_By_Phone_Number__c, Submitted_On_Behalf_Of__c, Delegated_Requestor__c, Delegated_Requestor_check__c, Supplier_Name__c, Do_not_Auto_Assign__c, Supplier_Contact_Name__c, Manager__c, Supplier_Contact_Email__c, Request_Comments_Updates__c, Supplier_Contact_Phone_Number__c, Actual_Requestor__c, Opportunity_Statement__c, If_Chg_Order_Provide_Orig_Contract_Value__c, I_Have_Read_The_Provided_ITP_OLA__c, Engagement_Of_A_New_Supplier__c, Assign_check__c, If_Rqd_Has_Hosting_Cert_Team_Approved__c, Portfolio_Department__c, If_Required_Has_The_TRB_Approved__c, Date_Needed_By__c, Primary_Assignee__c, Primary_Assignee_Prior_Value__c from ITPR__c where Id = 'a1Nm00000011q90EAA'
07:34:00.5 (508558636)|SOQL_EXECUTE_END|[5]|Rows:1
07:34:00.5 (508590694)|HEAP_ALLOCATE|[5]|Bytes:8
07:34:00.5 (508621918)|HEAP_ALLOCATE|[5]|Bytes:695
07:34:00.5 (508657894)|HEAP_ALLOCATE|[5]|Bytes:8
07:34:00.5 (508771818)|HEAP_ALLOCATE|[5]|Bytes:24
07:34:00.5 (508820064)|SYSTEM_METHOD_ENTRY|[1]|JSON.JSON()
07:34:00.5 (508825906)|STATEMENT_EXECUTE|[1]
07:34:00.5 (508843810)|SYSTEM_METHOD_EXIT|[1]|JSON
07:34:00.5 (508873060)|METHOD_ENTRY|[5]||System.JSON.serialize(Object)
07:34:00.5 (509533105)|METHOD_EXIT|[5]||System.JSON.serialize(Object)
07:34:00.5 (509550958)|SYSTEM_MODE_EXIT|false
07:34:00.509 (509599361)|CUMULATIVE_LIMIT_USAGE
07:34:00.509 (509599361)|LIMIT_USAGE_FOR_NS|(default)|
  Number of SOQL queries: 7 out of 100
  Number of query rows: 23 out of 50000
  Number of SOSL queries: 0 out of 20
  Number of DML statements: 0 out of 150
  Number of DML rows: 0 out of 10000
  Maximum CPU time: 0 out of 10000
  Maximum heap size: 0 out of 6000000
  Number of callouts: 0 out of 100
  Number of Email Invocations: 0 out of 10
  Number of future calls: 0 out of 50
  Number of queueable jobs added to the queue: 0 out of 50
  Number of Mobile Apex push calls: 0 out of 10

07:34:00.509 (509599361)|CUMULATIVE_LIMIT_USAGE_END

07:34:00.5 (509655089)|CODE_UNIT_FINISHED|PowerRelatedListCtrl.query
