38.0 APEX_CODE,FINEST;APEX_PROFILING,INFO;CALLOUT,INFO;DB,INFO;SYSTEM,DEBUG;VALIDATION,INFO;VISUALFORCE,INFO;WORKFLOW,INFO
07:04:04.0 (108814)|USER_INFO|[EXTERNAL]|005m0000002GNhO|dscruggs@salesforce.com.rfadev13|Pacific Standard Time|GMT-07:00
07:04:04.0 (150690)|EXECUTION_STARTED
07:04:04.0 (156533)|CODE_UNIT_STARTED|[EXTERNAL]|01pm0000000EXDD|StreamerCtrl.sessionId
07:04:04.0 (416051)|HEAP_ALLOCATE|[72]|Bytes:3
07:04:04.0 (485540)|HEAP_ALLOCATE|[77]|Bytes:152
07:04:04.0 (506322)|HEAP_ALLOCATE|[342]|Bytes:408
07:04:04.0 (524444)|HEAP_ALLOCATE|[355]|Bytes:408
07:04:04.0 (541354)|HEAP_ALLOCATE|[467]|Bytes:48
07:04:04.0 (575927)|HEAP_ALLOCATE|[139]|Bytes:6
07:04:04.0 (599500)|HEAP_ALLOCATE|[EXTERNAL]|Bytes:1
07:04:04.0 (612667)|METHOD_ENTRY|[1]|01pm0000000EXDD|StreamerCtrl.StreamerCtrl()
07:04:04.0 (616784)|STATEMENT_EXECUTE|[1]
07:04:04.0 (623017)|STATEMENT_EXECUTE|[1]
07:04:04.0 (627871)|METHOD_EXIT|[1]|StreamerCtrl
07:04:04.0 (642119)|SYSTEM_MODE_ENTER|false
07:04:04.0 (658026)|STATEMENT_EXECUTE|[4]
07:04:04.0 (659619)|STATEMENT_EXECUTE|[5]
07:04:04.0 (697804)|HEAP_ALLOCATE|[5]|Bytes:85
07:04:04.0 (724316)|SYSTEM_METHOD_ENTRY|[1]|UserInfo.UserInfo()
07:04:04.0 (726904)|STATEMENT_EXECUTE|[1]
07:04:04.0 (733210)|SYSTEM_METHOD_EXIT|[1]|UserInfo
07:04:04.0 (746590)|METHOD_ENTRY|[5]||System.UserInfo.getSessionId()
07:04:04.0 (11758202)|METHOD_EXIT|[5]||System.UserInfo.getSessionId()
07:04:04.0 (11771576)|SYSTEM_MODE_EXIT|false
07:04:04.11 (11825554)|CUMULATIVE_LIMIT_USAGE
07:04:04.11 (11825554)|LIMIT_USAGE_FOR_NS|(default)|
  Number of SOQL queries: 0 out of 100
  Number of query rows: 0 out of 50000
  Number of SOSL queries: 0 out of 20
  Number of DML statements: 0 out of 150
  Number of DML rows: 0 out of 10000
  Maximum CPU time: 0 out of 10000
  Maximum heap size: 0 out of 6000000
  Number of callouts: 0 out of 100
  Number of Email Invocations: 0 out of 10
  Number of future calls: 0 out of 50
  Number of queueable jobs added to the queue: 0 out of 50
  Number of Mobile Apex push calls: 0 out of 10

07:04:04.11 (11825554)|CUMULATIVE_LIMIT_USAGE_END

07:04:04.0 (11872227)|CODE_UNIT_FINISHED|StreamerCtrl.sessionId
07:04:04.0 (14599708)|EXECUTION_FINISHED
