38.0 APEX_CODE,FINEST;APEX_PROFILING,INFO;CALLOUT,INFO;DB,INFO;SYSTEM,DEBUG;VALIDATION,INFO;VISUALFORCE,INFO;WORKFLOW,INFO
07:00:10.0 (519127)|USER_INFO|[EXTERNAL]|005m0000002GNhO|dscruggs@salesforce.com.rfadev13|Pacific Standard Time|GMT-07:00
07:00:10.0 (560258)|EXECUTION_STARTED
07:00:10.0 (565846)|CODE_UNIT_STARTED|[EXTERNAL]|aura
07:00:10.0 (1129833)|HEAP_ALLOCATE|[72]|Bytes:3
07:00:10.0 (1207445)|HEAP_ALLOCATE|[77]|Bytes:152
07:00:10.0 (1228682)|HEAP_ALLOCATE|[342]|Bytes:408
07:00:10.0 (1246295)|HEAP_ALLOCATE|[355]|Bytes:408
07:00:10.0 (1263646)|HEAP_ALLOCATE|[467]|Bytes:48
07:00:10.0 (1296581)|HEAP_ALLOCATE|[139]|Bytes:6
07:00:10.0 (1331725)|HEAP_ALLOCATE|[EXTERNAL]|Bytes:18
07:00:10.0 (1352461)|HEAP_ALLOCATE|[EXTERNAL]|Bytes:18
07:00:10.0 (1444705)|HEAP_ALLOCATE|[EXTERNAL]|Bytes:7
07:00:10.0 (1455255)|HEAP_ALLOCATE|[EXTERNAL]|Bytes:7
07:00:10.0 (1500091)|HEAP_ALLOCATE|[EXTERNAL]|Bytes:9
07:00:10.0 (1520010)|HEAP_ALLOCATE|[EXTERNAL]|Bytes:9
07:00:10.0 (5659394)|CODE_UNIT_STARTED|[EXTERNAL]|01pm0000000EZxV|GuidanceBox.getGuidance
07:00:10.0 (6122577)|HEAP_ALLOCATE|[EXTERNAL]|Bytes:4
07:00:10.0 (6137484)|HEAP_ALLOCATE|[EXTERNAL]|Bytes:2
07:00:10.0 (6149437)|METHOD_ENTRY|[1]|01pm0000000EZxV|GuidanceBox.GuidanceBox()
07:00:10.0 (6153277)|STATEMENT_EXECUTE|[1]
07:00:10.0 (6159716)|STATEMENT_EXECUTE|[1]
07:00:10.0 (6165369)|METHOD_EXIT|[1]|GuidanceBox
07:00:10.0 (6169549)|HEAP_ALLOCATE|[EXTERNAL]|Bytes:18
07:00:10.0 (6171704)|HEAP_ALLOCATE|[EXTERNAL]|Bytes:7
07:00:10.0 (6173408)|HEAP_ALLOCATE|[EXTERNAL]|Bytes:9
07:00:10.0 (6219596)|HEAP_ALLOCATE|[50]|Bytes:5
07:00:10.0 (6252836)|HEAP_ALLOCATE|[56]|Bytes:5
07:00:10.0 (6262108)|HEAP_ALLOCATE|[64]|Bytes:7
07:00:10.0 (6282522)|HEAP_ALLOCATE|[EXTERNAL]|Bytes:5
07:00:10.0 (6297088)|SYSTEM_MODE_ENTER|false
07:00:10.0 (6309573)|VARIABLE_SCOPE_BEGIN|[4]|recordId|String|false|false
07:00:10.0 (6351202)|VARIABLE_ASSIGNMENT|[4]|recordId|"a1Nm00000011q90EAA"
07:00:10.0 (6357207)|VARIABLE_SCOPE_BEGIN|[4]|sobjectname|String|false|false
07:00:10.0 (6361121)|VARIABLE_ASSIGNMENT|[4]|sobjectname|"ITPR__c"
07:00:10.0 (6363838)|VARIABLE_SCOPE_BEGIN|[4]|field|String|false|false
07:00:10.0 (6366839)|VARIABLE_ASSIGNMENT|[4]|field|"Status__c"
07:00:10.0 (6369705)|VARIABLE_SCOPE_BEGIN|[4]|useRecordTypes|Boolean|false|false
07:00:10.0 (6374347)|VARIABLE_ASSIGNMENT|[4]|useRecordTypes|false
07:00:10.0 (6387183)|STATEMENT_EXECUTE|[4]
07:00:10.0 (6394462)|STATEMENT_EXECUTE|[6]
07:00:10.0 (6396623)|STATEMENT_EXECUTE|[20]
07:00:10.0 (6400213)|HEAP_ALLOCATE|[20]|Bytes:7
07:00:10.0 (6404685)|HEAP_ALLOCATE|[20]|Bytes:6
07:00:10.0 (6407283)|HEAP_ALLOCATE|[20]|Bytes:12
07:00:10.0 (6425790)|HEAP_ALLOCATE|[20]|Bytes:59
07:00:10.0 (6429813)|HEAP_ALLOCATE|[20]|Bytes:1
07:00:10.0 (6436594)|HEAP_ALLOCATE|[20]|Bytes:60
07:00:10.0 (18463949)|SOQL_EXECUTE_BEGIN|[20]|Aggregations:0|select Status__c from ITPR__c where Id ='a1Nm00000011q90EAA'
07:00:10.0 (23953722)|SOQL_EXECUTE_END|[20]|Rows:1
07:00:10.0 (23975559)|HEAP_ALLOCATE|[20]|Bytes:8
07:00:10.0 (24003027)|HEAP_ALLOCATE|[20]|Bytes:50
07:00:10.0 (24115863)|HEAP_ALLOCATE|[20]|Bytes:8
07:00:10.0 (24144364)|HEAP_ALLOCATE|[20]|Bytes:33
07:00:10.0 (24235568)|HEAP_ALLOCATE|[20]|Bytes:12
07:00:10.0 (24247837)|VARIABLE_SCOPE_BEGIN|[20]|sobj|SObject|true|false
07:00:10.0 (24289950)|VARIABLE_ASSIGNMENT|[20]|sobj|{"s":1,"v":{"Status__c":"Assigned","Id":"a1Nm00000011q90EAA"}}|0x680a365c
07:00:10.0 (24296711)|STATEMENT_EXECUTE|[21]
07:00:10.0 (24398589)|HEAP_ALLOCATE|[21]|Bytes:8
07:00:10.0 (24416001)|VARIABLE_SCOPE_BEGIN|[21]|fieldValue|String|false|false
07:00:10.0 (24423939)|VARIABLE_ASSIGNMENT|[21]|fieldValue|"Assigned"
07:00:10.0 (24426957)|STATEMENT_EXECUTE|[23]
07:00:10.0 (24430336)|HEAP_ALLOCATE|[23]|Bytes:121
07:00:10.0 (24444068)|HEAP_ALLOCATE|[23]|Bytes:4
07:00:10.0 (24456855)|HEAP_ALLOCATE|[23]|Bytes:7
07:00:10.0 (24474750)|HEAP_ALLOCATE|[23]|Bytes:7
07:00:10.0 (24481220)|HEAP_ALLOCATE|[23]|Bytes:7
07:00:10.0 (25411372)|SOQL_EXECUTE_BEGIN|[23]|Aggregations:0|SELECT Guidance__c FROM GuidanceBox__c WHERE (object__c = :tmpVar1 AND field__c = :tmpVar2 AND Field_Value__c = :tmpVar3)
07:00:10.0 (32315421)|SOQL_EXECUTE_END|[23]|Rows:1
07:00:10.0 (32334609)|HEAP_ALLOCATE|[23]|Bytes:8
07:00:10.0 (32344943)|HEAP_ALLOCATE|[23]|Bytes:194
07:00:10.0 (32376225)|HEAP_ALLOCATE|[23]|Bytes:8
07:00:10.0 (32397068)|SYSTEM_MODE_EXIT|false
07:00:10.32 (32450981)|CUMULATIVE_LIMIT_USAGE
07:00:10.32 (32450981)|LIMIT_USAGE_FOR_NS|(default)|
  Number of SOQL queries: 2 out of 100
  Number of query rows: 2 out of 50000
  Number of SOSL queries: 0 out of 20
  Number of DML statements: 0 out of 150
  Number of DML rows: 0 out of 10000
  Maximum CPU time: 0 out of 10000
  Maximum heap size: 0 out of 6000000
  Number of callouts: 0 out of 100
  Number of Email Invocations: 0 out of 10
  Number of future calls: 0 out of 50
  Number of queueable jobs added to the queue: 0 out of 50
  Number of Mobile Apex push calls: 0 out of 10

07:00:10.32 (32450981)|CUMULATIVE_LIMIT_USAGE_END

07:00:10.0 (32502262)|CODE_UNIT_FINISHED|GuidanceBox.getGuidance
