38.0 APEX_CODE,FINEST;APEX_PROFILING,INFO;CALLOUT,INFO;DB,INFO;SYSTEM,DEBUG;VALIDATION,INFO;VISUALFORCE,INFO;WORKFLOW,INFO
07:25:44.0 (94907)|USER_INFO|[EXTERNAL]|005m0000002GNhO|dscruggs@salesforce.com.rfadev13|Pacific Standard Time|GMT-07:00
07:25:44.0 (130424)|EXECUTION_STARTED
07:25:44.0 (136832)|CODE_UNIT_STARTED|[EXTERNAL]|aura
07:25:44.0 (581172)|HEAP_ALLOCATE|[72]|Bytes:3
07:25:44.0 (633233)|HEAP_ALLOCATE|[77]|Bytes:152
07:25:44.0 (651425)|HEAP_ALLOCATE|[342]|Bytes:408
07:25:44.0 (669846)|HEAP_ALLOCATE|[355]|Bytes:408
07:25:44.0 (686496)|HEAP_ALLOCATE|[467]|Bytes:48
07:25:44.0 (713585)|HEAP_ALLOCATE|[139]|Bytes:6
07:25:44.0 (738880)|HEAP_ALLOCATE|[EXTERNAL]|Bytes:778
07:25:44.0 (756938)|HEAP_ALLOCATE|[EXTERNAL]|Bytes:778
07:25:44.0 (2679008)|CODE_UNIT_STARTED|[EXTERNAL]|01pm0000000EXpe|PowerRelatedListCtrl.query
07:25:44.0 (2771726)|HEAP_ALLOCATE|[EXTERNAL]|Bytes:14
07:25:44.0 (2777690)|HEAP_ALLOCATE|[EXTERNAL]|Bytes:21
07:25:44.0 (2780146)|HEAP_ALLOCATE|[EXTERNAL]|Bytes:27
07:25:44.0 (2790934)|METHOD_ENTRY|[1]|01pm0000000EXpe|PowerRelatedListCtrl.PowerRelatedListCtrl()
07:25:44.0 (2793907)|STATEMENT_EXECUTE|[1]
07:25:44.0 (2798077)|STATEMENT_EXECUTE|[1]
07:25:44.0 (2832663)|HEAP_ALLOCATE|[50]|Bytes:5
07:25:44.0 (2856389)|HEAP_ALLOCATE|[56]|Bytes:5
07:25:44.0 (2865951)|HEAP_ALLOCATE|[64]|Bytes:7
07:25:44.0 (2890735)|SYSTEM_MODE_ENTER|false
07:25:44.0 (2908466)|HEAP_ALLOCATE|[EXTERNAL]|Bytes:5
07:25:44.0 (2913108)|STATEMENT_EXECUTE|[219]
07:25:44.0 (2920116)|SYSTEM_MODE_EXIT|false
07:25:44.0 (2928821)|METHOD_EXIT|[1]|PowerRelatedListCtrl
07:25:44.0 (2933345)|HEAP_ALLOCATE|[EXTERNAL]|Bytes:778
07:25:44.0 (2938893)|SYSTEM_MODE_ENTER|false
07:25:44.0 (2949140)|VARIABLE_SCOPE_BEGIN|[4]|soql|String|false|false
07:25:44.0 (2982120)|VARIABLE_ASSIGNMENT|[4]|soql|"select Id, Organizat (758 more) ..."
07:25:44.0 (2997420)|HEAP_ALLOCATE|[5]|Bytes:5
07:25:44.0 (3001380)|STATEMENT_EXECUTE|[4]
07:25:44.0 (3003428)|STATEMENT_EXECUTE|[5]
07:25:44.0 (4151217)|SOQL_EXECUTE_BEGIN|[5]|Aggregations:0|select Id, Organization__c, Name, Request_Type__c, Category__c, Submitted_By__c, Business_Area__c, Submitted_By_Phone_Number__c, Submitted_On_Behalf_Of__c, Delegated_Requestor__c, Delegated_Requestor_check__c, Supplier_Name__c, Do_not_Auto_Assign__c, Supplier_Contact_Name__c, Manager__c, Supplier_Contact_Email__c, Request_Comments_Updates__c, Supplier_Contact_Phone_Number__c, Actual_Requestor__c, Opportunity_Statement__c, If_Chg_Order_Provide_Orig_Contract_Value__c, I_Have_Read_The_Provided_ITP_OLA__c, Engagement_Of_A_New_Supplier__c, Assign_check__c, If_Rqd_Has_Hosting_Cert_Team_Approved__c, Portfolio_Department__c, If_Required_Has_The_TRB_Approved__c, Date_Needed_By__c, Primary_Assignee__c, Primary_Assignee_Prior_Value__c from ITPR__c where Id = 'a1Nm00000011q90EAA'
07:25:44.0 (22915396)|SOQL_EXECUTE_END|[5]|Rows:1
07:25:44.0 (22939341)|HEAP_ALLOCATE|[5]|Bytes:8
07:25:44.0 (22963258)|HEAP_ALLOCATE|[5]|Bytes:695
07:25:44.0 (23090707)|HEAP_ALLOCATE|[5]|Bytes:8
07:25:44.0 (23139107)|HEAP_ALLOCATE|[5]|Bytes:24
07:25:44.0 (23151427)|SYSTEM_METHOD_ENTRY|[1]|JSON.JSON()
07:25:44.0 (23154391)|STATEMENT_EXECUTE|[1]
07:25:44.0 (23162893)|SYSTEM_METHOD_EXIT|[1]|JSON
07:25:44.0 (23180550)|METHOD_ENTRY|[5]||System.JSON.serialize(Object)
07:25:44.0 (23731939)|METHOD_EXIT|[5]||System.JSON.serialize(Object)
07:25:44.0 (23744283)|SYSTEM_MODE_EXIT|false
07:25:44.23 (23794014)|CUMULATIVE_LIMIT_USAGE
07:25:44.23 (23794014)|LIMIT_USAGE_FOR_NS|(default)|
  Number of SOQL queries: 1 out of 100
  Number of query rows: 1 out of 50000
  Number of SOSL queries: 0 out of 20
  Number of DML statements: 0 out of 150
  Number of DML rows: 0 out of 10000
  Maximum CPU time: 0 out of 10000
  Maximum heap size: 0 out of 6000000
  Number of callouts: 0 out of 100
  Number of Email Invocations: 0 out of 10
  Number of future calls: 0 out of 50
  Number of queueable jobs added to the queue: 0 out of 50
  Number of Mobile Apex push calls: 0 out of 10

07:25:44.23 (23794014)|CUMULATIVE_LIMIT_USAGE_END

07:25:44.0 (23835410)|CODE_UNIT_FINISHED|PowerRelatedListCtrl.query
