38.0 APEX_CODE,FINEST;APEX_PROFILING,INFO;CALLOUT,INFO;DB,INFO;SYSTEM,DEBUG;VALIDATION,INFO;VISUALFORCE,INFO;WORKFLOW,INFO
07:26:43.0 (501159)|USER_INFO|[EXTERNAL]|005m0000002GNhO|dscruggs@salesforce.com.rfadev13|Pacific Standard Time|GMT-07:00
07:26:43.0 (535451)|EXECUTION_STARTED
07:26:43.0 (541590)|CODE_UNIT_STARTED|[EXTERNAL]|aura
07:26:43.0 (905126)|HEAP_ALLOCATE|[72]|Bytes:3
07:26:43.0 (958146)|HEAP_ALLOCATE|[77]|Bytes:152
07:26:43.0 (974535)|HEAP_ALLOCATE|[342]|Bytes:408
07:26:43.0 (991472)|HEAP_ALLOCATE|[355]|Bytes:408
07:26:43.0 (1007952)|HEAP_ALLOCATE|[467]|Bytes:48
07:26:43.0 (1039862)|HEAP_ALLOCATE|[139]|Bytes:6
07:26:43.0 (1064005)|HEAP_ALLOCATE|[EXTERNAL]|Bytes:18
07:26:43.0 (1083311)|HEAP_ALLOCATE|[EXTERNAL]|Bytes:18
07:26:43.0 (1162317)|HEAP_ALLOCATE|[EXTERNAL]|Bytes:7
07:26:43.0 (1172708)|HEAP_ALLOCATE|[EXTERNAL]|Bytes:7
07:26:43.0 (1217196)|HEAP_ALLOCATE|[EXTERNAL]|Bytes:9
07:26:43.0 (1226466)|HEAP_ALLOCATE|[EXTERNAL]|Bytes:9
07:26:43.0 (3124753)|CODE_UNIT_STARTED|[EXTERNAL]|01pm0000000EZxV|GuidanceBox.getGuidance
07:26:43.0 (3215292)|HEAP_ALLOCATE|[EXTERNAL]|Bytes:4
07:26:43.0 (3220490)|HEAP_ALLOCATE|[EXTERNAL]|Bytes:2
07:26:43.0 (3229797)|METHOD_ENTRY|[1]|01pm0000000EZxV|GuidanceBox.GuidanceBox()
07:26:43.0 (3233915)|STATEMENT_EXECUTE|[1]
07:26:43.0 (3238888)|STATEMENT_EXECUTE|[1]
07:26:43.0 (3243754)|METHOD_EXIT|[1]|GuidanceBox
07:26:43.0 (3247818)|HEAP_ALLOCATE|[EXTERNAL]|Bytes:18
07:26:43.0 (3249687)|HEAP_ALLOCATE|[EXTERNAL]|Bytes:7
07:26:43.0 (3251058)|HEAP_ALLOCATE|[EXTERNAL]|Bytes:9
07:26:43.0 (3280930)|HEAP_ALLOCATE|[50]|Bytes:5
07:26:43.0 (3307356)|HEAP_ALLOCATE|[56]|Bytes:5
07:26:43.0 (3316207)|HEAP_ALLOCATE|[64]|Bytes:7
07:26:43.0 (3331454)|HEAP_ALLOCATE|[EXTERNAL]|Bytes:5
07:26:43.0 (3341747)|SYSTEM_MODE_ENTER|false
07:26:43.0 (3349561)|VARIABLE_SCOPE_BEGIN|[4]|recordId|String|false|false
07:26:43.0 (3380652)|VARIABLE_ASSIGNMENT|[4]|recordId|"a1Nm00000011q90EAA"
07:26:43.0 (3383629)|VARIABLE_SCOPE_BEGIN|[4]|sobjectname|String|false|false
07:26:43.0 (3387096)|VARIABLE_ASSIGNMENT|[4]|sobjectname|"ITPR__c"
07:26:43.0 (3389101)|VARIABLE_SCOPE_BEGIN|[4]|field|String|false|false
07:26:43.0 (3391821)|VARIABLE_ASSIGNMENT|[4]|field|"Status__c"
07:26:43.0 (3393845)|VARIABLE_SCOPE_BEGIN|[4]|useRecordTypes|Boolean|false|false
07:26:43.0 (3397877)|VARIABLE_ASSIGNMENT|[4]|useRecordTypes|false
07:26:43.0 (3410285)|STATEMENT_EXECUTE|[4]
07:26:43.0 (3416549)|STATEMENT_EXECUTE|[6]
07:26:43.0 (3418582)|STATEMENT_EXECUTE|[20]
07:26:43.0 (3422005)|HEAP_ALLOCATE|[20]|Bytes:7
07:26:43.0 (3425950)|HEAP_ALLOCATE|[20]|Bytes:6
07:26:43.0 (3428048)|HEAP_ALLOCATE|[20]|Bytes:12
07:26:43.0 (3444270)|HEAP_ALLOCATE|[20]|Bytes:59
07:26:43.0 (3447864)|HEAP_ALLOCATE|[20]|Bytes:1
07:26:43.0 (3454604)|HEAP_ALLOCATE|[20]|Bytes:60
07:26:43.0 (4325643)|SOQL_EXECUTE_BEGIN|[20]|Aggregations:0|select Status__c from ITPR__c where Id ='a1Nm00000011q90EAA'
07:26:43.0 (7964755)|SOQL_EXECUTE_END|[20]|Rows:1
07:26:43.0 (7983677)|HEAP_ALLOCATE|[20]|Bytes:8
07:26:43.0 (7998158)|HEAP_ALLOCATE|[20]|Bytes:50
07:26:43.0 (8098930)|HEAP_ALLOCATE|[20]|Bytes:8
07:26:43.0 (8114793)|HEAP_ALLOCATE|[20]|Bytes:33
07:26:43.0 (8197903)|HEAP_ALLOCATE|[20]|Bytes:12
07:26:43.0 (8208063)|VARIABLE_SCOPE_BEGIN|[20]|sobj|SObject|true|false
07:26:43.0 (8234522)|VARIABLE_ASSIGNMENT|[20]|sobj|{"s":1,"v":{"Status__c":"Assigned","Id":"a1Nm00000011q90EAA"}}|0x668d882
07:26:43.0 (8237710)|STATEMENT_EXECUTE|[21]
07:26:43.0 (8307796)|HEAP_ALLOCATE|[21]|Bytes:8
07:26:43.0 (8323355)|VARIABLE_SCOPE_BEGIN|[21]|fieldValue|String|false|false
07:26:43.0 (8330873)|VARIABLE_ASSIGNMENT|[21]|fieldValue|"Assigned"
07:26:43.0 (8333483)|STATEMENT_EXECUTE|[23]
07:26:43.0 (8336797)|HEAP_ALLOCATE|[23]|Bytes:121
07:26:43.0 (8347283)|HEAP_ALLOCATE|[23]|Bytes:4
07:26:43.0 (8358851)|HEAP_ALLOCATE|[23]|Bytes:7
07:26:43.0 (8375496)|HEAP_ALLOCATE|[23]|Bytes:7
07:26:43.0 (8381297)|HEAP_ALLOCATE|[23]|Bytes:7
07:26:43.0 (9648203)|SOQL_EXECUTE_BEGIN|[23]|Aggregations:0|SELECT Guidance__c FROM GuidanceBox__c WHERE (object__c = :tmpVar1 AND field__c = :tmpVar2 AND Field_Value__c = :tmpVar3)
07:26:43.0 (14127023)|SOQL_EXECUTE_END|[23]|Rows:1
07:26:43.0 (14144091)|HEAP_ALLOCATE|[23]|Bytes:8
07:26:43.0 (14153604)|HEAP_ALLOCATE|[23]|Bytes:194
07:26:43.0 (14205845)|HEAP_ALLOCATE|[23]|Bytes:8
07:26:43.0 (14220129)|SYSTEM_MODE_EXIT|false
07:26:43.14 (14268251)|CUMULATIVE_LIMIT_USAGE
07:26:43.14 (14268251)|LIMIT_USAGE_FOR_NS|(default)|
  Number of SOQL queries: 2 out of 100
  Number of query rows: 2 out of 50000
  Number of SOSL queries: 0 out of 20
  Number of DML statements: 0 out of 150
  Number of DML rows: 0 out of 10000
  Maximum CPU time: 0 out of 10000
  Maximum heap size: 0 out of 6000000
  Number of callouts: 0 out of 100
  Number of Email Invocations: 0 out of 10
  Number of future calls: 0 out of 50
  Number of queueable jobs added to the queue: 0 out of 50
  Number of Mobile Apex push calls: 0 out of 10

07:26:43.14 (14268251)|CUMULATIVE_LIMIT_USAGE_END

07:26:43.0 (14309815)|CODE_UNIT_FINISHED|GuidanceBox.getGuidance
07:26:43.0 (56240216)|HEAP_ALLOCATE|[EXTERNAL]|Bytes:18
07:26:43.0 (56268033)|HEAP_ALLOCATE|[EXTERNAL]|Bytes:18
07:26:43.0 (56318997)|HEAP_ALLOCATE|[EXTERNAL]|Bytes:9
07:26:43.0 (56328915)|HEAP_ALLOCATE|[EXTERNAL]|Bytes:9
07:26:43.0 (56372758)|HEAP_ALLOCATE|[EXTERNAL]|Bytes:7
07:26:43.0 (56381887)|HEAP_ALLOCATE|[EXTERNAL]|Bytes:7
07:26:43.0 (58083067)|CODE_UNIT_STARTED|[EXTERNAL]|01pm0000000EXDB|AnythingPath.getCurrentValue
07:26:43.0 (58138279)|HEAP_ALLOCATE|[EXTERNAL]|Bytes:15
07:26:43.0 (58144527)|HEAP_ALLOCATE|[EXTERNAL]|Bytes:8
07:26:43.0 (58157525)|METHOD_ENTRY|[1]|01pm0000000EXDB|AnythingPath.AnythingPath()
07:26:43.0 (58161742)|STATEMENT_EXECUTE|[1]
07:26:43.0 (58166973)|STATEMENT_EXECUTE|[1]
07:26:43.0 (58172197)|METHOD_EXIT|[1]|AnythingPath
07:26:43.0 (58176073)|HEAP_ALLOCATE|[EXTERNAL]|Bytes:18
07:26:43.0 (58177906)|HEAP_ALLOCATE|[EXTERNAL]|Bytes:9
07:26:43.0 (58179485)|HEAP_ALLOCATE|[EXTERNAL]|Bytes:7
07:26:43.0 (58188007)|SYSTEM_MODE_ENTER|false
07:26:43.0 (58195239)|VARIABLE_SCOPE_BEGIN|[21]|recordId|String|false|false
07:26:43.0 (58210175)|VARIABLE_ASSIGNMENT|[21]|recordId|"a1Nm00000011q90EAA"
07:26:43.0 (58212896)|VARIABLE_SCOPE_BEGIN|[21]|picklistField|String|false|false
07:26:43.0 (58216015)|VARIABLE_ASSIGNMENT|[21]|picklistField|"Status__c"
07:26:43.0 (58217869)|VARIABLE_SCOPE_BEGIN|[21]|sObjectName|String|false|false
07:26:43.0 (58220839)|VARIABLE_ASSIGNMENT|[21]|sObjectName|"ITPR__c"
07:26:43.0 (58226733)|STATEMENT_EXECUTE|[21]
07:26:43.0 (58228425)|STATEMENT_EXECUTE|[22]
07:26:43.0 (58232083)|HEAP_ALLOCATE|[22]|Bytes:11
07:26:43.0 (58237600)|HEAP_ALLOCATE|[22]|Bytes:13
07:26:43.0 (58250754)|HEAP_ALLOCATE|[22]|Bytes:64
07:26:43.0 (58258611)|HEAP_ALLOCATE|[22]|Bytes:65
07:26:43.0 (58263522)|VARIABLE_SCOPE_BEGIN|[22]|soql|String|false|false
07:26:43.0 (58272505)|VARIABLE_ASSIGNMENT|[22]|soql|"select Id, Status__c (45 more) ..."
07:26:43.0 (58274797)|STATEMENT_EXECUTE|[23]
07:26:43.0 (58475035)|SOQL_EXECUTE_BEGIN|[23]|Aggregations:0|select Id, Status__c from ITPR__c where id = 'a1Nm00000011q90EAA'
07:26:43.0 (61400513)|SOQL_EXECUTE_END|[23]|Rows:1
07:26:43.0 (61415583)|HEAP_ALLOCATE|[23]|Bytes:8
07:26:43.0 (61427030)|HEAP_ALLOCATE|[23]|Bytes:50
07:26:43.0 (61442457)|HEAP_ALLOCATE|[23]|Bytes:8
07:26:43.0 (61458115)|VARIABLE_SCOPE_BEGIN|[23]|records|List<SObject>|true|false
07:26:43.0 (61489832)|VARIABLE_ASSIGNMENT|[23]|records|{"s":1,"v":[{"s":2,"v":{"Id":"a1Nm00000011q90EAA","Status__c":"Assigned"}}]}|0x5cf46197
07:26:43.0 (61493807)|STATEMENT_EXECUTE|[24]
07:26:43.0 (61519544)|HEAP_ALLOCATE|[24]|Bytes:12
07:26:43.0 (61588457)|HEAP_ALLOCATE|[24]|Bytes:8
07:26:43.0 (61605012)|SYSTEM_MODE_EXIT|false
07:26:43.61 (61656079)|CUMULATIVE_LIMIT_USAGE
07:26:43.61 (61656079)|LIMIT_USAGE_FOR_NS|(default)|
  Number of SOQL queries: 3 out of 100
  Number of query rows: 3 out of 50000
  Number of SOSL queries: 0 out of 20
  Number of DML statements: 0 out of 150
  Number of DML rows: 0 out of 10000
  Maximum CPU time: 0 out of 10000
  Maximum heap size: 0 out of 6000000
  Number of callouts: 0 out of 100
  Number of Email Invocations: 0 out of 10
  Number of future calls: 0 out of 50
  Number of queueable jobs added to the queue: 0 out of 50
  Number of Mobile Apex push calls: 0 out of 10

07:26:43.61 (61656079)|CUMULATIVE_LIMIT_USAGE_END

07:26:43.0 (61698308)|CODE_UNIT_FINISHED|AnythingPath.getCurrentValue
07:26:43.0 (61982482)|HEAP_ALLOCATE|[EXTERNAL]|Bytes:18
07:26:43.0 (61994542)|HEAP_ALLOCATE|[EXTERNAL]|Bytes:18
07:26:43.0 (62041168)|HEAP_ALLOCATE|[EXTERNAL]|Bytes:9
07:26:43.0 (62051927)|HEAP_ALLOCATE|[EXTERNAL]|Bytes:9
07:26:43.0 (62095510)|HEAP_ALLOCATE|[EXTERNAL]|Bytes:7
07:26:43.0 (62105184)|HEAP_ALLOCATE|[EXTERNAL]|Bytes:7
07:26:43.0 (64967869)|CODE_UNIT_STARTED|[EXTERNAL]|01pm0000000EXDB|AnythingPath.getPicklistOptions
07:26:43.0 (65002862)|HEAP_ALLOCATE|[EXTERNAL]|Bytes:18
07:26:43.0 (65008994)|HEAP_ALLOCATE|[EXTERNAL]|Bytes:9
07:26:43.0 (65011752)|HEAP_ALLOCATE|[EXTERNAL]|Bytes:7
07:26:43.0 (65019696)|SYSTEM_MODE_ENTER|false
07:26:43.0 (65026039)|VARIABLE_SCOPE_BEGIN|[37]|recordId|String|false|false
07:26:43.0 (65035442)|VARIABLE_ASSIGNMENT|[37]|recordId|"a1Nm00000011q90EAA"
07:26:43.0 (65038804)|VARIABLE_SCOPE_BEGIN|[37]|picklistField|String|false|false
07:26:43.0 (65044061)|VARIABLE_ASSIGNMENT|[37]|picklistField|"Status__c"
07:26:43.0 (65047379)|VARIABLE_SCOPE_BEGIN|[37]|sObjectName|String|false|false
07:26:43.0 (65051675)|VARIABLE_ASSIGNMENT|[37]|sObjectName|"ITPR__c"
07:26:43.0 (65060471)|STATEMENT_EXECUTE|[37]
07:26:43.0 (65063087)|STATEMENT_EXECUTE|[38]
07:26:43.0 (65073081)|HEAP_ALLOCATE|[38]|Bytes:4
07:26:43.0 (65090053)|VARIABLE_SCOPE_BEGIN|[38]|output|Map<String,String>|true|false
07:26:43.0 (65110746)|VARIABLE_ASSIGNMENT|[38]|output|{"s":1,"v":{}}|0xc42c155
07:26:43.0 (65114157)|STATEMENT_EXECUTE|[39]
07:26:43.0 (65121129)|VARIABLE_SCOPE_BEGIN|[39]|objType|Schema.SObjectType|true|false
07:26:43.0 (65126995)|VARIABLE_ASSIGNMENT|[39]|objType|null|
07:26:43.0 (65129621)|STATEMENT_EXECUTE|[42]
07:26:43.0 (65130847)|STATEMENT_EXECUTE|[49]
07:26:43.0 (65173978)|HEAP_ALLOCATE|[49]|Bytes:4
07:26:43.0 (65344945)|VARIABLE_ASSIGNMENT|[49]|objType|"common.apex.runtime.impl.ApexSObjectTypeToken@39dac404"|0x39dac404
07:26:43.0 (65351767)|STATEMENT_EXECUTE|[50]
07:26:43.0 (65652833)|HEAP_ALLOCATE|[50]|Bytes:4
07:26:43.0 (65698473)|VARIABLE_SCOPE_BEGIN|[50]|dsr|Schema.DescribeSObjectResult|true|false
07:26:43.0 (65796911)|VARIABLE_ASSIGNMENT|[50]|dsr|"common.api.soap.wsdl.DescribeSObjectResult@d9bce2b6"|0x6de7e109
07:26:43.0 (65803469)|STATEMENT_EXECUTE|[51]
07:26:43.0 (69207458)|HEAP_ALLOCATE|[51]|Bytes:804
07:26:43.0 (69222588)|VARIABLE_SCOPE_BEGIN|[51]|fieldMap|Map<String,Schema.SObjectField>|true|false
07:26:43.0 (69563903)|VARIABLE_ASSIGNMENT|[51]|fieldMap|"{acceptance_time__c=Acceptance_Time__c, actionable_request__c=Actionable_Request__c, actual_finance_assignee__c=Actual_Finance_Assignee__c, actual_legal_assignee__c=Actual_Legal_Assignee__c, actual_procurement_assignee__c=Actual_Procurement_Assignee__c, actual_requestor__c=Actual_Requestor__c, actual_vendor_governance_assignee__c=Actual_Vendor_Governance_Assignee__c, additional_approval_complete__c=Additional_Approval_Complete__c, additional_approver_1__c=Additional_Approver_1__c, additional_approver_2__c=Additional_Approver_2__c, ...}"|0x44ffb851
07:26:43.0 (69575168)|STATEMENT_EXECUTE|[52]
07:26:43.0 (70430125)|HEAP_ALLOCATE|[52]|Bytes:8
07:26:43.0 (70464165)|VARIABLE_SCOPE_BEGIN|[52]|dfr|Schema.DescribeFieldResult|true|false
07:26:43.0 (70618083)|VARIABLE_ASSIGNMENT|[52]|dfr|"common.api.soap.wsdl.Field@6d496207"|0x20cd76a8
07:26:43.0 (70623183)|STATEMENT_EXECUTE|[53]
07:26:43.0 (70653973)|HEAP_ALLOCATE|[EXTERNAL]|Bytes:60
07:26:43.0 (70714127)|HEAP_ALLOCATE|[53]|Bytes:60
07:26:43.0 (70724383)|VARIABLE_SCOPE_BEGIN|[53]|results|List<Schema.PicklistEntry>|true|false
07:26:43.0 (70741315)|VARIABLE_ASSIGNMENT|[53]|results|{"s":1,"v":"List of size 14 too large to display"}|0x19c96fd0
07:26:43.0 (70896002)|HEAP_ALLOCATE|[55]|Bytes:5
07:26:43.0 (70964559)|HEAP_ALLOCATE|[55]|Bytes:4
07:26:43.0 (70990164)|VARIABLE_SCOPE_BEGIN|[55]|pe|Schema.PicklistEntry|true|false
07:26:43.0 (71003321)|VARIABLE_ASSIGNMENT|[55]|pe|Draft|0x5fee7531
07:26:43.0 (71007536)|STATEMENT_EXECUTE|[55]
07:26:43.0 (71028659)|STATEMENT_EXECUTE|[56]
07:26:43.0 (71041204)|HEAP_ALLOCATE|[56]|Bytes:5
07:26:43.0 (71053388)|HEAP_ALLOCATE|[56]|Bytes:5
07:26:43.0 (71088475)|HEAP_ALLOCATE|[EXTERNAL]|Bytes:-4
07:26:43.0 (71104196)|HEAP_ALLOCATE|[55]|Bytes:5
07:26:43.0 (71115513)|HEAP_ALLOCATE|[55]|Bytes:4
07:26:43.0 (71130125)|VARIABLE_SCOPE_BEGIN|[55]|pe|Schema.PicklistEntry|true|false
07:26:43.0 (71140823)|VARIABLE_ASSIGNMENT|[55]|pe|Submitted|0xd8b36f3
07:26:43.0 (71143825)|STATEMENT_EXECUTE|[55]
07:26:43.0 (71151036)|STATEMENT_EXECUTE|[56]
07:26:43.0 (71156114)|HEAP_ALLOCATE|[56]|Bytes:9
07:26:43.0 (71161781)|HEAP_ALLOCATE|[56]|Bytes:9
07:26:43.0 (71170629)|HEAP_ALLOCATE|[EXTERNAL]|Bytes:-4
07:26:43.0 (71181899)|HEAP_ALLOCATE|[55]|Bytes:5
07:26:43.0 (71191661)|HEAP_ALLOCATE|[55]|Bytes:4
07:26:43.0 (71204319)|VARIABLE_SCOPE_BEGIN|[55]|pe|Schema.PicklistEntry|true|false
07:26:43.0 (71213844)|VARIABLE_ASSIGNMENT|[55]|pe|Pending More Info Needed|0xfed32aa
07:26:43.0 (71216684)|STATEMENT_EXECUTE|[55]
07:26:43.0 (71223099)|STATEMENT_EXECUTE|[56]
07:26:43.0 (71227927)|HEAP_ALLOCATE|[56]|Bytes:24
07:26:43.0 (71232750)|HEAP_ALLOCATE|[56]|Bytes:24
07:26:43.0 (71240943)|HEAP_ALLOCATE|[EXTERNAL]|Bytes:-4
07:26:43.0 (71252085)|HEAP_ALLOCATE|[55]|Bytes:5
07:26:43.0 (71261441)|HEAP_ALLOCATE|[55]|Bytes:4
07:26:43.0 (71273605)|VARIABLE_SCOPE_BEGIN|[55]|pe|Schema.PicklistEntry|true|false
07:26:43.0 (71283311)|VARIABLE_ASSIGNMENT|[55]|pe|Assigned|0x7284ae6a
07:26:43.0 (71285997)|STATEMENT_EXECUTE|[55]
07:26:43.0 (71292412)|STATEMENT_EXECUTE|[56]
07:26:43.0 (71297325)|HEAP_ALLOCATE|[56]|Bytes:8
07:26:43.0 (71302810)|HEAP_ALLOCATE|[56]|Bytes:8
07:26:43.0 (71310923)|HEAP_ALLOCATE|[EXTERNAL]|Bytes:-4
07:26:43.0 (71322045)|HEAP_ALLOCATE|[55]|Bytes:5
07:26:43.0 (71331277)|HEAP_ALLOCATE|[55]|Bytes:4
07:26:43.0 (71343266)|VARIABLE_SCOPE_BEGIN|[55]|pe|Schema.PicklistEntry|true|false
07:26:43.0 (71352565)|VARIABLE_ASSIGNMENT|[55]|pe|In Process|0x5e6f1af6
07:26:43.0 (71355495)|STATEMENT_EXECUTE|[55]
07:26:43.0 (71361744)|STATEMENT_EXECUTE|[56]
07:26:43.0 (71366521)|HEAP_ALLOCATE|[56]|Bytes:10
07:26:43.0 (71371345)|HEAP_ALLOCATE|[56]|Bytes:10
07:26:43.0 (71379343)|HEAP_ALLOCATE|[EXTERNAL]|Bytes:-4
07:26:43.0 (71390205)|HEAP_ALLOCATE|[55]|Bytes:5
07:26:43.0 (71399665)|HEAP_ALLOCATE|[55]|Bytes:4
07:26:43.0 (71411710)|VARIABLE_SCOPE_BEGIN|[55]|pe|Schema.PicklistEntry|true|false
07:26:43.0 (71421005)|VARIABLE_ASSIGNMENT|[55]|pe|Pending Project Final Budget|0xa079366
07:26:43.0 (71423926)|STATEMENT_EXECUTE|[55]
07:26:43.0 (71430193)|STATEMENT_EXECUTE|[56]
07:26:43.0 (71435032)|HEAP_ALLOCATE|[56]|Bytes:28
07:26:43.0 (71440320)|HEAP_ALLOCATE|[56]|Bytes:28
07:26:43.0 (71448379)|HEAP_ALLOCATE|[EXTERNAL]|Bytes:-4
07:26:43.0 (71459451)|HEAP_ALLOCATE|[55]|Bytes:5
07:26:43.0 (71468840)|HEAP_ALLOCATE|[55]|Bytes:4
07:26:43.0 (71480844)|VARIABLE_SCOPE_BEGIN|[55]|pe|Schema.PicklistEntry|true|false
07:26:43.0 (71490314)|VARIABLE_ASSIGNMENT|[55]|pe|In Approvals|0x6c9998ee
07:26:43.0 (71493040)|STATEMENT_EXECUTE|[55]
07:26:43.0 (71499230)|STATEMENT_EXECUTE|[56]
07:26:43.0 (71504286)|HEAP_ALLOCATE|[56]|Bytes:12
07:26:43.0 (71508976)|HEAP_ALLOCATE|[56]|Bytes:12
07:26:43.0 (71516884)|HEAP_ALLOCATE|[EXTERNAL]|Bytes:-4
07:26:43.0 (71528021)|HEAP_ALLOCATE|[55]|Bytes:5
07:26:43.0 (71537593)|HEAP_ALLOCATE|[55]|Bytes:4
07:26:43.0 (71554671)|VARIABLE_SCOPE_BEGIN|[55]|pe|Schema.PicklistEntry|true|false
07:26:43.0 (71564573)|VARIABLE_ASSIGNMENT|[55]|pe|All Digital Initials Obtained|0x3b399ce9
07:26:43.0 (71567650)|STATEMENT_EXECUTE|[55]
07:26:43.0 (71574098)|STATEMENT_EXECUTE|[56]
07:26:43.0 (71579020)|HEAP_ALLOCATE|[56]|Bytes:29
07:26:43.0 (71584796)|HEAP_ALLOCATE|[56]|Bytes:29
07:26:43.0 (71592874)|HEAP_ALLOCATE|[EXTERNAL]|Bytes:-4
07:26:43.0 (71604097)|HEAP_ALLOCATE|[55]|Bytes:5
07:26:43.0 (71613682)|HEAP_ALLOCATE|[55]|Bytes:4
07:26:43.0 (71625752)|VARIABLE_SCOPE_BEGIN|[55]|pe|Schema.PicklistEntry|true|false
07:26:43.0 (71634862)|VARIABLE_ASSIGNMENT|[55]|pe|On Hold|0x1d2789d2
07:26:43.0 (71637535)|STATEMENT_EXECUTE|[55]
07:26:43.0 (71643922)|STATEMENT_EXECUTE|[56]
07:26:43.0 (71648757)|HEAP_ALLOCATE|[56]|Bytes:7
07:26:43.0 (71653501)|HEAP_ALLOCATE|[56]|Bytes:7
07:26:43.0 (71661332)|HEAP_ALLOCATE|[EXTERNAL]|Bytes:-4
07:26:43.0 (71672327)|HEAP_ALLOCATE|[55]|Bytes:5
07:26:43.0 (71681633)|HEAP_ALLOCATE|[55]|Bytes:4
07:26:43.0 (71693505)|VARIABLE_SCOPE_BEGIN|[55]|pe|Schema.PicklistEntry|true|false
07:26:43.0 (71702731)|VARIABLE_ASSIGNMENT|[55]|pe|Cancelled|0x2b0da5b3
07:26:43.0 (71705324)|STATEMENT_EXECUTE|[55]
07:26:43.0 (71711531)|STATEMENT_EXECUTE|[56]
07:26:43.0 (71716317)|HEAP_ALLOCATE|[56]|Bytes:9
07:26:43.0 (71721055)|HEAP_ALLOCATE|[56]|Bytes:9
07:26:43.0 (71729130)|HEAP_ALLOCATE|[EXTERNAL]|Bytes:-4
07:26:43.0 (71740235)|HEAP_ALLOCATE|[55]|Bytes:5
07:26:43.0 (71749525)|HEAP_ALLOCATE|[55]|Bytes:4
07:26:43.0 (71761530)|VARIABLE_SCOPE_BEGIN|[55]|pe|Schema.PicklistEntry|true|false
07:26:43.0 (71770648)|VARIABLE_ASSIGNMENT|[55]|pe|Reactivate|0xbf316d4
07:26:43.0 (71773249)|STATEMENT_EXECUTE|[55]
07:26:43.0 (71779413)|STATEMENT_EXECUTE|[56]
07:26:43.0 (71784266)|HEAP_ALLOCATE|[56]|Bytes:10
07:26:43.0 (71788983)|HEAP_ALLOCATE|[56]|Bytes:10
07:26:43.0 (71796782)|HEAP_ALLOCATE|[EXTERNAL]|Bytes:-4
07:26:43.0 (71807823)|HEAP_ALLOCATE|[55]|Bytes:5
07:26:43.0 (71817125)|HEAP_ALLOCATE|[55]|Bytes:4
07:26:43.0 (71828908)|VARIABLE_SCOPE_BEGIN|[55]|pe|Schema.PicklistEntry|true|false
07:26:43.0 (71838078)|VARIABLE_ASSIGNMENT|[55]|pe|Executed and Filed|0x7cda0d97
07:26:43.0 (71840759)|STATEMENT_EXECUTE|[55]
07:26:43.0 (71847041)|STATEMENT_EXECUTE|[56]
07:26:43.0 (71851853)|HEAP_ALLOCATE|[56]|Bytes:18
07:26:43.0 (71856546)|HEAP_ALLOCATE|[56]|Bytes:18
07:26:43.0 (71864498)|HEAP_ALLOCATE|[EXTERNAL]|Bytes:-4
07:26:43.0 (71875487)|HEAP_ALLOCATE|[55]|Bytes:5
07:26:43.0 (71884921)|HEAP_ALLOCATE|[55]|Bytes:4
07:26:43.0 (71896641)|VARIABLE_SCOPE_BEGIN|[55]|pe|Schema.PicklistEntry|true|false
07:26:43.0 (71905811)|VARIABLE_ASSIGNMENT|[55]|pe|Not Executed and Closed|0x5d1272c7
07:26:43.0 (71908560)|STATEMENT_EXECUTE|[55]
07:26:43.0 (71914817)|STATEMENT_EXECUTE|[56]
07:26:43.0 (71919593)|HEAP_ALLOCATE|[56]|Bytes:23
07:26:43.0 (71924352)|HEAP_ALLOCATE|[56]|Bytes:23
07:26:43.0 (71932707)|HEAP_ALLOCATE|[EXTERNAL]|Bytes:-4
07:26:43.0 (71943640)|HEAP_ALLOCATE|[55]|Bytes:5
07:26:43.0 (71952982)|HEAP_ALLOCATE|[55]|Bytes:4
07:26:43.0 (71965002)|VARIABLE_SCOPE_BEGIN|[55]|pe|Schema.PicklistEntry|true|false
07:26:43.0 (71974289)|VARIABLE_ASSIGNMENT|[55]|pe|Complete|0x1b7474eb
07:26:43.0 (71976881)|STATEMENT_EXECUTE|[55]
07:26:43.0 (71982989)|STATEMENT_EXECUTE|[56]
07:26:43.0 (71987743)|HEAP_ALLOCATE|[56]|Bytes:8
07:26:43.0 (71992510)|HEAP_ALLOCATE|[56]|Bytes:8
07:26:43.0 (72000326)|HEAP_ALLOCATE|[EXTERNAL]|Bytes:-4
07:26:43.0 (72012773)|HEAP_ALLOCATE|[55]|Bytes:5
07:26:43.0 (72022608)|VARIABLE_ASSIGNMENT|[55]|pe|null|
07:26:43.0 (72025860)|STATEMENT_EXECUTE|[58]
07:26:43.0 (72032468)|SYSTEM_MODE_EXIT|false
07:26:43.72 (72062328)|CUMULATIVE_LIMIT_USAGE
07:26:43.72 (72062328)|LIMIT_USAGE_FOR_NS|(default)|
  Number of SOQL queries: 3 out of 100
  Number of query rows: 3 out of 50000
  Number of SOSL queries: 0 out of 20
  Number of DML statements: 0 out of 150
  Number of DML rows: 0 out of 10000
  Maximum CPU time: 0 out of 10000
  Maximum heap size: 0 out of 6000000
  Number of callouts: 0 out of 100
  Number of Email Invocations: 0 out of 10
  Number of future calls: 0 out of 50
  Number of queueable jobs added to the queue: 0 out of 50
  Number of Mobile Apex push calls: 0 out of 10

07:26:43.72 (72062328)|CUMULATIVE_LIMIT_USAGE_END

07:26:43.0 (72088994)|CODE_UNIT_FINISHED|AnythingPath.getPicklistOptions
07:26:43.0 (72334500)|HEAP_ALLOCATE|[EXTERNAL]|Bytes:7
07:26:43.0 (72347031)|HEAP_ALLOCATE|[EXTERNAL]|Bytes:7
07:26:43.0 (72394458)|HEAP_ALLOCATE|[EXTERNAL]|Bytes:9
07:26:43.0 (72404478)|HEAP_ALLOCATE|[EXTERNAL]|Bytes:9
07:26:43.0 (74274401)|CODE_UNIT_STARTED|[EXTERNAL]|01pm0000000EXDB|AnythingPath.dynamicTopic
07:26:43.0 (74308161)|HEAP_ALLOCATE|[EXTERNAL]|Bytes:7
07:26:43.0 (74311615)|HEAP_ALLOCATE|[EXTERNAL]|Bytes:9
07:26:43.0 (74317415)|SYSTEM_MODE_ENTER|false
07:26:43.0 (74321645)|VARIABLE_SCOPE_BEGIN|[65]|WhichObject|String|false|false
07:26:43.0 (74328065)|VARIABLE_ASSIGNMENT|[65]|WhichObject|"ITPR__c"
07:26:43.0 (74330466)|VARIABLE_SCOPE_BEGIN|[65]|Field|String|false|false
07:26:43.0 (74333219)|VARIABLE_ASSIGNMENT|[65]|Field|"Status__c"
07:26:43.0 (74338834)|STATEMENT_EXECUTE|[65]
07:26:43.0 (74340382)|STATEMENT_EXECUTE|[67]
07:26:43.0 (74343724)|HEAP_ALLOCATE|[67]|Bytes:11
07:26:43.0 (74359606)|HEAP_ALLOCATE|[67]|Bytes:33
07:26:43.0 (74364405)|VARIABLE_SCOPE_BEGIN|[67]|DynamicQuery|String|false|false
07:26:43.0 (74371980)|VARIABLE_ASSIGNMENT|[67]|DynamicQuery|"Select Id, Status__c (13 more) ..."
07:26:43.0 (74374244)|STATEMENT_EXECUTE|[70]
07:26:43.0 (74377183)|HEAP_ALLOCATE|[70]|Bytes:85
07:26:43.0 (74386040)|HEAP_ALLOCATE|[70]|Bytes:4
07:26:43.0 (74689854)|SOQL_EXECUTE_BEGIN|[70]|Aggregations:0|SELECT Id, ApiVersion, Name, Description, Query FROM Pushtopic WHERE Query = :tmpVar1
07:26:43.0 (80286415)|SOQL_EXECUTE_END|[70]|Rows:1
07:26:43.0 (80306494)|HEAP_ALLOCATE|[70]|Bytes:8
07:26:43.0 (80323368)|HEAP_ALLOCATE|[70]|Bytes:199
07:26:43.0 (80386730)|HEAP_ALLOCATE|[70]|Bytes:8
07:26:43.0 (80398390)|VARIABLE_SCOPE_BEGIN|[70]|topicList|List<PushTopic>|true|false
07:26:43.0 (80434641)|VARIABLE_ASSIGNMENT|[70]|topicList|{"s":1,"v":[{"s":2,"v":{"Id":"0IFm00000004E6HGAU","ApiVersion":36.0,"Name":"ITPR__cStatus__c","Description":"Autogenerated by Any (19 more) ...","Query":"Select Id, Status__c (13 more) ..."}}]}|0x51599cef
07:26:43.0 (80497726)|STATEMENT_EXECUTE|[85]
07:26:43.0 (80500323)|STATEMENT_EXECUTE|[86]
07:26:43.0 (80530967)|HEAP_ALLOCATE|[86]|Bytes:24
07:26:43.0 (80564339)|SYSTEM_MODE_EXIT|false
07:26:43.80 (80597578)|CUMULATIVE_LIMIT_USAGE
07:26:43.80 (80597578)|LIMIT_USAGE_FOR_NS|(default)|
  Number of SOQL queries: 4 out of 100
  Number of query rows: 4 out of 50000
  Number of SOSL queries: 0 out of 20
  Number of DML statements: 0 out of 150
  Number of DML rows: 0 out of 10000
  Maximum CPU time: 0 out of 10000
  Maximum heap size: 0 out of 6000000
  Number of callouts: 0 out of 100
  Number of Email Invocations: 0 out of 10
  Number of future calls: 0 out of 50
  Number of queueable jobs added to the queue: 0 out of 50
  Number of Mobile Apex push calls: 0 out of 10

07:26:43.80 (80597578)|CUMULATIVE_LIMIT_USAGE_END

07:26:43.0 (80628007)|CODE_UNIT_FINISHED|AnythingPath.dynamicTopic
07:26:43.0 (102167938)|HEAP_ALLOCATE|[EXTERNAL]|Bytes:18
07:26:43.0 (102199029)|HEAP_ALLOCATE|[EXTERNAL]|Bytes:18
07:26:43.0 (103990163)|CODE_UNIT_STARTED|[EXTERNAL]|01pm0000000EbLn|ITPR_QuickActions.retrieveITPRWithStatus
07:26:43.0 (104051469)|VARIABLE_SCOPE_BEGIN|[7]|ITPR_QuickActions.rtDictionary|Map<String,RecordType>|true|true
07:26:43.0 (104070002)|HEAP_ALLOCATE|[EXTERNAL]|Bytes:136
07:26:43.0 (104076961)|HEAP_ALLOCATE|[EXTERNAL]|Bytes:25
07:26:43.0 (104080302)|HEAP_ALLOCATE|[EXTERNAL]|Bytes:52
07:26:43.0 (104166122)|METHOD_ENTRY|[1]|01pm0000000EbLn|ITPR_QuickActions.ITPR_QuickActions()
07:26:43.0 (104171719)|STATEMENT_EXECUTE|[1]
07:26:43.0 (104178198)|STATEMENT_EXECUTE|[1]
07:26:43.0 (104179613)|STATEMENT_EXECUTE|[9]
07:26:43.0 (104180693)|STATEMENT_EXECUTE|[10]
07:26:43.0 (104186141)|HEAP_ALLOCATE|[11]|Bytes:70
07:26:43.0 (104200555)|HEAP_ALLOCATE|[11]|Bytes:4
07:26:43.0 (104497131)|SOQL_EXECUTE_BEGIN|[11]|Aggregations:0|SELECT Id, DeveloperName FROM RecordType WHERE SObjectType = 'ITPR__c'
07:26:43.0 (115000606)|SOQL_EXECUTE_END|[11]|Rows:17
07:26:43.0 (115026734)|HEAP_ALLOCATE|[11]|Bytes:72
07:26:43.0 (115060939)|HEAP_ALLOCATE|[11]|Bytes:992
07:26:43.0 (115126019)|HEAP_ALLOCATE|[11]|Bytes:72
07:26:43.0 (115144561)|VARIABLE_SCOPE_BEGIN|[10]|typeList|List<RecordType>|true|false
07:26:43.0 (115191568)|VARIABLE_ASSIGNMENT|[10]|typeList|{"s":1,"v":"List of size 17 too large to display"}|0x6ede5567
07:26:43.0 (115198342)|STATEMENT_EXECUTE|[13]
07:26:43.0 (115210201)|HEAP_ALLOCATE|[13]|Bytes:4
07:26:43.0 (115328189)|VARIABLE_ASSIGNMENT|[13]|ITPR_QuickActions.rtDictionary|{"s":1,"v":{}}|0x210d5431
07:26:43.0 (115417508)|STATEMENT_EXECUTE|[15]
07:26:43.0 (115566051)|HEAP_ALLOCATE|[16]|Bytes:5
07:26:43.0 (115613388)|HEAP_ALLOCATE|[16]|Bytes:12
07:26:43.0 (115624179)|VARIABLE_SCOPE_BEGIN|[16]|rt|RecordType|true|false
07:26:43.0 (115647809)|VARIABLE_ASSIGNMENT|[16]|rt|{"s":1,"v":{"Id":"012m00000008iTlAAI","DeveloperName":"All_Digital_Initials (9 more) ..."}}|0x2f7d345b
07:26:43.0 (115652242)|STATEMENT_EXECUTE|[17]
07:26:43.0 (115653861)|STATEMENT_EXECUTE|[18]
07:26:43.0 (115728869)|HEAP_ALLOCATE|[EXTERNAL]|Bytes:-4
07:26:43.0 (115746439)|HEAP_ALLOCATE|[16]|Bytes:5
07:26:43.0 (115769874)|HEAP_ALLOCATE|[16]|Bytes:12
07:26:43.0 (115777535)|VARIABLE_SCOPE_BEGIN|[16]|rt|RecordType|true|false
07:26:43.0 (115792577)|VARIABLE_ASSIGNMENT|[16]|rt|{"s":1,"v":{"Id":"012m00000008iTbAAI","DeveloperName":"Assigned"}}|0x5223df87
07:26:43.0 (115795844)|STATEMENT_EXECUTE|[17]
07:26:43.0 (115797106)|STATEMENT_EXECUTE|[18]
07:26:43.0 (115813001)|HEAP_ALLOCATE|[EXTERNAL]|Bytes:-4
07:26:43.0 (115825339)|HEAP_ALLOCATE|[16]|Bytes:5
07:26:43.0 (115845431)|HEAP_ALLOCATE|[16]|Bytes:12
07:26:43.0 (115852208)|VARIABLE_SCOPE_BEGIN|[16]|rt|RecordType|true|false
07:26:43.0 (115866056)|VARIABLE_ASSIGNMENT|[16]|rt|{"s":1,"v":{"Id":"012m00000008iU0AAI","DeveloperName":"Cancelled"}}|0x65c11491
07:26:43.0 (115869311)|STATEMENT_EXECUTE|[17]
07:26:43.0 (115870541)|STATEMENT_EXECUTE|[18]
07:26:43.0 (115884684)|HEAP_ALLOCATE|[EXTERNAL]|Bytes:-4
07:26:43.0 (115896460)|HEAP_ALLOCATE|[16]|Bytes:5
07:26:43.0 (115915626)|HEAP_ALLOCATE|[16]|Bytes:12
07:26:43.0 (115922259)|VARIABLE_SCOPE_BEGIN|[16]|rt|RecordType|true|false
07:26:43.0 (115935768)|VARIABLE_ASSIGNMENT|[16]|rt|{"s":1,"v":{"Id":"012m00000008iUKAAY","DeveloperName":"Complete"}}|0x119ced73
07:26:43.0 (115938950)|STATEMENT_EXECUTE|[17]
07:26:43.0 (115940131)|STATEMENT_EXECUTE|[18]
07:26:43.0 (115953637)|HEAP_ALLOCATE|[EXTERNAL]|Bytes:-4
07:26:43.0 (115965554)|HEAP_ALLOCATE|[16]|Bytes:5
07:26:43.0 (115984687)|HEAP_ALLOCATE|[16]|Bytes:12
07:26:43.0 (115991363)|VARIABLE_SCOPE_BEGIN|[16]|rt|RecordType|true|false
07:26:43.0 (116004035)|VARIABLE_ASSIGNMENT|[16]|rt|{"s":1,"v":{"Id":"012m00000008iTMAAY","DeveloperName":"Draft"}}|0x5705ccf7
07:26:43.0 (116008030)|STATEMENT_EXECUTE|[17]
07:26:43.0 (116009263)|STATEMENT_EXECUTE|[18]
07:26:43.0 (116022620)|HEAP_ALLOCATE|[EXTERNAL]|Bytes:-4
07:26:43.0 (116038010)|HEAP_ALLOCATE|[16]|Bytes:5
07:26:43.0 (116071154)|HEAP_ALLOCATE|[16]|Bytes:12
07:26:43.0 (116083290)|VARIABLE_SCOPE_BEGIN|[16]|rt|RecordType|true|false
07:26:43.0 (116097453)|VARIABLE_ASSIGNMENT|[16]|rt|{"s":1,"v":{"Id":"012m00000008iUAAAY","DeveloperName":"Executed"}}|0x1b96ee77
07:26:43.0 (116100993)|STATEMENT_EXECUTE|[17]
07:26:43.0 (116102319)|STATEMENT_EXECUTE|[18]
07:26:43.0 (116117350)|HEAP_ALLOCATE|[EXTERNAL]|Bytes:-4
07:26:43.0 (116129476)|HEAP_ALLOCATE|[16]|Bytes:5
07:26:43.0 (116149505)|HEAP_ALLOCATE|[16]|Bytes:12
07:26:43.0 (116156078)|VARIABLE_SCOPE_BEGIN|[16]|rt|RecordType|true|false
07:26:43.0 (116168846)|VARIABLE_ASSIGNMENT|[16]|rt|{"s":1,"v":{"Id":"012m00000008iTgAAI","DeveloperName":"In_Approvals"}}|0x769e0408
07:26:43.0 (116172105)|STATEMENT_EXECUTE|[17]
07:26:43.0 (116173292)|STATEMENT_EXECUTE|[18]
07:26:43.0 (116186840)|HEAP_ALLOCATE|[EXTERNAL]|Bytes:-4
07:26:43.0 (116198288)|HEAP_ALLOCATE|[16]|Bytes:5
07:26:43.0 (116217066)|HEAP_ALLOCATE|[16]|Bytes:12
07:26:43.0 (116223517)|VARIABLE_SCOPE_BEGIN|[16]|rt|RecordType|true|false
07:26:43.0 (116236162)|VARIABLE_ASSIGNMENT|[16]|rt|{"s":1,"v":{"Id":"012d0000000x2ACAAY","DeveloperName":"In_Process"}}|0x1f98dd
07:26:43.0 (116239216)|STATEMENT_EXECUTE|[17]
07:26:43.0 (116240696)|STATEMENT_EXECUTE|[18]
07:26:43.0 (116254198)|HEAP_ALLOCATE|[EXTERNAL]|Bytes:-4
07:26:43.0 (116265394)|HEAP_ALLOCATE|[16]|Bytes:5
07:26:43.0 (116284244)|HEAP_ALLOCATE|[16]|Bytes:12
07:26:43.0 (116290799)|VARIABLE_SCOPE_BEGIN|[16]|rt|RecordType|true|false
07:26:43.0 (116303246)|VARIABLE_ASSIGNMENT|[16]|rt|{"s":1,"v":{"Id":"012m00000008iUFAAY","DeveloperName":"Not_Executed"}}|0x79849e5d
07:26:43.0 (116306522)|STATEMENT_EXECUTE|[17]
07:26:43.0 (116308683)|STATEMENT_EXECUTE|[18]
07:26:43.0 (116329536)|HEAP_ALLOCATE|[EXTERNAL]|Bytes:-4
07:26:43.0 (116356533)|HEAP_ALLOCATE|[16]|Bytes:5
07:26:43.0 (116386344)|HEAP_ALLOCATE|[16]|Bytes:12
07:26:43.0 (116394802)|VARIABLE_SCOPE_BEGIN|[16]|rt|RecordType|true|false
07:26:43.0 (116408823)|VARIABLE_ASSIGNMENT|[16]|rt|{"s":1,"v":{"Id":"012m00000008iTqAAI","DeveloperName":"On_Hold"}}|0x554d224c
07:26:43.0 (116411858)|STATEMENT_EXECUTE|[17]
07:26:43.0 (116412992)|STATEMENT_EXECUTE|[18]
07:26:43.0 (116427454)|HEAP_ALLOCATE|[EXTERNAL]|Bytes:-4
07:26:43.0 (116439596)|HEAP_ALLOCATE|[16]|Bytes:5
07:26:43.0 (116458695)|HEAP_ALLOCATE|[16]|Bytes:12
07:26:43.0 (116465102)|VARIABLE_SCOPE_BEGIN|[16]|rt|RecordType|true|false
07:26:43.0 (116477977)|VARIABLE_ASSIGNMENT|[16]|rt|{"s":1,"v":{"Id":"012d0000000x3F8AAI","DeveloperName":"Pending_Budget"}}|0x53f5d2a9
07:26:43.0 (116481257)|STATEMENT_EXECUTE|[17]
07:26:43.0 (116482425)|STATEMENT_EXECUTE|[18]
07:26:43.0 (116495683)|HEAP_ALLOCATE|[EXTERNAL]|Bytes:-4
07:26:43.0 (116506981)|HEAP_ALLOCATE|[16]|Bytes:5
07:26:43.0 (116525653)|HEAP_ALLOCATE|[16]|Bytes:12
07:26:43.0 (116532224)|VARIABLE_SCOPE_BEGIN|[16]|rt|RecordType|true|false
07:26:43.0 (116548054)|VARIABLE_ASSIGNMENT|[16]|rt|{"s":1,"v":{"Id":"012m00000008iTWAAY","DeveloperName":"Pending_More_Info_Ne (4 more) ..."}}|0x2f50717a
07:26:43.0 (116552149)|STATEMENT_EXECUTE|[17]
07:26:43.0 (116553332)|STATEMENT_EXECUTE|[18]
07:26:43.0 (116567577)|HEAP_ALLOCATE|[EXTERNAL]|Bytes:-4
07:26:43.0 (116579169)|HEAP_ALLOCATE|[16]|Bytes:5
07:26:43.0 (116598446)|HEAP_ALLOCATE|[16]|Bytes:12
07:26:43.0 (116605227)|VARIABLE_SCOPE_BEGIN|[16]|rt|RecordType|true|false
07:26:43.0 (116618103)|VARIABLE_ASSIGNMENT|[16]|rt|{"s":1,"v":{"Id":"012m00000008iU5AAI","DeveloperName":"Reactivate"}}|0x727b74bb
07:26:43.0 (116621068)|STATEMENT_EXECUTE|[17]
07:26:43.0 (116622241)|STATEMENT_EXECUTE|[18]
07:26:43.0 (116636091)|HEAP_ALLOCATE|[EXTERNAL]|Bytes:-4
07:26:43.0 (116647349)|HEAP_ALLOCATE|[16]|Bytes:5
07:26:43.0 (116665890)|HEAP_ALLOCATE|[16]|Bytes:12
07:26:43.0 (116672255)|VARIABLE_SCOPE_BEGIN|[16]|rt|RecordType|true|false
07:26:43.0 (116684747)|VARIABLE_ASSIGNMENT|[16]|rt|{"s":1,"v":{"Id":"012m00000008iTRAAY","DeveloperName":"Submitted"}}|0x4e1867fa
07:26:43.0 (116687703)|STATEMENT_EXECUTE|[17]
07:26:43.0 (116688794)|STATEMENT_EXECUTE|[18]
07:26:43.0 (116701899)|HEAP_ALLOCATE|[EXTERNAL]|Bytes:-4
07:26:43.0 (116713007)|HEAP_ALLOCATE|[16]|Bytes:5
07:26:43.0 (116731404)|HEAP_ALLOCATE|[16]|Bytes:12
07:26:43.0 (116737788)|VARIABLE_SCOPE_BEGIN|[16]|rt|RecordType|true|false
07:26:43.0 (116750732)|VARIABLE_ASSIGNMENT|[16]|rt|{"s":1,"v":{"Id":"012d0000000x2ADAAY","DeveloperName":"Wave1_Approvals"}}|0x3385940a
07:26:43.0 (116754251)|STATEMENT_EXECUTE|[17]
07:26:43.0 (116755486)|STATEMENT_EXECUTE|[18]
07:26:43.0 (116768778)|HEAP_ALLOCATE|[EXTERNAL]|Bytes:-4
07:26:43.0 (116780037)|HEAP_ALLOCATE|[16]|Bytes:5
07:26:43.0 (116798544)|HEAP_ALLOCATE|[16]|Bytes:12
07:26:43.0 (116805005)|VARIABLE_SCOPE_BEGIN|[16]|rt|RecordType|true|false
07:26:43.0 (116817747)|VARIABLE_ASSIGNMENT|[16]|rt|{"s":1,"v":{"Id":"012d0000000x2AEAAY","DeveloperName":"Wave2_Approvals"}}|0x1ff2f8a1
07:26:43.0 (116820788)|STATEMENT_EXECUTE|[17]
07:26:43.0 (116821982)|STATEMENT_EXECUTE|[18]
07:26:43.0 (116835247)|HEAP_ALLOCATE|[EXTERNAL]|Bytes:-4
07:26:43.0 (116846436)|HEAP_ALLOCATE|[16]|Bytes:5
07:26:43.0 (116864965)|HEAP_ALLOCATE|[16]|Bytes:12
07:26:43.0 (116871479)|VARIABLE_SCOPE_BEGIN|[16]|rt|RecordType|true|false
07:26:43.0 (116884617)|VARIABLE_ASSIGNMENT|[16]|rt|{"s":1,"v":{"Id":"012d0000000x2AFAAY","DeveloperName":"Wave3_Approvals"}}|0x36858948
07:26:43.0 (116887909)|STATEMENT_EXECUTE|[17]
07:26:43.0 (116889057)|STATEMENT_EXECUTE|[18]
07:26:43.0 (116902308)|HEAP_ALLOCATE|[EXTERNAL]|Bytes:-4
07:26:43.0 (116913745)|HEAP_ALLOCATE|[16]|Bytes:5
07:26:43.0 (116925024)|VARIABLE_ASSIGNMENT|[16]|rt|null|
07:26:43.0 (116936347)|METHOD_EXIT|[1]|ITPR_QuickActions
07:26:43.0 (116943289)|HEAP_ALLOCATE|[EXTERNAL]|Bytes:18
07:26:43.0 (116950978)|SYSTEM_MODE_ENTER|false
07:26:43.0 (116957251)|VARIABLE_SCOPE_BEGIN|[119]|recordId|String|false|false
07:26:43.0 (116962496)|VARIABLE_ASSIGNMENT|[119]|recordId|"a1Nm00000011q90EAA"
07:26:43.0 (116970121)|STATEMENT_EXECUTE|[119]
07:26:43.0 (116971482)|STATEMENT_EXECUTE|[120]
07:26:43.0 (116974639)|HEAP_ALLOCATE|[120]|Bytes:63
07:26:43.0 (116981099)|HEAP_ALLOCATE|[120]|Bytes:4
07:26:43.0 (117220742)|SOQL_EXECUTE_BEGIN|[120]|Aggregations:0|SELECT Name, Status__c FROM ITPR__c WHERE Id = :tmpVar1 LIMIT 1
07:26:43.0 (122857483)|SOQL_EXECUTE_END|[120]|Rows:1
07:26:43.0 (122872693)|HEAP_ALLOCATE|[120]|Bytes:8
07:26:43.0 (122884240)|HEAP_ALLOCATE|[120]|Bytes:70
07:26:43.0 (122899292)|HEAP_ALLOCATE|[120]|Bytes:8
07:26:43.0 (122907842)|HEAP_ALLOCATE|[120]|Bytes:33
07:26:43.0 (122940698)|HEAP_ALLOCATE|[120]|Bytes:16
07:26:43.0 (122948840)|VARIABLE_SCOPE_BEGIN|[120]|itsesRequest|ITPR__c|true|false
07:26:43.0 (122967325)|VARIABLE_ASSIGNMENT|[120]|itsesRequest|{"s":1,"v":{"Name":"201609-04573","Status__c":"Assigned","Id":"a1Nm00000011q90EAA"}}|0x4bce5395
07:26:43.0 (122971177)|STATEMENT_EXECUTE|[121]
07:26:43.0 (122978684)|SYSTEM_MODE_EXIT|false
07:26:43.123 (123026647)|CUMULATIVE_LIMIT_USAGE
07:26:43.123 (123026647)|LIMIT_USAGE_FOR_NS|(default)|
  Number of SOQL queries: 6 out of 100
  Number of query rows: 22 out of 50000
  Number of SOSL queries: 0 out of 20
  Number of DML statements: 0 out of 150
  Number of DML rows: 0 out of 10000
  Maximum CPU time: 0 out of 10000
  Maximum heap size: 0 out of 6000000
  Number of callouts: 0 out of 100
  Number of Email Invocations: 0 out of 10
  Number of future calls: 0 out of 50
  Number of queueable jobs added to the queue: 0 out of 50
  Number of Mobile Apex push calls: 0 out of 10

07:26:43.123 (123026647)|CUMULATIVE_LIMIT_USAGE_END

07:26:43.0 (123073622)|CODE_UNIT_FINISHED|ITPR_QuickActions.retrieveITPRWithStatus
07:26:43.0 (286108889)|HEAP_ALLOCATE|[EXTERNAL]|Bytes:778
07:26:43.0 (286141864)|HEAP_ALLOCATE|[EXTERNAL]|Bytes:778
07:26:43.0 (288884786)|CODE_UNIT_STARTED|[EXTERNAL]|01pm0000000EXpe|PowerRelatedListCtrl.query
07:26:43.0 (288969163)|HEAP_ALLOCATE|[EXTERNAL]|Bytes:14
07:26:43.0 (288976397)|HEAP_ALLOCATE|[EXTERNAL]|Bytes:21
07:26:43.0 (288978900)|HEAP_ALLOCATE|[EXTERNAL]|Bytes:27
07:26:43.0 (288995061)|METHOD_ENTRY|[1]|01pm0000000EXpe|PowerRelatedListCtrl.PowerRelatedListCtrl()
07:26:43.0 (288999990)|STATEMENT_EXECUTE|[1]
07:26:43.0 (289006389)|STATEMENT_EXECUTE|[1]
07:26:43.0 (289021260)|SYSTEM_MODE_ENTER|false
07:26:43.0 (289036012)|HEAP_ALLOCATE|[EXTERNAL]|Bytes:5
07:26:43.0 (289040007)|STATEMENT_EXECUTE|[219]
07:26:43.0 (289046508)|SYSTEM_MODE_EXIT|false
07:26:43.0 (289055420)|METHOD_EXIT|[1]|PowerRelatedListCtrl
07:26:43.0 (289060810)|HEAP_ALLOCATE|[EXTERNAL]|Bytes:778
07:26:43.0 (289065223)|SYSTEM_MODE_ENTER|false
07:26:43.0 (289075389)|VARIABLE_SCOPE_BEGIN|[4]|soql|String|false|false
07:26:43.0 (289092509)|VARIABLE_ASSIGNMENT|[4]|soql|"select Id, Organizat (758 more) ..."
07:26:43.0 (289104281)|HEAP_ALLOCATE|[5]|Bytes:5
07:26:43.0 (289107874)|STATEMENT_EXECUTE|[4]
07:26:43.0 (289109392)|STATEMENT_EXECUTE|[5]
07:26:43.0 (289845198)|SOQL_EXECUTE_BEGIN|[5]|Aggregations:0|select Id, Organization__c, Name, Request_Type__c, Category__c, Submitted_By__c, Business_Area__c, Submitted_By_Phone_Number__c, Submitted_On_Behalf_Of__c, Delegated_Requestor__c, Delegated_Requestor_check__c, Supplier_Name__c, Do_not_Auto_Assign__c, Supplier_Contact_Name__c, Manager__c, Supplier_Contact_Email__c, Request_Comments_Updates__c, Supplier_Contact_Phone_Number__c, Actual_Requestor__c, Opportunity_Statement__c, If_Chg_Order_Provide_Orig_Contract_Value__c, I_Have_Read_The_Provided_ITP_OLA__c, Engagement_Of_A_New_Supplier__c, Assign_check__c, If_Rqd_Has_Hosting_Cert_Team_Approved__c, Portfolio_Department__c, If_Required_Has_The_TRB_Approved__c, Date_Needed_By__c, Primary_Assignee__c, Primary_Assignee_Prior_Value__c from ITPR__c where Id = 'a1Nm00000011q90EAA'
07:26:43.0 (320532259)|SOQL_EXECUTE_END|[5]|Rows:1
07:26:43.0 (320572218)|HEAP_ALLOCATE|[5]|Bytes:8
07:26:43.0 (320607292)|HEAP_ALLOCATE|[5]|Bytes:695
07:26:43.0 (320643819)|HEAP_ALLOCATE|[5]|Bytes:8
07:26:43.0 (320759325)|HEAP_ALLOCATE|[5]|Bytes:24
07:26:43.0 (320798371)|SYSTEM_METHOD_ENTRY|[1]|JSON.JSON()
07:26:43.0 (320802675)|STATEMENT_EXECUTE|[1]
07:26:43.0 (320815114)|SYSTEM_METHOD_EXIT|[1]|JSON
07:26:43.0 (320836412)|METHOD_ENTRY|[5]||System.JSON.serialize(Object)
07:26:43.0 (321434250)|METHOD_EXIT|[5]||System.JSON.serialize(Object)
07:26:43.0 (321449802)|SYSTEM_MODE_EXIT|false
07:26:43.321 (321506098)|CUMULATIVE_LIMIT_USAGE
07:26:43.321 (321506098)|LIMIT_USAGE_FOR_NS|(default)|
  Number of SOQL queries: 7 out of 100
  Number of query rows: 23 out of 50000
  Number of SOSL queries: 0 out of 20
  Number of DML statements: 0 out of 150
  Number of DML rows: 0 out of 10000
  Maximum CPU time: 0 out of 10000
  Maximum heap size: 0 out of 6000000
  Number of callouts: 0 out of 100
  Number of Email Invocations: 0 out of 10
  Number of future calls: 0 out of 50
  Number of queueable jobs added to the queue: 0 out of 50
  Number of Mobile Apex push calls: 0 out of 10

07:26:43.321 (321506098)|CUMULATIVE_LIMIT_USAGE_END

07:26:43.0 (321562111)|CODE_UNIT_FINISHED|PowerRelatedListCtrl.query
