38.0 APEX_CODE,FINEST;APEX_PROFILING,INFO;CALLOUT,INFO;DB,INFO;SYSTEM,DEBUG;VALIDATION,INFO;VISUALFORCE,INFO;WORKFLOW,INFO
07:04:01.3 (3241031)|USER_INFO|[EXTERNAL]|005m0000002GNhO|dscruggs@salesforce.com.rfadev13|Pacific Standard Time|GMT-07:00
07:04:01.3 (3275463)|EXECUTION_STARTED
07:04:01.3 (3281872)|CODE_UNIT_STARTED|[EXTERNAL]|aura
07:04:01.3 (3789155)|HEAP_ALLOCATE|[72]|Bytes:3
07:04:01.3 (3848855)|HEAP_ALLOCATE|[77]|Bytes:152
07:04:01.3 (3868824)|HEAP_ALLOCATE|[342]|Bytes:408
07:04:01.3 (3886843)|HEAP_ALLOCATE|[355]|Bytes:408
07:04:01.3 (3903625)|HEAP_ALLOCATE|[467]|Bytes:48
07:04:01.3 (3936223)|HEAP_ALLOCATE|[139]|Bytes:6
07:04:01.3 (3967479)|HEAP_ALLOCATE|[EXTERNAL]|Bytes:18
07:04:01.3 (3986381)|HEAP_ALLOCATE|[EXTERNAL]|Bytes:18
07:04:01.3 (4075660)|HEAP_ALLOCATE|[EXTERNAL]|Bytes:9
07:04:01.3 (4087129)|HEAP_ALLOCATE|[EXTERNAL]|Bytes:9
07:04:01.3 (4136281)|HEAP_ALLOCATE|[EXTERNAL]|Bytes:7
07:04:01.3 (4146017)|HEAP_ALLOCATE|[EXTERNAL]|Bytes:7
07:04:01.3 (6038533)|CODE_UNIT_STARTED|[EXTERNAL]|01pm0000000EXDB|AnythingPath.getCurrentValue
07:04:01.3 (6131264)|HEAP_ALLOCATE|[EXTERNAL]|Bytes:15
07:04:01.3 (6136920)|HEAP_ALLOCATE|[EXTERNAL]|Bytes:8
07:04:01.3 (6145307)|METHOD_ENTRY|[1]|01pm0000000EXDB|AnythingPath.AnythingPath()
07:04:01.3 (6148647)|STATEMENT_EXECUTE|[1]
07:04:01.3 (6153829)|STATEMENT_EXECUTE|[1]
07:04:01.3 (6158859)|METHOD_EXIT|[1]|AnythingPath
07:04:01.3 (6163043)|HEAP_ALLOCATE|[EXTERNAL]|Bytes:18
07:04:01.3 (6164800)|HEAP_ALLOCATE|[EXTERNAL]|Bytes:9
07:04:01.3 (6166061)|HEAP_ALLOCATE|[EXTERNAL]|Bytes:7
07:04:01.3 (6174684)|SYSTEM_MODE_ENTER|false
07:04:01.3 (6183528)|VARIABLE_SCOPE_BEGIN|[21]|recordId|String|false|false
07:04:01.3 (6222662)|VARIABLE_ASSIGNMENT|[21]|recordId|"a1Nm00000011q90EAA"
07:04:01.3 (6226002)|VARIABLE_SCOPE_BEGIN|[21]|picklistField|String|false|false
07:04:01.3 (6234331)|VARIABLE_ASSIGNMENT|[21]|picklistField|"Status__c"
07:04:01.3 (6236193)|VARIABLE_SCOPE_BEGIN|[21]|sObjectName|String|false|false
07:04:01.3 (6238759)|VARIABLE_ASSIGNMENT|[21]|sObjectName|"ITPR__c"
07:04:01.3 (6250146)|STATEMENT_EXECUTE|[21]
07:04:01.3 (6251621)|STATEMENT_EXECUTE|[22]
07:04:01.3 (6255067)|HEAP_ALLOCATE|[22]|Bytes:11
07:04:01.3 (6259317)|HEAP_ALLOCATE|[22]|Bytes:6
07:04:01.3 (6261958)|HEAP_ALLOCATE|[22]|Bytes:13
07:04:01.3 (6277262)|HEAP_ALLOCATE|[22]|Bytes:64
07:04:01.3 (6280860)|HEAP_ALLOCATE|[22]|Bytes:1
07:04:01.3 (6287267)|HEAP_ALLOCATE|[22]|Bytes:65
07:04:01.3 (6291393)|VARIABLE_SCOPE_BEGIN|[22]|soql|String|false|false
07:04:01.3 (6300251)|VARIABLE_ASSIGNMENT|[22]|soql|"select Id, Status__c (45 more) ..."
07:04:01.3 (6302405)|STATEMENT_EXECUTE|[23]
07:04:01.3 (6339106)|HEAP_ALLOCATE|[50]|Bytes:5
07:04:01.3 (6360183)|HEAP_ALLOCATE|[56]|Bytes:5
07:04:01.3 (6368982)|HEAP_ALLOCATE|[64]|Bytes:7
07:04:01.3 (9940590)|SOQL_EXECUTE_BEGIN|[23]|Aggregations:0|select Id, Status__c from ITPR__c where id = 'a1Nm00000011q90EAA'
07:04:01.3 (28963275)|SOQL_EXECUTE_END|[23]|Rows:1
07:04:01.3 (28986617)|HEAP_ALLOCATE|[23]|Bytes:8
07:04:01.3 (29002921)|HEAP_ALLOCATE|[23]|Bytes:50
07:04:01.3 (29125407)|HEAP_ALLOCATE|[23]|Bytes:8
07:04:01.3 (29146905)|VARIABLE_SCOPE_BEGIN|[23]|records|List<SObject>|true|false
07:04:01.3 (29191521)|VARIABLE_ASSIGNMENT|[23]|records|{"s":1,"v":[{"s":2,"v":{"Id":"a1Nm00000011q90EAA","Status__c":"Assigned"}}]}|0x3caf9360
07:04:01.3 (29195770)|STATEMENT_EXECUTE|[24]
07:04:01.3 (29275903)|HEAP_ALLOCATE|[24]|Bytes:12
07:04:01.3 (29368541)|HEAP_ALLOCATE|[24]|Bytes:8
07:04:01.3 (29388685)|SYSTEM_MODE_EXIT|false
07:04:01.29 (29437699)|CUMULATIVE_LIMIT_USAGE
07:04:01.29 (29437699)|LIMIT_USAGE_FOR_NS|(default)|
  Number of SOQL queries: 1 out of 100
  Number of query rows: 1 out of 50000
  Number of SOSL queries: 0 out of 20
  Number of DML statements: 0 out of 150
  Number of DML rows: 0 out of 10000
  Maximum CPU time: 0 out of 10000
  Maximum heap size: 0 out of 6000000
  Number of callouts: 0 out of 100
  Number of Email Invocations: 0 out of 10
  Number of future calls: 0 out of 50
  Number of queueable jobs added to the queue: 0 out of 50
  Number of Mobile Apex push calls: 0 out of 10

07:04:01.29 (29437699)|CUMULATIVE_LIMIT_USAGE_END

07:04:01.3 (29482705)|CODE_UNIT_FINISHED|AnythingPath.getCurrentValue
07:04:01.3 (29836813)|HEAP_ALLOCATE|[EXTERNAL]|Bytes:18
07:04:01.3 (29854342)|HEAP_ALLOCATE|[EXTERNAL]|Bytes:18
07:04:01.3 (29906805)|HEAP_ALLOCATE|[EXTERNAL]|Bytes:9
07:04:01.3 (29916893)|HEAP_ALLOCATE|[EXTERNAL]|Bytes:9
07:04:01.3 (29963304)|HEAP_ALLOCATE|[EXTERNAL]|Bytes:7
07:04:01.3 (29972910)|HEAP_ALLOCATE|[EXTERNAL]|Bytes:7
07:04:01.3 (32796070)|CODE_UNIT_STARTED|[EXTERNAL]|01pm0000000EXDB|AnythingPath.getPicklistOptions
07:04:01.3 (32852600)|HEAP_ALLOCATE|[EXTERNAL]|Bytes:18
07:04:01.3 (32856175)|HEAP_ALLOCATE|[EXTERNAL]|Bytes:9
07:04:01.3 (32857621)|HEAP_ALLOCATE|[EXTERNAL]|Bytes:7
07:04:01.3 (32865742)|SYSTEM_MODE_ENTER|false
07:04:01.3 (32872979)|VARIABLE_SCOPE_BEGIN|[37]|recordId|String|false|false
07:04:01.3 (32879992)|VARIABLE_ASSIGNMENT|[37]|recordId|"a1Nm00000011q90EAA"
07:04:01.3 (32882732)|VARIABLE_SCOPE_BEGIN|[37]|picklistField|String|false|false
07:04:01.3 (32885622)|VARIABLE_ASSIGNMENT|[37]|picklistField|"Status__c"
07:04:01.3 (32887772)|VARIABLE_SCOPE_BEGIN|[37]|sObjectName|String|false|false
07:04:01.3 (32890322)|VARIABLE_ASSIGNMENT|[37]|sObjectName|"ITPR__c"
07:04:01.3 (32897877)|STATEMENT_EXECUTE|[37]
07:04:01.3 (32899272)|STATEMENT_EXECUTE|[38]
07:04:01.3 (32910306)|HEAP_ALLOCATE|[38]|Bytes:4
07:04:01.3 (32924663)|VARIABLE_SCOPE_BEGIN|[38]|output|Map<String,String>|true|false
07:04:01.3 (32942057)|VARIABLE_ASSIGNMENT|[38]|output|{"s":1,"v":{}}|0x3f41913c
07:04:01.3 (32944623)|STATEMENT_EXECUTE|[39]
07:04:01.3 (32951167)|VARIABLE_SCOPE_BEGIN|[39]|objType|Schema.SObjectType|true|false
07:04:01.3 (32957077)|VARIABLE_ASSIGNMENT|[39]|objType|null|
07:04:01.3 (32959544)|STATEMENT_EXECUTE|[42]
07:04:01.3 (32960592)|STATEMENT_EXECUTE|[49]
07:04:01.3 (33003712)|HEAP_ALLOCATE|[49]|Bytes:4
07:04:01.3 (33224524)|VARIABLE_ASSIGNMENT|[49]|objType|"common.apex.runtime.impl.ApexSObjectTypeToken@59156284"|0x59156284
07:04:01.3 (33233966)|STATEMENT_EXECUTE|[50]
07:04:01.3 (38354766)|HEAP_ALLOCATE|[50]|Bytes:4
07:04:01.3 (38395982)|VARIABLE_SCOPE_BEGIN|[50]|dsr|Schema.DescribeSObjectResult|true|false
07:04:01.3 (38479506)|VARIABLE_ASSIGNMENT|[50]|dsr|"common.api.soap.wsdl.DescribeSObjectResult@d9bce2b6"|0xecc14d2
07:04:01.3 (38483747)|STATEMENT_EXECUTE|[51]
07:04:01.3 (40247122)|HEAP_ALLOCATE|[51]|Bytes:804
07:04:01.3 (40258068)|VARIABLE_SCOPE_BEGIN|[51]|fieldMap|Map<String,Schema.SObjectField>|true|false
07:04:01.3 (40497341)|VARIABLE_ASSIGNMENT|[51]|fieldMap|"{acceptance_time__c=Acceptance_Time__c, actionable_request__c=Actionable_Request__c, actual_finance_assignee__c=Actual_Finance_Assignee__c, actual_legal_assignee__c=Actual_Legal_Assignee__c, actual_procurement_assignee__c=Actual_Procurement_Assignee__c, actual_requestor__c=Actual_Requestor__c, actual_vendor_governance_assignee__c=Actual_Vendor_Governance_Assignee__c, additional_approval_complete__c=Additional_Approval_Complete__c, additional_approver_1__c=Additional_Approver_1__c, additional_approver_2__c=Additional_Approver_2__c, ...}"|0xcc1ddbd
07:04:01.3 (40506166)|STATEMENT_EXECUTE|[52]
07:04:01.3 (55833494)|HEAP_ALLOCATE|[52]|Bytes:8
07:04:01.3 (55877291)|VARIABLE_SCOPE_BEGIN|[52]|dfr|Schema.DescribeFieldResult|true|false
07:04:01.3 (56051998)|VARIABLE_ASSIGNMENT|[52]|dfr|"common.api.soap.wsdl.Field@6d496207"|0x5dde4c38
07:04:01.3 (56057824)|STATEMENT_EXECUTE|[53]
07:04:01.3 (56094724)|HEAP_ALLOCATE|[EXTERNAL]|Bytes:60
07:04:01.3 (56158022)|HEAP_ALLOCATE|[53]|Bytes:60
07:04:01.3 (56168304)|VARIABLE_SCOPE_BEGIN|[53]|results|List<Schema.PicklistEntry>|true|false
07:04:01.3 (56191889)|VARIABLE_ASSIGNMENT|[53]|results|{"s":1,"v":"List of size 14 too large to display"}|0x5f704e0b
07:04:01.3 (56404845)|HEAP_ALLOCATE|[55]|Bytes:5
07:04:01.3 (56463708)|HEAP_ALLOCATE|[55]|Bytes:4
07:04:01.3 (56488300)|VARIABLE_SCOPE_BEGIN|[55]|pe|Schema.PicklistEntry|true|false
07:04:01.3 (56502059)|VARIABLE_ASSIGNMENT|[55]|pe|Draft|0x539015da
07:04:01.3 (56504984)|STATEMENT_EXECUTE|[55]
07:04:01.3 (56524421)|STATEMENT_EXECUTE|[56]
07:04:01.3 (56535897)|HEAP_ALLOCATE|[56]|Bytes:5
07:04:01.3 (56546371)|HEAP_ALLOCATE|[56]|Bytes:5
07:04:01.3 (56583691)|HEAP_ALLOCATE|[EXTERNAL]|Bytes:-4
07:04:01.3 (56599591)|HEAP_ALLOCATE|[55]|Bytes:5
07:04:01.3 (56610609)|HEAP_ALLOCATE|[55]|Bytes:4
07:04:01.3 (56623664)|VARIABLE_SCOPE_BEGIN|[55]|pe|Schema.PicklistEntry|true|false
07:04:01.3 (56633557)|VARIABLE_ASSIGNMENT|[55]|pe|Submitted|0xe4d09b5
07:04:01.3 (56636174)|STATEMENT_EXECUTE|[55]
07:04:01.3 (56643041)|STATEMENT_EXECUTE|[56]
07:04:01.3 (56647867)|HEAP_ALLOCATE|[56]|Bytes:9
07:04:01.3 (56652621)|HEAP_ALLOCATE|[56]|Bytes:9
07:04:01.3 (56660997)|HEAP_ALLOCATE|[EXTERNAL]|Bytes:-4
07:04:01.3 (56672220)|HEAP_ALLOCATE|[55]|Bytes:5
07:04:01.3 (56681755)|HEAP_ALLOCATE|[55]|Bytes:4
07:04:01.3 (56693150)|VARIABLE_SCOPE_BEGIN|[55]|pe|Schema.PicklistEntry|true|false
07:04:01.3 (56701717)|VARIABLE_ASSIGNMENT|[55]|pe|Pending More Info Needed|0x72cc8924
07:04:01.3 (56704306)|STATEMENT_EXECUTE|[55]
07:04:01.3 (56710936)|STATEMENT_EXECUTE|[56]
07:04:01.3 (56715516)|HEAP_ALLOCATE|[56]|Bytes:24
07:04:01.3 (56720355)|HEAP_ALLOCATE|[56]|Bytes:24
07:04:01.3 (56728299)|HEAP_ALLOCATE|[EXTERNAL]|Bytes:-4
07:04:01.3 (56738880)|HEAP_ALLOCATE|[55]|Bytes:5
07:04:01.3 (56748302)|HEAP_ALLOCATE|[55]|Bytes:4
07:04:01.3 (56759132)|VARIABLE_SCOPE_BEGIN|[55]|pe|Schema.PicklistEntry|true|false
07:04:01.3 (56767243)|VARIABLE_ASSIGNMENT|[55]|pe|Assigned|0xffe81ca
07:04:01.3 (56769723)|STATEMENT_EXECUTE|[55]
07:04:01.3 (56775508)|STATEMENT_EXECUTE|[56]
07:04:01.3 (56779903)|HEAP_ALLOCATE|[56]|Bytes:8
07:04:01.3 (56784587)|HEAP_ALLOCATE|[56]|Bytes:8
07:04:01.3 (56792533)|HEAP_ALLOCATE|[EXTERNAL]|Bytes:-4
07:04:01.3 (56803190)|HEAP_ALLOCATE|[55]|Bytes:5
07:04:01.3 (56812602)|HEAP_ALLOCATE|[55]|Bytes:4
07:04:01.3 (56823435)|VARIABLE_SCOPE_BEGIN|[55]|pe|Schema.PicklistEntry|true|false
07:04:01.3 (56831223)|VARIABLE_ASSIGNMENT|[55]|pe|In Process|0x5c136b2a
07:04:01.3 (56833626)|STATEMENT_EXECUTE|[55]
07:04:01.3 (56839600)|STATEMENT_EXECUTE|[56]
07:04:01.3 (56844714)|HEAP_ALLOCATE|[56]|Bytes:10
07:04:01.3 (56849383)|HEAP_ALLOCATE|[56]|Bytes:10
07:04:01.3 (56857155)|HEAP_ALLOCATE|[EXTERNAL]|Bytes:-4
07:04:01.3 (56867562)|HEAP_ALLOCATE|[55]|Bytes:5
07:04:01.3 (56876848)|HEAP_ALLOCATE|[55]|Bytes:4
07:04:01.3 (56887755)|VARIABLE_SCOPE_BEGIN|[55]|pe|Schema.PicklistEntry|true|false
07:04:01.3 (56895758)|VARIABLE_ASSIGNMENT|[55]|pe|Pending Project Final Budget|0x3af5c1bc
07:04:01.3 (56898296)|STATEMENT_EXECUTE|[55]
07:04:01.3 (56904240)|STATEMENT_EXECUTE|[56]
07:04:01.3 (56908784)|HEAP_ALLOCATE|[56]|Bytes:28
07:04:01.3 (56913375)|HEAP_ALLOCATE|[56]|Bytes:28
07:04:01.3 (56921120)|HEAP_ALLOCATE|[EXTERNAL]|Bytes:-4
07:04:01.3 (56931670)|HEAP_ALLOCATE|[55]|Bytes:5
07:04:01.3 (56940878)|HEAP_ALLOCATE|[55]|Bytes:4
07:04:01.3 (56951609)|VARIABLE_SCOPE_BEGIN|[55]|pe|Schema.PicklistEntry|true|false
07:04:01.3 (56959257)|VARIABLE_ASSIGNMENT|[55]|pe|In Approvals|0x2ce6fa6f
07:04:01.3 (56961676)|STATEMENT_EXECUTE|[55]
07:04:01.3 (56967636)|STATEMENT_EXECUTE|[56]
07:04:01.3 (56972649)|HEAP_ALLOCATE|[56]|Bytes:12
07:04:01.3 (56977234)|HEAP_ALLOCATE|[56]|Bytes:12
07:04:01.3 (56985106)|HEAP_ALLOCATE|[EXTERNAL]|Bytes:-4
07:04:01.3 (56995562)|HEAP_ALLOCATE|[55]|Bytes:5
07:04:01.3 (57004796)|HEAP_ALLOCATE|[55]|Bytes:4
07:04:01.3 (57016710)|VARIABLE_SCOPE_BEGIN|[55]|pe|Schema.PicklistEntry|true|false
07:04:01.3 (57024756)|VARIABLE_ASSIGNMENT|[55]|pe|All Digital Initials Obtained|0x576ddee8
07:04:01.3 (57027301)|STATEMENT_EXECUTE|[55]
07:04:01.3 (57033502)|STATEMENT_EXECUTE|[56]
07:04:01.3 (57038050)|HEAP_ALLOCATE|[56]|Bytes:29
07:04:01.3 (57042650)|HEAP_ALLOCATE|[56]|Bytes:29
07:04:01.3 (57050565)|HEAP_ALLOCATE|[EXTERNAL]|Bytes:-4
07:04:01.3 (57061161)|HEAP_ALLOCATE|[55]|Bytes:5
07:04:01.3 (57073509)|HEAP_ALLOCATE|[55]|Bytes:4
07:04:01.3 (57085066)|VARIABLE_SCOPE_BEGIN|[55]|pe|Schema.PicklistEntry|true|false
07:04:01.3 (57093305)|VARIABLE_ASSIGNMENT|[55]|pe|On Hold|0x10e0a514
07:04:01.3 (57095694)|STATEMENT_EXECUTE|[55]
07:04:01.3 (57101774)|STATEMENT_EXECUTE|[56]
07:04:01.3 (57106688)|HEAP_ALLOCATE|[56]|Bytes:7
07:04:01.3 (57111485)|HEAP_ALLOCATE|[56]|Bytes:7
07:04:01.3 (57119406)|HEAP_ALLOCATE|[EXTERNAL]|Bytes:-4
07:04:01.3 (57130153)|HEAP_ALLOCATE|[55]|Bytes:5
07:04:01.3 (57139423)|HEAP_ALLOCATE|[55]|Bytes:4
07:04:01.3 (57150335)|VARIABLE_SCOPE_BEGIN|[55]|pe|Schema.PicklistEntry|true|false
07:04:01.3 (57158277)|VARIABLE_ASSIGNMENT|[55]|pe|Cancelled|0x40c6e95
07:04:01.3 (57160562)|STATEMENT_EXECUTE|[55]
07:04:01.3 (57166452)|STATEMENT_EXECUTE|[56]
07:04:01.3 (57170927)|HEAP_ALLOCATE|[56]|Bytes:9
07:04:01.3 (57175607)|HEAP_ALLOCATE|[56]|Bytes:9
07:04:01.3 (57183508)|HEAP_ALLOCATE|[EXTERNAL]|Bytes:-4
07:04:01.3 (57194029)|HEAP_ALLOCATE|[55]|Bytes:5
07:04:01.3 (57203188)|HEAP_ALLOCATE|[55]|Bytes:4
07:04:01.3 (57213916)|VARIABLE_SCOPE_BEGIN|[55]|pe|Schema.PicklistEntry|true|false
07:04:01.3 (57221668)|VARIABLE_ASSIGNMENT|[55]|pe|Reactivate|0x1f22c9f9
07:04:01.3 (57224027)|STATEMENT_EXECUTE|[55]
07:04:01.3 (57235802)|STATEMENT_EXECUTE|[56]
07:04:01.3 (57240652)|HEAP_ALLOCATE|[56]|Bytes:10
07:04:01.3 (57245839)|HEAP_ALLOCATE|[56]|Bytes:10
07:04:01.3 (57254138)|HEAP_ALLOCATE|[EXTERNAL]|Bytes:-4
07:04:01.3 (57265044)|HEAP_ALLOCATE|[55]|Bytes:5
07:04:01.3 (57274649)|HEAP_ALLOCATE|[55]|Bytes:4
07:04:01.3 (57286078)|VARIABLE_SCOPE_BEGIN|[55]|pe|Schema.PicklistEntry|true|false
07:04:01.3 (57294578)|VARIABLE_ASSIGNMENT|[55]|pe|Executed and Filed|0x2681de6b
07:04:01.3 (57297014)|STATEMENT_EXECUTE|[55]
07:04:01.3 (57303079)|STATEMENT_EXECUTE|[56]
07:04:01.3 (57307537)|HEAP_ALLOCATE|[56]|Bytes:18
07:04:01.3 (57312047)|HEAP_ALLOCATE|[56]|Bytes:18
07:04:01.3 (57319815)|HEAP_ALLOCATE|[EXTERNAL]|Bytes:-4
07:04:01.3 (57330395)|HEAP_ALLOCATE|[55]|Bytes:5
07:04:01.3 (57339615)|HEAP_ALLOCATE|[55]|Bytes:4
07:04:01.3 (57350536)|VARIABLE_SCOPE_BEGIN|[55]|pe|Schema.PicklistEntry|true|false
07:04:01.3 (57358442)|VARIABLE_ASSIGNMENT|[55]|pe|Not Executed and Closed|0x33dc07aa
07:04:01.3 (57360873)|STATEMENT_EXECUTE|[55]
07:04:01.3 (57366767)|STATEMENT_EXECUTE|[56]
07:04:01.3 (57371165)|HEAP_ALLOCATE|[56]|Bytes:23
07:04:01.3 (57376288)|HEAP_ALLOCATE|[56]|Bytes:23
07:04:01.3 (57384940)|HEAP_ALLOCATE|[EXTERNAL]|Bytes:-4
07:04:01.3 (57395533)|HEAP_ALLOCATE|[55]|Bytes:5
07:04:01.3 (57404683)|HEAP_ALLOCATE|[55]|Bytes:4
07:04:01.3 (57415479)|VARIABLE_SCOPE_BEGIN|[55]|pe|Schema.PicklistEntry|true|false
07:04:01.3 (57423554)|VARIABLE_ASSIGNMENT|[55]|pe|Complete|0x5443bf82
07:04:01.3 (57425843)|STATEMENT_EXECUTE|[55]
07:04:01.3 (57431701)|STATEMENT_EXECUTE|[56]
07:04:01.3 (57436260)|HEAP_ALLOCATE|[56]|Bytes:8
07:04:01.3 (57440832)|HEAP_ALLOCATE|[56]|Bytes:8
07:04:01.3 (57448597)|HEAP_ALLOCATE|[EXTERNAL]|Bytes:-4
07:04:01.3 (57459238)|HEAP_ALLOCATE|[55]|Bytes:5
07:04:01.3 (57468723)|VARIABLE_ASSIGNMENT|[55]|pe|null|
07:04:01.3 (57471298)|STATEMENT_EXECUTE|[58]
07:04:01.3 (57482736)|SYSTEM_MODE_EXIT|false
07:04:01.57 (57534044)|CUMULATIVE_LIMIT_USAGE
07:04:01.57 (57534044)|LIMIT_USAGE_FOR_NS|(default)|
  Number of SOQL queries: 1 out of 100
  Number of query rows: 1 out of 50000
  Number of SOSL queries: 0 out of 20
  Number of DML statements: 0 out of 150
  Number of DML rows: 0 out of 10000
  Maximum CPU time: 0 out of 10000
  Maximum heap size: 0 out of 6000000
  Number of callouts: 0 out of 100
  Number of Email Invocations: 0 out of 10
  Number of future calls: 0 out of 50
  Number of queueable jobs added to the queue: 0 out of 50
  Number of Mobile Apex push calls: 0 out of 10

07:04:01.57 (57534044)|CUMULATIVE_LIMIT_USAGE_END

07:04:01.3 (57578063)|CODE_UNIT_FINISHED|AnythingPath.getPicklistOptions
07:04:01.3 (57977384)|HEAP_ALLOCATE|[EXTERNAL]|Bytes:7
07:04:01.3 (57995850)|HEAP_ALLOCATE|[EXTERNAL]|Bytes:7
07:04:01.3 (58046383)|HEAP_ALLOCATE|[EXTERNAL]|Bytes:9
07:04:01.3 (58057033)|HEAP_ALLOCATE|[EXTERNAL]|Bytes:9
07:04:01.3 (60557997)|CODE_UNIT_STARTED|[EXTERNAL]|01pm0000000EXDB|AnythingPath.dynamicTopic
07:04:01.3 (60603758)|HEAP_ALLOCATE|[EXTERNAL]|Bytes:7
07:04:01.3 (60607253)|HEAP_ALLOCATE|[EXTERNAL]|Bytes:9
07:04:01.3 (60614362)|SYSTEM_MODE_ENTER|false
07:04:01.3 (60619735)|VARIABLE_SCOPE_BEGIN|[65]|WhichObject|String|false|false
07:04:01.3 (60626739)|VARIABLE_ASSIGNMENT|[65]|WhichObject|"ITPR__c"
07:04:01.3 (60628927)|VARIABLE_SCOPE_BEGIN|[65]|Field|String|false|false
07:04:01.3 (60632160)|VARIABLE_ASSIGNMENT|[65]|Field|"Status__c"
07:04:01.3 (60638064)|STATEMENT_EXECUTE|[65]
07:04:01.3 (60639424)|STATEMENT_EXECUTE|[67]
07:04:01.3 (60642496)|HEAP_ALLOCATE|[67]|Bytes:11
07:04:01.3 (60657898)|HEAP_ALLOCATE|[67]|Bytes:33
07:04:01.3 (60662587)|VARIABLE_SCOPE_BEGIN|[67]|DynamicQuery|String|false|false
07:04:01.3 (60670844)|VARIABLE_ASSIGNMENT|[67]|DynamicQuery|"Select Id, Status__c (13 more) ..."
07:04:01.3 (60672921)|STATEMENT_EXECUTE|[70]
07:04:01.3 (60675452)|HEAP_ALLOCATE|[70]|Bytes:85
07:04:01.3 (60683018)|HEAP_ALLOCATE|[70]|Bytes:4
07:04:01.3 (60690303)|HEAP_ALLOCATE|[70]|Bytes:7
07:04:01.3 (61010849)|SOQL_EXECUTE_BEGIN|[70]|Aggregations:0|SELECT Id, ApiVersion, Name, Description, Query FROM Pushtopic WHERE Query = :tmpVar1
07:04:01.3 (83570436)|SOQL_EXECUTE_END|[70]|Rows:1
07:04:01.3 (83591215)|HEAP_ALLOCATE|[70]|Bytes:8
07:04:01.3 (83607257)|HEAP_ALLOCATE|[70]|Bytes:199
07:04:01.3 (83680916)|HEAP_ALLOCATE|[70]|Bytes:8
07:04:01.3 (83697102)|VARIABLE_SCOPE_BEGIN|[70]|topicList|List<PushTopic>|true|false
07:04:01.3 (83747700)|VARIABLE_ASSIGNMENT|[70]|topicList|{"s":1,"v":[{"s":2,"v":{"Id":"0IFm00000004E6HGAU","ApiVersion":36.0,"Name":"ITPR__cStatus__c","Description":"Autogenerated by Any (19 more) ...","Query":"Select Id, Status__c (13 more) ..."}}]}|0x1f415307
07:04:01.3 (83830385)|STATEMENT_EXECUTE|[85]
07:04:01.3 (83832825)|STATEMENT_EXECUTE|[86]
07:04:01.3 (83865124)|HEAP_ALLOCATE|[86]|Bytes:24
07:04:01.3 (83897884)|SYSTEM_MODE_EXIT|false
07:04:01.83 (83944889)|CUMULATIVE_LIMIT_USAGE
07:04:01.83 (83944889)|LIMIT_USAGE_FOR_NS|(default)|
  Number of SOQL queries: 2 out of 100
  Number of query rows: 2 out of 50000
  Number of SOSL queries: 0 out of 20
  Number of DML statements: 0 out of 150
  Number of DML rows: 0 out of 10000
  Maximum CPU time: 0 out of 10000
  Maximum heap size: 0 out of 6000000
  Number of callouts: 0 out of 100
  Number of Email Invocations: 0 out of 10
  Number of future calls: 0 out of 50
  Number of queueable jobs added to the queue: 0 out of 50
  Number of Mobile Apex push calls: 0 out of 10

07:04:01.83 (83944889)|CUMULATIVE_LIMIT_USAGE_END

07:04:01.3 (83989224)|CODE_UNIT_FINISHED|AnythingPath.dynamicTopic
07:04:01.3 (135427431)|HEAP_ALLOCATE|[EXTERNAL]|Bytes:18
07:04:01.3 (135464981)|HEAP_ALLOCATE|[EXTERNAL]|Bytes:18
07:04:01.3 (138514434)|CODE_UNIT_STARTED|[EXTERNAL]|01pm0000000EbLn|ITPR_QuickActions.retrieveITPRWithStatus
07:04:01.3 (138581692)|VARIABLE_SCOPE_BEGIN|[7]|ITPR_QuickActions.rtDictionary|Map<String,RecordType>|true|true
07:04:01.3 (138601820)|HEAP_ALLOCATE|[EXTERNAL]|Bytes:136
07:04:01.3 (138611331)|HEAP_ALLOCATE|[EXTERNAL]|Bytes:25
07:04:01.3 (138617036)|HEAP_ALLOCATE|[EXTERNAL]|Bytes:52
07:04:01.3 (138715199)|METHOD_ENTRY|[1]|01pm0000000EbLn|ITPR_QuickActions.ITPR_QuickActions()
07:04:01.3 (138721706)|STATEMENT_EXECUTE|[1]
07:04:01.3 (138728413)|STATEMENT_EXECUTE|[1]
07:04:01.3 (138730350)|STATEMENT_EXECUTE|[9]
07:04:01.3 (138732258)|STATEMENT_EXECUTE|[10]
07:04:01.3 (138737510)|HEAP_ALLOCATE|[11]|Bytes:70
07:04:01.3 (138749904)|HEAP_ALLOCATE|[11]|Bytes:4
07:04:01.3 (139237512)|SOQL_EXECUTE_BEGIN|[11]|Aggregations:0|SELECT Id, DeveloperName FROM RecordType WHERE SObjectType = 'ITPR__c'
07:04:01.3 (355356269)|SOQL_EXECUTE_END|[11]|Rows:17
07:04:01.3 (355390466)|HEAP_ALLOCATE|[11]|Bytes:72
07:04:01.3 (355425306)|HEAP_ALLOCATE|[11]|Bytes:992
07:04:01.3 (355507265)|HEAP_ALLOCATE|[11]|Bytes:72
07:04:01.3 (355530447)|VARIABLE_SCOPE_BEGIN|[10]|typeList|List<RecordType>|true|false
07:04:01.3 (355572741)|VARIABLE_ASSIGNMENT|[10]|typeList|{"s":1,"v":"List of size 17 too large to display"}|0x1445798a
07:04:01.3 (355577825)|STATEMENT_EXECUTE|[13]
07:04:01.3 (355590508)|HEAP_ALLOCATE|[13]|Bytes:4
07:04:01.3 (355692228)|VARIABLE_ASSIGNMENT|[13]|ITPR_QuickActions.rtDictionary|{"s":1,"v":{}}|0x2c00d234
07:04:01.3 (355782514)|STATEMENT_EXECUTE|[15]
07:04:01.3 (355919625)|HEAP_ALLOCATE|[16]|Bytes:5
07:04:01.3 (355968228)|HEAP_ALLOCATE|[16]|Bytes:12
07:04:01.3 (355978851)|VARIABLE_SCOPE_BEGIN|[16]|rt|RecordType|true|false
07:04:01.3 (356001964)|VARIABLE_ASSIGNMENT|[16]|rt|{"s":1,"v":{"Id":"012m00000008iTlAAI","DeveloperName":"All_Digital_Initials (9 more) ..."}}|0x3c5c92f8
07:04:01.3 (356006515)|STATEMENT_EXECUTE|[17]
07:04:01.3 (356007828)|STATEMENT_EXECUTE|[18]
07:04:01.3 (356097807)|HEAP_ALLOCATE|[EXTERNAL]|Bytes:-4
07:04:01.3 (356116076)|HEAP_ALLOCATE|[16]|Bytes:5
07:04:01.3 (356139932)|HEAP_ALLOCATE|[16]|Bytes:12
07:04:01.3 (356147624)|VARIABLE_SCOPE_BEGIN|[16]|rt|RecordType|true|false
07:04:01.3 (356161673)|VARIABLE_ASSIGNMENT|[16]|rt|{"s":1,"v":{"Id":"012m00000008iTbAAI","DeveloperName":"Assigned"}}|0x75367c4d
07:04:01.3 (356165076)|STATEMENT_EXECUTE|[17]
07:04:01.3 (356166216)|STATEMENT_EXECUTE|[18]
07:04:01.3 (356182231)|HEAP_ALLOCATE|[EXTERNAL]|Bytes:-4
07:04:01.3 (356194393)|HEAP_ALLOCATE|[16]|Bytes:5
07:04:01.3 (356214161)|HEAP_ALLOCATE|[16]|Bytes:12
07:04:01.3 (356220815)|VARIABLE_SCOPE_BEGIN|[16]|rt|RecordType|true|false
07:04:01.3 (356235441)|VARIABLE_ASSIGNMENT|[16]|rt|{"s":1,"v":{"Id":"012m00000008iU0AAI","DeveloperName":"Cancelled"}}|0x27bbdf90
07:04:01.3 (356244315)|STATEMENT_EXECUTE|[17]
07:04:01.3 (356245531)|STATEMENT_EXECUTE|[18]
07:04:01.3 (356261323)|HEAP_ALLOCATE|[EXTERNAL]|Bytes:-4
07:04:01.3 (356273317)|HEAP_ALLOCATE|[16]|Bytes:5
07:04:01.3 (356293370)|HEAP_ALLOCATE|[16]|Bytes:12
07:04:01.3 (356300008)|VARIABLE_SCOPE_BEGIN|[16]|rt|RecordType|true|false
07:04:01.3 (356312615)|VARIABLE_ASSIGNMENT|[16]|rt|{"s":1,"v":{"Id":"012m00000008iUKAAY","DeveloperName":"Complete"}}|0x74a37e54
07:04:01.3 (356315615)|STATEMENT_EXECUTE|[17]
07:04:01.3 (356316555)|STATEMENT_EXECUTE|[18]
07:04:01.3 (356330223)|HEAP_ALLOCATE|[EXTERNAL]|Bytes:-4
07:04:01.3 (356341787)|HEAP_ALLOCATE|[16]|Bytes:5
07:04:01.3 (356361207)|HEAP_ALLOCATE|[16]|Bytes:12
07:04:01.3 (356367651)|VARIABLE_SCOPE_BEGIN|[16]|rt|RecordType|true|false
07:04:01.3 (356379038)|VARIABLE_ASSIGNMENT|[16]|rt|{"s":1,"v":{"Id":"012m00000008iTMAAY","DeveloperName":"Draft"}}|0x2cb0f96a
07:04:01.3 (356382052)|STATEMENT_EXECUTE|[17]
07:04:01.3 (356383024)|STATEMENT_EXECUTE|[18]
07:04:01.3 (356396420)|HEAP_ALLOCATE|[EXTERNAL]|Bytes:-4
07:04:01.3 (356407584)|HEAP_ALLOCATE|[16]|Bytes:5
07:04:01.3 (356426377)|HEAP_ALLOCATE|[16]|Bytes:12
07:04:01.3 (356432672)|VARIABLE_SCOPE_BEGIN|[16]|rt|RecordType|true|false
07:04:01.3 (356443973)|VARIABLE_ASSIGNMENT|[16]|rt|{"s":1,"v":{"Id":"012m00000008iUAAAY","DeveloperName":"Executed"}}|0x6a223ca5
07:04:01.3 (356446580)|STATEMENT_EXECUTE|[17]
07:04:01.3 (356447748)|STATEMENT_EXECUTE|[18]
07:04:01.3 (356461055)|HEAP_ALLOCATE|[EXTERNAL]|Bytes:-4
07:04:01.3 (356472175)|HEAP_ALLOCATE|[16]|Bytes:5
07:04:01.3 (356490949)|HEAP_ALLOCATE|[16]|Bytes:12
07:04:01.3 (356497231)|VARIABLE_SCOPE_BEGIN|[16]|rt|RecordType|true|false
07:04:01.3 (356508880)|VARIABLE_ASSIGNMENT|[16]|rt|{"s":1,"v":{"Id":"012m00000008iTgAAI","DeveloperName":"In_Approvals"}}|0x139c292e
07:04:01.3 (356512048)|STATEMENT_EXECUTE|[17]
07:04:01.3 (356513131)|STATEMENT_EXECUTE|[18]
07:04:01.3 (356526623)|HEAP_ALLOCATE|[EXTERNAL]|Bytes:-4
07:04:01.3 (356538032)|HEAP_ALLOCATE|[16]|Bytes:5
07:04:01.3 (356556885)|HEAP_ALLOCATE|[16]|Bytes:12
07:04:01.3 (356563188)|VARIABLE_SCOPE_BEGIN|[16]|rt|RecordType|true|false
07:04:01.3 (356574402)|VARIABLE_ASSIGNMENT|[16]|rt|{"s":1,"v":{"Id":"012d0000000x2ACAAY","DeveloperName":"In_Process"}}|0x7c22b4d7
07:04:01.3 (356577288)|STATEMENT_EXECUTE|[17]
07:04:01.3 (356578264)|STATEMENT_EXECUTE|[18]
07:04:01.3 (356591370)|HEAP_ALLOCATE|[EXTERNAL]|Bytes:-4
07:04:01.3 (356602634)|HEAP_ALLOCATE|[16]|Bytes:5
07:04:01.3 (356621223)|HEAP_ALLOCATE|[16]|Bytes:12
07:04:01.3 (356627469)|VARIABLE_SCOPE_BEGIN|[16]|rt|RecordType|true|false
07:04:01.3 (356639056)|VARIABLE_ASSIGNMENT|[16]|rt|{"s":1,"v":{"Id":"012m00000008iUFAAY","DeveloperName":"Not_Executed"}}|0x57f26990
07:04:01.3 (356642135)|STATEMENT_EXECUTE|[17]
07:04:01.3 (356643421)|STATEMENT_EXECUTE|[18]
07:04:01.3 (356656656)|HEAP_ALLOCATE|[EXTERNAL]|Bytes:-4
07:04:01.3 (356667790)|HEAP_ALLOCATE|[16]|Bytes:5
07:04:01.3 (356686488)|HEAP_ALLOCATE|[16]|Bytes:12
07:04:01.3 (356692935)|VARIABLE_SCOPE_BEGIN|[16]|rt|RecordType|true|false
07:04:01.3 (356704127)|VARIABLE_ASSIGNMENT|[16]|rt|{"s":1,"v":{"Id":"012m00000008iTqAAI","DeveloperName":"On_Hold"}}|0x2c4ea0df
07:04:01.3 (356707050)|STATEMENT_EXECUTE|[17]
07:04:01.3 (356708030)|STATEMENT_EXECUTE|[18]
07:04:01.3 (356721146)|HEAP_ALLOCATE|[EXTERNAL]|Bytes:-4
07:04:01.3 (356732192)|HEAP_ALLOCATE|[16]|Bytes:5
07:04:01.3 (356750903)|HEAP_ALLOCATE|[16]|Bytes:12
07:04:01.3 (356757199)|VARIABLE_SCOPE_BEGIN|[16]|rt|RecordType|true|false
07:04:01.3 (356768825)|VARIABLE_ASSIGNMENT|[16]|rt|{"s":1,"v":{"Id":"012d0000000x3F8AAI","DeveloperName":"Pending_Budget"}}|0x5ee93921
07:04:01.3 (356771758)|STATEMENT_EXECUTE|[17]
07:04:01.3 (356772751)|STATEMENT_EXECUTE|[18]
07:04:01.3 (356786065)|HEAP_ALLOCATE|[EXTERNAL]|Bytes:-4
07:04:01.3 (356797287)|HEAP_ALLOCATE|[16]|Bytes:5
07:04:01.3 (356816023)|HEAP_ALLOCATE|[16]|Bytes:12
07:04:01.3 (356822289)|VARIABLE_SCOPE_BEGIN|[16]|rt|RecordType|true|false
07:04:01.3 (356834638)|VARIABLE_ASSIGNMENT|[16]|rt|{"s":1,"v":{"Id":"012m00000008iTWAAY","DeveloperName":"Pending_More_Info_Ne (4 more) ..."}}|0x3704aa27
07:04:01.3 (356837945)|STATEMENT_EXECUTE|[17]
07:04:01.3 (356838961)|STATEMENT_EXECUTE|[18]
07:04:01.3 (356852274)|HEAP_ALLOCATE|[EXTERNAL]|Bytes:-4
07:04:01.3 (356863397)|HEAP_ALLOCATE|[16]|Bytes:5
07:04:01.3 (356882159)|HEAP_ALLOCATE|[16]|Bytes:12
07:04:01.3 (356888413)|VARIABLE_SCOPE_BEGIN|[16]|rt|RecordType|true|false
07:04:01.3 (356899626)|VARIABLE_ASSIGNMENT|[16]|rt|{"s":1,"v":{"Id":"012m00000008iU5AAI","DeveloperName":"Reactivate"}}|0x73feebbe
07:04:01.3 (356902616)|STATEMENT_EXECUTE|[17]
07:04:01.3 (356903652)|STATEMENT_EXECUTE|[18]
07:04:01.3 (356917454)|HEAP_ALLOCATE|[EXTERNAL]|Bytes:-4
07:04:01.3 (356928863)|HEAP_ALLOCATE|[16]|Bytes:5
07:04:01.3 (356948152)|HEAP_ALLOCATE|[16]|Bytes:12
07:04:01.3 (356958083)|VARIABLE_SCOPE_BEGIN|[16]|rt|RecordType|true|false
07:04:01.3 (356969308)|VARIABLE_ASSIGNMENT|[16]|rt|{"s":1,"v":{"Id":"012m00000008iTRAAY","DeveloperName":"Submitted"}}|0x2a6fe546
07:04:01.3 (356972034)|STATEMENT_EXECUTE|[17]
07:04:01.3 (356972999)|STATEMENT_EXECUTE|[18]
07:04:01.3 (356986263)|HEAP_ALLOCATE|[EXTERNAL]|Bytes:-4
07:04:01.3 (356997475)|HEAP_ALLOCATE|[16]|Bytes:5
07:04:01.3 (357016394)|HEAP_ALLOCATE|[16]|Bytes:12
07:04:01.3 (357027951)|VARIABLE_SCOPE_BEGIN|[16]|rt|RecordType|true|false
07:04:01.3 (357040112)|VARIABLE_ASSIGNMENT|[16]|rt|{"s":1,"v":{"Id":"012d0000000x2ADAAY","DeveloperName":"Wave1_Approvals"}}|0x3dd8f11b
07:04:01.3 (357043184)|STATEMENT_EXECUTE|[17]
07:04:01.3 (357044344)|STATEMENT_EXECUTE|[18]
07:04:01.3 (357058316)|HEAP_ALLOCATE|[EXTERNAL]|Bytes:-4
07:04:01.3 (357069763)|HEAP_ALLOCATE|[16]|Bytes:5
07:04:01.3 (357088945)|HEAP_ALLOCATE|[16]|Bytes:12
07:04:01.3 (357095193)|VARIABLE_SCOPE_BEGIN|[16]|rt|RecordType|true|false
07:04:01.3 (357106888)|VARIABLE_ASSIGNMENT|[16]|rt|{"s":1,"v":{"Id":"012d0000000x2AEAAY","DeveloperName":"Wave2_Approvals"}}|0x2f1f2115
07:04:01.3 (357109675)|STATEMENT_EXECUTE|[17]
07:04:01.3 (357110725)|STATEMENT_EXECUTE|[18]
07:04:01.3 (357124089)|HEAP_ALLOCATE|[EXTERNAL]|Bytes:-4
07:04:01.3 (357135244)|HEAP_ALLOCATE|[16]|Bytes:5
07:04:01.3 (357154231)|HEAP_ALLOCATE|[16]|Bytes:12
07:04:01.3 (357160607)|VARIABLE_SCOPE_BEGIN|[16]|rt|RecordType|true|false
07:04:01.3 (357171789)|VARIABLE_ASSIGNMENT|[16]|rt|{"s":1,"v":{"Id":"012d0000000x2AFAAY","DeveloperName":"Wave3_Approvals"}}|0x2bb89c53
07:04:01.3 (357174619)|STATEMENT_EXECUTE|[17]
07:04:01.3 (357175683)|STATEMENT_EXECUTE|[18]
07:04:01.3 (357188945)|HEAP_ALLOCATE|[EXTERNAL]|Bytes:-4
07:04:01.3 (357200302)|HEAP_ALLOCATE|[16]|Bytes:5
07:04:01.3 (357211392)|VARIABLE_ASSIGNMENT|[16]|rt|null|
07:04:01.3 (357224783)|METHOD_EXIT|[1]|ITPR_QuickActions
07:04:01.3 (357234139)|HEAP_ALLOCATE|[EXTERNAL]|Bytes:18
07:04:01.3 (357242559)|SYSTEM_MODE_ENTER|false
07:04:01.3 (357250846)|VARIABLE_SCOPE_BEGIN|[119]|recordId|String|false|false
07:04:01.3 (357257747)|VARIABLE_ASSIGNMENT|[119]|recordId|"a1Nm00000011q90EAA"
07:04:01.3 (357265614)|STATEMENT_EXECUTE|[119]
07:04:01.3 (357266884)|STATEMENT_EXECUTE|[120]
07:04:01.3 (357270309)|HEAP_ALLOCATE|[120]|Bytes:63
07:04:01.3 (357277407)|HEAP_ALLOCATE|[120]|Bytes:4
07:04:01.3 (357572379)|SOQL_EXECUTE_BEGIN|[120]|Aggregations:0|SELECT Name, Status__c FROM ITPR__c WHERE Id = :tmpVar1 LIMIT 1
07:04:01.3 (361069741)|SOQL_EXECUTE_END|[120]|Rows:1
07:04:01.3 (361084979)|HEAP_ALLOCATE|[120]|Bytes:8
07:04:01.3 (361095898)|HEAP_ALLOCATE|[120]|Bytes:70
07:04:01.3 (361111902)|HEAP_ALLOCATE|[120]|Bytes:8
07:04:01.3 (361119696)|HEAP_ALLOCATE|[120]|Bytes:33
07:04:01.3 (361155053)|HEAP_ALLOCATE|[120]|Bytes:16
07:04:01.3 (361163511)|VARIABLE_SCOPE_BEGIN|[120]|itsesRequest|ITPR__c|true|false
07:04:01.3 (361180910)|VARIABLE_ASSIGNMENT|[120]|itsesRequest|{"s":1,"v":{"Name":"201609-04573","Status__c":"Assigned","Id":"a1Nm00000011q90EAA"}}|0x7dae45bf
07:04:01.3 (361184125)|STATEMENT_EXECUTE|[121]
07:04:01.3 (361192864)|SYSTEM_MODE_EXIT|false
07:04:01.361 (361238399)|CUMULATIVE_LIMIT_USAGE
07:04:01.361 (361238399)|LIMIT_USAGE_FOR_NS|(default)|
  Number of SOQL queries: 4 out of 100
  Number of query rows: 20 out of 50000
  Number of SOSL queries: 0 out of 20
  Number of DML statements: 0 out of 150
  Number of DML rows: 0 out of 10000
  Maximum CPU time: 11 out of 10000
  Maximum heap size: 0 out of 6000000
  Number of callouts: 0 out of 100
  Number of Email Invocations: 0 out of 10
  Number of future calls: 0 out of 50
  Number of queueable jobs added to the queue: 0 out of 50
  Number of Mobile Apex push calls: 0 out of 10

07:04:01.361 (361238399)|CUMULATIVE_LIMIT_USAGE_END

07:04:01.3 (361293305)|CODE_UNIT_FINISHED|ITPR_QuickActions.retrieveITPRWithStatus
07:04:01.3 (398245297)|HEAP_ALLOCATE|[EXTERNAL]|Bytes:18
07:04:01.3 (398276910)|HEAP_ALLOCATE|[EXTERNAL]|Bytes:18
07:04:01.3 (398334816)|HEAP_ALLOCATE|[EXTERNAL]|Bytes:7
07:04:01.3 (398345151)|HEAP_ALLOCATE|[EXTERNAL]|Bytes:7
07:04:01.3 (398391723)|HEAP_ALLOCATE|[EXTERNAL]|Bytes:9
07:04:01.3 (398401368)|HEAP_ALLOCATE|[EXTERNAL]|Bytes:9
07:04:01.3 (400333922)|CODE_UNIT_STARTED|[EXTERNAL]|01pm0000000EZxV|GuidanceBox.getGuidance
07:04:01.3 (400402881)|HEAP_ALLOCATE|[EXTERNAL]|Bytes:4
07:04:01.3 (400409633)|HEAP_ALLOCATE|[EXTERNAL]|Bytes:2
07:04:01.3 (400424222)|METHOD_ENTRY|[1]|01pm0000000EZxV|GuidanceBox.GuidanceBox()
07:04:01.3 (400427966)|STATEMENT_EXECUTE|[1]
07:04:01.3 (400434873)|STATEMENT_EXECUTE|[1]
07:04:01.3 (400442403)|METHOD_EXIT|[1]|GuidanceBox
07:04:01.3 (400447699)|HEAP_ALLOCATE|[EXTERNAL]|Bytes:18
07:04:01.3 (400449434)|HEAP_ALLOCATE|[EXTERNAL]|Bytes:7
07:04:01.3 (400450720)|HEAP_ALLOCATE|[EXTERNAL]|Bytes:9
07:04:01.3 (400460000)|HEAP_ALLOCATE|[EXTERNAL]|Bytes:5
07:04:01.3 (400468239)|SYSTEM_MODE_ENTER|false
07:04:01.3 (400476302)|VARIABLE_SCOPE_BEGIN|[4]|recordId|String|false|false
07:04:01.3 (400489962)|VARIABLE_ASSIGNMENT|[4]|recordId|"a1Nm00000011q90EAA"
07:04:01.3 (400492434)|VARIABLE_SCOPE_BEGIN|[4]|sobjectname|String|false|false
07:04:01.3 (400495104)|VARIABLE_ASSIGNMENT|[4]|sobjectname|"ITPR__c"
07:04:01.3 (400496749)|VARIABLE_SCOPE_BEGIN|[4]|field|String|false|false
07:04:01.3 (400499189)|VARIABLE_ASSIGNMENT|[4]|field|"Status__c"
07:04:01.3 (400500831)|VARIABLE_SCOPE_BEGIN|[4]|useRecordTypes|Boolean|false|false
07:04:01.3 (400505902)|VARIABLE_ASSIGNMENT|[4]|useRecordTypes|false
07:04:01.3 (400514809)|STATEMENT_EXECUTE|[4]
07:04:01.3 (400519861)|STATEMENT_EXECUTE|[6]
07:04:01.3 (400521819)|STATEMENT_EXECUTE|[20]
07:04:01.3 (400525765)|HEAP_ALLOCATE|[20]|Bytes:7
07:04:01.3 (400531999)|HEAP_ALLOCATE|[20]|Bytes:12
07:04:01.3 (400547412)|HEAP_ALLOCATE|[20]|Bytes:59
07:04:01.3 (400555506)|HEAP_ALLOCATE|[20]|Bytes:60
07:04:01.3 (400842227)|SOQL_EXECUTE_BEGIN|[20]|Aggregations:0|select Status__c from ITPR__c where Id ='a1Nm00000011q90EAA'
07:04:01.3 (404741093)|SOQL_EXECUTE_END|[20]|Rows:1
07:04:01.3 (404760456)|HEAP_ALLOCATE|[20]|Bytes:8
07:04:01.3 (404777118)|HEAP_ALLOCATE|[20]|Bytes:50
07:04:01.3 (404801756)|HEAP_ALLOCATE|[20]|Bytes:8
07:04:01.3 (404816272)|HEAP_ALLOCATE|[20]|Bytes:33
07:04:01.3 (404864632)|HEAP_ALLOCATE|[20]|Bytes:12
07:04:01.3 (404873135)|VARIABLE_SCOPE_BEGIN|[20]|sobj|SObject|true|false
07:04:01.3 (404899258)|VARIABLE_ASSIGNMENT|[20]|sobj|{"s":1,"v":{"Status__c":"Assigned","Id":"a1Nm00000011q90EAA"}}|0x45abba15
07:04:01.3 (404902513)|STATEMENT_EXECUTE|[21]
07:04:01.3 (404969723)|HEAP_ALLOCATE|[21]|Bytes:8
07:04:01.3 (404985702)|VARIABLE_SCOPE_BEGIN|[21]|fieldValue|String|false|false
07:04:01.3 (404993131)|VARIABLE_ASSIGNMENT|[21]|fieldValue|"Assigned"
07:04:01.3 (404995476)|STATEMENT_EXECUTE|[23]
07:04:01.3 (404998423)|HEAP_ALLOCATE|[23]|Bytes:121
07:04:01.3 (405010400)|HEAP_ALLOCATE|[23]|Bytes:4
07:04:01.3 (405039463)|HEAP_ALLOCATE|[23]|Bytes:7
07:04:01.3 (405046406)|HEAP_ALLOCATE|[23]|Bytes:7
07:04:01.3 (424582166)|SOQL_EXECUTE_BEGIN|[23]|Aggregations:0|SELECT Guidance__c FROM GuidanceBox__c WHERE (object__c = :tmpVar1 AND field__c = :tmpVar2 AND Field_Value__c = :tmpVar3)
07:04:01.3 (430691078)|SOQL_EXECUTE_END|[23]|Rows:1
07:04:01.3 (430712695)|HEAP_ALLOCATE|[23]|Bytes:8
07:04:01.3 (430722727)|HEAP_ALLOCATE|[23]|Bytes:194
07:04:01.3 (430814853)|HEAP_ALLOCATE|[23]|Bytes:8
07:04:01.3 (430836405)|SYSTEM_MODE_EXIT|false
07:04:01.430 (430893702)|CUMULATIVE_LIMIT_USAGE
07:04:01.430 (430893702)|LIMIT_USAGE_FOR_NS|(default)|
  Number of SOQL queries: 6 out of 100
  Number of query rows: 22 out of 50000
  Number of SOSL queries: 0 out of 20
  Number of DML statements: 0 out of 150
  Number of DML rows: 0 out of 10000
  Maximum CPU time: 11 out of 10000
  Maximum heap size: 0 out of 6000000
  Number of callouts: 0 out of 100
  Number of Email Invocations: 0 out of 10
  Number of future calls: 0 out of 50
  Number of queueable jobs added to the queue: 0 out of 50
  Number of Mobile Apex push calls: 0 out of 10

07:04:01.430 (430893702)|CUMULATIVE_LIMIT_USAGE_END

07:04:01.3 (430946574)|CODE_UNIT_FINISHED|GuidanceBox.getGuidance
