38.0 APEX_CODE,FINEST;APEX_PROFILING,INFO;CALLOUT,INFO;DB,INFO;SYSTEM,DEBUG;VALIDATION,INFO;VISUALFORCE,INFO;WORKFLOW,INFO
14:33:36.0 (458479)|USER_INFO|[EXTERNAL]|005m0000002GNhO|dscruggs@salesforce.com.rfadev13|Pacific Standard Time|GMT-07:00
14:33:36.0 (493051)|EXECUTION_STARTED
14:33:36.0 (498177)|CODE_UNIT_STARTED|[EXTERNAL]|01pm0000000EXDD|StreamerCtrl.sessionId
14:33:36.0 (721741)|HEAP_ALLOCATE|[72]|Bytes:3
14:33:36.0 (786956)|HEAP_ALLOCATE|[77]|Bytes:152
14:33:36.0 (805243)|HEAP_ALLOCATE|[342]|Bytes:408
14:33:36.0 (822937)|HEAP_ALLOCATE|[355]|Bytes:408
14:33:36.0 (839975)|HEAP_ALLOCATE|[467]|Bytes:48
14:33:36.0 (873685)|HEAP_ALLOCATE|[139]|Bytes:6
14:33:36.0 (896579)|HEAP_ALLOCATE|[EXTERNAL]|Bytes:1
14:33:36.0 (907773)|METHOD_ENTRY|[1]|01pm0000000EXDD|StreamerCtrl.StreamerCtrl()
14:33:36.0 (911892)|STATEMENT_EXECUTE|[1]
14:33:36.0 (916936)|STATEMENT_EXECUTE|[1]
14:33:36.0 (921120)|METHOD_EXIT|[1]|StreamerCtrl
14:33:36.0 (932321)|SYSTEM_MODE_ENTER|false
14:33:36.0 (945137)|STATEMENT_EXECUTE|[4]
14:33:36.0 (946645)|STATEMENT_EXECUTE|[5]
14:33:36.0 (984441)|HEAP_ALLOCATE|[5]|Bytes:85
14:33:36.0 (1010634)|SYSTEM_METHOD_ENTRY|[1]|UserInfo.UserInfo()
14:33:36.0 (1014039)|STATEMENT_EXECUTE|[1]
14:33:36.0 (1019869)|SYSTEM_METHOD_EXIT|[1]|UserInfo
14:33:36.0 (1034008)|METHOD_ENTRY|[5]||System.UserInfo.getSessionId()
14:33:36.0 (9890499)|METHOD_EXIT|[5]||System.UserInfo.getSessionId()
14:33:36.0 (9903587)|SYSTEM_MODE_EXIT|false
14:33:36.9 (9951573)|CUMULATIVE_LIMIT_USAGE
14:33:36.9 (9951573)|LIMIT_USAGE_FOR_NS|(default)|
  Number of SOQL queries: 0 out of 100
  Number of query rows: 0 out of 50000
  Number of SOSL queries: 0 out of 20
  Number of DML statements: 0 out of 150
  Number of DML rows: 0 out of 10000
  Maximum CPU time: 0 out of 10000
  Maximum heap size: 0 out of 6000000
  Number of callouts: 0 out of 100
  Number of Email Invocations: 0 out of 10
  Number of future calls: 0 out of 50
  Number of queueable jobs added to the queue: 0 out of 50
  Number of Mobile Apex push calls: 0 out of 10

14:33:36.9 (9951573)|CUMULATIVE_LIMIT_USAGE_END

14:33:36.0 (9994101)|CODE_UNIT_FINISHED|StreamerCtrl.sessionId
14:33:36.0 (12520530)|EXECUTION_FINISHED
