38.0 APEX_CODE,FINEST;APEX_PROFILING,INFO;CALLOUT,INFO;DB,INFO;SYSTEM,DEBUG;VALIDATION,INFO;VISUALFORCE,INFO;WORKFLOW,INFO
07:00:37.0 (452948)|USER_INFO|[EXTERNAL]|005m0000002GNhO|dscruggs@salesforce.com.rfadev13|Pacific Standard Time|GMT-07:00
07:00:37.0 (484469)|EXECUTION_STARTED
07:00:37.0 (494922)|CODE_UNIT_STARTED|[EXTERNAL]|aura
07:00:37.0 (784953)|HEAP_ALLOCATE|[72]|Bytes:3
07:00:37.0 (825094)|HEAP_ALLOCATE|[77]|Bytes:152
07:00:37.0 (839690)|HEAP_ALLOCATE|[342]|Bytes:408
07:00:37.0 (855881)|HEAP_ALLOCATE|[355]|Bytes:408
07:00:37.0 (871847)|HEAP_ALLOCATE|[467]|Bytes:48
07:00:37.0 (898052)|HEAP_ALLOCATE|[139]|Bytes:6
07:00:37.0 (918238)|HEAP_ALLOCATE|[EXTERNAL]|Bytes:18
07:00:37.0 (937061)|HEAP_ALLOCATE|[EXTERNAL]|Bytes:18
07:00:37.0 (1006196)|HEAP_ALLOCATE|[EXTERNAL]|Bytes:9
07:00:37.0 (1017264)|HEAP_ALLOCATE|[EXTERNAL]|Bytes:9
07:00:37.0 (1062051)|HEAP_ALLOCATE|[EXTERNAL]|Bytes:7
07:00:37.0 (1071378)|HEAP_ALLOCATE|[EXTERNAL]|Bytes:7
07:00:37.0 (3163221)|CODE_UNIT_STARTED|[EXTERNAL]|01pm0000000EXDB|AnythingPath.getCurrentValue
07:00:37.0 (3258829)|HEAP_ALLOCATE|[EXTERNAL]|Bytes:15
07:00:37.0 (3264675)|HEAP_ALLOCATE|[EXTERNAL]|Bytes:8
07:00:37.0 (3273916)|METHOD_ENTRY|[1]|01pm0000000EXDB|AnythingPath.AnythingPath()
07:00:37.0 (3278011)|STATEMENT_EXECUTE|[1]
07:00:37.0 (3281786)|STATEMENT_EXECUTE|[1]
07:00:37.0 (3286085)|METHOD_EXIT|[1]|AnythingPath
07:00:37.0 (3289988)|HEAP_ALLOCATE|[EXTERNAL]|Bytes:18
07:00:37.0 (3291761)|HEAP_ALLOCATE|[EXTERNAL]|Bytes:9
07:00:37.0 (3293123)|HEAP_ALLOCATE|[EXTERNAL]|Bytes:7
07:00:37.0 (3300636)|SYSTEM_MODE_ENTER|false
07:00:37.0 (3311809)|VARIABLE_SCOPE_BEGIN|[21]|recordId|String|false|false
07:00:37.0 (3344062)|VARIABLE_ASSIGNMENT|[21]|recordId|"a1Nm00000011q90EAA"
07:00:37.0 (3348767)|VARIABLE_SCOPE_BEGIN|[21]|picklistField|String|false|false
07:00:37.0 (3352694)|VARIABLE_ASSIGNMENT|[21]|picklistField|"Status__c"
07:00:37.0 (3355494)|VARIABLE_SCOPE_BEGIN|[21]|sObjectName|String|false|false
07:00:37.0 (3358641)|VARIABLE_ASSIGNMENT|[21]|sObjectName|"ITPR__c"
07:00:37.0 (3368558)|STATEMENT_EXECUTE|[21]
07:00:37.0 (3370326)|STATEMENT_EXECUTE|[22]
07:00:37.0 (3374319)|HEAP_ALLOCATE|[22]|Bytes:11
07:00:37.0 (3378557)|HEAP_ALLOCATE|[22]|Bytes:6
07:00:37.0 (3381082)|HEAP_ALLOCATE|[22]|Bytes:13
07:00:37.0 (3391567)|HEAP_ALLOCATE|[22]|Bytes:64
07:00:37.0 (3395041)|HEAP_ALLOCATE|[22]|Bytes:1
07:00:37.0 (3400286)|HEAP_ALLOCATE|[22]|Bytes:65
07:00:37.0 (3404705)|VARIABLE_SCOPE_BEGIN|[22]|soql|String|false|false
07:00:37.0 (3413628)|VARIABLE_ASSIGNMENT|[22]|soql|"select Id, Status__c (45 more) ..."
07:00:37.0 (3415873)|STATEMENT_EXECUTE|[23]
07:00:37.0 (3453007)|HEAP_ALLOCATE|[50]|Bytes:5
07:00:37.0 (3473715)|HEAP_ALLOCATE|[56]|Bytes:5
07:00:37.0 (3482076)|HEAP_ALLOCATE|[64]|Bytes:7
07:00:37.0 (7573855)|SOQL_EXECUTE_BEGIN|[23]|Aggregations:0|select Id, Status__c from ITPR__c where id = 'a1Nm00000011q90EAA'
07:00:37.0 (26465134)|SOQL_EXECUTE_END|[23]|Rows:1
07:00:37.0 (26481912)|HEAP_ALLOCATE|[23]|Bytes:8
07:00:37.0 (26499982)|HEAP_ALLOCATE|[23]|Bytes:50
07:00:37.0 (26596980)|HEAP_ALLOCATE|[23]|Bytes:8
07:00:37.0 (26614111)|VARIABLE_SCOPE_BEGIN|[23]|records|List<SObject>|true|false
07:00:37.0 (26653539)|VARIABLE_ASSIGNMENT|[23]|records|{"s":1,"v":[{"s":2,"v":{"Id":"a1Nm00000011q90EAA","Status__c":"Assigned"}}]}|0x123b448e
07:00:37.0 (26657316)|STATEMENT_EXECUTE|[24]
07:00:37.0 (26721756)|HEAP_ALLOCATE|[24]|Bytes:12
07:00:37.0 (26793226)|HEAP_ALLOCATE|[24]|Bytes:8
07:00:37.0 (26810580)|SYSTEM_MODE_EXIT|false
07:00:37.26 (26860681)|CUMULATIVE_LIMIT_USAGE
07:00:37.26 (26860681)|LIMIT_USAGE_FOR_NS|(default)|
  Number of SOQL queries: 1 out of 100
  Number of query rows: 1 out of 50000
  Number of SOSL queries: 0 out of 20
  Number of DML statements: 0 out of 150
  Number of DML rows: 0 out of 10000
  Maximum CPU time: 0 out of 10000
  Maximum heap size: 0 out of 6000000
  Number of callouts: 0 out of 100
  Number of Email Invocations: 0 out of 10
  Number of future calls: 0 out of 50
  Number of queueable jobs added to the queue: 0 out of 50
  Number of Mobile Apex push calls: 0 out of 10

07:00:37.26 (26860681)|CUMULATIVE_LIMIT_USAGE_END

07:00:37.0 (26906124)|CODE_UNIT_FINISHED|AnythingPath.getCurrentValue
07:00:37.0 (27246755)|HEAP_ALLOCATE|[EXTERNAL]|Bytes:18
07:00:37.0 (27261858)|HEAP_ALLOCATE|[EXTERNAL]|Bytes:18
07:00:37.0 (27314016)|HEAP_ALLOCATE|[EXTERNAL]|Bytes:9
07:00:37.0 (27324071)|HEAP_ALLOCATE|[EXTERNAL]|Bytes:9
07:00:37.0 (27367848)|HEAP_ALLOCATE|[EXTERNAL]|Bytes:7
07:00:37.0 (27377154)|HEAP_ALLOCATE|[EXTERNAL]|Bytes:7
07:00:37.0 (30432638)|CODE_UNIT_STARTED|[EXTERNAL]|01pm0000000EXDB|AnythingPath.getPicklistOptions
07:00:37.0 (30481291)|HEAP_ALLOCATE|[EXTERNAL]|Bytes:18
07:00:37.0 (30485012)|HEAP_ALLOCATE|[EXTERNAL]|Bytes:9
07:00:37.0 (30486501)|HEAP_ALLOCATE|[EXTERNAL]|Bytes:7
07:00:37.0 (30502197)|SYSTEM_MODE_ENTER|false
07:00:37.0 (30511574)|VARIABLE_SCOPE_BEGIN|[37]|recordId|String|false|false
07:00:37.0 (30518761)|VARIABLE_ASSIGNMENT|[37]|recordId|"a1Nm00000011q90EAA"
07:00:37.0 (30521890)|VARIABLE_SCOPE_BEGIN|[37]|picklistField|String|false|false
07:00:37.0 (30525793)|VARIABLE_ASSIGNMENT|[37]|picklistField|"Status__c"
07:00:37.0 (30528479)|VARIABLE_SCOPE_BEGIN|[37]|sObjectName|String|false|false
07:00:37.0 (30531667)|VARIABLE_ASSIGNMENT|[37]|sObjectName|"ITPR__c"
07:00:37.0 (30538449)|STATEMENT_EXECUTE|[37]
07:00:37.0 (30540031)|STATEMENT_EXECUTE|[38]
07:00:37.0 (30545224)|HEAP_ALLOCATE|[38]|Bytes:4
07:00:37.0 (30556866)|VARIABLE_SCOPE_BEGIN|[38]|output|Map<String,String>|true|false
07:00:37.0 (30573661)|VARIABLE_ASSIGNMENT|[38]|output|{"s":1,"v":{}}|0x672b4da7
07:00:37.0 (30576420)|STATEMENT_EXECUTE|[39]
07:00:37.0 (30582810)|VARIABLE_SCOPE_BEGIN|[39]|objType|Schema.SObjectType|true|false
07:00:37.0 (30588870)|VARIABLE_ASSIGNMENT|[39]|objType|null|
07:00:37.0 (30591306)|STATEMENT_EXECUTE|[42]
07:00:37.0 (30592492)|STATEMENT_EXECUTE|[49]
07:00:37.0 (30630414)|HEAP_ALLOCATE|[49]|Bytes:4
07:00:37.0 (30827819)|VARIABLE_ASSIGNMENT|[49]|objType|"common.apex.runtime.impl.ApexSObjectTypeToken@57a0f1c3"|0x57a0f1c3
07:00:37.0 (30833090)|STATEMENT_EXECUTE|[50]
07:00:37.0 (31556719)|HEAP_ALLOCATE|[50]|Bytes:4
07:00:37.0 (31596431)|VARIABLE_SCOPE_BEGIN|[50]|dsr|Schema.DescribeSObjectResult|true|false
07:00:37.0 (31674502)|VARIABLE_ASSIGNMENT|[50]|dsr|"common.api.soap.wsdl.DescribeSObjectResult@d9bce2b6"|0x26f4cb15
07:00:37.0 (31679663)|STATEMENT_EXECUTE|[51]
07:00:37.0 (33133628)|HEAP_ALLOCATE|[51]|Bytes:804
07:00:37.0 (33144739)|VARIABLE_SCOPE_BEGIN|[51]|fieldMap|Map<String,Schema.SObjectField>|true|false
07:00:37.0 (33365361)|VARIABLE_ASSIGNMENT|[51]|fieldMap|"{acceptance_time__c=Acceptance_Time__c, actionable_request__c=Actionable_Request__c, actual_finance_assignee__c=Actual_Finance_Assignee__c, actual_legal_assignee__c=Actual_Legal_Assignee__c, actual_procurement_assignee__c=Actual_Procurement_Assignee__c, actual_requestor__c=Actual_Requestor__c, actual_vendor_governance_assignee__c=Actual_Vendor_Governance_Assignee__c, additional_approval_complete__c=Additional_Approval_Complete__c, additional_approver_1__c=Additional_Approver_1__c, additional_approver_2__c=Additional_Approver_2__c, ...}"|0x20aa5651
07:00:37.0 (33373871)|STATEMENT_EXECUTE|[52]
07:00:37.0 (34756701)|HEAP_ALLOCATE|[52]|Bytes:8
07:00:37.0 (34790116)|VARIABLE_SCOPE_BEGIN|[52]|dfr|Schema.DescribeFieldResult|true|false
07:00:37.0 (34923469)|VARIABLE_ASSIGNMENT|[52]|dfr|"common.api.soap.wsdl.Field@6d496207"|0x14cecf73
07:00:37.0 (34928403)|STATEMENT_EXECUTE|[53]
07:00:37.0 (34959107)|HEAP_ALLOCATE|[EXTERNAL]|Bytes:60
07:00:37.0 (35016307)|HEAP_ALLOCATE|[53]|Bytes:60
07:00:37.0 (35027831)|VARIABLE_SCOPE_BEGIN|[53]|results|List<Schema.PicklistEntry>|true|false
07:00:37.0 (35043706)|VARIABLE_ASSIGNMENT|[53]|results|{"s":1,"v":"List of size 14 too large to display"}|0x66a40b65
07:00:37.0 (35226671)|HEAP_ALLOCATE|[55]|Bytes:5
07:00:37.0 (35297922)|HEAP_ALLOCATE|[55]|Bytes:4
07:00:37.0 (35323142)|VARIABLE_SCOPE_BEGIN|[55]|pe|Schema.PicklistEntry|true|false
07:00:37.0 (35336724)|VARIABLE_ASSIGNMENT|[55]|pe|Draft|0x54aac353
07:00:37.0 (35339932)|STATEMENT_EXECUTE|[55]
07:00:37.0 (35360696)|STATEMENT_EXECUTE|[56]
07:00:37.0 (35373296)|HEAP_ALLOCATE|[56]|Bytes:5
07:00:37.0 (35385322)|HEAP_ALLOCATE|[56]|Bytes:5
07:00:37.0 (35420507)|HEAP_ALLOCATE|[EXTERNAL]|Bytes:-4
07:00:37.0 (35436164)|HEAP_ALLOCATE|[55]|Bytes:5
07:00:37.0 (35447605)|HEAP_ALLOCATE|[55]|Bytes:4
07:00:37.0 (35461729)|VARIABLE_SCOPE_BEGIN|[55]|pe|Schema.PicklistEntry|true|false
07:00:37.0 (35472481)|VARIABLE_ASSIGNMENT|[55]|pe|Submitted|0x12131580
07:00:37.0 (35475388)|STATEMENT_EXECUTE|[55]
07:00:37.0 (35482618)|STATEMENT_EXECUTE|[56]
07:00:37.0 (35487800)|HEAP_ALLOCATE|[56]|Bytes:9
07:00:37.0 (35497934)|HEAP_ALLOCATE|[56]|Bytes:9
07:00:37.0 (35507221)|HEAP_ALLOCATE|[EXTERNAL]|Bytes:-4
07:00:37.0 (35519016)|HEAP_ALLOCATE|[55]|Bytes:5
07:00:37.0 (35529032)|HEAP_ALLOCATE|[55]|Bytes:4
07:00:37.0 (35541899)|VARIABLE_SCOPE_BEGIN|[55]|pe|Schema.PicklistEntry|true|false
07:00:37.0 (35551792)|VARIABLE_ASSIGNMENT|[55]|pe|Pending More Info Needed|0x58bf3c35
07:00:37.0 (35554812)|STATEMENT_EXECUTE|[55]
07:00:37.0 (35561948)|STATEMENT_EXECUTE|[56]
07:00:37.0 (35567072)|HEAP_ALLOCATE|[56]|Bytes:24
07:00:37.0 (35572222)|HEAP_ALLOCATE|[56]|Bytes:24
07:00:37.0 (35580311)|HEAP_ALLOCATE|[EXTERNAL]|Bytes:-4
07:00:37.0 (35591465)|HEAP_ALLOCATE|[55]|Bytes:5
07:00:37.0 (35600974)|HEAP_ALLOCATE|[55]|Bytes:4
07:00:37.0 (35613113)|VARIABLE_SCOPE_BEGIN|[55]|pe|Schema.PicklistEntry|true|false
07:00:37.0 (35622493)|VARIABLE_ASSIGNMENT|[55]|pe|Assigned|0x720907d
07:00:37.0 (35625214)|STATEMENT_EXECUTE|[55]
07:00:37.0 (35631587)|STATEMENT_EXECUTE|[56]
07:00:37.0 (35636284)|HEAP_ALLOCATE|[56]|Bytes:8
07:00:37.0 (35641183)|HEAP_ALLOCATE|[56]|Bytes:8
07:00:37.0 (35649222)|HEAP_ALLOCATE|[EXTERNAL]|Bytes:-4
07:00:37.0 (35660197)|HEAP_ALLOCATE|[55]|Bytes:5
07:00:37.0 (35669699)|HEAP_ALLOCATE|[55]|Bytes:4
07:00:37.0 (35681394)|VARIABLE_SCOPE_BEGIN|[55]|pe|Schema.PicklistEntry|true|false
07:00:37.0 (35690696)|VARIABLE_ASSIGNMENT|[55]|pe|In Process|0x5926b91
07:00:37.0 (35693342)|STATEMENT_EXECUTE|[55]
07:00:37.0 (35699653)|STATEMENT_EXECUTE|[56]
07:00:37.0 (35704774)|HEAP_ALLOCATE|[56]|Bytes:10
07:00:37.0 (35709944)|HEAP_ALLOCATE|[56]|Bytes:10
07:00:37.0 (35718067)|HEAP_ALLOCATE|[EXTERNAL]|Bytes:-4
07:00:37.0 (35729006)|HEAP_ALLOCATE|[55]|Bytes:5
07:00:37.0 (35738543)|HEAP_ALLOCATE|[55]|Bytes:4
07:00:37.0 (35750411)|VARIABLE_SCOPE_BEGIN|[55]|pe|Schema.PicklistEntry|true|false
07:00:37.0 (35759820)|VARIABLE_ASSIGNMENT|[55]|pe|Pending Project Final Budget|0xfa7d1b6
07:00:37.0 (35763008)|STATEMENT_EXECUTE|[55]
07:00:37.0 (35769511)|STATEMENT_EXECUTE|[56]
07:00:37.0 (35774367)|HEAP_ALLOCATE|[56]|Bytes:28
07:00:37.0 (35779033)|HEAP_ALLOCATE|[56]|Bytes:28
07:00:37.0 (35786954)|HEAP_ALLOCATE|[EXTERNAL]|Bytes:-4
07:00:37.0 (35797958)|HEAP_ALLOCATE|[55]|Bytes:5
07:00:37.0 (35807410)|HEAP_ALLOCATE|[55]|Bytes:4
07:00:37.0 (35819144)|VARIABLE_SCOPE_BEGIN|[55]|pe|Schema.PicklistEntry|true|false
07:00:37.0 (35828202)|VARIABLE_ASSIGNMENT|[55]|pe|In Approvals|0x2e581ae3
07:00:37.0 (35830874)|STATEMENT_EXECUTE|[55]
07:00:37.0 (35837098)|STATEMENT_EXECUTE|[56]
07:00:37.0 (35842552)|HEAP_ALLOCATE|[56]|Bytes:12
07:00:37.0 (35847258)|HEAP_ALLOCATE|[56]|Bytes:12
07:00:37.0 (35855111)|HEAP_ALLOCATE|[EXTERNAL]|Bytes:-4
07:00:37.0 (35866078)|HEAP_ALLOCATE|[55]|Bytes:5
07:00:37.0 (35875422)|HEAP_ALLOCATE|[55]|Bytes:4
07:00:37.0 (35887033)|VARIABLE_SCOPE_BEGIN|[55]|pe|Schema.PicklistEntry|true|false
07:00:37.0 (35896150)|VARIABLE_ASSIGNMENT|[55]|pe|All Digital Initials Obtained|0x2d78d42d
07:00:37.0 (35898912)|STATEMENT_EXECUTE|[55]
07:00:37.0 (35905612)|STATEMENT_EXECUTE|[56]
07:00:37.0 (35910503)|HEAP_ALLOCATE|[56]|Bytes:29
07:00:37.0 (35915292)|HEAP_ALLOCATE|[56]|Bytes:29
07:00:37.0 (35923262)|HEAP_ALLOCATE|[EXTERNAL]|Bytes:-4
07:00:37.0 (35933919)|HEAP_ALLOCATE|[55]|Bytes:5
07:00:37.0 (35943140)|HEAP_ALLOCATE|[55]|Bytes:4
07:00:37.0 (35954858)|VARIABLE_SCOPE_BEGIN|[55]|pe|Schema.PicklistEntry|true|false
07:00:37.0 (35964013)|VARIABLE_ASSIGNMENT|[55]|pe|On Hold|0x3ba0fcf0
07:00:37.0 (35966774)|STATEMENT_EXECUTE|[55]
07:00:37.0 (35973026)|STATEMENT_EXECUTE|[56]
07:00:37.0 (35978278)|HEAP_ALLOCATE|[56]|Bytes:7
07:00:37.0 (35983429)|HEAP_ALLOCATE|[56]|Bytes:7
07:00:37.0 (35991395)|HEAP_ALLOCATE|[EXTERNAL]|Bytes:-4
07:00:37.0 (36002143)|HEAP_ALLOCATE|[55]|Bytes:5
07:00:37.0 (36012400)|HEAP_ALLOCATE|[55]|Bytes:4
07:00:37.0 (36024352)|VARIABLE_SCOPE_BEGIN|[55]|pe|Schema.PicklistEntry|true|false
07:00:37.0 (36033438)|VARIABLE_ASSIGNMENT|[55]|pe|Cancelled|0xabbb053
07:00:37.0 (36036285)|STATEMENT_EXECUTE|[55]
07:00:37.0 (36042539)|STATEMENT_EXECUTE|[56]
07:00:37.0 (36047286)|HEAP_ALLOCATE|[56]|Bytes:9
07:00:37.0 (36052186)|HEAP_ALLOCATE|[56]|Bytes:9
07:00:37.0 (36060472)|HEAP_ALLOCATE|[EXTERNAL]|Bytes:-4
07:00:37.0 (36071357)|HEAP_ALLOCATE|[55]|Bytes:5
07:00:37.0 (36080833)|HEAP_ALLOCATE|[55]|Bytes:4
07:00:37.0 (36092516)|VARIABLE_SCOPE_BEGIN|[55]|pe|Schema.PicklistEntry|true|false
07:00:37.0 (36101669)|VARIABLE_ASSIGNMENT|[55]|pe|Reactivate|0x645a3ce5
07:00:37.0 (36104344)|STATEMENT_EXECUTE|[55]
07:00:37.0 (36110516)|STATEMENT_EXECUTE|[56]
07:00:37.0 (36115291)|HEAP_ALLOCATE|[56]|Bytes:10
07:00:37.0 (36120465)|HEAP_ALLOCATE|[56]|Bytes:10
07:00:37.0 (36128398)|HEAP_ALLOCATE|[EXTERNAL]|Bytes:-4
07:00:37.0 (36139381)|HEAP_ALLOCATE|[55]|Bytes:5
07:00:37.0 (36148749)|HEAP_ALLOCATE|[55]|Bytes:4
07:00:37.0 (36160358)|VARIABLE_SCOPE_BEGIN|[55]|pe|Schema.PicklistEntry|true|false
07:00:37.0 (36169446)|VARIABLE_ASSIGNMENT|[55]|pe|Executed and Filed|0xf6855ff
07:00:37.0 (36172243)|STATEMENT_EXECUTE|[55]
07:00:37.0 (36178524)|STATEMENT_EXECUTE|[56]
07:00:37.0 (36183390)|HEAP_ALLOCATE|[56]|Bytes:18
07:00:37.0 (36188022)|HEAP_ALLOCATE|[56]|Bytes:18
07:00:37.0 (36195949)|HEAP_ALLOCATE|[EXTERNAL]|Bytes:-4
07:00:37.0 (36206707)|HEAP_ALLOCATE|[55]|Bytes:5
07:00:37.0 (36216085)|HEAP_ALLOCATE|[55]|Bytes:4
07:00:37.0 (36227437)|VARIABLE_SCOPE_BEGIN|[55]|pe|Schema.PicklistEntry|true|false
07:00:37.0 (36236692)|VARIABLE_ASSIGNMENT|[55]|pe|Not Executed and Closed|0x33137f9e
07:00:37.0 (36239557)|STATEMENT_EXECUTE|[55]
07:00:37.0 (36245839)|STATEMENT_EXECUTE|[56]
07:00:37.0 (36250624)|HEAP_ALLOCATE|[56]|Bytes:23
07:00:37.0 (36255921)|HEAP_ALLOCATE|[56]|Bytes:23
07:00:37.0 (36264560)|HEAP_ALLOCATE|[EXTERNAL]|Bytes:-4
07:00:37.0 (36275682)|HEAP_ALLOCATE|[55]|Bytes:5
07:00:37.0 (36285189)|HEAP_ALLOCATE|[55]|Bytes:4
07:00:37.0 (36296813)|VARIABLE_SCOPE_BEGIN|[55]|pe|Schema.PicklistEntry|true|false
07:00:37.0 (36306093)|VARIABLE_ASSIGNMENT|[55]|pe|Complete|0x64fd7887
07:00:37.0 (36308755)|STATEMENT_EXECUTE|[55]
07:00:37.0 (36314958)|STATEMENT_EXECUTE|[56]
07:00:37.0 (36319637)|HEAP_ALLOCATE|[56]|Bytes:8
07:00:37.0 (36324251)|HEAP_ALLOCATE|[56]|Bytes:8
07:00:37.0 (36332150)|HEAP_ALLOCATE|[EXTERNAL]|Bytes:-4
07:00:37.0 (36343032)|HEAP_ALLOCATE|[55]|Bytes:5
07:00:37.0 (36352714)|VARIABLE_ASSIGNMENT|[55]|pe|null|
07:00:37.0 (36355504)|STATEMENT_EXECUTE|[58]
07:00:37.0 (36361786)|SYSTEM_MODE_EXIT|false
07:00:37.36 (36385894)|CUMULATIVE_LIMIT_USAGE
07:00:37.36 (36385894)|LIMIT_USAGE_FOR_NS|(default)|
  Number of SOQL queries: 1 out of 100
  Number of query rows: 1 out of 50000
  Number of SOSL queries: 0 out of 20
  Number of DML statements: 0 out of 150
  Number of DML rows: 0 out of 10000
  Maximum CPU time: 0 out of 10000
  Maximum heap size: 0 out of 6000000
  Number of callouts: 0 out of 100
  Number of Email Invocations: 0 out of 10
  Number of future calls: 0 out of 50
  Number of queueable jobs added to the queue: 0 out of 50
  Number of Mobile Apex push calls: 0 out of 10

07:00:37.36 (36385894)|CUMULATIVE_LIMIT_USAGE_END

07:00:37.0 (36411404)|CODE_UNIT_FINISHED|AnythingPath.getPicklistOptions
07:00:37.0 (36643757)|HEAP_ALLOCATE|[EXTERNAL]|Bytes:7
07:00:37.0 (36655808)|HEAP_ALLOCATE|[EXTERNAL]|Bytes:7
07:00:37.0 (36703024)|HEAP_ALLOCATE|[EXTERNAL]|Bytes:9
07:00:37.0 (36712459)|HEAP_ALLOCATE|[EXTERNAL]|Bytes:9
07:00:37.0 (38614473)|CODE_UNIT_STARTED|[EXTERNAL]|01pm0000000EXDB|AnythingPath.dynamicTopic
07:00:37.0 (38652712)|HEAP_ALLOCATE|[EXTERNAL]|Bytes:7
07:00:37.0 (38667923)|HEAP_ALLOCATE|[EXTERNAL]|Bytes:9
07:00:37.0 (38676667)|SYSTEM_MODE_ENTER|false
07:00:37.0 (38689631)|VARIABLE_SCOPE_BEGIN|[65]|WhichObject|String|false|false
07:00:37.0 (38698223)|VARIABLE_ASSIGNMENT|[65]|WhichObject|"ITPR__c"
07:00:37.0 (38703284)|VARIABLE_SCOPE_BEGIN|[65]|Field|String|false|false
07:00:37.0 (38709235)|VARIABLE_ASSIGNMENT|[65]|Field|"Status__c"
07:00:37.0 (38717246)|STATEMENT_EXECUTE|[65]
07:00:37.0 (38719871)|STATEMENT_EXECUTE|[67]
07:00:37.0 (38724521)|HEAP_ALLOCATE|[67]|Bytes:11
07:00:37.0 (38741703)|HEAP_ALLOCATE|[67]|Bytes:33
07:00:37.0 (38748031)|VARIABLE_SCOPE_BEGIN|[67]|DynamicQuery|String|false|false
07:00:37.0 (38760106)|VARIABLE_ASSIGNMENT|[67]|DynamicQuery|"Select Id, Status__c (13 more) ..."
07:00:37.0 (38764545)|STATEMENT_EXECUTE|[70]
07:00:37.0 (38773501)|HEAP_ALLOCATE|[70]|Bytes:85
07:00:37.0 (38782982)|HEAP_ALLOCATE|[70]|Bytes:4
07:00:37.0 (38790499)|HEAP_ALLOCATE|[70]|Bytes:7
07:00:37.0 (39069129)|SOQL_EXECUTE_BEGIN|[70]|Aggregations:0|SELECT Id, ApiVersion, Name, Description, Query FROM Pushtopic WHERE Query = :tmpVar1
07:00:37.0 (43047250)|SOQL_EXECUTE_END|[70]|Rows:1
07:00:37.0 (43062074)|HEAP_ALLOCATE|[70]|Bytes:8
07:00:37.0 (43074792)|HEAP_ALLOCATE|[70]|Bytes:199
07:00:37.0 (43125681)|HEAP_ALLOCATE|[70]|Bytes:8
07:00:37.0 (43135243)|VARIABLE_SCOPE_BEGIN|[70]|topicList|List<PushTopic>|true|false
07:00:37.0 (43163252)|VARIABLE_ASSIGNMENT|[70]|topicList|{"s":1,"v":[{"s":2,"v":{"Id":"0IFm00000004E6HGAU","ApiVersion":36.0,"Name":"ITPR__cStatus__c","Description":"Autogenerated by Any (19 more) ...","Query":"Select Id, Status__c (13 more) ..."}}]}|0x45ebd742
07:00:37.0 (43210605)|STATEMENT_EXECUTE|[85]
07:00:37.0 (43213001)|STATEMENT_EXECUTE|[86]
07:00:37.0 (43239241)|HEAP_ALLOCATE|[86]|Bytes:24
07:00:37.0 (43267047)|SYSTEM_MODE_EXIT|false
07:00:37.43 (43292902)|CUMULATIVE_LIMIT_USAGE
07:00:37.43 (43292902)|LIMIT_USAGE_FOR_NS|(default)|
  Number of SOQL queries: 2 out of 100
  Number of query rows: 2 out of 50000
  Number of SOSL queries: 0 out of 20
  Number of DML statements: 0 out of 150
  Number of DML rows: 0 out of 10000
  Maximum CPU time: 0 out of 10000
  Maximum heap size: 0 out of 6000000
  Number of callouts: 0 out of 100
  Number of Email Invocations: 0 out of 10
  Number of future calls: 0 out of 50
  Number of queueable jobs added to the queue: 0 out of 50
  Number of Mobile Apex push calls: 0 out of 10

07:00:37.43 (43292902)|CUMULATIVE_LIMIT_USAGE_END

07:00:37.0 (43318815)|CODE_UNIT_FINISHED|AnythingPath.dynamicTopic
07:00:37.0 (81903267)|HEAP_ALLOCATE|[EXTERNAL]|Bytes:18
07:00:37.0 (81934657)|HEAP_ALLOCATE|[EXTERNAL]|Bytes:18
07:00:37.0 (84021437)|CODE_UNIT_STARTED|[EXTERNAL]|01pm0000000EbLn|ITPR_QuickActions.retrieveITPRWithStatus
07:00:37.0 (84182326)|VARIABLE_SCOPE_BEGIN|[7]|ITPR_QuickActions.rtDictionary|Map<String,RecordType>|true|true
07:00:37.0 (84230620)|HEAP_ALLOCATE|[EXTERNAL]|Bytes:136
07:00:37.0 (84239139)|HEAP_ALLOCATE|[EXTERNAL]|Bytes:25
07:00:37.0 (84242538)|HEAP_ALLOCATE|[EXTERNAL]|Bytes:52
07:00:37.0 (84257767)|METHOD_ENTRY|[1]|01pm0000000EbLn|ITPR_QuickActions.ITPR_QuickActions()
07:00:37.0 (84261945)|STATEMENT_EXECUTE|[1]
07:00:37.0 (84268059)|STATEMENT_EXECUTE|[1]
07:00:37.0 (84269749)|STATEMENT_EXECUTE|[9]
07:00:37.0 (84270721)|STATEMENT_EXECUTE|[10]
07:00:37.0 (84274740)|HEAP_ALLOCATE|[11]|Bytes:70
07:00:37.0 (84286729)|HEAP_ALLOCATE|[11]|Bytes:4
07:00:37.0 (84637161)|SOQL_EXECUTE_BEGIN|[11]|Aggregations:0|SELECT Id, DeveloperName FROM RecordType WHERE SObjectType = 'ITPR__c'
07:00:37.0 (96664278)|SOQL_EXECUTE_END|[11]|Rows:17
07:00:37.0 (96681074)|HEAP_ALLOCATE|[11]|Bytes:72
07:00:37.0 (96705343)|HEAP_ALLOCATE|[11]|Bytes:992
07:00:37.0 (96752581)|HEAP_ALLOCATE|[11]|Bytes:72
07:00:37.0 (96765948)|VARIABLE_SCOPE_BEGIN|[10]|typeList|List<RecordType>|true|false
07:00:37.0 (96802785)|VARIABLE_ASSIGNMENT|[10]|typeList|{"s":1,"v":"List of size 17 too large to display"}|0x44bcda62
07:00:37.0 (96806466)|STATEMENT_EXECUTE|[13]
07:00:37.0 (96812674)|HEAP_ALLOCATE|[13]|Bytes:4
07:00:37.0 (96891480)|VARIABLE_ASSIGNMENT|[13]|ITPR_QuickActions.rtDictionary|{"s":1,"v":{}}|0x4ad43fb0
07:00:37.0 (96960440)|STATEMENT_EXECUTE|[15]
07:00:37.0 (97101272)|HEAP_ALLOCATE|[16]|Bytes:5
07:00:37.0 (97140804)|HEAP_ALLOCATE|[16]|Bytes:12
07:00:37.0 (97150723)|VARIABLE_SCOPE_BEGIN|[16]|rt|RecordType|true|false
07:00:37.0 (97175010)|VARIABLE_ASSIGNMENT|[16]|rt|{"s":1,"v":{"Id":"012m00000008iTlAAI","DeveloperName":"All_Digital_Initials (9 more) ..."}}|0x24301d02
07:00:37.0 (97179164)|STATEMENT_EXECUTE|[17]
07:00:37.0 (97180714)|STATEMENT_EXECUTE|[18]
07:00:37.0 (97249862)|HEAP_ALLOCATE|[EXTERNAL]|Bytes:-4
07:00:37.0 (97266990)|HEAP_ALLOCATE|[16]|Bytes:5
07:00:37.0 (97290280)|HEAP_ALLOCATE|[16]|Bytes:12
07:00:37.0 (97297788)|VARIABLE_SCOPE_BEGIN|[16]|rt|RecordType|true|false
07:00:37.0 (97313151)|VARIABLE_ASSIGNMENT|[16]|rt|{"s":1,"v":{"Id":"012m00000008iTbAAI","DeveloperName":"Assigned"}}|0x3a6fb1d2
07:00:37.0 (97317340)|STATEMENT_EXECUTE|[17]
07:00:37.0 (97319452)|STATEMENT_EXECUTE|[18]
07:00:37.0 (97336606)|HEAP_ALLOCATE|[EXTERNAL]|Bytes:-4
07:00:37.0 (97349920)|HEAP_ALLOCATE|[16]|Bytes:5
07:00:37.0 (97372766)|HEAP_ALLOCATE|[16]|Bytes:12
07:00:37.0 (97380337)|VARIABLE_SCOPE_BEGIN|[16]|rt|RecordType|true|false
07:00:37.0 (97394310)|VARIABLE_ASSIGNMENT|[16]|rt|{"s":1,"v":{"Id":"012m00000008iU0AAI","DeveloperName":"Cancelled"}}|0x64837bec
07:00:37.0 (97397611)|STATEMENT_EXECUTE|[17]
07:00:37.0 (97398777)|STATEMENT_EXECUTE|[18]
07:00:37.0 (97413041)|HEAP_ALLOCATE|[EXTERNAL]|Bytes:-4
07:00:37.0 (97425017)|HEAP_ALLOCATE|[16]|Bytes:5
07:00:37.0 (97444591)|HEAP_ALLOCATE|[16]|Bytes:12
07:00:37.0 (97450924)|VARIABLE_SCOPE_BEGIN|[16]|rt|RecordType|true|false
07:00:37.0 (97464066)|VARIABLE_ASSIGNMENT|[16]|rt|{"s":1,"v":{"Id":"012m00000008iUKAAY","DeveloperName":"Complete"}}|0x325ff9a
07:00:37.0 (97467091)|STATEMENT_EXECUTE|[17]
07:00:37.0 (97468212)|STATEMENT_EXECUTE|[18]
07:00:37.0 (97481574)|HEAP_ALLOCATE|[EXTERNAL]|Bytes:-4
07:00:37.0 (97498045)|HEAP_ALLOCATE|[16]|Bytes:5
07:00:37.0 (97517904)|HEAP_ALLOCATE|[16]|Bytes:12
07:00:37.0 (97524471)|VARIABLE_SCOPE_BEGIN|[16]|rt|RecordType|true|false
07:00:37.0 (97537796)|VARIABLE_ASSIGNMENT|[16]|rt|{"s":1,"v":{"Id":"012m00000008iTMAAY","DeveloperName":"Draft"}}|0x27d92af1
07:00:37.0 (97541371)|STATEMENT_EXECUTE|[17]
07:00:37.0 (97542656)|STATEMENT_EXECUTE|[18]
07:00:37.0 (97556262)|HEAP_ALLOCATE|[EXTERNAL]|Bytes:-4
07:00:37.0 (97568008)|HEAP_ALLOCATE|[16]|Bytes:5
07:00:37.0 (97586686)|HEAP_ALLOCATE|[16]|Bytes:12
07:00:37.0 (97592858)|VARIABLE_SCOPE_BEGIN|[16]|rt|RecordType|true|false
07:00:37.0 (97605840)|VARIABLE_ASSIGNMENT|[16]|rt|{"s":1,"v":{"Id":"012m00000008iUAAAY","DeveloperName":"Executed"}}|0x60ffeef9
07:00:37.0 (97608979)|STATEMENT_EXECUTE|[17]
07:00:37.0 (97610070)|STATEMENT_EXECUTE|[18]
07:00:37.0 (97623240)|HEAP_ALLOCATE|[EXTERNAL]|Bytes:-4
07:00:37.0 (97634715)|HEAP_ALLOCATE|[16]|Bytes:5
07:00:37.0 (97653414)|HEAP_ALLOCATE|[16]|Bytes:12
07:00:37.0 (97659499)|VARIABLE_SCOPE_BEGIN|[16]|rt|RecordType|true|false
07:00:37.0 (97672281)|VARIABLE_ASSIGNMENT|[16]|rt|{"s":1,"v":{"Id":"012m00000008iTgAAI","DeveloperName":"In_Approvals"}}|0x1fdcb511
07:00:37.0 (97675451)|STATEMENT_EXECUTE|[17]
07:00:37.0 (97676562)|STATEMENT_EXECUTE|[18]
07:00:37.0 (97689458)|HEAP_ALLOCATE|[EXTERNAL]|Bytes:-4
07:00:37.0 (97702624)|HEAP_ALLOCATE|[16]|Bytes:5
07:00:37.0 (97727335)|HEAP_ALLOCATE|[16]|Bytes:12
07:00:37.0 (97734261)|VARIABLE_SCOPE_BEGIN|[16]|rt|RecordType|true|false
07:00:37.0 (97747573)|VARIABLE_ASSIGNMENT|[16]|rt|{"s":1,"v":{"Id":"012d0000000x2ACAAY","DeveloperName":"In_Process"}}|0x3329505f
07:00:37.0 (97750474)|STATEMENT_EXECUTE|[17]
07:00:37.0 (97751625)|STATEMENT_EXECUTE|[18]
07:00:37.0 (97765001)|HEAP_ALLOCATE|[EXTERNAL]|Bytes:-4
07:00:37.0 (97776591)|HEAP_ALLOCATE|[16]|Bytes:5
07:00:37.0 (97795313)|HEAP_ALLOCATE|[16]|Bytes:12
07:00:37.0 (97801735)|VARIABLE_SCOPE_BEGIN|[16]|rt|RecordType|true|false
07:00:37.0 (97814396)|VARIABLE_ASSIGNMENT|[16]|rt|{"s":1,"v":{"Id":"012m00000008iUFAAY","DeveloperName":"Not_Executed"}}|0x5d496a69
07:00:37.0 (97817322)|STATEMENT_EXECUTE|[17]
07:00:37.0 (97818699)|STATEMENT_EXECUTE|[18]
07:00:37.0 (97831862)|HEAP_ALLOCATE|[EXTERNAL]|Bytes:-4
07:00:37.0 (97846938)|HEAP_ALLOCATE|[16]|Bytes:5
07:00:37.0 (97865991)|HEAP_ALLOCATE|[16]|Bytes:12
07:00:37.0 (97872157)|VARIABLE_SCOPE_BEGIN|[16]|rt|RecordType|true|false
07:00:37.0 (97885005)|VARIABLE_ASSIGNMENT|[16]|rt|{"s":1,"v":{"Id":"012m00000008iTqAAI","DeveloperName":"On_Hold"}}|0x42decf1f
07:00:37.0 (97887745)|STATEMENT_EXECUTE|[17]
07:00:37.0 (97888791)|STATEMENT_EXECUTE|[18]
07:00:37.0 (97902059)|HEAP_ALLOCATE|[EXTERNAL]|Bytes:-4
07:00:37.0 (97913541)|HEAP_ALLOCATE|[16]|Bytes:5
07:00:37.0 (97932160)|HEAP_ALLOCATE|[16]|Bytes:12
07:00:37.0 (97938556)|VARIABLE_SCOPE_BEGIN|[16]|rt|RecordType|true|false
07:00:37.0 (97955346)|VARIABLE_ASSIGNMENT|[16]|rt|{"s":1,"v":{"Id":"012d0000000x3F8AAI","DeveloperName":"Pending_Budget"}}|0x38d08e68
07:00:37.0 (97958138)|STATEMENT_EXECUTE|[17]
07:00:37.0 (97959245)|STATEMENT_EXECUTE|[18]
07:00:37.0 (97972659)|HEAP_ALLOCATE|[EXTERNAL]|Bytes:-4
07:00:37.0 (97984289)|HEAP_ALLOCATE|[16]|Bytes:5
07:00:37.0 (98003677)|HEAP_ALLOCATE|[16]|Bytes:12
07:00:37.0 (98010634)|VARIABLE_SCOPE_BEGIN|[16]|rt|RecordType|true|false
07:00:37.0 (98024527)|VARIABLE_ASSIGNMENT|[16]|rt|{"s":1,"v":{"Id":"012m00000008iTWAAY","DeveloperName":"Pending_More_Info_Ne (4 more) ..."}}|0x41828a85
07:00:37.0 (98027526)|STATEMENT_EXECUTE|[17]
07:00:37.0 (98028606)|STATEMENT_EXECUTE|[18]
07:00:37.0 (98041863)|HEAP_ALLOCATE|[EXTERNAL]|Bytes:-4
07:00:37.0 (98053345)|HEAP_ALLOCATE|[16]|Bytes:5
07:00:37.0 (98072239)|HEAP_ALLOCATE|[16]|Bytes:12
07:00:37.0 (98078552)|VARIABLE_SCOPE_BEGIN|[16]|rt|RecordType|true|false
07:00:37.0 (98091421)|VARIABLE_ASSIGNMENT|[16]|rt|{"s":1,"v":{"Id":"012m00000008iU5AAI","DeveloperName":"Reactivate"}}|0x578eaafe
07:00:37.0 (98094199)|STATEMENT_EXECUTE|[17]
07:00:37.0 (98095267)|STATEMENT_EXECUTE|[18]
07:00:37.0 (98109035)|HEAP_ALLOCATE|[EXTERNAL]|Bytes:-4
07:00:37.0 (98120622)|HEAP_ALLOCATE|[16]|Bytes:5
07:00:37.0 (98139145)|HEAP_ALLOCATE|[16]|Bytes:12
07:00:37.0 (98145595)|VARIABLE_SCOPE_BEGIN|[16]|rt|RecordType|true|false
07:00:37.0 (98158724)|VARIABLE_ASSIGNMENT|[16]|rt|{"s":1,"v":{"Id":"012m00000008iTRAAY","DeveloperName":"Submitted"}}|0x639c2127
07:00:37.0 (98161583)|STATEMENT_EXECUTE|[17]
07:00:37.0 (98162656)|STATEMENT_EXECUTE|[18]
07:00:37.0 (98175627)|HEAP_ALLOCATE|[EXTERNAL]|Bytes:-4
07:00:37.0 (98186877)|HEAP_ALLOCATE|[16]|Bytes:5
07:00:37.0 (98205415)|HEAP_ALLOCATE|[16]|Bytes:12
07:00:37.0 (98211505)|VARIABLE_SCOPE_BEGIN|[16]|rt|RecordType|true|false
07:00:37.0 (98224435)|VARIABLE_ASSIGNMENT|[16]|rt|{"s":1,"v":{"Id":"012d0000000x2ADAAY","DeveloperName":"Wave1_Approvals"}}|0x5f8340f2
07:00:37.0 (98227368)|STATEMENT_EXECUTE|[17]
07:00:37.0 (98228442)|STATEMENT_EXECUTE|[18]
07:00:37.0 (98241533)|HEAP_ALLOCATE|[EXTERNAL]|Bytes:-4
07:00:37.0 (98252915)|HEAP_ALLOCATE|[16]|Bytes:5
07:00:37.0 (98271327)|HEAP_ALLOCATE|[16]|Bytes:12
07:00:37.0 (98277478)|VARIABLE_SCOPE_BEGIN|[16]|rt|RecordType|true|false
07:00:37.0 (98290279)|VARIABLE_ASSIGNMENT|[16]|rt|{"s":1,"v":{"Id":"012d0000000x2AEAAY","DeveloperName":"Wave2_Approvals"}}|0xa802f25
07:00:37.0 (98293270)|STATEMENT_EXECUTE|[17]
07:00:37.0 (98294427)|STATEMENT_EXECUTE|[18]
07:00:37.0 (98307483)|HEAP_ALLOCATE|[EXTERNAL]|Bytes:-4
07:00:37.0 (98319029)|HEAP_ALLOCATE|[16]|Bytes:5
07:00:37.0 (98337244)|HEAP_ALLOCATE|[16]|Bytes:12
07:00:37.0 (98343486)|VARIABLE_SCOPE_BEGIN|[16]|rt|RecordType|true|false
07:00:37.0 (98356202)|VARIABLE_ASSIGNMENT|[16]|rt|{"s":1,"v":{"Id":"012d0000000x2AFAAY","DeveloperName":"Wave3_Approvals"}}|0x28fbadd1
07:00:37.0 (98358976)|STATEMENT_EXECUTE|[17]
07:00:37.0 (98360090)|STATEMENT_EXECUTE|[18]
07:00:37.0 (98373199)|HEAP_ALLOCATE|[EXTERNAL]|Bytes:-4
07:00:37.0 (98384632)|HEAP_ALLOCATE|[16]|Bytes:5
07:00:37.0 (98395770)|VARIABLE_ASSIGNMENT|[16]|rt|null|
07:00:37.0 (98405130)|METHOD_EXIT|[1]|ITPR_QuickActions
07:00:37.0 (98410680)|HEAP_ALLOCATE|[EXTERNAL]|Bytes:18
07:00:37.0 (98418808)|SYSTEM_MODE_ENTER|false
07:00:37.0 (98430007)|VARIABLE_SCOPE_BEGIN|[119]|recordId|String|false|false
07:00:37.0 (98435600)|VARIABLE_ASSIGNMENT|[119]|recordId|"a1Nm00000011q90EAA"
07:00:37.0 (98441264)|STATEMENT_EXECUTE|[119]
07:00:37.0 (98442981)|STATEMENT_EXECUTE|[120]
07:00:37.0 (98446723)|HEAP_ALLOCATE|[120]|Bytes:63
07:00:37.0 (98452372)|HEAP_ALLOCATE|[120]|Bytes:4
07:00:37.0 (98670068)|SOQL_EXECUTE_BEGIN|[120]|Aggregations:0|SELECT Name, Status__c FROM ITPR__c WHERE Id = :tmpVar1 LIMIT 1
07:00:37.0 (120954179)|SOQL_EXECUTE_END|[120]|Rows:1
07:00:37.0 (120975431)|HEAP_ALLOCATE|[120]|Bytes:8
07:00:37.0 (120994106)|HEAP_ALLOCATE|[120]|Bytes:70
07:00:37.0 (121014106)|HEAP_ALLOCATE|[120]|Bytes:8
07:00:37.0 (121028694)|HEAP_ALLOCATE|[120]|Bytes:33
07:00:37.0 (121066121)|HEAP_ALLOCATE|[120]|Bytes:16
07:00:37.0 (121077424)|VARIABLE_SCOPE_BEGIN|[120]|itsesRequest|ITPR__c|true|false
07:00:37.0 (121109367)|VARIABLE_ASSIGNMENT|[120]|itsesRequest|{"s":1,"v":{"Name":"201609-04573","Status__c":"Assigned","Id":"a1Nm00000011q90EAA"}}|0x783e6896
07:00:37.0 (121114281)|STATEMENT_EXECUTE|[121]
07:00:37.0 (121123185)|SYSTEM_MODE_EXIT|false
07:00:37.121 (121164695)|CUMULATIVE_LIMIT_USAGE
07:00:37.121 (121164695)|LIMIT_USAGE_FOR_NS|(default)|
  Number of SOQL queries: 4 out of 100
  Number of query rows: 20 out of 50000
  Number of SOSL queries: 0 out of 20
  Number of DML statements: 0 out of 150
  Number of DML rows: 0 out of 10000
  Maximum CPU time: 0 out of 10000
  Maximum heap size: 0 out of 6000000
  Number of callouts: 0 out of 100
  Number of Email Invocations: 0 out of 10
  Number of future calls: 0 out of 50
  Number of queueable jobs added to the queue: 0 out of 50
  Number of Mobile Apex push calls: 0 out of 10

07:00:37.121 (121164695)|CUMULATIVE_LIMIT_USAGE_END

07:00:37.0 (121211245)|CODE_UNIT_FINISHED|ITPR_QuickActions.retrieveITPRWithStatus
07:00:37.0 (160734774)|HEAP_ALLOCATE|[EXTERNAL]|Bytes:18
07:00:37.0 (160766259)|HEAP_ALLOCATE|[EXTERNAL]|Bytes:18
07:00:37.0 (160818341)|HEAP_ALLOCATE|[EXTERNAL]|Bytes:7
07:00:37.0 (160828385)|HEAP_ALLOCATE|[EXTERNAL]|Bytes:7
07:00:37.0 (160872182)|HEAP_ALLOCATE|[EXTERNAL]|Bytes:9
07:00:37.0 (160881299)|HEAP_ALLOCATE|[EXTERNAL]|Bytes:9
07:00:37.0 (163012820)|CODE_UNIT_STARTED|[EXTERNAL]|01pm0000000EZxV|GuidanceBox.getGuidance
07:00:37.0 (163077782)|HEAP_ALLOCATE|[EXTERNAL]|Bytes:4
07:00:37.0 (163084403)|HEAP_ALLOCATE|[EXTERNAL]|Bytes:2
07:00:37.0 (163099264)|METHOD_ENTRY|[1]|01pm0000000EZxV|GuidanceBox.GuidanceBox()
07:00:37.0 (163103571)|STATEMENT_EXECUTE|[1]
07:00:37.0 (163109899)|STATEMENT_EXECUTE|[1]
07:00:37.0 (163116735)|METHOD_EXIT|[1]|GuidanceBox
07:00:37.0 (163121303)|HEAP_ALLOCATE|[EXTERNAL]|Bytes:18
07:00:37.0 (163123261)|HEAP_ALLOCATE|[EXTERNAL]|Bytes:7
07:00:37.0 (163125333)|HEAP_ALLOCATE|[EXTERNAL]|Bytes:9
07:00:37.0 (163134485)|HEAP_ALLOCATE|[EXTERNAL]|Bytes:5
07:00:37.0 (163143325)|SYSTEM_MODE_ENTER|false
07:00:37.0 (163151091)|VARIABLE_SCOPE_BEGIN|[4]|recordId|String|false|false
07:00:37.0 (163166523)|VARIABLE_ASSIGNMENT|[4]|recordId|"a1Nm00000011q90EAA"
07:00:37.0 (163168723)|VARIABLE_SCOPE_BEGIN|[4]|sobjectname|String|false|false
07:00:37.0 (163171843)|VARIABLE_ASSIGNMENT|[4]|sobjectname|"ITPR__c"
07:00:37.0 (163173792)|VARIABLE_SCOPE_BEGIN|[4]|field|String|false|false
07:00:37.0 (163176621)|VARIABLE_ASSIGNMENT|[4]|field|"Status__c"
07:00:37.0 (163178709)|VARIABLE_SCOPE_BEGIN|[4]|useRecordTypes|Boolean|false|false
07:00:37.0 (163182893)|VARIABLE_ASSIGNMENT|[4]|useRecordTypes|false
07:00:37.0 (163190234)|STATEMENT_EXECUTE|[4]
07:00:37.0 (163194884)|STATEMENT_EXECUTE|[6]
07:00:37.0 (163196858)|STATEMENT_EXECUTE|[20]
07:00:37.0 (163200885)|HEAP_ALLOCATE|[20]|Bytes:7
07:00:37.0 (163207001)|HEAP_ALLOCATE|[20]|Bytes:12
07:00:37.0 (163222054)|HEAP_ALLOCATE|[20]|Bytes:59
07:00:37.0 (163230490)|HEAP_ALLOCATE|[20]|Bytes:60
07:00:37.0 (163636025)|SOQL_EXECUTE_BEGIN|[20]|Aggregations:0|select Status__c from ITPR__c where Id ='a1Nm00000011q90EAA'
07:00:37.0 (167460983)|SOQL_EXECUTE_END|[20]|Rows:1
07:00:37.0 (167478760)|HEAP_ALLOCATE|[20]|Bytes:8
07:00:37.0 (167501217)|HEAP_ALLOCATE|[20]|Bytes:50
07:00:37.0 (167524673)|HEAP_ALLOCATE|[20]|Bytes:8
07:00:37.0 (167538191)|HEAP_ALLOCATE|[20]|Bytes:33
07:00:37.0 (167585558)|HEAP_ALLOCATE|[20]|Bytes:12
07:00:37.0 (167594281)|VARIABLE_SCOPE_BEGIN|[20]|sobj|SObject|true|false
07:00:37.0 (167619505)|VARIABLE_ASSIGNMENT|[20]|sobj|{"s":1,"v":{"Status__c":"Assigned","Id":"a1Nm00000011q90EAA"}}|0x50e27b2d
07:00:37.0 (167622632)|STATEMENT_EXECUTE|[21]
07:00:37.0 (167687522)|HEAP_ALLOCATE|[21]|Bytes:8
07:00:37.0 (167703185)|VARIABLE_SCOPE_BEGIN|[21]|fieldValue|String|false|false
07:00:37.0 (167710744)|VARIABLE_ASSIGNMENT|[21]|fieldValue|"Assigned"
07:00:37.0 (167713301)|STATEMENT_EXECUTE|[23]
07:00:37.0 (167717510)|HEAP_ALLOCATE|[23]|Bytes:121
07:00:37.0 (167727279)|HEAP_ALLOCATE|[23]|Bytes:4
07:00:37.0 (167751195)|HEAP_ALLOCATE|[23]|Bytes:7
07:00:37.0 (167757392)|HEAP_ALLOCATE|[23]|Bytes:7
07:00:37.0 (169098073)|SOQL_EXECUTE_BEGIN|[23]|Aggregations:0|SELECT Guidance__c FROM GuidanceBox__c WHERE (object__c = :tmpVar1 AND field__c = :tmpVar2 AND Field_Value__c = :tmpVar3)
07:00:37.0 (174712170)|SOQL_EXECUTE_END|[23]|Rows:1
07:00:37.0 (174729397)|HEAP_ALLOCATE|[23]|Bytes:8
07:00:37.0 (174738806)|HEAP_ALLOCATE|[23]|Bytes:194
07:00:37.0 (174804448)|HEAP_ALLOCATE|[23]|Bytes:8
07:00:37.0 (174816098)|SYSTEM_MODE_EXIT|false
07:00:37.174 (174862927)|CUMULATIVE_LIMIT_USAGE
07:00:37.174 (174862927)|LIMIT_USAGE_FOR_NS|(default)|
  Number of SOQL queries: 6 out of 100
  Number of query rows: 22 out of 50000
  Number of SOSL queries: 0 out of 20
  Number of DML statements: 0 out of 150
  Number of DML rows: 0 out of 10000
  Maximum CPU time: 0 out of 10000
  Maximum heap size: 0 out of 6000000
  Number of callouts: 0 out of 100
  Number of Email Invocations: 0 out of 10
  Number of future calls: 0 out of 50
  Number of queueable jobs added to the queue: 0 out of 50
  Number of Mobile Apex push calls: 0 out of 10

07:00:37.174 (174862927)|CUMULATIVE_LIMIT_USAGE_END

07:00:37.0 (174912239)|CODE_UNIT_FINISHED|GuidanceBox.getGuidance
