38.0 APEX_CODE,FINEST;APEX_PROFILING,INFO;CALLOUT,INFO;DB,INFO;SYSTEM,DEBUG;VALIDATION,INFO;VISUALFORCE,INFO;WORKFLOW,INFO
07:00:39.0 (94904)|USER_INFO|[EXTERNAL]|005m0000002GNhO|dscruggs@salesforce.com.rfadev13|Pacific Standard Time|GMT-07:00
07:00:39.0 (132848)|EXECUTION_STARTED
07:00:39.0 (138446)|CODE_UNIT_STARTED|[EXTERNAL]|aura
07:00:39.0 (680665)|HEAP_ALLOCATE|[72]|Bytes:3
07:00:39.0 (753356)|HEAP_ALLOCATE|[77]|Bytes:152
07:00:39.0 (774780)|HEAP_ALLOCATE|[342]|Bytes:408
07:00:39.0 (793654)|HEAP_ALLOCATE|[355]|Bytes:408
07:00:39.0 (811175)|HEAP_ALLOCATE|[467]|Bytes:48
07:00:39.0 (842891)|HEAP_ALLOCATE|[139]|Bytes:6
07:00:39.0 (870770)|HEAP_ALLOCATE|[EXTERNAL]|Bytes:778
07:00:39.0 (889848)|HEAP_ALLOCATE|[EXTERNAL]|Bytes:778
07:00:39.0 (3810219)|CODE_UNIT_STARTED|[EXTERNAL]|01pm0000000EXpe|PowerRelatedListCtrl.query
07:00:39.0 (3916135)|HEAP_ALLOCATE|[EXTERNAL]|Bytes:14
07:00:39.0 (3922190)|HEAP_ALLOCATE|[EXTERNAL]|Bytes:21
07:00:39.0 (3925032)|HEAP_ALLOCATE|[EXTERNAL]|Bytes:27
07:00:39.0 (3937727)|METHOD_ENTRY|[1]|01pm0000000EXpe|PowerRelatedListCtrl.PowerRelatedListCtrl()
07:00:39.0 (3941791)|STATEMENT_EXECUTE|[1]
07:00:39.0 (3948316)|STATEMENT_EXECUTE|[1]
07:00:39.0 (3987910)|HEAP_ALLOCATE|[50]|Bytes:5
07:00:39.0 (4016515)|HEAP_ALLOCATE|[56]|Bytes:5
07:00:39.0 (4026560)|HEAP_ALLOCATE|[64]|Bytes:7
07:00:39.0 (4052599)|SYSTEM_MODE_ENTER|false
07:00:39.0 (4077590)|HEAP_ALLOCATE|[EXTERNAL]|Bytes:5
07:00:39.0 (4082512)|STATEMENT_EXECUTE|[219]
07:00:39.0 (4090104)|SYSTEM_MODE_EXIT|false
07:00:39.0 (4097651)|METHOD_EXIT|[1]|PowerRelatedListCtrl
07:00:39.0 (4101943)|HEAP_ALLOCATE|[EXTERNAL]|Bytes:778
07:00:39.0 (4108509)|SYSTEM_MODE_ENTER|false
07:00:39.0 (4120753)|VARIABLE_SCOPE_BEGIN|[4]|soql|String|false|false
07:00:39.0 (4152548)|VARIABLE_ASSIGNMENT|[4]|soql|"select Id, Organizat (758 more) ..."
07:00:39.0 (4170853)|HEAP_ALLOCATE|[5]|Bytes:5
07:00:39.0 (4174840)|STATEMENT_EXECUTE|[4]
07:00:39.0 (4176392)|STATEMENT_EXECUTE|[5]
07:00:39.0 (5418909)|SOQL_EXECUTE_BEGIN|[5]|Aggregations:0|select Id, Organization__c, Name, Request_Type__c, Category__c, Submitted_By__c, Business_Area__c, Submitted_By_Phone_Number__c, Submitted_On_Behalf_Of__c, Delegated_Requestor__c, Delegated_Requestor_check__c, Supplier_Name__c, Do_not_Auto_Assign__c, Supplier_Contact_Name__c, Manager__c, Supplier_Contact_Email__c, Request_Comments_Updates__c, Supplier_Contact_Phone_Number__c, Actual_Requestor__c, Opportunity_Statement__c, If_Chg_Order_Provide_Orig_Contract_Value__c, I_Have_Read_The_Provided_ITP_OLA__c, Engagement_Of_A_New_Supplier__c, Assign_check__c, If_Rqd_Has_Hosting_Cert_Team_Approved__c, Portfolio_Department__c, If_Required_Has_The_TRB_Approved__c, Date_Needed_By__c, Primary_Assignee__c, Primary_Assignee_Prior_Value__c from ITPR__c where Id = 'a1Nm00000011q90EAA'
07:00:39.0 (52820834)|SOQL_EXECUTE_END|[5]|Rows:1
07:00:39.0 (52845135)|HEAP_ALLOCATE|[5]|Bytes:8
07:00:39.0 (52869445)|HEAP_ALLOCATE|[5]|Bytes:695
07:00:39.0 (53000656)|HEAP_ALLOCATE|[5]|Bytes:8
07:00:39.0 (53050900)|HEAP_ALLOCATE|[5]|Bytes:24
07:00:39.0 (53064179)|SYSTEM_METHOD_ENTRY|[1]|JSON.JSON()
07:00:39.0 (53066967)|STATEMENT_EXECUTE|[1]
07:00:39.0 (53075418)|SYSTEM_METHOD_EXIT|[1]|JSON
07:00:39.0 (53091246)|METHOD_ENTRY|[5]||System.JSON.serialize(Object)
07:00:39.0 (53671615)|METHOD_EXIT|[5]||System.JSON.serialize(Object)
07:00:39.0 (53686074)|SYSTEM_MODE_EXIT|false
07:00:39.53 (53733768)|CUMULATIVE_LIMIT_USAGE
07:00:39.53 (53733768)|LIMIT_USAGE_FOR_NS|(default)|
  Number of SOQL queries: 1 out of 100
  Number of query rows: 1 out of 50000
  Number of SOSL queries: 0 out of 20
  Number of DML statements: 0 out of 150
  Number of DML rows: 0 out of 10000
  Maximum CPU time: 0 out of 10000
  Maximum heap size: 0 out of 6000000
  Number of callouts: 0 out of 100
  Number of Email Invocations: 0 out of 10
  Number of future calls: 0 out of 50
  Number of queueable jobs added to the queue: 0 out of 50
  Number of Mobile Apex push calls: 0 out of 10

07:00:39.53 (53733768)|CUMULATIVE_LIMIT_USAGE_END

07:00:39.0 (53781399)|CODE_UNIT_FINISHED|PowerRelatedListCtrl.query
