38.0 APEX_CODE,FINEST;APEX_PROFILING,INFO;CALLOUT,INFO;DB,INFO;SYSTEM,DEBUG;VALIDATION,INFO;VISUALFORCE,INFO;WORKFLOW,INFO
07:03:25.0 (445335)|USER_INFO|[EXTERNAL]|005m0000002GNhO|dscruggs@salesforce.com.rfadev13|Pacific Standard Time|GMT-07:00
07:03:25.0 (477072)|EXECUTION_STARTED
07:03:25.0 (484331)|CODE_UNIT_STARTED|[EXTERNAL]|aura
07:03:25.0 (849165)|HEAP_ALLOCATE|[72]|Bytes:3
07:03:25.0 (897958)|HEAP_ALLOCATE|[77]|Bytes:152
07:03:25.0 (915597)|HEAP_ALLOCATE|[342]|Bytes:408
07:03:25.0 (933478)|HEAP_ALLOCATE|[355]|Bytes:408
07:03:25.0 (950241)|HEAP_ALLOCATE|[467]|Bytes:48
07:03:25.0 (975478)|HEAP_ALLOCATE|[139]|Bytes:6
07:03:25.0 (1000078)|HEAP_ALLOCATE|[EXTERNAL]|Bytes:7
07:03:25.0 (1018972)|HEAP_ALLOCATE|[EXTERNAL]|Bytes:7
07:03:25.0 (1080520)|HEAP_ALLOCATE|[EXTERNAL]|Bytes:9
07:03:25.0 (1091248)|HEAP_ALLOCATE|[EXTERNAL]|Bytes:9
07:03:25.0 (3883134)|CODE_UNIT_STARTED|[EXTERNAL]|01pm0000000EZxV|GuidanceBox.dynamicTopic
07:03:25.0 (3981466)|HEAP_ALLOCATE|[EXTERNAL]|Bytes:4
07:03:25.0 (3987152)|HEAP_ALLOCATE|[EXTERNAL]|Bytes:2
07:03:25.0 (3997801)|METHOD_ENTRY|[1]|01pm0000000EZxV|GuidanceBox.GuidanceBox()
07:03:25.0 (4001180)|STATEMENT_EXECUTE|[1]
07:03:25.0 (4006949)|STATEMENT_EXECUTE|[1]
07:03:25.0 (4011121)|METHOD_EXIT|[1]|GuidanceBox
07:03:25.0 (4015365)|HEAP_ALLOCATE|[EXTERNAL]|Bytes:7
07:03:25.0 (4017108)|HEAP_ALLOCATE|[EXTERNAL]|Bytes:9
07:03:25.0 (4029343)|SYSTEM_MODE_ENTER|false
07:03:25.0 (4041780)|VARIABLE_SCOPE_BEGIN|[30]|WhichObject|String|false|false
07:03:25.0 (4070148)|VARIABLE_ASSIGNMENT|[30]|WhichObject|"ITPR__c"
07:03:25.0 (4075639)|VARIABLE_SCOPE_BEGIN|[30]|Field|String|false|false
07:03:25.0 (4079485)|VARIABLE_ASSIGNMENT|[30]|Field|"Status__c"
07:03:25.0 (4090422)|STATEMENT_EXECUTE|[30]
07:03:25.0 (4092097)|STATEMENT_EXECUTE|[31]
07:03:25.0 (4883788)|HEAP_ALLOCATE|[31]|Bytes:15
07:03:25.0 (4890800)|HEAP_ALLOCATE|[31]|Bytes:8
07:03:25.0 (4920202)|METHOD_ENTRY|[1]|01pm0000000EXDB|AnythingPath.AnythingPath()
07:03:25.0 (4923221)|STATEMENT_EXECUTE|[1]
07:03:25.0 (4926334)|STATEMENT_EXECUTE|[1]
07:03:25.0 (4930539)|METHOD_EXIT|[1]|AnythingPath
07:03:25.0 (4950493)|METHOD_ENTRY|[31]|01pm0000000EXDB|AnythingPath.dynamicTopic(String, String)
07:03:25.0 (4972189)|VARIABLE_SCOPE_BEGIN|[65]|WhichObject|String|false|false
07:03:25.0 (4979637)|VARIABLE_ASSIGNMENT|[65]|WhichObject|"ITPR__c"
07:03:25.0 (4983198)|VARIABLE_SCOPE_BEGIN|[65]|Field|String|false|false
07:03:25.0 (4986404)|VARIABLE_ASSIGNMENT|[65]|Field|"Status__c"
07:03:25.0 (4990889)|STATEMENT_EXECUTE|[65]
07:03:25.0 (4992305)|STATEMENT_EXECUTE|[67]
07:03:25.0 (4995865)|HEAP_ALLOCATE|[67]|Bytes:11
07:03:25.0 (5001124)|HEAP_ALLOCATE|[67]|Bytes:6
07:03:25.0 (5016012)|HEAP_ALLOCATE|[67]|Bytes:33
07:03:25.0 (5020869)|VARIABLE_SCOPE_BEGIN|[67]|DynamicQuery|String|false|false
07:03:25.0 (5030324)|VARIABLE_ASSIGNMENT|[67]|DynamicQuery|"Select Id, Status__c (13 more) ..."
07:03:25.0 (5032830)|STATEMENT_EXECUTE|[70]
07:03:25.0 (5035830)|HEAP_ALLOCATE|[70]|Bytes:85
07:03:25.0 (5046018)|HEAP_ALLOCATE|[70]|Bytes:4
07:03:25.0 (5055968)|HEAP_ALLOCATE|[70]|Bytes:7
07:03:25.0 (5085043)|HEAP_ALLOCATE|[50]|Bytes:5
07:03:25.0 (5106619)|HEAP_ALLOCATE|[56]|Bytes:5
07:03:25.0 (5115813)|HEAP_ALLOCATE|[64]|Bytes:7
07:03:25.0 (5464410)|SOQL_EXECUTE_BEGIN|[70]|Aggregations:0|SELECT Id, ApiVersion, Name, Description, Query FROM Pushtopic WHERE Query = :tmpVar1
07:03:25.0 (10178833)|SOQL_EXECUTE_END|[70]|Rows:1
07:03:25.0 (10197655)|HEAP_ALLOCATE|[70]|Bytes:8
07:03:25.0 (10214937)|HEAP_ALLOCATE|[70]|Bytes:199
07:03:25.0 (10314889)|HEAP_ALLOCATE|[70]|Bytes:8
07:03:25.0 (10326978)|VARIABLE_SCOPE_BEGIN|[70]|topicList|List<PushTopic>|true|false
07:03:25.0 (10370620)|VARIABLE_ASSIGNMENT|[70]|topicList|{"s":1,"v":[{"s":2,"v":{"Id":"0IFm00000004E6HGAU","ApiVersion":36.0,"Name":"ITPR__cStatus__c","Description":"Autogenerated by Any (19 more) ...","Query":"Select Id, Status__c (13 more) ..."}}]}|0x610fc15e
07:03:25.0 (10449620)|STATEMENT_EXECUTE|[85]
07:03:25.0 (10452370)|STATEMENT_EXECUTE|[86]
07:03:25.0 (10487359)|HEAP_ALLOCATE|[86]|Bytes:24
07:03:25.0 (10522097)|METHOD_EXIT|[31]|01pm0000000EXDB|AnythingPath.dynamicTopic(String, String)
07:03:25.0 (10531024)|SYSTEM_MODE_EXIT|false
07:03:25.10 (10575457)|CUMULATIVE_LIMIT_USAGE
07:03:25.10 (10575457)|LIMIT_USAGE_FOR_NS|(default)|
  Number of SOQL queries: 1 out of 100
  Number of query rows: 1 out of 50000
  Number of SOSL queries: 0 out of 20
  Number of DML statements: 0 out of 150
  Number of DML rows: 0 out of 10000
  Maximum CPU time: 0 out of 10000
  Maximum heap size: 0 out of 6000000
  Number of callouts: 0 out of 100
  Number of Email Invocations: 0 out of 10
  Number of future calls: 0 out of 50
  Number of queueable jobs added to the queue: 0 out of 50
  Number of Mobile Apex push calls: 0 out of 10

07:03:25.10 (10575457)|CUMULATIVE_LIMIT_USAGE_END

07:03:25.0 (10611643)|CODE_UNIT_FINISHED|GuidanceBox.dynamicTopic
