38.0 APEX_CODE,FINEST;APEX_PROFILING,INFO;CALLOUT,INFO;DB,INFO;SYSTEM,DEBUG;VALIDATION,INFO;VISUALFORCE,INFO;WORKFLOW,INFO
07:26:46.0 (271743)|USER_INFO|[EXTERNAL]|005m0000002GNhO|dscruggs@salesforce.com.rfadev13|Pacific Standard Time|GMT-07:00
07:26:46.0 (303766)|EXECUTION_STARTED
07:26:46.0 (310686)|CODE_UNIT_STARTED|[EXTERNAL]|aura
07:26:46.0 (720817)|HEAP_ALLOCATE|[72]|Bytes:3
07:26:46.0 (790976)|HEAP_ALLOCATE|[77]|Bytes:152
07:26:46.0 (812261)|HEAP_ALLOCATE|[342]|Bytes:408
07:26:46.0 (830766)|HEAP_ALLOCATE|[355]|Bytes:408
07:26:46.0 (847706)|HEAP_ALLOCATE|[467]|Bytes:48
07:26:46.0 (879940)|HEAP_ALLOCATE|[139]|Bytes:6
07:26:46.0 (908248)|HEAP_ALLOCATE|[EXTERNAL]|Bytes:7
07:26:46.0 (926337)|HEAP_ALLOCATE|[EXTERNAL]|Bytes:7
07:26:46.0 (988141)|HEAP_ALLOCATE|[EXTERNAL]|Bytes:9
07:26:46.0 (998387)|HEAP_ALLOCATE|[EXTERNAL]|Bytes:9
07:26:46.0 (4453385)|CODE_UNIT_STARTED|[EXTERNAL]|01pm0000000EZxV|GuidanceBox.dynamicTopic
07:26:46.0 (4549003)|HEAP_ALLOCATE|[EXTERNAL]|Bytes:4
07:26:46.0 (4554553)|HEAP_ALLOCATE|[EXTERNAL]|Bytes:2
07:26:46.0 (4563920)|METHOD_ENTRY|[1]|01pm0000000EZxV|GuidanceBox.GuidanceBox()
07:26:46.0 (4567373)|STATEMENT_EXECUTE|[1]
07:26:46.0 (4572958)|STATEMENT_EXECUTE|[1]
07:26:46.0 (4578316)|METHOD_EXIT|[1]|GuidanceBox
07:26:46.0 (4582592)|HEAP_ALLOCATE|[EXTERNAL]|Bytes:7
07:26:46.0 (4584179)|HEAP_ALLOCATE|[EXTERNAL]|Bytes:9
07:26:46.0 (4595062)|SYSTEM_MODE_ENTER|false
07:26:46.0 (4603640)|VARIABLE_SCOPE_BEGIN|[30]|WhichObject|String|false|false
07:26:46.0 (4632705)|VARIABLE_ASSIGNMENT|[30]|WhichObject|"ITPR__c"
07:26:46.0 (4635749)|VARIABLE_SCOPE_BEGIN|[30]|Field|String|false|false
07:26:46.0 (4639367)|VARIABLE_ASSIGNMENT|[30]|Field|"Status__c"
07:26:46.0 (4652177)|STATEMENT_EXECUTE|[30]
07:26:46.0 (4653566)|STATEMENT_EXECUTE|[31]
07:26:46.0 (5330864)|HEAP_ALLOCATE|[31]|Bytes:15
07:26:46.0 (5338623)|HEAP_ALLOCATE|[31]|Bytes:8
07:26:46.0 (5362136)|METHOD_ENTRY|[1]|01pm0000000EXDB|AnythingPath.AnythingPath()
07:26:46.0 (5364395)|STATEMENT_EXECUTE|[1]
07:26:46.0 (5367129)|STATEMENT_EXECUTE|[1]
07:26:46.0 (5370731)|METHOD_EXIT|[1]|AnythingPath
07:26:46.0 (5384195)|METHOD_ENTRY|[31]|01pm0000000EXDB|AnythingPath.dynamicTopic(String, String)
07:26:46.0 (5403857)|VARIABLE_SCOPE_BEGIN|[65]|WhichObject|String|false|false
07:26:46.0 (5411145)|VARIABLE_ASSIGNMENT|[65]|WhichObject|"ITPR__c"
07:26:46.0 (5413075)|VARIABLE_SCOPE_BEGIN|[65]|Field|String|false|false
07:26:46.0 (5415768)|VARIABLE_ASSIGNMENT|[65]|Field|"Status__c"
07:26:46.0 (5419565)|STATEMENT_EXECUTE|[65]
07:26:46.0 (5420624)|STATEMENT_EXECUTE|[67]
07:26:46.0 (5424228)|HEAP_ALLOCATE|[67]|Bytes:11
07:26:46.0 (5428820)|HEAP_ALLOCATE|[67]|Bytes:6
07:26:46.0 (5448305)|HEAP_ALLOCATE|[67]|Bytes:33
07:26:46.0 (5453699)|VARIABLE_SCOPE_BEGIN|[67]|DynamicQuery|String|false|false
07:26:46.0 (5463087)|VARIABLE_ASSIGNMENT|[67]|DynamicQuery|"Select Id, Status__c (13 more) ..."
07:26:46.0 (5465777)|STATEMENT_EXECUTE|[70]
07:26:46.0 (5468581)|HEAP_ALLOCATE|[70]|Bytes:85
07:26:46.0 (5482173)|HEAP_ALLOCATE|[70]|Bytes:4
07:26:46.0 (5493647)|HEAP_ALLOCATE|[70]|Bytes:7
07:26:46.0 (5530883)|HEAP_ALLOCATE|[50]|Bytes:5
07:26:46.0 (5556131)|HEAP_ALLOCATE|[56]|Bytes:5
07:26:46.0 (5564703)|HEAP_ALLOCATE|[64]|Bytes:7
07:26:46.0 (5898777)|SOQL_EXECUTE_BEGIN|[70]|Aggregations:0|SELECT Id, ApiVersion, Name, Description, Query FROM Pushtopic WHERE Query = :tmpVar1
07:26:46.0 (9531210)|SOQL_EXECUTE_END|[70]|Rows:1
07:26:46.0 (9551560)|HEAP_ALLOCATE|[70]|Bytes:8
07:26:46.0 (9569213)|HEAP_ALLOCATE|[70]|Bytes:199
07:26:46.0 (9672803)|HEAP_ALLOCATE|[70]|Bytes:8
07:26:46.0 (9685697)|VARIABLE_SCOPE_BEGIN|[70]|topicList|List<PushTopic>|true|false
07:26:46.0 (9725722)|VARIABLE_ASSIGNMENT|[70]|topicList|{"s":1,"v":[{"s":2,"v":{"Id":"0IFm00000004E6HGAU","ApiVersion":36.0,"Name":"ITPR__cStatus__c","Description":"Autogenerated by Any (19 more) ...","Query":"Select Id, Status__c (13 more) ..."}}]}|0x3da02a71
07:26:46.0 (9803967)|STATEMENT_EXECUTE|[85]
07:26:46.0 (9806116)|STATEMENT_EXECUTE|[86]
07:26:46.0 (9841892)|HEAP_ALLOCATE|[86]|Bytes:24
07:26:46.0 (9898388)|METHOD_EXIT|[31]|01pm0000000EXDB|AnythingPath.dynamicTopic(String, String)
07:26:46.0 (9910859)|SYSTEM_MODE_EXIT|false
07:26:46.9 (9972126)|CUMULATIVE_LIMIT_USAGE
07:26:46.9 (9972126)|LIMIT_USAGE_FOR_NS|(default)|
  Number of SOQL queries: 1 out of 100
  Number of query rows: 1 out of 50000
  Number of SOSL queries: 0 out of 20
  Number of DML statements: 0 out of 150
  Number of DML rows: 0 out of 10000
  Maximum CPU time: 0 out of 10000
  Maximum heap size: 0 out of 6000000
  Number of callouts: 0 out of 100
  Number of Email Invocations: 0 out of 10
  Number of future calls: 0 out of 50
  Number of queueable jobs added to the queue: 0 out of 50
  Number of Mobile Apex push calls: 0 out of 10

07:26:46.9 (9972126)|CUMULATIVE_LIMIT_USAGE_END

07:26:46.0 (10016585)|CODE_UNIT_FINISHED|GuidanceBox.dynamicTopic
