38.0 APEX_CODE,FINEST;APEX_PROFILING,INFO;CALLOUT,INFO;DB,INFO;SYSTEM,DEBUG;VALIDATION,INFO;VISUALFORCE,INFO;WORKFLOW,INFO
07:00:38.0 (463048)|USER_INFO|[EXTERNAL]|005m0000002GNhO|dscruggs@salesforce.com.rfadev13|Pacific Standard Time|GMT-07:00
07:00:38.0 (493819)|EXECUTION_STARTED
07:00:38.0 (498905)|CODE_UNIT_STARTED|[EXTERNAL]|aura
07:00:38.0 (948569)|HEAP_ALLOCATE|[72]|Bytes:3
07:00:38.0 (1023418)|HEAP_ALLOCATE|[77]|Bytes:152
07:00:38.0 (1046798)|HEAP_ALLOCATE|[342]|Bytes:408
07:00:38.0 (1065260)|HEAP_ALLOCATE|[355]|Bytes:408
07:00:38.0 (1084101)|HEAP_ALLOCATE|[467]|Bytes:48
07:00:38.0 (1114017)|HEAP_ALLOCATE|[139]|Bytes:6
07:00:38.0 (1142991)|HEAP_ALLOCATE|[EXTERNAL]|Bytes:7
07:00:38.0 (1161519)|HEAP_ALLOCATE|[EXTERNAL]|Bytes:7
07:00:38.0 (1236489)|HEAP_ALLOCATE|[EXTERNAL]|Bytes:9
07:00:38.0 (1247004)|HEAP_ALLOCATE|[EXTERNAL]|Bytes:9
07:00:38.0 (3042812)|CODE_UNIT_STARTED|[EXTERNAL]|01pm0000000EZxV|GuidanceBox.dynamicTopic
07:00:38.0 (3134951)|HEAP_ALLOCATE|[EXTERNAL]|Bytes:4
07:00:38.0 (3140372)|HEAP_ALLOCATE|[EXTERNAL]|Bytes:2
07:00:38.0 (3149700)|METHOD_ENTRY|[1]|01pm0000000EZxV|GuidanceBox.GuidanceBox()
07:00:38.0 (3153415)|STATEMENT_EXECUTE|[1]
07:00:38.0 (3157969)|STATEMENT_EXECUTE|[1]
07:00:38.0 (3162389)|METHOD_EXIT|[1]|GuidanceBox
07:00:38.0 (3166268)|HEAP_ALLOCATE|[EXTERNAL]|Bytes:7
07:00:38.0 (3168032)|HEAP_ALLOCATE|[EXTERNAL]|Bytes:9
07:00:38.0 (3176900)|SYSTEM_MODE_ENTER|false
07:00:38.0 (3184030)|VARIABLE_SCOPE_BEGIN|[30]|WhichObject|String|false|false
07:00:38.0 (3217033)|VARIABLE_ASSIGNMENT|[30]|WhichObject|"ITPR__c"
07:00:38.0 (3220346)|VARIABLE_SCOPE_BEGIN|[30]|Field|String|false|false
07:00:38.0 (3224299)|VARIABLE_ASSIGNMENT|[30]|Field|"Status__c"
07:00:38.0 (3236091)|STATEMENT_EXECUTE|[30]
07:00:38.0 (3237663)|STATEMENT_EXECUTE|[31]
07:00:38.0 (4137854)|HEAP_ALLOCATE|[31]|Bytes:15
07:00:38.0 (4146236)|HEAP_ALLOCATE|[31]|Bytes:8
07:00:38.0 (4171197)|METHOD_ENTRY|[1]|01pm0000000EXDB|AnythingPath.AnythingPath()
07:00:38.0 (4173561)|STATEMENT_EXECUTE|[1]
07:00:38.0 (4176003)|STATEMENT_EXECUTE|[1]
07:00:38.0 (4179558)|METHOD_EXIT|[1]|AnythingPath
07:00:38.0 (4193364)|METHOD_ENTRY|[31]|01pm0000000EXDB|AnythingPath.dynamicTopic(String, String)
07:00:38.0 (4213209)|VARIABLE_SCOPE_BEGIN|[65]|WhichObject|String|false|false
07:00:38.0 (4220538)|VARIABLE_ASSIGNMENT|[65]|WhichObject|"ITPR__c"
07:00:38.0 (4222842)|VARIABLE_SCOPE_BEGIN|[65]|Field|String|false|false
07:00:38.0 (4225444)|VARIABLE_ASSIGNMENT|[65]|Field|"Status__c"
07:00:38.0 (4229437)|STATEMENT_EXECUTE|[65]
07:00:38.0 (4230680)|STATEMENT_EXECUTE|[67]
07:00:38.0 (4234098)|HEAP_ALLOCATE|[67]|Bytes:11
07:00:38.0 (4239046)|HEAP_ALLOCATE|[67]|Bytes:6
07:00:38.0 (4256169)|HEAP_ALLOCATE|[67]|Bytes:33
07:00:38.0 (4261013)|VARIABLE_SCOPE_BEGIN|[67]|DynamicQuery|String|false|false
07:00:38.0 (4270496)|VARIABLE_ASSIGNMENT|[67]|DynamicQuery|"Select Id, Status__c (13 more) ..."
07:00:38.0 (4272804)|STATEMENT_EXECUTE|[70]
07:00:38.0 (4275214)|HEAP_ALLOCATE|[70]|Bytes:85
07:00:38.0 (4286078)|HEAP_ALLOCATE|[70]|Bytes:4
07:00:38.0 (4296895)|HEAP_ALLOCATE|[70]|Bytes:7
07:00:38.0 (4333095)|HEAP_ALLOCATE|[50]|Bytes:5
07:00:38.0 (4357215)|HEAP_ALLOCATE|[56]|Bytes:5
07:00:38.0 (4365911)|HEAP_ALLOCATE|[64]|Bytes:7
07:00:38.0 (4723315)|SOQL_EXECUTE_BEGIN|[70]|Aggregations:0|SELECT Id, ApiVersion, Name, Description, Query FROM Pushtopic WHERE Query = :tmpVar1
07:00:38.0 (8447247)|SOQL_EXECUTE_END|[70]|Rows:1
07:00:38.0 (8467709)|HEAP_ALLOCATE|[70]|Bytes:8
07:00:38.0 (8487222)|HEAP_ALLOCATE|[70]|Bytes:199
07:00:38.0 (8583862)|HEAP_ALLOCATE|[70]|Bytes:8
07:00:38.0 (8596580)|VARIABLE_SCOPE_BEGIN|[70]|topicList|List<PushTopic>|true|false
07:00:38.0 (8637414)|VARIABLE_ASSIGNMENT|[70]|topicList|{"s":1,"v":[{"s":2,"v":{"Id":"0IFm00000004E6HGAU","ApiVersion":36.0,"Name":"ITPR__cStatus__c","Description":"Autogenerated by Any (19 more) ...","Query":"Select Id, Status__c (13 more) ..."}}]}|0x52739a69
07:00:38.0 (8713473)|STATEMENT_EXECUTE|[85]
07:00:38.0 (8716115)|STATEMENT_EXECUTE|[86]
07:00:38.0 (8751434)|HEAP_ALLOCATE|[86]|Bytes:24
07:00:38.0 (8793374)|METHOD_EXIT|[31]|01pm0000000EXDB|AnythingPath.dynamicTopic(String, String)
07:00:38.0 (8801817)|SYSTEM_MODE_EXIT|false
07:00:38.8 (8848213)|CUMULATIVE_LIMIT_USAGE
07:00:38.8 (8848213)|LIMIT_USAGE_FOR_NS|(default)|
  Number of SOQL queries: 1 out of 100
  Number of query rows: 1 out of 50000
  Number of SOSL queries: 0 out of 20
  Number of DML statements: 0 out of 150
  Number of DML rows: 0 out of 10000
  Maximum CPU time: 0 out of 10000
  Maximum heap size: 0 out of 6000000
  Number of callouts: 0 out of 100
  Number of Email Invocations: 0 out of 10
  Number of future calls: 0 out of 50
  Number of queueable jobs added to the queue: 0 out of 50
  Number of Mobile Apex push calls: 0 out of 10

07:00:38.8 (8848213)|CUMULATIVE_LIMIT_USAGE_END

07:00:38.0 (8888295)|CODE_UNIT_FINISHED|GuidanceBox.dynamicTopic
