38.0 APEX_CODE,FINEST;APEX_PROFILING,INFO;CALLOUT,INFO;DB,INFO;SYSTEM,DEBUG;VALIDATION,INFO;VISUALFORCE,INFO;WORKFLOW,INFO
14:35:16.0 (483007)|USER_INFO|[EXTERNAL]|005m0000002GNhO|dscruggs@salesforce.com.rfadev13|Pacific Standard Time|GMT-07:00
14:35:16.0 (520226)|EXECUTION_STARTED
14:35:16.0 (527839)|CODE_UNIT_STARTED|[EXTERNAL]|aura
14:35:16.0 (997433)|HEAP_ALLOCATE|[72]|Bytes:3
14:35:16.0 (1069439)|HEAP_ALLOCATE|[77]|Bytes:152
14:35:16.0 (1089943)|HEAP_ALLOCATE|[342]|Bytes:408
14:35:16.0 (1106264)|HEAP_ALLOCATE|[355]|Bytes:408
14:35:16.0 (1121845)|HEAP_ALLOCATE|[467]|Bytes:48
14:35:16.0 (1155809)|HEAP_ALLOCATE|[139]|Bytes:6
14:35:16.0 (1176591)|HEAP_ALLOCATE|[EXTERNAL]|Bytes:18
14:35:16.0 (1200627)|HEAP_ALLOCATE|[EXTERNAL]|Bytes:4
14:35:16.0 (1514184)|HEAP_ALLOCATE|[EXTERNAL]|Bytes:13
14:35:16.0 (1527633)|HEAP_ALLOCATE|[EXTERNAL]|Bytes:13
14:35:16.0 (1577568)|HEAP_ALLOCATE|[EXTERNAL]|Bytes:26004
14:35:16.0 (1587557)|HEAP_ALLOCATE|[EXTERNAL]|Bytes:26004
14:35:16.0 (1632982)|HEAP_ALLOCATE|[EXTERNAL]|Bytes:9
14:35:16.0 (1642624)|HEAP_ALLOCATE|[EXTERNAL]|Bytes:9
14:35:16.0 (3632408)|CODE_UNIT_STARTED|[EXTERNAL]|01pm0000000EbYc|FileAttacherExtensionController.saveAttachment
14:35:16.0 (3754775)|HEAP_ALLOCATE|[EXTERNAL]|Bytes:7
14:35:16.0 (3768628)|METHOD_ENTRY|[1]|01pm0000000EbYc|FileAttacherExtensionController.FileAttacherExtensionController()
14:35:16.0 (3772914)|STATEMENT_EXECUTE|[1]
14:35:16.0 (3778597)|STATEMENT_EXECUTE|[1]
14:35:16.0 (3819270)|HEAP_ALLOCATE|[50]|Bytes:5
14:35:16.0 (3850650)|HEAP_ALLOCATE|[56]|Bytes:5
14:35:16.0 (3860636)|HEAP_ALLOCATE|[64]|Bytes:7
14:35:16.0 (3888567)|SYSTEM_MODE_ENTER|false
14:35:16.0 (3914031)|HEAP_ALLOCATE|[EXTERNAL]|Bytes:5
14:35:16.0 (3923769)|SYSTEM_MODE_EXIT|false
14:35:16.0 (3931928)|METHOD_EXIT|[1]|FileAttacherExtensionController
14:35:16.0 (3936557)|HEAP_ALLOCATE|[EXTERNAL]|Bytes:4
14:35:16.0 (3938452)|HEAP_ALLOCATE|[EXTERNAL]|Bytes:13
14:35:16.0 (3940061)|HEAP_ALLOCATE|[EXTERNAL]|Bytes:26004
14:35:16.0 (3941551)|HEAP_ALLOCATE|[EXTERNAL]|Bytes:9
14:35:16.0 (3947059)|SYSTEM_MODE_ENTER|false
14:35:16.0 (3958184)|VARIABLE_SCOPE_BEGIN|[17]|parentId|Id|false|false
14:35:16.0 (4082355)|VARIABLE_ASSIGNMENT|[17]|parentId|"a1Nm00000011q90EAA"
14:35:16.0 (4091763)|VARIABLE_SCOPE_BEGIN|[17]|fileName|String|false|false
14:35:16.0 (4098797)|VARIABLE_ASSIGNMENT|[17]|fileName|"lightbulb.png"
14:35:16.0 (4102265)|VARIABLE_SCOPE_BEGIN|[17]|base64Data|String|false|false
14:35:16.0 (4109272)|VARIABLE_ASSIGNMENT|[17]|base64Data|"iVBORw0KGgoAAAANSUhE (25984 more) ..."
14:35:16.0 (4112396)|VARIABLE_SCOPE_BEGIN|[17]|contentType|String|false|false
14:35:16.0 (4115427)|VARIABLE_ASSIGNMENT|[17]|contentType|"image/png"
14:35:16.0 (4134314)|HEAP_ALLOCATE|[18]|Bytes:5
14:35:16.0 (4138509)|STATEMENT_EXECUTE|[17]
14:35:16.0 (4140109)|STATEMENT_EXECUTE|[18]
14:35:16.0 (4143788)|HEAP_ALLOCATE|[18]|Bytes:5
14:35:16.0 (4182121)|HEAP_ALLOCATE|[18]|Bytes:15
14:35:16.0 (4190863)|SYSTEM_METHOD_ENTRY|[1]|EncodingUtil.EncodingUtil()
14:35:16.0 (4193165)|STATEMENT_EXECUTE|[1]
14:35:16.0 (4199060)|SYSTEM_METHOD_EXIT|[1]|EncodingUtil
14:35:16.0 (4214464)|METHOD_ENTRY|[18]||System.EncodingUtil.urlDecode(String, String)
14:35:16.0 (4963762)|METHOD_EXIT|[18]||System.EncodingUtil.urlDecode(String, String)
14:35:16.0 (4975075)|VARIABLE_ASSIGNMENT|[18]|base64Data|"iVBORw0KGgoAAAANSUhE (25984 more) ..."
14:35:16.0 (4977991)|STATEMENT_EXECUTE|[20]
14:35:16.0 (5050604)|HEAP_ALLOCATE|[20]|Bytes:4
14:35:16.0 (5217784)|VARIABLE_SCOPE_BEGIN|[20]|a|Attachment|true|false
14:35:16.0 (5239685)|VARIABLE_ASSIGNMENT|[20]|a|{}|0x10772884
14:35:16.0 (5242686)|STATEMENT_EXECUTE|[21]
14:35:16.0 (5878016)|VARIABLE_ASSIGNMENT|[21]|this.ParentId|"a1Nm00000011q90EAA"|0x10772884
14:35:16.0 (5882443)|STATEMENT_EXECUTE|[23]
14:35:16.0 (5896616)|METHOD_ENTRY|[23]||System.EncodingUtil.base64Decode(String)
14:35:16.0 (6503769)|METHOD_EXIT|[23]||System.EncodingUtil.base64Decode(String)
14:35:16.0 (6567819)|VARIABLE_ASSIGNMENT|[23]|this.Body|BLOB(19215 bytes)|0x10772884
14:35:16.0 (6573232)|STATEMENT_EXECUTE|[24]
14:35:16.0 (6619901)|VARIABLE_ASSIGNMENT|[24]|this.Name|"lightbulb.png"|0x10772884
14:35:16.0 (6623453)|STATEMENT_EXECUTE|[25]
14:35:16.0 (6659405)|VARIABLE_ASSIGNMENT|[25]|this.ContentType|"image/png"|0x10772884
14:35:16.0 (6662764)|STATEMENT_EXECUTE|[27]
14:35:16.0 (6712435)|HEAP_ALLOCATE|[27]|Bytes:8
14:35:16.0 (6729342)|DML_BEGIN|[27]|Op:Insert|Type:Attachment|Rows:1
14:35:16.0 (6765896)|HEAP_ALLOCATE|[EXTERNAL]|Bytes:8
14:35:16.0 (83967150)|CODE_UNIT_STARTED|[EXTERNAL]|01qd0000000buED|ITPR_Attachment on Attachment trigger event BeforeInsert for [new]
14:35:16.0 (84018862)|HEAP_ALLOCATE|[EXTERNAL]|Bytes:8
14:35:16.0 (84304828)|HEAP_ALLOCATE|[EXTERNAL]|Bytes:16
14:35:16.0 (84319614)|VARIABLE_SCOPE_BEGIN|[1]|this|ITPR_Attachment|true|false
14:35:16.0 (84406077)|VARIABLE_ASSIGNMENT|[1]|this|{}|0x239b1b1a
14:35:16.0 (84466895)|HEAP_ALLOCATE|[EXTERNAL]|Bytes:16
14:35:16.0 (84476302)|VARIABLE_SCOPE_BEGIN|[1]|this|ITPR_Attachment|true|false
14:35:16.0 (84497219)|VARIABLE_ASSIGNMENT|[1]|this|{}|0x239b1b1a
14:35:16.0 (84502436)|STATEMENT_EXECUTE|[1]
14:35:16.0 (84504012)|STATEMENT_EXECUTE|[2]
14:35:16.0 (84514162)|HEAP_ALLOCATE|[2]|Bytes:4
14:35:16.0 (84632542)|VARIABLE_ASSIGNMENT|[2]|this.st|{"s":1,"v":[]}|0x239b1b1a
14:35:16.0 (84637037)|STATEMENT_EXECUTE|[3]
14:35:16.0 (84644758)|HEAP_ALLOCATE|[3]|Bytes:4
14:35:16.0 (84719066)|HEAP_ALLOCATE|[EXTERNAL]|Bytes:4
14:35:16.0 (84732586)|VARIABLE_ASSIGNMENT|[3]|this.AttachmentsToDelete|{"s":1,"v":[]}|0x239b1b1a
14:35:16.0 (84735328)|STATEMENT_EXECUTE|[4]
14:35:16.0 (84739430)|HEAP_ALLOCATE|[4]|Bytes:4
14:35:16.0 (84779807)|HEAP_ALLOCATE|[EXTERNAL]|Bytes:4
14:35:16.0 (84790669)|VARIABLE_ASSIGNMENT|[4]|this.itpr|{"s":1,"v":[]}|0x239b1b1a
14:35:16.0 (84807644)|STATEMENT_EXECUTE|[5]
14:35:16.0 (84813071)|STATEMENT_EXECUTE|[27]
14:35:16.0 (85005053)|HEAP_ALLOCATE|[28]|Bytes:5
14:35:16.0 (85026666)|HEAP_ALLOCATE|[28]|Bytes:4
14:35:16.0 (85036060)|VARIABLE_SCOPE_BEGIN|[28]|attachment|Attachment|true|false
14:35:16.0 (85322782)|VARIABLE_ASSIGNMENT|[28]|attachment|{"ParentId":"a1Nm00000011q90EAA","IsPartnerShared":false,"IsDeleted":false,"ContentType":"image/png","OwnerId":"005m0000002GNhOAAW","BodyLength":19215,"Body":BLOB(19215 bytes),"IsPrivate":false,"Name":"lightbulb.png"}|0x40a7a8f8
14:35:16.0 (85328936)|STATEMENT_EXECUTE|[29]
14:35:16.0 (85330284)|STATEMENT_EXECUTE|[30]
14:35:16.0 (85408772)|HEAP_ALLOCATE|[EXTERNAL]|Bytes:4
14:35:16.0 (85433685)|HEAP_ALLOCATE|[28]|Bytes:5
14:35:16.0 (85447920)|VARIABLE_ASSIGNMENT|[28]|attachment|null|
14:35:16.0 (85452178)|STATEMENT_EXECUTE|[32]
14:35:16.0 (85456949)|HEAP_ALLOCATE|[32]|Bytes:53
14:35:16.0 (85471124)|HEAP_ALLOCATE|[32]|Bytes:4
14:35:16.0 (85480659)|HEAP_ALLOCATE|[32]|Bytes:7
14:35:16.0 (85528399)|HEAP_ALLOCATE|[32]|Bytes:8
14:35:16.0 (85535106)|HEAP_ALLOCATE|[32]|Bytes:8
14:35:16.0 (88815419)|SOQL_EXECUTE_BEGIN|[32]|Aggregations:0|SELECT Id, Status__c FROM ITPR__C WHERE ID = :tmpVar1
14:35:16.0 (92552555)|SOQL_EXECUTE_END|[32]|Rows:1
14:35:16.0 (92573160)|HEAP_ALLOCATE|[32]|Bytes:8
14:35:16.0 (92589252)|HEAP_ALLOCATE|[32]|Bytes:50
14:35:16.0 (92615388)|HEAP_ALLOCATE|[32]|Bytes:8
14:35:16.0 (92653115)|VARIABLE_ASSIGNMENT|[32]|this.itpr|{"s":1,"v":[{"s":2,"v":{"Id":"a1Nm00000011q90EAA","Status__c":"Assigned"}}]}|0x239b1b1a
14:35:16.0 (92694653)|STATEMENT_EXECUTE|[34]
14:35:16.0 (92737390)|HEAP_ALLOCATE|[35]|Bytes:5
14:35:16.0 (92751153)|HEAP_ALLOCATE|[35]|Bytes:4
14:35:16.0 (92758328)|VARIABLE_SCOPE_BEGIN|[35]|attachment|Attachment|true|false
14:35:16.0 (92889170)|VARIABLE_ASSIGNMENT|[35]|attachment|{"ParentId":"a1Nm00000011q90EAA","IsPartnerShared":false,"IsDeleted":false,"ContentType":"image/png","OwnerId":"005m0000002GNhOAAW","BodyLength":19215,"Body":BLOB(19215 bytes),"IsPrivate":false,"Name":"lightbulb.png"}|0x40a7a8f8
14:35:16.0 (92894451)|STATEMENT_EXECUTE|[36]
14:35:16.0 (92993221)|HEAP_ALLOCATE|[37]|Bytes:5
14:35:16.0 (93030217)|HEAP_ALLOCATE|[37]|Bytes:12
14:35:16.0 (93040414)|VARIABLE_SCOPE_BEGIN|[37]|itpr1|ITPR__c|true|false
14:35:16.0 (93055338)|VARIABLE_ASSIGNMENT|[37]|itpr1|{"s":1,"v":{"Id":"a1Nm00000011q90EAA","Status__c":"Assigned"}}|0x633da94
14:35:16.0 (93058614)|STATEMENT_EXECUTE|[38]
14:35:16.0 (93084982)|HEAP_ALLOCATE|[39]|Bytes:11
14:35:16.0 (210571509)|HEAP_ALLOCATE|[39]|Bytes:5
14:35:16.0 (210654497)|HEAP_ALLOCATE|[39]|Bytes:21
14:35:16.0 (210676557)|HEAP_ALLOCATE|[39]|Bytes:9
14:35:16.0 (210691398)|HEAP_ALLOCATE|[40]|Bytes:20
14:35:16.0 (210704229)|HEAP_ALLOCATE|[40]|Bytes:8
14:35:16.0 (210724714)|STATEMENT_EXECUTE|[39]
14:35:16.0 (210770116)|HEAP_ALLOCATE|[37]|Bytes:5
14:35:16.0 (210800595)|VARIABLE_ASSIGNMENT|[37]|itpr1|null|
14:35:16.0 (210813357)|HEAP_ALLOCATE|[35]|Bytes:5
14:35:16.0 (210823606)|VARIABLE_ASSIGNMENT|[35]|attachment|null|
14:35:16.210 (210845642)|CUMULATIVE_LIMIT_USAGE
14:35:16.210 (210845642)|LIMIT_USAGE_FOR_NS|(default)|
  Number of SOQL queries: 1 out of 100
  Number of query rows: 1 out of 50000
  Number of SOSL queries: 0 out of 20
  Number of DML statements: 1 out of 150
  Number of DML rows: 1 out of 10000
  Maximum CPU time: 0 out of 10000
  Maximum heap size: 0 out of 6000000
  Number of callouts: 0 out of 100
  Number of Email Invocations: 0 out of 10
  Number of future calls: 0 out of 50
  Number of queueable jobs added to the queue: 0 out of 50
  Number of Mobile Apex push calls: 0 out of 10

14:35:16.210 (210845642)|CUMULATIVE_LIMIT_USAGE_END

14:35:16.0 (212629863)|CODE_UNIT_FINISHED|ITPR_Attachment on Attachment trigger event BeforeInsert for [new]
14:35:16.0 (538888973)|DML_END|[27]
14:35:16.0 (538934348)|STATEMENT_EXECUTE|[29]
14:35:16.0 (538996725)|SYSTEM_MODE_EXIT|false
14:35:16.544 (544048546)|CUMULATIVE_LIMIT_USAGE
14:35:16.544 (544048546)|LIMIT_USAGE_FOR_NS|(default)|
  Number of SOQL queries: 1 out of 100
  Number of query rows: 1 out of 50000
  Number of SOSL queries: 0 out of 20
  Number of DML statements: 1 out of 150
  Number of DML rows: 1 out of 10000
  Maximum CPU time: 0 out of 10000
  Maximum heap size: 0 out of 6000000
  Number of callouts: 0 out of 100
  Number of Email Invocations: 0 out of 10
  Number of future calls: 0 out of 50
  Number of queueable jobs added to the queue: 0 out of 50
  Number of Mobile Apex push calls: 0 out of 10

14:35:16.544 (544048546)|CUMULATIVE_LIMIT_USAGE_END

14:35:16.0 (544107920)|CODE_UNIT_FINISHED|FileAttacherExtensionController.saveAttachment
