38.0 APEX_CODE,FINEST;APEX_PROFILING,INFO;CALLOUT,INFO;DB,INFO;SYSTEM,DEBUG;VALIDATION,INFO;VISUALFORCE,INFO;WORKFLOW,INFO
14:33:35.0 (429224)|USER_INFO|[EXTERNAL]|005m0000002GNhO|dscruggs@salesforce.com.rfadev13|Pacific Standard Time|GMT-07:00
14:33:35.0 (472978)|EXECUTION_STARTED
14:33:35.0 (479144)|CODE_UNIT_STARTED|[EXTERNAL]|aura
14:33:35.0 (1030422)|HEAP_ALLOCATE|[72]|Bytes:3
14:33:35.0 (1104738)|HEAP_ALLOCATE|[77]|Bytes:152
14:33:35.0 (1127049)|HEAP_ALLOCATE|[342]|Bytes:408
14:33:35.0 (1145538)|HEAP_ALLOCATE|[355]|Bytes:408
14:33:35.0 (1162562)|HEAP_ALLOCATE|[467]|Bytes:48
14:33:35.0 (1197447)|HEAP_ALLOCATE|[139]|Bytes:6
14:33:35.0 (1230591)|HEAP_ALLOCATE|[EXTERNAL]|Bytes:778
14:33:35.0 (1249407)|HEAP_ALLOCATE|[EXTERNAL]|Bytes:778
14:33:35.0 (4366020)|CODE_UNIT_STARTED|[EXTERNAL]|01pm0000000EXpe|PowerRelatedListCtrl.query
14:33:35.0 (4478024)|HEAP_ALLOCATE|[EXTERNAL]|Bytes:14
14:33:35.0 (4484263)|HEAP_ALLOCATE|[EXTERNAL]|Bytes:21
14:33:35.0 (4486516)|HEAP_ALLOCATE|[EXTERNAL]|Bytes:27
14:33:35.0 (4497290)|METHOD_ENTRY|[1]|01pm0000000EXpe|PowerRelatedListCtrl.PowerRelatedListCtrl()
14:33:35.0 (4501688)|STATEMENT_EXECUTE|[1]
14:33:35.0 (4507551)|STATEMENT_EXECUTE|[1]
14:33:35.0 (4546712)|HEAP_ALLOCATE|[50]|Bytes:5
14:33:35.0 (4577111)|HEAP_ALLOCATE|[56]|Bytes:5
14:33:35.0 (4585637)|HEAP_ALLOCATE|[64]|Bytes:7
14:33:35.0 (4608793)|SYSTEM_MODE_ENTER|false
14:33:35.0 (4636602)|HEAP_ALLOCATE|[EXTERNAL]|Bytes:5
14:33:35.0 (4641169)|STATEMENT_EXECUTE|[219]
14:33:35.0 (4647987)|SYSTEM_MODE_EXIT|false
14:33:35.0 (4656457)|METHOD_EXIT|[1]|PowerRelatedListCtrl
14:33:35.0 (4660986)|HEAP_ALLOCATE|[EXTERNAL]|Bytes:778
14:33:35.0 (4666475)|SYSTEM_MODE_ENTER|false
14:33:35.0 (4678429)|VARIABLE_SCOPE_BEGIN|[4]|soql|String|false|false
14:33:35.0 (4720999)|VARIABLE_ASSIGNMENT|[4]|soql|"select Id, Organizat (758 more) ..."
14:33:35.0 (4737745)|HEAP_ALLOCATE|[5]|Bytes:5
14:33:35.0 (4741333)|STATEMENT_EXECUTE|[4]
14:33:35.0 (4742544)|STATEMENT_EXECUTE|[5]
14:33:35.0 (9926020)|SOQL_EXECUTE_BEGIN|[5]|Aggregations:0|select Id, Organization__c, Name, Request_Type__c, Category__c, Submitted_By__c, Business_Area__c, Submitted_By_Phone_Number__c, Submitted_On_Behalf_Of__c, Delegated_Requestor__c, Delegated_Requestor_check__c, Supplier_Name__c, Do_not_Auto_Assign__c, Supplier_Contact_Name__c, Manager__c, Supplier_Contact_Email__c, Request_Comments_Updates__c, Supplier_Contact_Phone_Number__c, Actual_Requestor__c, Opportunity_Statement__c, If_Chg_Order_Provide_Orig_Contract_Value__c, I_Have_Read_The_Provided_ITP_OLA__c, Engagement_Of_A_New_Supplier__c, Assign_check__c, If_Rqd_Has_Hosting_Cert_Team_Approved__c, Portfolio_Department__c, If_Required_Has_The_TRB_Approved__c, Date_Needed_By__c, Primary_Assignee__c, Primary_Assignee_Prior_Value__c from ITPR__c where Id = 'a1Nm00000011q90EAA'
14:33:35.0 (30584717)|SOQL_EXECUTE_END|[5]|Rows:1
14:33:35.0 (30617126)|HEAP_ALLOCATE|[5]|Bytes:8
14:33:35.0 (30646935)|HEAP_ALLOCATE|[5]|Bytes:695
14:33:35.0 (30819645)|HEAP_ALLOCATE|[5]|Bytes:8
14:33:35.0 (30884941)|HEAP_ALLOCATE|[5]|Bytes:24
14:33:35.0 (30904834)|SYSTEM_METHOD_ENTRY|[1]|JSON.JSON()
14:33:35.0 (30908365)|STATEMENT_EXECUTE|[1]
14:33:35.0 (30924477)|SYSTEM_METHOD_EXIT|[1]|JSON
14:33:35.0 (30947986)|METHOD_ENTRY|[5]||System.JSON.serialize(Object)
14:33:35.0 (31568671)|METHOD_EXIT|[5]||System.JSON.serialize(Object)
14:33:35.0 (31586149)|SYSTEM_MODE_EXIT|false
14:33:35.31 (31650364)|CUMULATIVE_LIMIT_USAGE
14:33:35.31 (31650364)|LIMIT_USAGE_FOR_NS|(default)|
  Number of SOQL queries: 1 out of 100
  Number of query rows: 1 out of 50000
  Number of SOSL queries: 0 out of 20
  Number of DML statements: 0 out of 150
  Number of DML rows: 0 out of 10000
  Maximum CPU time: 0 out of 10000
  Maximum heap size: 0 out of 6000000
  Number of callouts: 0 out of 100
  Number of Email Invocations: 0 out of 10
  Number of future calls: 0 out of 50
  Number of queueable jobs added to the queue: 0 out of 50
  Number of Mobile Apex push calls: 0 out of 10

14:33:35.31 (31650364)|CUMULATIVE_LIMIT_USAGE_END

14:33:35.0 (31700777)|CODE_UNIT_FINISHED|PowerRelatedListCtrl.query
