38.0 APEX_CODE,FINEST;APEX_PROFILING,INFO;CALLOUT,INFO;DB,INFO;SYSTEM,DEBUG;VALIDATION,INFO;VISUALFORCE,INFO;WORKFLOW,INFO
07:34:47.0 (488657)|USER_INFO|[EXTERNAL]|005m0000002GNhO|dscruggs@salesforce.com.rfadev13|Pacific Standard Time|GMT-07:00
07:34:47.0 (527357)|EXECUTION_STARTED
07:34:47.0 (533740)|CODE_UNIT_STARTED|[EXTERNAL]|aura
07:34:47.0 (978204)|HEAP_ALLOCATE|[72]|Bytes:3
07:34:47.0 (1041744)|HEAP_ALLOCATE|[77]|Bytes:152
07:34:47.0 (1062771)|HEAP_ALLOCATE|[342]|Bytes:408
07:34:47.0 (1080435)|HEAP_ALLOCATE|[355]|Bytes:408
07:34:47.0 (1097729)|HEAP_ALLOCATE|[467]|Bytes:48
07:34:47.0 (1129157)|HEAP_ALLOCATE|[139]|Bytes:6
07:34:47.0 (1158353)|HEAP_ALLOCATE|[EXTERNAL]|Bytes:18
07:34:47.0 (1176076)|HEAP_ALLOCATE|[EXTERNAL]|Bytes:18
07:34:47.0 (1243302)|HEAP_ALLOCATE|[EXTERNAL]|Bytes:7
07:34:47.0 (1253220)|HEAP_ALLOCATE|[EXTERNAL]|Bytes:7
07:34:47.0 (1296315)|HEAP_ALLOCATE|[EXTERNAL]|Bytes:9
07:34:47.0 (1305163)|HEAP_ALLOCATE|[EXTERNAL]|Bytes:9
07:34:47.0 (3465530)|CODE_UNIT_STARTED|[EXTERNAL]|01pm0000000EZxV|GuidanceBox.getGuidance
07:34:47.0 (3752098)|HEAP_ALLOCATE|[EXTERNAL]|Bytes:4
07:34:47.0 (3757869)|HEAP_ALLOCATE|[EXTERNAL]|Bytes:2
07:34:47.0 (3766402)|METHOD_ENTRY|[1]|01pm0000000EZxV|GuidanceBox.GuidanceBox()
07:34:47.0 (3770591)|STATEMENT_EXECUTE|[1]
07:34:47.0 (3774961)|STATEMENT_EXECUTE|[1]
07:34:47.0 (3779691)|METHOD_EXIT|[1]|GuidanceBox
07:34:47.0 (3783402)|HEAP_ALLOCATE|[EXTERNAL]|Bytes:18
07:34:47.0 (3785119)|HEAP_ALLOCATE|[EXTERNAL]|Bytes:7
07:34:47.0 (3786494)|HEAP_ALLOCATE|[EXTERNAL]|Bytes:9
07:34:47.0 (3816990)|HEAP_ALLOCATE|[50]|Bytes:5
07:34:47.0 (3843041)|HEAP_ALLOCATE|[56]|Bytes:5
07:34:47.0 (3851425)|HEAP_ALLOCATE|[64]|Bytes:7
07:34:47.0 (3869432)|HEAP_ALLOCATE|[EXTERNAL]|Bytes:5
07:34:47.0 (3880406)|SYSTEM_MODE_ENTER|false
07:34:47.0 (3893423)|VARIABLE_SCOPE_BEGIN|[4]|recordId|String|false|false
07:34:47.0 (3922969)|VARIABLE_ASSIGNMENT|[4]|recordId|"a1Nm00000011q90EAA"
07:34:47.0 (3927876)|VARIABLE_SCOPE_BEGIN|[4]|sobjectname|String|false|false
07:34:47.0 (3931912)|VARIABLE_ASSIGNMENT|[4]|sobjectname|"ITPR__c"
07:34:47.0 (3934538)|VARIABLE_SCOPE_BEGIN|[4]|field|String|false|false
07:34:47.0 (3937613)|VARIABLE_ASSIGNMENT|[4]|field|"Status__c"
07:34:47.0 (3940379)|VARIABLE_SCOPE_BEGIN|[4]|useRecordTypes|Boolean|false|false
07:34:47.0 (3944547)|VARIABLE_ASSIGNMENT|[4]|useRecordTypes|false
07:34:47.0 (3955833)|STATEMENT_EXECUTE|[4]
07:34:47.0 (3962224)|STATEMENT_EXECUTE|[6]
07:34:47.0 (3963420)|STATEMENT_EXECUTE|[20]
07:34:47.0 (3966393)|HEAP_ALLOCATE|[20]|Bytes:7
07:34:47.0 (3970284)|HEAP_ALLOCATE|[20]|Bytes:6
07:34:47.0 (3972786)|HEAP_ALLOCATE|[20]|Bytes:12
07:34:47.0 (3990729)|HEAP_ALLOCATE|[20]|Bytes:59
07:34:47.0 (3994317)|HEAP_ALLOCATE|[20]|Bytes:1
07:34:47.0 (4000525)|HEAP_ALLOCATE|[20]|Bytes:60
07:34:47.0 (7925436)|SOQL_EXECUTE_BEGIN|[20]|Aggregations:0|select Status__c from ITPR__c where Id ='a1Nm00000011q90EAA'
07:34:47.0 (13314876)|SOQL_EXECUTE_END|[20]|Rows:1
07:34:47.0 (13333609)|HEAP_ALLOCATE|[20]|Bytes:8
07:34:47.0 (13354484)|HEAP_ALLOCATE|[20]|Bytes:50
07:34:47.0 (13417940)|HEAP_ALLOCATE|[20]|Bytes:8
07:34:47.0 (13431923)|HEAP_ALLOCATE|[20]|Bytes:33
07:34:47.0 (13508464)|HEAP_ALLOCATE|[20]|Bytes:12
07:34:47.0 (13517743)|VARIABLE_SCOPE_BEGIN|[20]|sobj|SObject|true|false
07:34:47.0 (13544209)|VARIABLE_ASSIGNMENT|[20]|sobj|{"s":1,"v":{"Status__c":"Assigned","Id":"a1Nm00000011q90EAA"}}|0x4f8defe0
07:34:47.0 (13547344)|STATEMENT_EXECUTE|[21]
07:34:47.0 (13618063)|HEAP_ALLOCATE|[21]|Bytes:8
07:34:47.0 (13633823)|VARIABLE_SCOPE_BEGIN|[21]|fieldValue|String|false|false
07:34:47.0 (13641291)|VARIABLE_ASSIGNMENT|[21]|fieldValue|"Assigned"
07:34:47.0 (13643736)|STATEMENT_EXECUTE|[23]
07:34:47.0 (13646852)|HEAP_ALLOCATE|[23]|Bytes:121
07:34:47.0 (13657792)|HEAP_ALLOCATE|[23]|Bytes:4
07:34:47.0 (13669569)|HEAP_ALLOCATE|[23]|Bytes:7
07:34:47.0 (13686383)|HEAP_ALLOCATE|[23]|Bytes:7
07:34:47.0 (13692059)|HEAP_ALLOCATE|[23]|Bytes:7
07:34:47.0 (14568187)|SOQL_EXECUTE_BEGIN|[23]|Aggregations:0|SELECT Guidance__c FROM GuidanceBox__c WHERE (object__c = :tmpVar1 AND field__c = :tmpVar2 AND Field_Value__c = :tmpVar3)
07:34:47.0 (20136187)|SOQL_EXECUTE_END|[23]|Rows:1
07:34:47.0 (20154331)|HEAP_ALLOCATE|[23]|Bytes:8
07:34:47.0 (20163815)|HEAP_ALLOCATE|[23]|Bytes:194
07:34:47.0 (20187763)|HEAP_ALLOCATE|[23]|Bytes:8
07:34:47.0 (20204063)|SYSTEM_MODE_EXIT|false
07:34:47.20 (20248174)|CUMULATIVE_LIMIT_USAGE
07:34:47.20 (20248174)|LIMIT_USAGE_FOR_NS|(default)|
  Number of SOQL queries: 2 out of 100
  Number of query rows: 2 out of 50000
  Number of SOSL queries: 0 out of 20
  Number of DML statements: 0 out of 150
  Number of DML rows: 0 out of 10000
  Maximum CPU time: 0 out of 10000
  Maximum heap size: 0 out of 6000000
  Number of callouts: 0 out of 100
  Number of Email Invocations: 0 out of 10
  Number of future calls: 0 out of 50
  Number of queueable jobs added to the queue: 0 out of 50
  Number of Mobile Apex push calls: 0 out of 10

07:34:47.20 (20248174)|CUMULATIVE_LIMIT_USAGE_END

07:34:47.0 (20293217)|CODE_UNIT_FINISHED|GuidanceBox.getGuidance
07:34:47.0 (170300989)|HEAP_ALLOCATE|[EXTERNAL]|Bytes:18
07:34:47.0 (170337368)|HEAP_ALLOCATE|[EXTERNAL]|Bytes:18
07:34:47.0 (170393480)|HEAP_ALLOCATE|[EXTERNAL]|Bytes:9
07:34:47.0 (170403633)|HEAP_ALLOCATE|[EXTERNAL]|Bytes:9
07:34:47.0 (170445910)|HEAP_ALLOCATE|[EXTERNAL]|Bytes:7
07:34:47.0 (170454890)|HEAP_ALLOCATE|[EXTERNAL]|Bytes:7
07:34:47.0 (173860699)|CODE_UNIT_STARTED|[EXTERNAL]|01pm0000000EXDB|AnythingPath.getCurrentValue
07:34:47.0 (173933731)|HEAP_ALLOCATE|[EXTERNAL]|Bytes:15
07:34:47.0 (173940429)|HEAP_ALLOCATE|[EXTERNAL]|Bytes:8
07:34:47.0 (173954623)|METHOD_ENTRY|[1]|01pm0000000EXDB|AnythingPath.AnythingPath()
07:34:47.0 (173959252)|STATEMENT_EXECUTE|[1]
07:34:47.0 (173965186)|STATEMENT_EXECUTE|[1]
07:34:47.0 (173972071)|METHOD_EXIT|[1]|AnythingPath
07:34:47.0 (173976369)|HEAP_ALLOCATE|[EXTERNAL]|Bytes:18
07:34:47.0 (173978165)|HEAP_ALLOCATE|[EXTERNAL]|Bytes:9
07:34:47.0 (173979543)|HEAP_ALLOCATE|[EXTERNAL]|Bytes:7
07:34:47.0 (173989892)|SYSTEM_MODE_ENTER|false
07:34:47.0 (174004026)|VARIABLE_SCOPE_BEGIN|[21]|recordId|String|false|false
07:34:47.0 (174020215)|VARIABLE_ASSIGNMENT|[21]|recordId|"a1Nm00000011q90EAA"
07:34:47.0 (174023974)|VARIABLE_SCOPE_BEGIN|[21]|picklistField|String|false|false
07:34:47.0 (174027351)|VARIABLE_ASSIGNMENT|[21]|picklistField|"Status__c"
07:34:47.0 (174029874)|VARIABLE_SCOPE_BEGIN|[21]|sObjectName|String|false|false
07:34:47.0 (174033250)|VARIABLE_ASSIGNMENT|[21]|sObjectName|"ITPR__c"
07:34:47.0 (174040286)|STATEMENT_EXECUTE|[21]
07:34:47.0 (174041791)|STATEMENT_EXECUTE|[22]
07:34:47.0 (174045171)|HEAP_ALLOCATE|[22]|Bytes:11
07:34:47.0 (174052115)|HEAP_ALLOCATE|[22]|Bytes:13
07:34:47.0 (174068547)|HEAP_ALLOCATE|[22]|Bytes:64
07:34:47.0 (174076182)|HEAP_ALLOCATE|[22]|Bytes:65
07:34:47.0 (174080728)|VARIABLE_SCOPE_BEGIN|[22]|soql|String|false|false
07:34:47.0 (174090076)|VARIABLE_ASSIGNMENT|[22]|soql|"select Id, Status__c (45 more) ..."
07:34:47.0 (174092010)|STATEMENT_EXECUTE|[23]
07:34:47.0 (174409737)|SOQL_EXECUTE_BEGIN|[23]|Aggregations:0|select Id, Status__c from ITPR__c where id = 'a1Nm00000011q90EAA'
07:34:47.0 (178378318)|SOQL_EXECUTE_END|[23]|Rows:1
07:34:47.0 (178396452)|HEAP_ALLOCATE|[23]|Bytes:8
07:34:47.0 (178416994)|HEAP_ALLOCATE|[23]|Bytes:50
07:34:47.0 (178443973)|HEAP_ALLOCATE|[23]|Bytes:8
07:34:47.0 (178463395)|VARIABLE_SCOPE_BEGIN|[23]|records|List<SObject>|true|false
07:34:47.0 (178495188)|VARIABLE_ASSIGNMENT|[23]|records|{"s":1,"v":[{"s":2,"v":{"Id":"a1Nm00000011q90EAA","Status__c":"Assigned"}}]}|0x49b52bea
07:34:47.0 (178498624)|STATEMENT_EXECUTE|[24]
07:34:47.0 (178535540)|HEAP_ALLOCATE|[24]|Bytes:12
07:34:47.0 (178605879)|HEAP_ALLOCATE|[24]|Bytes:8
07:34:47.0 (178626867)|SYSTEM_MODE_EXIT|false
07:34:47.178 (178670708)|CUMULATIVE_LIMIT_USAGE
07:34:47.178 (178670708)|LIMIT_USAGE_FOR_NS|(default)|
  Number of SOQL queries: 3 out of 100
  Number of query rows: 3 out of 50000
  Number of SOSL queries: 0 out of 20
  Number of DML statements: 0 out of 150
  Number of DML rows: 0 out of 10000
  Maximum CPU time: 0 out of 10000
  Maximum heap size: 0 out of 6000000
  Number of callouts: 0 out of 100
  Number of Email Invocations: 0 out of 10
  Number of future calls: 0 out of 50
  Number of queueable jobs added to the queue: 0 out of 50
  Number of Mobile Apex push calls: 0 out of 10

07:34:47.178 (178670708)|CUMULATIVE_LIMIT_USAGE_END

07:34:47.0 (178722642)|CODE_UNIT_FINISHED|AnythingPath.getCurrentValue
07:34:47.0 (178954348)|HEAP_ALLOCATE|[EXTERNAL]|Bytes:18
07:34:47.0 (178966050)|HEAP_ALLOCATE|[EXTERNAL]|Bytes:18
07:34:47.0 (179010923)|HEAP_ALLOCATE|[EXTERNAL]|Bytes:9
07:34:47.0 (179021343)|HEAP_ALLOCATE|[EXTERNAL]|Bytes:9
07:34:47.0 (179064067)|HEAP_ALLOCATE|[EXTERNAL]|Bytes:7
07:34:47.0 (179073158)|HEAP_ALLOCATE|[EXTERNAL]|Bytes:7
07:34:47.0 (181368490)|CODE_UNIT_STARTED|[EXTERNAL]|01pm0000000EXDB|AnythingPath.getPicklistOptions
07:34:47.0 (181412386)|HEAP_ALLOCATE|[EXTERNAL]|Bytes:18
07:34:47.0 (181416034)|HEAP_ALLOCATE|[EXTERNAL]|Bytes:9
07:34:47.0 (181417545)|HEAP_ALLOCATE|[EXTERNAL]|Bytes:7
07:34:47.0 (181423054)|SYSTEM_MODE_ENTER|false
07:34:47.0 (181430351)|VARIABLE_SCOPE_BEGIN|[37]|recordId|String|false|false
07:34:47.0 (181437080)|VARIABLE_ASSIGNMENT|[37]|recordId|"a1Nm00000011q90EAA"
07:34:47.0 (181440594)|VARIABLE_SCOPE_BEGIN|[37]|picklistField|String|false|false
07:34:47.0 (181444097)|VARIABLE_ASSIGNMENT|[37]|picklistField|"Status__c"
07:34:47.0 (181446793)|VARIABLE_SCOPE_BEGIN|[37]|sObjectName|String|false|false
07:34:47.0 (181449989)|VARIABLE_ASSIGNMENT|[37]|sObjectName|"ITPR__c"
07:34:47.0 (181455771)|STATEMENT_EXECUTE|[37]
07:34:47.0 (181457268)|STATEMENT_EXECUTE|[38]
07:34:47.0 (181464225)|HEAP_ALLOCATE|[38]|Bytes:4
07:34:47.0 (181478364)|VARIABLE_SCOPE_BEGIN|[38]|output|Map<String,String>|true|false
07:34:47.0 (181495375)|VARIABLE_ASSIGNMENT|[38]|output|{"s":1,"v":{}}|0x3ce353aa
07:34:47.0 (181497757)|STATEMENT_EXECUTE|[39]
07:34:47.0 (181506603)|VARIABLE_SCOPE_BEGIN|[39]|objType|Schema.SObjectType|true|false
07:34:47.0 (181512226)|VARIABLE_ASSIGNMENT|[39]|objType|null|
07:34:47.0 (181514643)|STATEMENT_EXECUTE|[42]
07:34:47.0 (181515699)|STATEMENT_EXECUTE|[49]
07:34:47.0 (181560831)|HEAP_ALLOCATE|[49]|Bytes:4
07:34:47.0 (181726682)|VARIABLE_ASSIGNMENT|[49]|objType|"common.apex.runtime.impl.ApexSObjectTypeToken@79dc225f"|0x79dc225f
07:34:47.0 (181731528)|STATEMENT_EXECUTE|[50]
07:34:47.0 (183650100)|HEAP_ALLOCATE|[50]|Bytes:4
07:34:47.0 (183695122)|VARIABLE_SCOPE_BEGIN|[50]|dsr|Schema.DescribeSObjectResult|true|false
07:34:47.0 (183769347)|VARIABLE_ASSIGNMENT|[50]|dsr|"common.api.soap.wsdl.DescribeSObjectResult@d9bce2b6"|0x15d27d32
07:34:47.0 (183774028)|STATEMENT_EXECUTE|[51]
07:34:47.0 (185512151)|HEAP_ALLOCATE|[51]|Bytes:804
07:34:47.0 (185523823)|VARIABLE_SCOPE_BEGIN|[51]|fieldMap|Map<String,Schema.SObjectField>|true|false
07:34:47.0 (185750946)|VARIABLE_ASSIGNMENT|[51]|fieldMap|"{acceptance_time__c=Acceptance_Time__c, actionable_request__c=Actionable_Request__c, actual_finance_assignee__c=Actual_Finance_Assignee__c, actual_legal_assignee__c=Actual_Legal_Assignee__c, actual_procurement_assignee__c=Actual_Procurement_Assignee__c, actual_requestor__c=Actual_Requestor__c, actual_vendor_governance_assignee__c=Actual_Vendor_Governance_Assignee__c, additional_approval_complete__c=Additional_Approval_Complete__c, additional_approver_1__c=Additional_Approver_1__c, additional_approver_2__c=Additional_Approver_2__c, ...}"|0x39af2efc
07:34:47.0 (185759618)|STATEMENT_EXECUTE|[52]
07:34:47.0 (187095923)|HEAP_ALLOCATE|[52]|Bytes:8
07:34:47.0 (187129424)|VARIABLE_SCOPE_BEGIN|[52]|dfr|Schema.DescribeFieldResult|true|false
07:34:47.0 (187268898)|VARIABLE_ASSIGNMENT|[52]|dfr|"common.api.soap.wsdl.Field@6d496207"|0x449a0cd4
07:34:47.0 (187273726)|STATEMENT_EXECUTE|[53]
07:34:47.0 (187304557)|HEAP_ALLOCATE|[EXTERNAL]|Bytes:60
07:34:47.0 (187375761)|HEAP_ALLOCATE|[53]|Bytes:60
07:34:47.0 (187386045)|VARIABLE_SCOPE_BEGIN|[53]|results|List<Schema.PicklistEntry>|true|false
07:34:47.0 (187403049)|VARIABLE_ASSIGNMENT|[53]|results|{"s":1,"v":"List of size 14 too large to display"}|0x4020275
07:34:47.0 (187615452)|HEAP_ALLOCATE|[55]|Bytes:5
07:34:47.0 (187672796)|HEAP_ALLOCATE|[55]|Bytes:4
07:34:47.0 (187698994)|VARIABLE_SCOPE_BEGIN|[55]|pe|Schema.PicklistEntry|true|false
07:34:47.0 (187711794)|VARIABLE_ASSIGNMENT|[55]|pe|Draft|0x4d89c70
07:34:47.0 (187715377)|STATEMENT_EXECUTE|[55]
07:34:47.0 (187736359)|STATEMENT_EXECUTE|[56]
07:34:47.0 (187748163)|HEAP_ALLOCATE|[56]|Bytes:5
07:34:47.0 (187759011)|HEAP_ALLOCATE|[56]|Bytes:5
07:34:47.0 (187795980)|HEAP_ALLOCATE|[EXTERNAL]|Bytes:-4
07:34:47.0 (187811932)|HEAP_ALLOCATE|[55]|Bytes:5
07:34:47.0 (187823296)|HEAP_ALLOCATE|[55]|Bytes:4
07:34:47.0 (187838131)|VARIABLE_SCOPE_BEGIN|[55]|pe|Schema.PicklistEntry|true|false
07:34:47.0 (187848645)|VARIABLE_ASSIGNMENT|[55]|pe|Submitted|0x105d2734
07:34:47.0 (187851880)|STATEMENT_EXECUTE|[55]
07:34:47.0 (187858764)|STATEMENT_EXECUTE|[56]
07:34:47.0 (187863604)|HEAP_ALLOCATE|[56]|Bytes:9
07:34:47.0 (187868660)|HEAP_ALLOCATE|[56]|Bytes:9
07:34:47.0 (187877181)|HEAP_ALLOCATE|[EXTERNAL]|Bytes:-4
07:34:47.0 (187887545)|HEAP_ALLOCATE|[55]|Bytes:5
07:34:47.0 (187897094)|HEAP_ALLOCATE|[55]|Bytes:4
07:34:47.0 (187910060)|VARIABLE_SCOPE_BEGIN|[55]|pe|Schema.PicklistEntry|true|false
07:34:47.0 (187919328)|VARIABLE_ASSIGNMENT|[55]|pe|Pending More Info Needed|0x36e5d7a7
07:34:47.0 (187922274)|STATEMENT_EXECUTE|[55]
07:34:47.0 (187928479)|STATEMENT_EXECUTE|[56]
07:34:47.0 (187933086)|HEAP_ALLOCATE|[56]|Bytes:24
07:34:47.0 (187938037)|HEAP_ALLOCATE|[56]|Bytes:24
07:34:47.0 (187946135)|HEAP_ALLOCATE|[EXTERNAL]|Bytes:-4
07:34:47.0 (187956106)|HEAP_ALLOCATE|[55]|Bytes:5
07:34:47.0 (187965276)|HEAP_ALLOCATE|[55]|Bytes:4
07:34:47.0 (187977845)|VARIABLE_SCOPE_BEGIN|[55]|pe|Schema.PicklistEntry|true|false
07:34:47.0 (187986476)|VARIABLE_ASSIGNMENT|[55]|pe|Assigned|0x20333fcb
07:34:47.0 (187989321)|STATEMENT_EXECUTE|[55]
07:34:47.0 (187995357)|STATEMENT_EXECUTE|[56]
07:34:47.0 (187999781)|HEAP_ALLOCATE|[56]|Bytes:8
07:34:47.0 (188004611)|HEAP_ALLOCATE|[56]|Bytes:8
07:34:47.0 (188013664)|HEAP_ALLOCATE|[EXTERNAL]|Bytes:-4
07:34:47.0 (188023458)|HEAP_ALLOCATE|[55]|Bytes:5
07:34:47.0 (188032855)|HEAP_ALLOCATE|[55]|Bytes:4
07:34:47.0 (188045359)|VARIABLE_SCOPE_BEGIN|[55]|pe|Schema.PicklistEntry|true|false
07:34:47.0 (188053929)|VARIABLE_ASSIGNMENT|[55]|pe|In Process|0x60c81ca1
07:34:47.0 (188056710)|STATEMENT_EXECUTE|[55]
07:34:47.0 (188062720)|STATEMENT_EXECUTE|[56]
07:34:47.0 (188067265)|HEAP_ALLOCATE|[56]|Bytes:10
07:34:47.0 (188072024)|HEAP_ALLOCATE|[56]|Bytes:10
07:34:47.0 (188079990)|HEAP_ALLOCATE|[EXTERNAL]|Bytes:-4
07:34:47.0 (188089842)|HEAP_ALLOCATE|[55]|Bytes:5
07:34:47.0 (188098871)|HEAP_ALLOCATE|[55]|Bytes:4
07:34:47.0 (188111306)|VARIABLE_SCOPE_BEGIN|[55]|pe|Schema.PicklistEntry|true|false
07:34:47.0 (188120348)|VARIABLE_ASSIGNMENT|[55]|pe|Pending Project Final Budget|0x19d5e30b
07:34:47.0 (188123552)|STATEMENT_EXECUTE|[55]
07:34:47.0 (188129760)|STATEMENT_EXECUTE|[56]
07:34:47.0 (188134146)|HEAP_ALLOCATE|[56]|Bytes:28
07:34:47.0 (188138944)|HEAP_ALLOCATE|[56]|Bytes:28
07:34:47.0 (188146898)|HEAP_ALLOCATE|[EXTERNAL]|Bytes:-4
07:34:47.0 (188156684)|HEAP_ALLOCATE|[55]|Bytes:5
07:34:47.0 (188165884)|HEAP_ALLOCATE|[55]|Bytes:4
07:34:47.0 (188178088)|VARIABLE_SCOPE_BEGIN|[55]|pe|Schema.PicklistEntry|true|false
07:34:47.0 (188186594)|VARIABLE_ASSIGNMENT|[55]|pe|In Approvals|0x1154779
07:34:47.0 (188189393)|STATEMENT_EXECUTE|[55]
07:34:47.0 (188195287)|STATEMENT_EXECUTE|[56]
07:34:47.0 (188199794)|HEAP_ALLOCATE|[56]|Bytes:12
07:34:47.0 (188204449)|HEAP_ALLOCATE|[56]|Bytes:12
07:34:47.0 (188212369)|HEAP_ALLOCATE|[EXTERNAL]|Bytes:-4
07:34:47.0 (188221951)|HEAP_ALLOCATE|[55]|Bytes:5
07:34:47.0 (188231012)|HEAP_ALLOCATE|[55]|Bytes:4
07:34:47.0 (188243246)|VARIABLE_SCOPE_BEGIN|[55]|pe|Schema.PicklistEntry|true|false
07:34:47.0 (188251532)|VARIABLE_ASSIGNMENT|[55]|pe|All Digital Initials Obtained|0x3861edf7
07:34:47.0 (188254954)|STATEMENT_EXECUTE|[55]
07:34:47.0 (188261050)|STATEMENT_EXECUTE|[56]
07:34:47.0 (188265463)|HEAP_ALLOCATE|[56]|Bytes:29
07:34:47.0 (188270647)|HEAP_ALLOCATE|[56]|Bytes:29
07:34:47.0 (188278512)|HEAP_ALLOCATE|[EXTERNAL]|Bytes:-4
07:34:47.0 (188288031)|HEAP_ALLOCATE|[55]|Bytes:5
07:34:47.0 (188297155)|HEAP_ALLOCATE|[55]|Bytes:4
07:34:47.0 (188309284)|VARIABLE_SCOPE_BEGIN|[55]|pe|Schema.PicklistEntry|true|false
07:34:47.0 (188317743)|VARIABLE_ASSIGNMENT|[55]|pe|On Hold|0x18ecc34e
07:34:47.0 (188320379)|STATEMENT_EXECUTE|[55]
07:34:47.0 (188326235)|STATEMENT_EXECUTE|[56]
07:34:47.0 (188330556)|HEAP_ALLOCATE|[56]|Bytes:7
07:34:47.0 (188340069)|HEAP_ALLOCATE|[56]|Bytes:7
07:34:47.0 (188348251)|HEAP_ALLOCATE|[EXTERNAL]|Bytes:-4
07:34:47.0 (188358010)|HEAP_ALLOCATE|[55]|Bytes:5
07:34:47.0 (188367316)|HEAP_ALLOCATE|[55]|Bytes:4
07:34:47.0 (188379831)|VARIABLE_SCOPE_BEGIN|[55]|pe|Schema.PicklistEntry|true|false
07:34:47.0 (188388469)|VARIABLE_ASSIGNMENT|[55]|pe|Cancelled|0x2e17b6e3
07:34:47.0 (188391339)|STATEMENT_EXECUTE|[55]
07:34:47.0 (188397532)|STATEMENT_EXECUTE|[56]
07:34:47.0 (188401956)|HEAP_ALLOCATE|[56]|Bytes:9
07:34:47.0 (188406780)|HEAP_ALLOCATE|[56]|Bytes:9
07:34:47.0 (188414512)|HEAP_ALLOCATE|[EXTERNAL]|Bytes:-4
07:34:47.0 (188423873)|HEAP_ALLOCATE|[55]|Bytes:5
07:34:47.0 (188432939)|HEAP_ALLOCATE|[55]|Bytes:4
07:34:47.0 (188445059)|VARIABLE_SCOPE_BEGIN|[55]|pe|Schema.PicklistEntry|true|false
07:34:47.0 (188453533)|VARIABLE_ASSIGNMENT|[55]|pe|Reactivate|0x59212d7
07:34:47.0 (188456224)|STATEMENT_EXECUTE|[55]
07:34:47.0 (188461947)|STATEMENT_EXECUTE|[56]
07:34:47.0 (188466389)|HEAP_ALLOCATE|[56]|Bytes:10
07:34:47.0 (188471138)|HEAP_ALLOCATE|[56]|Bytes:10
07:34:47.0 (188478936)|HEAP_ALLOCATE|[EXTERNAL]|Bytes:-4
07:34:47.0 (188488473)|HEAP_ALLOCATE|[55]|Bytes:5
07:34:47.0 (188497394)|HEAP_ALLOCATE|[55]|Bytes:4
07:34:47.0 (188509560)|VARIABLE_SCOPE_BEGIN|[55]|pe|Schema.PicklistEntry|true|false
07:34:47.0 (188518013)|VARIABLE_ASSIGNMENT|[55]|pe|Executed and Filed|0x322b59c7
07:34:47.0 (188521210)|STATEMENT_EXECUTE|[55]
07:34:47.0 (188527213)|STATEMENT_EXECUTE|[56]
07:34:47.0 (188531657)|HEAP_ALLOCATE|[56]|Bytes:18
07:34:47.0 (188536390)|HEAP_ALLOCATE|[56]|Bytes:18
07:34:47.0 (188544295)|HEAP_ALLOCATE|[EXTERNAL]|Bytes:-4
07:34:47.0 (188553798)|HEAP_ALLOCATE|[55]|Bytes:5
07:34:47.0 (188563025)|HEAP_ALLOCATE|[55]|Bytes:4
07:34:47.0 (188575039)|VARIABLE_SCOPE_BEGIN|[55]|pe|Schema.PicklistEntry|true|false
07:34:47.0 (188583636)|VARIABLE_ASSIGNMENT|[55]|pe|Not Executed and Closed|0x4ca31a7f
07:34:47.0 (188586413)|STATEMENT_EXECUTE|[55]
07:34:47.0 (188592195)|STATEMENT_EXECUTE|[56]
07:34:47.0 (188596667)|HEAP_ALLOCATE|[56]|Bytes:23
07:34:47.0 (188601557)|HEAP_ALLOCATE|[56]|Bytes:23
07:34:47.0 (188609973)|HEAP_ALLOCATE|[EXTERNAL]|Bytes:-4
07:34:47.0 (188619605)|HEAP_ALLOCATE|[55]|Bytes:5
07:34:47.0 (188628897)|HEAP_ALLOCATE|[55]|Bytes:4
07:34:47.0 (188641261)|VARIABLE_SCOPE_BEGIN|[55]|pe|Schema.PicklistEntry|true|false
07:34:47.0 (188649723)|VARIABLE_ASSIGNMENT|[55]|pe|Complete|0x5f901da6
07:34:47.0 (188652819)|STATEMENT_EXECUTE|[55]
07:34:47.0 (188658877)|STATEMENT_EXECUTE|[56]
07:34:47.0 (188663229)|HEAP_ALLOCATE|[56]|Bytes:8
07:34:47.0 (188668099)|HEAP_ALLOCATE|[56]|Bytes:8
07:34:47.0 (188675835)|HEAP_ALLOCATE|[EXTERNAL]|Bytes:-4
07:34:47.0 (188685424)|HEAP_ALLOCATE|[55]|Bytes:5
07:34:47.0 (188694762)|VARIABLE_ASSIGNMENT|[55]|pe|null|
07:34:47.0 (188698180)|STATEMENT_EXECUTE|[58]
07:34:47.0 (188705365)|SYSTEM_MODE_EXIT|false
07:34:47.188 (188728987)|CUMULATIVE_LIMIT_USAGE
07:34:47.188 (188728987)|LIMIT_USAGE_FOR_NS|(default)|
  Number of SOQL queries: 3 out of 100
  Number of query rows: 3 out of 50000
  Number of SOSL queries: 0 out of 20
  Number of DML statements: 0 out of 150
  Number of DML rows: 0 out of 10000
  Maximum CPU time: 0 out of 10000
  Maximum heap size: 0 out of 6000000
  Number of callouts: 0 out of 100
  Number of Email Invocations: 0 out of 10
  Number of future calls: 0 out of 50
  Number of queueable jobs added to the queue: 0 out of 50
  Number of Mobile Apex push calls: 0 out of 10

07:34:47.188 (188728987)|CUMULATIVE_LIMIT_USAGE_END

07:34:47.0 (188757486)|CODE_UNIT_FINISHED|AnythingPath.getPicklistOptions
07:34:47.0 (188984608)|HEAP_ALLOCATE|[EXTERNAL]|Bytes:7
07:34:47.0 (188996246)|HEAP_ALLOCATE|[EXTERNAL]|Bytes:7
07:34:47.0 (189041361)|HEAP_ALLOCATE|[EXTERNAL]|Bytes:9
07:34:47.0 (189051641)|HEAP_ALLOCATE|[EXTERNAL]|Bytes:9
07:34:47.0 (191315187)|CODE_UNIT_STARTED|[EXTERNAL]|01pm0000000EXDB|AnythingPath.dynamicTopic
07:34:47.0 (191352110)|HEAP_ALLOCATE|[EXTERNAL]|Bytes:7
07:34:47.0 (191355595)|HEAP_ALLOCATE|[EXTERNAL]|Bytes:9
07:34:47.0 (191361543)|SYSTEM_MODE_ENTER|false
07:34:47.0 (191366164)|VARIABLE_SCOPE_BEGIN|[65]|WhichObject|String|false|false
07:34:47.0 (191372666)|VARIABLE_ASSIGNMENT|[65]|WhichObject|"ITPR__c"
07:34:47.0 (191374723)|VARIABLE_SCOPE_BEGIN|[65]|Field|String|false|false
07:34:47.0 (191377425)|VARIABLE_ASSIGNMENT|[65]|Field|"Status__c"
07:34:47.0 (191383034)|STATEMENT_EXECUTE|[65]
07:34:47.0 (191384454)|STATEMENT_EXECUTE|[67]
07:34:47.0 (191387543)|HEAP_ALLOCATE|[67]|Bytes:11
07:34:47.0 (191402826)|HEAP_ALLOCATE|[67]|Bytes:33
07:34:47.0 (191407878)|VARIABLE_SCOPE_BEGIN|[67]|DynamicQuery|String|false|false
07:34:47.0 (191415870)|VARIABLE_ASSIGNMENT|[67]|DynamicQuery|"Select Id, Status__c (13 more) ..."
07:34:47.0 (191418022)|STATEMENT_EXECUTE|[70]
07:34:47.0 (191420643)|HEAP_ALLOCATE|[70]|Bytes:85
07:34:47.0 (191428060)|HEAP_ALLOCATE|[70]|Bytes:4
07:34:47.0 (191707711)|SOQL_EXECUTE_BEGIN|[70]|Aggregations:0|SELECT Id, ApiVersion, Name, Description, Query FROM Pushtopic WHERE Query = :tmpVar1
07:34:47.0 (195923364)|SOQL_EXECUTE_END|[70]|Rows:1
07:34:47.0 (195939161)|HEAP_ALLOCATE|[70]|Bytes:8
07:34:47.0 (195952173)|HEAP_ALLOCATE|[70]|Bytes:199
07:34:47.0 (196006647)|HEAP_ALLOCATE|[70]|Bytes:8
07:34:47.0 (196016981)|VARIABLE_SCOPE_BEGIN|[70]|topicList|List<PushTopic>|true|false
07:34:47.0 (196044952)|VARIABLE_ASSIGNMENT|[70]|topicList|{"s":1,"v":[{"s":2,"v":{"Id":"0IFm00000004E6HGAU","ApiVersion":36.0,"Name":"ITPR__cStatus__c","Description":"Autogenerated by Any (19 more) ...","Query":"Select Id, Status__c (13 more) ..."}}]}|0x5292a60b
07:34:47.0 (196096488)|STATEMENT_EXECUTE|[85]
07:34:47.0 (196099044)|STATEMENT_EXECUTE|[86]
07:34:47.0 (196125122)|HEAP_ALLOCATE|[86]|Bytes:24
07:34:47.0 (196155928)|SYSTEM_MODE_EXIT|false
07:34:47.196 (196179097)|CUMULATIVE_LIMIT_USAGE
07:34:47.196 (196179097)|LIMIT_USAGE_FOR_NS|(default)|
  Number of SOQL queries: 4 out of 100
  Number of query rows: 4 out of 50000
  Number of SOSL queries: 0 out of 20
  Number of DML statements: 0 out of 150
  Number of DML rows: 0 out of 10000
  Maximum CPU time: 0 out of 10000
  Maximum heap size: 0 out of 6000000
  Number of callouts: 0 out of 100
  Number of Email Invocations: 0 out of 10
  Number of future calls: 0 out of 50
  Number of queueable jobs added to the queue: 0 out of 50
  Number of Mobile Apex push calls: 0 out of 10

07:34:47.196 (196179097)|CUMULATIVE_LIMIT_USAGE_END

07:34:47.0 (196208315)|CODE_UNIT_FINISHED|AnythingPath.dynamicTopic
07:34:47.0 (230326035)|HEAP_ALLOCATE|[EXTERNAL]|Bytes:18
07:34:47.0 (230352774)|HEAP_ALLOCATE|[EXTERNAL]|Bytes:18
07:34:47.0 (232103267)|CODE_UNIT_STARTED|[EXTERNAL]|01pm0000000EbLn|ITPR_QuickActions.retrieveITPRWithStatus
07:34:47.0 (232242517)|VARIABLE_SCOPE_BEGIN|[7]|ITPR_QuickActions.rtDictionary|Map<String,RecordType>|true|true
07:34:47.0 (232272539)|HEAP_ALLOCATE|[EXTERNAL]|Bytes:136
07:34:47.0 (232280738)|HEAP_ALLOCATE|[EXTERNAL]|Bytes:25
07:34:47.0 (232284409)|HEAP_ALLOCATE|[EXTERNAL]|Bytes:52
07:34:47.0 (232297694)|METHOD_ENTRY|[1]|01pm0000000EbLn|ITPR_QuickActions.ITPR_QuickActions()
07:34:47.0 (232301349)|STATEMENT_EXECUTE|[1]
07:34:47.0 (232305531)|STATEMENT_EXECUTE|[1]
07:34:47.0 (232306823)|STATEMENT_EXECUTE|[9]
07:34:47.0 (232307932)|STATEMENT_EXECUTE|[10]
07:34:47.0 (232311262)|HEAP_ALLOCATE|[11]|Bytes:70
07:34:47.0 (232320678)|HEAP_ALLOCATE|[11]|Bytes:4
07:34:47.0 (232601414)|SOQL_EXECUTE_BEGIN|[11]|Aggregations:0|SELECT Id, DeveloperName FROM RecordType WHERE SObjectType = 'ITPR__c'
07:34:47.0 (249560558)|SOQL_EXECUTE_END|[11]|Rows:17
07:34:47.0 (249583537)|HEAP_ALLOCATE|[11]|Bytes:72
07:34:47.0 (249617724)|HEAP_ALLOCATE|[11]|Bytes:992
07:34:47.0 (249671745)|HEAP_ALLOCATE|[11]|Bytes:72
07:34:47.0 (249685911)|VARIABLE_SCOPE_BEGIN|[10]|typeList|List<RecordType>|true|false
07:34:47.0 (249716217)|VARIABLE_ASSIGNMENT|[10]|typeList|{"s":1,"v":"List of size 17 too large to display"}|0x6a08733f
07:34:47.0 (249720206)|STATEMENT_EXECUTE|[13]
07:34:47.0 (249726063)|HEAP_ALLOCATE|[13]|Bytes:4
07:34:47.0 (249799421)|VARIABLE_ASSIGNMENT|[13]|ITPR_QuickActions.rtDictionary|{"s":1,"v":{}}|0x220d3bf5
07:34:47.0 (249867542)|STATEMENT_EXECUTE|[15]
07:34:47.0 (249996336)|HEAP_ALLOCATE|[16]|Bytes:5
07:34:47.0 (250041353)|HEAP_ALLOCATE|[16]|Bytes:12
07:34:47.0 (250052899)|VARIABLE_SCOPE_BEGIN|[16]|rt|RecordType|true|false
07:34:47.0 (250076550)|VARIABLE_ASSIGNMENT|[16]|rt|{"s":1,"v":{"Id":"012m00000008iTlAAI","DeveloperName":"All_Digital_Initials (9 more) ..."}}|0x3464216c
07:34:47.0 (250080679)|STATEMENT_EXECUTE|[17]
07:34:47.0 (250082041)|STATEMENT_EXECUTE|[18]
07:34:47.0 (250154760)|HEAP_ALLOCATE|[EXTERNAL]|Bytes:-4
07:34:47.0 (250170273)|HEAP_ALLOCATE|[16]|Bytes:5
07:34:47.0 (250194766)|HEAP_ALLOCATE|[16]|Bytes:12
07:34:47.0 (250202518)|VARIABLE_SCOPE_BEGIN|[16]|rt|RecordType|true|false
07:34:47.0 (250215621)|VARIABLE_ASSIGNMENT|[16]|rt|{"s":1,"v":{"Id":"012m00000008iTbAAI","DeveloperName":"Assigned"}}|0x126b7ef9
07:34:47.0 (250218608)|STATEMENT_EXECUTE|[17]
07:34:47.0 (250219720)|STATEMENT_EXECUTE|[18]
07:34:47.0 (250235417)|HEAP_ALLOCATE|[EXTERNAL]|Bytes:-4
07:34:47.0 (250246666)|HEAP_ALLOCATE|[16]|Bytes:5
07:34:47.0 (250267146)|HEAP_ALLOCATE|[16]|Bytes:12
07:34:47.0 (250274140)|VARIABLE_SCOPE_BEGIN|[16]|rt|RecordType|true|false
07:34:47.0 (250285627)|VARIABLE_ASSIGNMENT|[16]|rt|{"s":1,"v":{"Id":"012m00000008iU0AAI","DeveloperName":"Cancelled"}}|0x40bffc1a
07:34:47.0 (250288785)|STATEMENT_EXECUTE|[17]
07:34:47.0 (250290000)|STATEMENT_EXECUTE|[18]
07:34:47.0 (250304266)|HEAP_ALLOCATE|[EXTERNAL]|Bytes:-4
07:34:47.0 (250315046)|HEAP_ALLOCATE|[16]|Bytes:5
07:34:47.0 (250340168)|HEAP_ALLOCATE|[16]|Bytes:12
07:34:47.0 (250347881)|VARIABLE_SCOPE_BEGIN|[16]|rt|RecordType|true|false
07:34:47.0 (250359584)|VARIABLE_ASSIGNMENT|[16]|rt|{"s":1,"v":{"Id":"012m00000008iUKAAY","DeveloperName":"Complete"}}|0x587c106e
07:34:47.0 (250362400)|STATEMENT_EXECUTE|[17]
07:34:47.0 (250363386)|STATEMENT_EXECUTE|[18]
07:34:47.0 (250377620)|HEAP_ALLOCATE|[EXTERNAL]|Bytes:-4
07:34:47.0 (250388328)|HEAP_ALLOCATE|[16]|Bytes:5
07:34:47.0 (250408196)|HEAP_ALLOCATE|[16]|Bytes:12
07:34:47.0 (250415028)|VARIABLE_SCOPE_BEGIN|[16]|rt|RecordType|true|false
07:34:47.0 (250425851)|VARIABLE_ASSIGNMENT|[16]|rt|{"s":1,"v":{"Id":"012m00000008iTMAAY","DeveloperName":"Draft"}}|0x4d06354c
07:34:47.0 (250428902)|STATEMENT_EXECUTE|[17]
07:34:47.0 (250429921)|STATEMENT_EXECUTE|[18]
07:34:47.0 (250443870)|HEAP_ALLOCATE|[EXTERNAL]|Bytes:-4
07:34:47.0 (250454338)|HEAP_ALLOCATE|[16]|Bytes:5
07:34:47.0 (250473571)|HEAP_ALLOCATE|[16]|Bytes:12
07:34:47.0 (250480278)|VARIABLE_SCOPE_BEGIN|[16]|rt|RecordType|true|false
07:34:47.0 (250490829)|VARIABLE_ASSIGNMENT|[16]|rt|{"s":1,"v":{"Id":"012m00000008iUAAAY","DeveloperName":"Executed"}}|0x4d316a3
07:34:47.0 (250493617)|STATEMENT_EXECUTE|[17]
07:34:47.0 (250494590)|STATEMENT_EXECUTE|[18]
07:34:47.0 (250507863)|HEAP_ALLOCATE|[EXTERNAL]|Bytes:-4
07:34:47.0 (250517931)|HEAP_ALLOCATE|[16]|Bytes:5
07:34:47.0 (250536738)|HEAP_ALLOCATE|[16]|Bytes:12
07:34:47.0 (250543287)|VARIABLE_SCOPE_BEGIN|[16]|rt|RecordType|true|false
07:34:47.0 (250554003)|VARIABLE_ASSIGNMENT|[16]|rt|{"s":1,"v":{"Id":"012m00000008iTgAAI","DeveloperName":"In_Approvals"}}|0x3b33650f
07:34:47.0 (250556844)|STATEMENT_EXECUTE|[17]
07:34:47.0 (250557816)|STATEMENT_EXECUTE|[18]
07:34:47.0 (250570927)|HEAP_ALLOCATE|[EXTERNAL]|Bytes:-4
07:34:47.0 (250580992)|HEAP_ALLOCATE|[16]|Bytes:5
07:34:47.0 (250599790)|HEAP_ALLOCATE|[16]|Bytes:12
07:34:47.0 (250606848)|VARIABLE_SCOPE_BEGIN|[16]|rt|RecordType|true|false
07:34:47.0 (250617626)|VARIABLE_ASSIGNMENT|[16]|rt|{"s":1,"v":{"Id":"012d0000000x2ACAAY","DeveloperName":"In_Process"}}|0x374ed67
07:34:47.0 (250620406)|STATEMENT_EXECUTE|[17]
07:34:47.0 (250621383)|STATEMENT_EXECUTE|[18]
07:34:47.0 (250634729)|HEAP_ALLOCATE|[EXTERNAL]|Bytes:-4
07:34:47.0 (250644833)|HEAP_ALLOCATE|[16]|Bytes:5
07:34:47.0 (250663615)|HEAP_ALLOCATE|[16]|Bytes:12
07:34:47.0 (250670212)|VARIABLE_SCOPE_BEGIN|[16]|rt|RecordType|true|false
07:34:47.0 (250680710)|VARIABLE_ASSIGNMENT|[16]|rt|{"s":1,"v":{"Id":"012m00000008iUFAAY","DeveloperName":"Not_Executed"}}|0x7fa41410
07:34:47.0 (250683491)|STATEMENT_EXECUTE|[17]
07:34:47.0 (250684448)|STATEMENT_EXECUTE|[18]
07:34:47.0 (250697705)|HEAP_ALLOCATE|[EXTERNAL]|Bytes:-4
07:34:47.0 (250707725)|HEAP_ALLOCATE|[16]|Bytes:5
07:34:47.0 (250726390)|HEAP_ALLOCATE|[16]|Bytes:12
07:34:47.0 (250732851)|VARIABLE_SCOPE_BEGIN|[16]|rt|RecordType|true|false
07:34:47.0 (250743459)|VARIABLE_ASSIGNMENT|[16]|rt|{"s":1,"v":{"Id":"012m00000008iTqAAI","DeveloperName":"On_Hold"}}|0x635e7349
07:34:47.0 (250746153)|STATEMENT_EXECUTE|[17]
07:34:47.0 (250747143)|STATEMENT_EXECUTE|[18]
07:34:47.0 (250760575)|HEAP_ALLOCATE|[EXTERNAL]|Bytes:-4
07:34:47.0 (250770878)|HEAP_ALLOCATE|[16]|Bytes:5
07:34:47.0 (250789784)|HEAP_ALLOCATE|[16]|Bytes:12
07:34:47.0 (250796423)|VARIABLE_SCOPE_BEGIN|[16]|rt|RecordType|true|false
07:34:47.0 (250807149)|VARIABLE_ASSIGNMENT|[16]|rt|{"s":1,"v":{"Id":"012d0000000x3F8AAI","DeveloperName":"Pending_Budget"}}|0x43656930
07:34:47.0 (250809902)|STATEMENT_EXECUTE|[17]
07:34:47.0 (250810867)|STATEMENT_EXECUTE|[18]
07:34:47.0 (250824160)|HEAP_ALLOCATE|[EXTERNAL]|Bytes:-4
07:34:47.0 (250834202)|HEAP_ALLOCATE|[16]|Bytes:5
07:34:47.0 (250853074)|HEAP_ALLOCATE|[16]|Bytes:12
07:34:47.0 (250859584)|VARIABLE_SCOPE_BEGIN|[16]|rt|RecordType|true|false
07:34:47.0 (250870984)|VARIABLE_ASSIGNMENT|[16]|rt|{"s":1,"v":{"Id":"012m00000008iTWAAY","DeveloperName":"Pending_More_Info_Ne (4 more) ..."}}|0x67debbee
07:34:47.0 (250874118)|STATEMENT_EXECUTE|[17]
07:34:47.0 (250875219)|STATEMENT_EXECUTE|[18]
07:34:47.0 (250888718)|HEAP_ALLOCATE|[EXTERNAL]|Bytes:-4
07:34:47.0 (250898750)|HEAP_ALLOCATE|[16]|Bytes:5
07:34:47.0 (250917592)|HEAP_ALLOCATE|[16]|Bytes:12
07:34:47.0 (250924187)|VARIABLE_SCOPE_BEGIN|[16]|rt|RecordType|true|false
07:34:47.0 (250934736)|VARIABLE_ASSIGNMENT|[16]|rt|{"s":1,"v":{"Id":"012m00000008iU5AAI","DeveloperName":"Reactivate"}}|0x38852791
07:34:47.0 (250937867)|STATEMENT_EXECUTE|[17]
07:34:47.0 (250938856)|STATEMENT_EXECUTE|[18]
07:34:47.0 (250952831)|HEAP_ALLOCATE|[EXTERNAL]|Bytes:-4
07:34:47.0 (250963045)|HEAP_ALLOCATE|[16]|Bytes:5
07:34:47.0 (250981855)|HEAP_ALLOCATE|[16]|Bytes:12
07:34:47.0 (250988364)|VARIABLE_SCOPE_BEGIN|[16]|rt|RecordType|true|false
07:34:47.0 (250998792)|VARIABLE_ASSIGNMENT|[16]|rt|{"s":1,"v":{"Id":"012m00000008iTRAAY","DeveloperName":"Submitted"}}|0x2851dff3
07:34:47.0 (251001498)|STATEMENT_EXECUTE|[17]
07:34:47.0 (251003403)|STATEMENT_EXECUTE|[18]
07:34:47.0 (251017363)|HEAP_ALLOCATE|[EXTERNAL]|Bytes:-4
07:34:47.0 (251027563)|HEAP_ALLOCATE|[16]|Bytes:5
07:34:47.0 (251046591)|HEAP_ALLOCATE|[16]|Bytes:12
07:34:47.0 (251053120)|VARIABLE_SCOPE_BEGIN|[16]|rt|RecordType|true|false
07:34:47.0 (251064067)|VARIABLE_ASSIGNMENT|[16]|rt|{"s":1,"v":{"Id":"012d0000000x2ADAAY","DeveloperName":"Wave1_Approvals"}}|0x40951f20
07:34:47.0 (251066704)|STATEMENT_EXECUTE|[17]
07:34:47.0 (251067675)|STATEMENT_EXECUTE|[18]
07:34:47.0 (251080877)|HEAP_ALLOCATE|[EXTERNAL]|Bytes:-4
07:34:47.0 (251091009)|HEAP_ALLOCATE|[16]|Bytes:5
07:34:47.0 (251110087)|HEAP_ALLOCATE|[16]|Bytes:12
07:34:47.0 (251116517)|VARIABLE_SCOPE_BEGIN|[16]|rt|RecordType|true|false
07:34:47.0 (251127127)|VARIABLE_ASSIGNMENT|[16]|rt|{"s":1,"v":{"Id":"012d0000000x2AEAAY","DeveloperName":"Wave2_Approvals"}}|0x5206cd17
07:34:47.0 (251129781)|STATEMENT_EXECUTE|[17]
07:34:47.0 (251130764)|STATEMENT_EXECUTE|[18]
07:34:47.0 (251143817)|HEAP_ALLOCATE|[EXTERNAL]|Bytes:-4
07:34:47.0 (251153901)|HEAP_ALLOCATE|[16]|Bytes:5
07:34:47.0 (251173611)|HEAP_ALLOCATE|[16]|Bytes:12
07:34:47.0 (251180063)|VARIABLE_SCOPE_BEGIN|[16]|rt|RecordType|true|false
07:34:47.0 (251190519)|VARIABLE_ASSIGNMENT|[16]|rt|{"s":1,"v":{"Id":"012d0000000x2AFAAY","DeveloperName":"Wave3_Approvals"}}|0x43aed169
07:34:47.0 (251193143)|STATEMENT_EXECUTE|[17]
07:34:47.0 (251194087)|STATEMENT_EXECUTE|[18]
07:34:47.0 (251207146)|HEAP_ALLOCATE|[EXTERNAL]|Bytes:-4
07:34:47.0 (251217525)|HEAP_ALLOCATE|[16]|Bytes:5
07:34:47.0 (251228040)|VARIABLE_ASSIGNMENT|[16]|rt|null|
07:34:47.0 (251237087)|METHOD_EXIT|[1]|ITPR_QuickActions
07:34:47.0 (251242558)|HEAP_ALLOCATE|[EXTERNAL]|Bytes:18
07:34:47.0 (251250633)|SYSTEM_MODE_ENTER|false
07:34:47.0 (251262301)|VARIABLE_SCOPE_BEGIN|[119]|recordId|String|false|false
07:34:47.0 (251267863)|VARIABLE_ASSIGNMENT|[119]|recordId|"a1Nm00000011q90EAA"
07:34:47.0 (251274516)|STATEMENT_EXECUTE|[119]
07:34:47.0 (251275894)|STATEMENT_EXECUTE|[120]
07:34:47.0 (251278934)|HEAP_ALLOCATE|[120]|Bytes:63
07:34:47.0 (251285239)|HEAP_ALLOCATE|[120]|Bytes:4
07:34:47.0 (251517876)|SOQL_EXECUTE_BEGIN|[120]|Aggregations:0|SELECT Name, Status__c FROM ITPR__c WHERE Id = :tmpVar1 LIMIT 1
07:34:47.0 (255252666)|SOQL_EXECUTE_END|[120]|Rows:1
07:34:47.0 (255266798)|HEAP_ALLOCATE|[120]|Bytes:8
07:34:47.0 (255278791)|HEAP_ALLOCATE|[120]|Bytes:70
07:34:47.0 (255293911)|HEAP_ALLOCATE|[120]|Bytes:8
07:34:47.0 (255301761)|HEAP_ALLOCATE|[120]|Bytes:33
07:34:47.0 (255339064)|HEAP_ALLOCATE|[120]|Bytes:16
07:34:47.0 (255346886)|VARIABLE_SCOPE_BEGIN|[120]|itsesRequest|ITPR__c|true|false
07:34:47.0 (255362936)|VARIABLE_ASSIGNMENT|[120]|itsesRequest|{"s":1,"v":{"Name":"201609-04573","Status__c":"Assigned","Id":"a1Nm00000011q90EAA"}}|0x2d8467bf
07:34:47.0 (255366513)|STATEMENT_EXECUTE|[121]
07:34:47.0 (255375537)|SYSTEM_MODE_EXIT|false
07:34:47.255 (255417008)|CUMULATIVE_LIMIT_USAGE
07:34:47.255 (255417008)|LIMIT_USAGE_FOR_NS|(default)|
  Number of SOQL queries: 6 out of 100
  Number of query rows: 22 out of 50000
  Number of SOSL queries: 0 out of 20
  Number of DML statements: 0 out of 150
  Number of DML rows: 0 out of 10000
  Maximum CPU time: 0 out of 10000
  Maximum heap size: 0 out of 6000000
  Number of callouts: 0 out of 100
  Number of Email Invocations: 0 out of 10
  Number of future calls: 0 out of 50
  Number of queueable jobs added to the queue: 0 out of 50
  Number of Mobile Apex push calls: 0 out of 10

07:34:47.255 (255417008)|CUMULATIVE_LIMIT_USAGE_END

07:34:47.0 (255465179)|CODE_UNIT_FINISHED|ITPR_QuickActions.retrieveITPRWithStatus
