38.0 APEX_CODE,FINEST;APEX_PROFILING,INFO;CALLOUT,INFO;DB,INFO;SYSTEM,DEBUG;VALIDATION,INFO;VISUALFORCE,INFO;WORKFLOW,INFO
07:37:03.0 (515475)|USER_INFO|[EXTERNAL]|005m0000002GNhO|dscruggs@salesforce.com.rfadev13|Pacific Standard Time|GMT-07:00
07:37:03.0 (552556)|EXECUTION_STARTED
07:37:03.0 (569487)|CODE_UNIT_STARTED|[EXTERNAL]|aura
07:37:03.0 (1006587)|HEAP_ALLOCATE|[72]|Bytes:3
07:37:03.0 (1090504)|HEAP_ALLOCATE|[77]|Bytes:152
07:37:03.0 (1107867)|HEAP_ALLOCATE|[342]|Bytes:408
07:37:03.0 (1124322)|HEAP_ALLOCATE|[355]|Bytes:408
07:37:03.0 (1140593)|HEAP_ALLOCATE|[467]|Bytes:48
07:37:03.0 (1220607)|HEAP_ALLOCATE|[139]|Bytes:6
07:37:03.0 (1263170)|HEAP_ALLOCATE|[EXTERNAL]|Bytes:7
07:37:03.0 (1319109)|HEAP_ALLOCATE|[EXTERNAL]|Bytes:7
07:37:03.0 (1470544)|HEAP_ALLOCATE|[EXTERNAL]|Bytes:9
07:37:03.0 (1482036)|HEAP_ALLOCATE|[EXTERNAL]|Bytes:9
07:37:03.0 (6719524)|CODE_UNIT_STARTED|[EXTERNAL]|01pm0000000EZxV|GuidanceBox.dynamicTopic
07:37:03.0 (6837126)|HEAP_ALLOCATE|[EXTERNAL]|Bytes:4
07:37:03.0 (6843360)|HEAP_ALLOCATE|[EXTERNAL]|Bytes:2
07:37:03.0 (6873360)|METHOD_ENTRY|[1]|01pm0000000EZxV|GuidanceBox.GuidanceBox()
07:37:03.0 (6878110)|STATEMENT_EXECUTE|[1]
07:37:03.0 (6883486)|STATEMENT_EXECUTE|[1]
07:37:03.0 (6900363)|METHOD_EXIT|[1]|GuidanceBox
07:37:03.0 (6905418)|HEAP_ALLOCATE|[EXTERNAL]|Bytes:7
07:37:03.0 (6907558)|HEAP_ALLOCATE|[EXTERNAL]|Bytes:9
07:37:03.0 (6919501)|SYSTEM_MODE_ENTER|false
07:37:03.0 (7022508)|VARIABLE_SCOPE_BEGIN|[30]|WhichObject|String|false|false
07:37:03.0 (7111715)|VARIABLE_ASSIGNMENT|[30]|WhichObject|"ITPR__c"
07:37:03.0 (7117925)|VARIABLE_SCOPE_BEGIN|[30]|Field|String|false|false
07:37:03.0 (7122531)|VARIABLE_ASSIGNMENT|[30]|Field|"Status__c"
07:37:03.0 (7135350)|STATEMENT_EXECUTE|[30]
07:37:03.0 (7137290)|STATEMENT_EXECUTE|[31]
07:37:03.0 (8008964)|HEAP_ALLOCATE|[31]|Bytes:15
07:37:03.0 (8016802)|HEAP_ALLOCATE|[31]|Bytes:8
07:37:03.0 (8039032)|METHOD_ENTRY|[1]|01pm0000000EXDB|AnythingPath.AnythingPath()
07:37:03.0 (8041671)|STATEMENT_EXECUTE|[1]
07:37:03.0 (8044741)|STATEMENT_EXECUTE|[1]
07:37:03.0 (8048637)|METHOD_EXIT|[1]|AnythingPath
07:37:03.0 (8062435)|METHOD_ENTRY|[31]|01pm0000000EXDB|AnythingPath.dynamicTopic(String, String)
07:37:03.0 (8082336)|VARIABLE_SCOPE_BEGIN|[65]|WhichObject|String|false|false
07:37:03.0 (8090232)|VARIABLE_ASSIGNMENT|[65]|WhichObject|"ITPR__c"
07:37:03.0 (8092825)|VARIABLE_SCOPE_BEGIN|[65]|Field|String|false|false
07:37:03.0 (8096006)|VARIABLE_ASSIGNMENT|[65]|Field|"Status__c"
07:37:03.0 (8099875)|STATEMENT_EXECUTE|[65]
07:37:03.0 (8101516)|STATEMENT_EXECUTE|[67]
07:37:03.0 (8105019)|HEAP_ALLOCATE|[67]|Bytes:11
07:37:03.0 (8109669)|HEAP_ALLOCATE|[67]|Bytes:6
07:37:03.0 (8126217)|HEAP_ALLOCATE|[67]|Bytes:33
07:37:03.0 (8131639)|VARIABLE_SCOPE_BEGIN|[67]|DynamicQuery|String|false|false
07:37:03.0 (8143037)|VARIABLE_ASSIGNMENT|[67]|DynamicQuery|"Select Id, Status__c (13 more) ..."
07:37:03.0 (8145485)|STATEMENT_EXECUTE|[70]
07:37:03.0 (8148436)|HEAP_ALLOCATE|[70]|Bytes:85
07:37:03.0 (8161279)|HEAP_ALLOCATE|[70]|Bytes:4
07:37:03.0 (8173398)|HEAP_ALLOCATE|[70]|Bytes:7
07:37:03.0 (8211197)|HEAP_ALLOCATE|[50]|Bytes:5
07:37:03.0 (8235601)|HEAP_ALLOCATE|[56]|Bytes:5
07:37:03.0 (8243702)|HEAP_ALLOCATE|[64]|Bytes:7
07:37:03.0 (8666420)|SOQL_EXECUTE_BEGIN|[70]|Aggregations:0|SELECT Id, ApiVersion, Name, Description, Query FROM Pushtopic WHERE Query = :tmpVar1
07:37:03.0 (13339708)|SOQL_EXECUTE_END|[70]|Rows:1
07:37:03.0 (13359352)|HEAP_ALLOCATE|[70]|Bytes:8
07:37:03.0 (13388638)|HEAP_ALLOCATE|[70]|Bytes:199
07:37:03.0 (13512382)|HEAP_ALLOCATE|[70]|Bytes:8
07:37:03.0 (13525842)|VARIABLE_SCOPE_BEGIN|[70]|topicList|List<PushTopic>|true|false
07:37:03.0 (13570401)|VARIABLE_ASSIGNMENT|[70]|topicList|{"s":1,"v":[{"s":2,"v":{"Id":"0IFm00000004E6HGAU","ApiVersion":36.0,"Name":"ITPR__cStatus__c","Description":"Autogenerated by Any (19 more) ...","Query":"Select Id, Status__c (13 more) ..."}}]}|0x22c72b78
07:37:03.0 (13662932)|STATEMENT_EXECUTE|[85]
07:37:03.0 (13665667)|STATEMENT_EXECUTE|[86]
07:37:03.0 (13701192)|HEAP_ALLOCATE|[86]|Bytes:24
07:37:03.0 (13738657)|METHOD_EXIT|[31]|01pm0000000EXDB|AnythingPath.dynamicTopic(String, String)
07:37:03.0 (13747317)|SYSTEM_MODE_EXIT|false
07:37:03.13 (13793596)|CUMULATIVE_LIMIT_USAGE
07:37:03.13 (13793596)|LIMIT_USAGE_FOR_NS|(default)|
  Number of SOQL queries: 1 out of 100
  Number of query rows: 1 out of 50000
  Number of SOSL queries: 0 out of 20
  Number of DML statements: 0 out of 150
  Number of DML rows: 0 out of 10000
  Maximum CPU time: 0 out of 10000
  Maximum heap size: 0 out of 6000000
  Number of callouts: 0 out of 100
  Number of Email Invocations: 0 out of 10
  Number of future calls: 0 out of 50
  Number of queueable jobs added to the queue: 0 out of 50
  Number of Mobile Apex push calls: 0 out of 10

07:37:03.13 (13793596)|CUMULATIVE_LIMIT_USAGE_END

07:37:03.0 (13834885)|CODE_UNIT_FINISHED|GuidanceBox.dynamicTopic
