38.0 APEX_CODE,FINEST;APEX_PROFILING,INFO;CALLOUT,INFO;DB,INFO;SYSTEM,DEBUG;VALIDATION,INFO;VISUALFORCE,INFO;WORKFLOW,INFO
07:26:09.4 (4338619)|USER_INFO|[EXTERNAL]|005m0000002GNhO|dscruggs@salesforce.com.rfadev13|Pacific Standard Time|GMT-07:00
07:26:09.4 (4390874)|EXECUTION_STARTED
07:26:09.4 (4399446)|CODE_UNIT_STARTED|[EXTERNAL]|aura
07:26:09.4 (4936379)|HEAP_ALLOCATE|[72]|Bytes:3
07:26:09.4 (4999792)|HEAP_ALLOCATE|[77]|Bytes:152
07:26:09.4 (5028403)|HEAP_ALLOCATE|[342]|Bytes:408
07:26:09.4 (5061974)|HEAP_ALLOCATE|[355]|Bytes:408
07:26:09.4 (5093384)|HEAP_ALLOCATE|[467]|Bytes:48
07:26:09.4 (5140104)|HEAP_ALLOCATE|[139]|Bytes:6
07:26:09.4 (5178995)|HEAP_ALLOCATE|[EXTERNAL]|Bytes:7
07:26:09.4 (5197027)|HEAP_ALLOCATE|[EXTERNAL]|Bytes:7
07:26:09.4 (5281087)|HEAP_ALLOCATE|[EXTERNAL]|Bytes:9
07:26:09.4 (5290947)|HEAP_ALLOCATE|[EXTERNAL]|Bytes:9
07:26:09.4 (7064672)|CODE_UNIT_STARTED|[EXTERNAL]|01pm0000000EZxV|GuidanceBox.dynamicTopic
07:26:09.4 (7173717)|HEAP_ALLOCATE|[EXTERNAL]|Bytes:4
07:26:09.4 (7181669)|HEAP_ALLOCATE|[EXTERNAL]|Bytes:2
07:26:09.4 (7193540)|METHOD_ENTRY|[1]|01pm0000000EZxV|GuidanceBox.GuidanceBox()
07:26:09.4 (7198718)|STATEMENT_EXECUTE|[1]
07:26:09.4 (7204705)|STATEMENT_EXECUTE|[1]
07:26:09.4 (7211144)|METHOD_EXIT|[1]|GuidanceBox
07:26:09.4 (7217694)|HEAP_ALLOCATE|[EXTERNAL]|Bytes:7
07:26:09.4 (7221291)|HEAP_ALLOCATE|[EXTERNAL]|Bytes:9
07:26:09.4 (7231500)|SYSTEM_MODE_ENTER|false
07:26:09.4 (7242933)|VARIABLE_SCOPE_BEGIN|[30]|WhichObject|String|false|false
07:26:09.4 (7285925)|VARIABLE_ASSIGNMENT|[30]|WhichObject|"ITPR__c"
07:26:09.4 (7292678)|VARIABLE_SCOPE_BEGIN|[30]|Field|String|false|false
07:26:09.4 (7299061)|VARIABLE_ASSIGNMENT|[30]|Field|"Status__c"
07:26:09.4 (7313113)|STATEMENT_EXECUTE|[30]
07:26:09.4 (7316123)|STATEMENT_EXECUTE|[31]
07:26:09.4 (7445069)|HEAP_ALLOCATE|[31]|Bytes:15
07:26:09.4 (7454469)|HEAP_ALLOCATE|[31]|Bytes:8
07:26:09.4 (7487281)|METHOD_ENTRY|[1]|01pm0000000EXDB|AnythingPath.AnythingPath()
07:26:09.4 (7491470)|STATEMENT_EXECUTE|[1]
07:26:09.4 (7495773)|STATEMENT_EXECUTE|[1]
07:26:09.4 (7500665)|METHOD_EXIT|[1]|AnythingPath
07:26:09.4 (7517452)|METHOD_ENTRY|[31]|01pm0000000EXDB|AnythingPath.dynamicTopic(String, String)
07:26:09.4 (7540383)|VARIABLE_SCOPE_BEGIN|[65]|WhichObject|String|false|false
07:26:09.4 (7550292)|VARIABLE_ASSIGNMENT|[65]|WhichObject|"ITPR__c"
07:26:09.4 (7554054)|VARIABLE_SCOPE_BEGIN|[65]|Field|String|false|false
07:26:09.4 (7559623)|VARIABLE_ASSIGNMENT|[65]|Field|"Status__c"
07:26:09.4 (7565893)|STATEMENT_EXECUTE|[65]
07:26:09.4 (7568373)|STATEMENT_EXECUTE|[67]
07:26:09.4 (7573186)|HEAP_ALLOCATE|[67]|Bytes:11
07:26:09.4 (7580702)|HEAP_ALLOCATE|[67]|Bytes:6
07:26:09.4 (7597909)|HEAP_ALLOCATE|[67]|Bytes:33
07:26:09.4 (7605927)|VARIABLE_SCOPE_BEGIN|[67]|DynamicQuery|String|false|false
07:26:09.4 (7620080)|VARIABLE_ASSIGNMENT|[67]|DynamicQuery|"Select Id, Status__c (13 more) ..."
07:26:09.4 (7624543)|STATEMENT_EXECUTE|[70]
07:26:09.4 (7629052)|HEAP_ALLOCATE|[70]|Bytes:85
07:26:09.4 (7641085)|HEAP_ALLOCATE|[70]|Bytes:4
07:26:09.4 (7654671)|HEAP_ALLOCATE|[70]|Bytes:7
07:26:09.4 (7697779)|HEAP_ALLOCATE|[50]|Bytes:5
07:26:09.4 (7734694)|HEAP_ALLOCATE|[56]|Bytes:5
07:26:09.4 (7751885)|HEAP_ALLOCATE|[64]|Bytes:7
07:26:09.4 (8212147)|SOQL_EXECUTE_BEGIN|[70]|Aggregations:0|SELECT Id, ApiVersion, Name, Description, Query FROM Pushtopic WHERE Query = :tmpVar1
07:26:09.4 (11967930)|SOQL_EXECUTE_END|[70]|Rows:1
07:26:09.4 (11986460)|HEAP_ALLOCATE|[70]|Bytes:8
07:26:09.4 (12003841)|HEAP_ALLOCATE|[70]|Bytes:199
07:26:09.4 (12095936)|HEAP_ALLOCATE|[70]|Bytes:8
07:26:09.4 (12107763)|VARIABLE_SCOPE_BEGIN|[70]|topicList|List<PushTopic>|true|false
07:26:09.4 (12150329)|VARIABLE_ASSIGNMENT|[70]|topicList|{"s":1,"v":[{"s":2,"v":{"Id":"0IFm00000004E6HGAU","ApiVersion":36.0,"Name":"ITPR__cStatus__c","Description":"Autogenerated by Any (19 more) ...","Query":"Select Id, Status__c (13 more) ..."}}]}|0x44ac3cd2
07:26:09.4 (12222756)|STATEMENT_EXECUTE|[85]
07:26:09.4 (12225730)|STATEMENT_EXECUTE|[86]
07:26:09.4 (12257448)|HEAP_ALLOCATE|[86]|Bytes:24
07:26:09.4 (12289707)|METHOD_EXIT|[31]|01pm0000000EXDB|AnythingPath.dynamicTopic(String, String)
07:26:09.4 (12300548)|SYSTEM_MODE_EXIT|false
07:26:09.12 (12350427)|CUMULATIVE_LIMIT_USAGE
07:26:09.12 (12350427)|LIMIT_USAGE_FOR_NS|(default)|
  Number of SOQL queries: 1 out of 100
  Number of query rows: 1 out of 50000
  Number of SOSL queries: 0 out of 20
  Number of DML statements: 0 out of 150
  Number of DML rows: 0 out of 10000
  Maximum CPU time: 0 out of 10000
  Maximum heap size: 0 out of 6000000
  Number of callouts: 0 out of 100
  Number of Email Invocations: 0 out of 10
  Number of future calls: 0 out of 50
  Number of queueable jobs added to the queue: 0 out of 50
  Number of Mobile Apex push calls: 0 out of 10

07:26:09.12 (12350427)|CUMULATIVE_LIMIT_USAGE_END

07:26:09.4 (12393582)|CODE_UNIT_FINISHED|GuidanceBox.dynamicTopic
