38.0 APEX_CODE,FINEST;APEX_PROFILING,INFO;CALLOUT,INFO;DB,INFO;SYSTEM,DEBUG;VALIDATION,INFO;VISUALFORCE,INFO;WORKFLOW,INFO
06:55:29.0 (296096)|USER_INFO|[EXTERNAL]|005m0000002GNhO|dscruggs@salesforce.com.rfadev13|Pacific Standard Time|GMT-07:00
06:55:29.0 (335019)|EXECUTION_STARTED
06:55:29.0 (341846)|CODE_UNIT_STARTED|[EXTERNAL]|aura
06:55:29.0 (831264)|HEAP_ALLOCATE|[72]|Bytes:3
06:55:29.0 (901038)|HEAP_ALLOCATE|[77]|Bytes:152
06:55:29.0 (922746)|HEAP_ALLOCATE|[342]|Bytes:408
06:55:29.0 (940389)|HEAP_ALLOCATE|[355]|Bytes:408
06:55:29.0 (957436)|HEAP_ALLOCATE|[467]|Bytes:48
06:55:29.0 (990715)|HEAP_ALLOCATE|[139]|Bytes:6
06:55:29.0 (1019024)|HEAP_ALLOCATE|[EXTERNAL]|Bytes:7
06:55:29.0 (1039023)|HEAP_ALLOCATE|[EXTERNAL]|Bytes:7
06:55:29.0 (1140966)|HEAP_ALLOCATE|[EXTERNAL]|Bytes:9
06:55:29.0 (1154047)|HEAP_ALLOCATE|[EXTERNAL]|Bytes:9
06:55:29.0 (3020767)|CODE_UNIT_STARTED|[EXTERNAL]|01pm0000000EZxV|GuidanceBox.dynamicTopic
06:55:29.0 (3129590)|HEAP_ALLOCATE|[EXTERNAL]|Bytes:4
06:55:29.0 (3135679)|HEAP_ALLOCATE|[EXTERNAL]|Bytes:2
06:55:29.0 (3147320)|METHOD_ENTRY|[1]|01pm0000000EZxV|GuidanceBox.GuidanceBox()
06:55:29.0 (3151254)|STATEMENT_EXECUTE|[1]
06:55:29.0 (3157382)|STATEMENT_EXECUTE|[1]
06:55:29.0 (3163016)|METHOD_EXIT|[1]|GuidanceBox
06:55:29.0 (3167372)|HEAP_ALLOCATE|[EXTERNAL]|Bytes:7
06:55:29.0 (3169073)|HEAP_ALLOCATE|[EXTERNAL]|Bytes:9
06:55:29.0 (3177654)|SYSTEM_MODE_ENTER|false
06:55:29.0 (3190821)|VARIABLE_SCOPE_BEGIN|[30]|WhichObject|String|false|false
06:55:29.0 (3220329)|VARIABLE_ASSIGNMENT|[30]|WhichObject|"ITPR__c"
06:55:29.0 (3225104)|VARIABLE_SCOPE_BEGIN|[30]|Field|String|false|false
06:55:29.0 (3229379)|VARIABLE_ASSIGNMENT|[30]|Field|"Status__c"
06:55:29.0 (3242534)|STATEMENT_EXECUTE|[30]
06:55:29.0 (3243959)|STATEMENT_EXECUTE|[31]
06:55:29.0 (5582348)|HEAP_ALLOCATE|[31]|Bytes:15
06:55:29.0 (5590065)|HEAP_ALLOCATE|[31]|Bytes:8
06:55:29.0 (5623657)|METHOD_ENTRY|[1]|01pm0000000EXDB|AnythingPath.AnythingPath()
06:55:29.0 (5626594)|STATEMENT_EXECUTE|[1]
06:55:29.0 (5630725)|STATEMENT_EXECUTE|[1]
06:55:29.0 (5634579)|METHOD_EXIT|[1]|AnythingPath
06:55:29.0 (5666648)|METHOD_ENTRY|[31]|01pm0000000EXDB|AnythingPath.dynamicTopic(String, String)
06:55:29.0 (5692997)|VARIABLE_SCOPE_BEGIN|[65]|WhichObject|String|false|false
06:55:29.0 (5700689)|VARIABLE_ASSIGNMENT|[65]|WhichObject|"ITPR__c"
06:55:29.0 (5703751)|VARIABLE_SCOPE_BEGIN|[65]|Field|String|false|false
06:55:29.0 (5706875)|VARIABLE_ASSIGNMENT|[65]|Field|"Status__c"
06:55:29.0 (5710524)|STATEMENT_EXECUTE|[65]
06:55:29.0 (5711669)|STATEMENT_EXECUTE|[67]
06:55:29.0 (5714981)|HEAP_ALLOCATE|[67]|Bytes:11
06:55:29.0 (5719179)|HEAP_ALLOCATE|[67]|Bytes:6
06:55:29.0 (5733602)|HEAP_ALLOCATE|[67]|Bytes:33
06:55:29.0 (5738161)|VARIABLE_SCOPE_BEGIN|[67]|DynamicQuery|String|false|false
06:55:29.0 (5747041)|VARIABLE_ASSIGNMENT|[67]|DynamicQuery|"Select Id, Status__c (13 more) ..."
06:55:29.0 (5749228)|STATEMENT_EXECUTE|[70]
06:55:29.0 (5751670)|HEAP_ALLOCATE|[70]|Bytes:85
06:55:29.0 (5764821)|HEAP_ALLOCATE|[70]|Bytes:4
06:55:29.0 (5775924)|HEAP_ALLOCATE|[70]|Bytes:7
06:55:29.0 (5811994)|HEAP_ALLOCATE|[50]|Bytes:5
06:55:29.0 (5837155)|HEAP_ALLOCATE|[56]|Bytes:5
06:55:29.0 (5845718)|HEAP_ALLOCATE|[64]|Bytes:7
06:55:29.0 (6217221)|SOQL_EXECUTE_BEGIN|[70]|Aggregations:0|SELECT Id, ApiVersion, Name, Description, Query FROM Pushtopic WHERE Query = :tmpVar1
06:55:29.0 (32773650)|SOQL_EXECUTE_END|[70]|Rows:1
06:55:29.0 (32807863)|HEAP_ALLOCATE|[70]|Bytes:8
06:55:29.0 (32833239)|HEAP_ALLOCATE|[70]|Bytes:199
06:55:29.0 (33010683)|HEAP_ALLOCATE|[70]|Bytes:8
06:55:29.0 (33041498)|VARIABLE_SCOPE_BEGIN|[70]|topicList|List<PushTopic>|true|false
06:55:29.0 (33113277)|VARIABLE_ASSIGNMENT|[70]|topicList|{"s":1,"v":[{"s":2,"v":{"Id":"0IFm00000004E6HGAU","ApiVersion":36.0,"Name":"ITPR__cStatus__c","Description":"Autogenerated by Any (19 more) ...","Query":"Select Id, Status__c (13 more) ..."}}]}|0x63072f56
06:55:29.0 (33228212)|STATEMENT_EXECUTE|[85]
06:55:29.0 (33230894)|STATEMENT_EXECUTE|[86]
06:55:29.0 (33271404)|HEAP_ALLOCATE|[86]|Bytes:24
06:55:29.0 (33320999)|METHOD_EXIT|[31]|01pm0000000EXDB|AnythingPath.dynamicTopic(String, String)
06:55:29.0 (33335477)|SYSTEM_MODE_EXIT|false
06:55:29.33 (33394805)|CUMULATIVE_LIMIT_USAGE
06:55:29.33 (33394805)|LIMIT_USAGE_FOR_NS|(default)|
  Number of SOQL queries: 1 out of 100
  Number of query rows: 1 out of 50000
  Number of SOSL queries: 0 out of 20
  Number of DML statements: 0 out of 150
  Number of DML rows: 0 out of 10000
  Maximum CPU time: 0 out of 10000
  Maximum heap size: 0 out of 6000000
  Number of callouts: 0 out of 100
  Number of Email Invocations: 0 out of 10
  Number of future calls: 0 out of 50
  Number of queueable jobs added to the queue: 0 out of 50
  Number of Mobile Apex push calls: 0 out of 10

06:55:29.33 (33394805)|CUMULATIVE_LIMIT_USAGE_END

06:55:29.0 (33457685)|CODE_UNIT_FINISHED|GuidanceBox.dynamicTopic
